ARM GAS  C:\Users\Student\AppData\Local\Temp\ccX2h38M.s 			page 1


   1              		.cpu cortex-m7
   2              		.eabi_attribute 27, 1
   3              		.eabi_attribute 28, 1
   4              		.eabi_attribute 20, 1
   5              		.eabi_attribute 21, 1
   6              		.eabi_attribute 23, 3
   7              		.eabi_attribute 24, 1
   8              		.eabi_attribute 25, 1
   9              		.eabi_attribute 26, 1
  10              		.eabi_attribute 30, 1
  11              		.eabi_attribute 34, 1
  12              		.eabi_attribute 18, 4
  13              		.file	"def.c"
  14              		.text
  15              	.Ltext0:
  16              		.cfi_sections	.debug_frame
  17              		.section	.text.lwip_htons,"ax",%progbits
  18              		.align	1
  19              		.global	lwip_htons
  20              		.syntax unified
  21              		.thumb
  22              		.thumb_func
  23              		.fpu fpv5-sp-d16
  25              	lwip_htons:
  26              	.LFB136:
  27              		.file 1 "Middlewares/Third_Party/LwIP/src/core/def.c"
   1:Middlewares/Third_Party/LwIP/src/core/def.c **** /**
   2:Middlewares/Third_Party/LwIP/src/core/def.c ****  * @file
   3:Middlewares/Third_Party/LwIP/src/core/def.c ****  * Common functions used throughout the stack.
   4:Middlewares/Third_Party/LwIP/src/core/def.c ****  *
   5:Middlewares/Third_Party/LwIP/src/core/def.c ****  * These are reference implementations of the byte swapping functions.
   6:Middlewares/Third_Party/LwIP/src/core/def.c ****  * Again with the aim of being simple, correct and fully portable.
   7:Middlewares/Third_Party/LwIP/src/core/def.c ****  * Byte swapping is the second thing you would want to optimize. You will
   8:Middlewares/Third_Party/LwIP/src/core/def.c ****  * need to port it to your architecture and in your cc.h:
   9:Middlewares/Third_Party/LwIP/src/core/def.c ****  *
  10:Middlewares/Third_Party/LwIP/src/core/def.c ****  * \#define lwip_htons(x) your_htons
  11:Middlewares/Third_Party/LwIP/src/core/def.c ****  * \#define lwip_htonl(x) your_htonl
  12:Middlewares/Third_Party/LwIP/src/core/def.c ****  *
  13:Middlewares/Third_Party/LwIP/src/core/def.c ****  * Note lwip_ntohs() and lwip_ntohl() are merely references to the htonx counterparts.
  14:Middlewares/Third_Party/LwIP/src/core/def.c ****  * 
  15:Middlewares/Third_Party/LwIP/src/core/def.c ****  * If you \#define them to htons() and htonl(), you should
  16:Middlewares/Third_Party/LwIP/src/core/def.c ****  * \#define LWIP_DONT_PROVIDE_BYTEORDER_FUNCTIONS to prevent lwIP from
  17:Middlewares/Third_Party/LwIP/src/core/def.c ****  * defining htonx/ntohx compatibility macros.
  18:Middlewares/Third_Party/LwIP/src/core/def.c **** 
  19:Middlewares/Third_Party/LwIP/src/core/def.c ****  * @defgroup sys_nonstandard Non-standard functions
  20:Middlewares/Third_Party/LwIP/src/core/def.c ****  * @ingroup sys_layer
  21:Middlewares/Third_Party/LwIP/src/core/def.c ****  * lwIP provides default implementations for non-standard functions.
  22:Middlewares/Third_Party/LwIP/src/core/def.c ****  * These can be mapped to OS functions to reduce code footprint if desired.
  23:Middlewares/Third_Party/LwIP/src/core/def.c ****  */
  24:Middlewares/Third_Party/LwIP/src/core/def.c **** 
  25:Middlewares/Third_Party/LwIP/src/core/def.c **** /*
  26:Middlewares/Third_Party/LwIP/src/core/def.c ****  * Copyright (c) 2001-2004 Swedish Institute of Computer Science.
  27:Middlewares/Third_Party/LwIP/src/core/def.c ****  * All rights reserved.
  28:Middlewares/Third_Party/LwIP/src/core/def.c ****  *
  29:Middlewares/Third_Party/LwIP/src/core/def.c ****  * Redistribution and use in source and binary forms, with or without modification,
  30:Middlewares/Third_Party/LwIP/src/core/def.c ****  * are permitted provided that the following conditions are met:
  31:Middlewares/Third_Party/LwIP/src/core/def.c ****  *
ARM GAS  C:\Users\Student\AppData\Local\Temp\ccX2h38M.s 			page 2


  32:Middlewares/Third_Party/LwIP/src/core/def.c ****  * 1. Redistributions of source code must retain the above copyright notice,
  33:Middlewares/Third_Party/LwIP/src/core/def.c ****  *    this list of conditions and the following disclaimer.
  34:Middlewares/Third_Party/LwIP/src/core/def.c ****  * 2. Redistributions in binary form must reproduce the above copyright notice,
  35:Middlewares/Third_Party/LwIP/src/core/def.c ****  *    this list of conditions and the following disclaimer in the documentation
  36:Middlewares/Third_Party/LwIP/src/core/def.c ****  *    and/or other materials provided with the distribution.
  37:Middlewares/Third_Party/LwIP/src/core/def.c ****  * 3. The name of the author may not be used to endorse or promote products
  38:Middlewares/Third_Party/LwIP/src/core/def.c ****  *    derived from this software without specific prior written permission.
  39:Middlewares/Third_Party/LwIP/src/core/def.c ****  *
  40:Middlewares/Third_Party/LwIP/src/core/def.c ****  * THIS SOFTWARE IS PROVIDED BY THE AUTHOR ``AS IS'' AND ANY EXPRESS OR IMPLIED
  41:Middlewares/Third_Party/LwIP/src/core/def.c ****  * WARRANTIES, INCLUDING, BUT NOT LIMITED TO, THE IMPLIED WARRANTIES OF
  42:Middlewares/Third_Party/LwIP/src/core/def.c ****  * MERCHANTABILITY AND FITNESS FOR A PARTICULAR PURPOSE ARE DISCLAIMED. IN NO EVENT
  43:Middlewares/Third_Party/LwIP/src/core/def.c ****  * SHALL THE AUTHOR BE LIABLE FOR ANY DIRECT, INDIRECT, INCIDENTAL, SPECIAL,
  44:Middlewares/Third_Party/LwIP/src/core/def.c ****  * EXEMPLARY, OR CONSEQUENTIAL DAMAGES (INCLUDING, BUT NOT LIMITED TO, PROCUREMENT
  45:Middlewares/Third_Party/LwIP/src/core/def.c ****  * OF SUBSTITUTE GOODS OR SERVICES; LOSS OF USE, DATA, OR PROFITS; OR BUSINESS
  46:Middlewares/Third_Party/LwIP/src/core/def.c ****  * INTERRUPTION) HOWEVER CAUSED AND ON ANY THEORY OF LIABILITY, WHETHER IN
  47:Middlewares/Third_Party/LwIP/src/core/def.c ****  * CONTRACT, STRICT LIABILITY, OR TORT (INCLUDING NEGLIGENCE OR OTHERWISE) ARISING
  48:Middlewares/Third_Party/LwIP/src/core/def.c ****  * IN ANY WAY OUT OF THE USE OF THIS SOFTWARE, EVEN IF ADVISED OF THE POSSIBILITY
  49:Middlewares/Third_Party/LwIP/src/core/def.c ****  * OF SUCH DAMAGE.
  50:Middlewares/Third_Party/LwIP/src/core/def.c ****  *
  51:Middlewares/Third_Party/LwIP/src/core/def.c ****  * This file is part of the lwIP TCP/IP stack.
  52:Middlewares/Third_Party/LwIP/src/core/def.c ****  *
  53:Middlewares/Third_Party/LwIP/src/core/def.c ****  * Author: Simon Goldschmidt
  54:Middlewares/Third_Party/LwIP/src/core/def.c ****  *
  55:Middlewares/Third_Party/LwIP/src/core/def.c ****  */
  56:Middlewares/Third_Party/LwIP/src/core/def.c **** 
  57:Middlewares/Third_Party/LwIP/src/core/def.c **** #include "lwip/opt.h"
  58:Middlewares/Third_Party/LwIP/src/core/def.c **** #include "lwip/def.h"
  59:Middlewares/Third_Party/LwIP/src/core/def.c **** 
  60:Middlewares/Third_Party/LwIP/src/core/def.c **** #include <string.h>
  61:Middlewares/Third_Party/LwIP/src/core/def.c **** 
  62:Middlewares/Third_Party/LwIP/src/core/def.c **** #if BYTE_ORDER == LITTLE_ENDIAN
  63:Middlewares/Third_Party/LwIP/src/core/def.c **** 
  64:Middlewares/Third_Party/LwIP/src/core/def.c **** #if !defined(lwip_htons)
  65:Middlewares/Third_Party/LwIP/src/core/def.c **** /**
  66:Middlewares/Third_Party/LwIP/src/core/def.c ****  * Convert an u16_t from host- to network byte order.
  67:Middlewares/Third_Party/LwIP/src/core/def.c ****  *
  68:Middlewares/Third_Party/LwIP/src/core/def.c ****  * @param n u16_t in host byte order
  69:Middlewares/Third_Party/LwIP/src/core/def.c ****  * @return n in network byte order
  70:Middlewares/Third_Party/LwIP/src/core/def.c ****  */
  71:Middlewares/Third_Party/LwIP/src/core/def.c **** u16_t
  72:Middlewares/Third_Party/LwIP/src/core/def.c **** lwip_htons(u16_t n)
  73:Middlewares/Third_Party/LwIP/src/core/def.c **** {
  28              		.loc 1 73 0
  29              		.cfi_startproc
  30              		@ args = 0, pretend = 0, frame = 0
  31              		@ frame_needed = 0, uses_anonymous_args = 0
  32              		@ link register save eliminated.
  33              	.LVL0:
  74:Middlewares/Third_Party/LwIP/src/core/def.c ****   return (u16_t)PP_HTONS(n);
  34              		.loc 1 74 0
  35 0000 030A     		lsrs	r3, r0, #8
  36 0002 43EA0020 		orr	r0, r3, r0, lsl #8
  37              	.LVL1:
  75:Middlewares/Third_Party/LwIP/src/core/def.c **** }
  38              		.loc 1 75 0
  39 0006 80B2     		uxth	r0, r0
  40 0008 7047     		bx	lr
ARM GAS  C:\Users\Student\AppData\Local\Temp\ccX2h38M.s 			page 3


  41              		.cfi_endproc
  42              	.LFE136:
  44              		.section	.text.lwip_htonl,"ax",%progbits
  45              		.align	1
  46              		.global	lwip_htonl
  47              		.syntax unified
  48              		.thumb
  49              		.thumb_func
  50              		.fpu fpv5-sp-d16
  52              	lwip_htonl:
  53              	.LFB137:
  76:Middlewares/Third_Party/LwIP/src/core/def.c **** #endif /* lwip_htons */
  77:Middlewares/Third_Party/LwIP/src/core/def.c **** 
  78:Middlewares/Third_Party/LwIP/src/core/def.c **** #if !defined(lwip_htonl)
  79:Middlewares/Third_Party/LwIP/src/core/def.c **** /**
  80:Middlewares/Third_Party/LwIP/src/core/def.c ****  * Convert an u32_t from host- to network byte order.
  81:Middlewares/Third_Party/LwIP/src/core/def.c ****  *
  82:Middlewares/Third_Party/LwIP/src/core/def.c ****  * @param n u32_t in host byte order
  83:Middlewares/Third_Party/LwIP/src/core/def.c ****  * @return n in network byte order
  84:Middlewares/Third_Party/LwIP/src/core/def.c ****  */
  85:Middlewares/Third_Party/LwIP/src/core/def.c **** u32_t
  86:Middlewares/Third_Party/LwIP/src/core/def.c **** lwip_htonl(u32_t n)
  87:Middlewares/Third_Party/LwIP/src/core/def.c **** {
  54              		.loc 1 87 0
  55              		.cfi_startproc
  56              		@ args = 0, pretend = 0, frame = 0
  57              		@ frame_needed = 0, uses_anonymous_args = 0
  58              		@ link register save eliminated.
  59              	.LVL2:
  88:Middlewares/Third_Party/LwIP/src/core/def.c ****   return (u32_t)PP_HTONL(n);
  60              		.loc 1 88 0
  61 0000 0302     		lsls	r3, r0, #8
  62 0002 03F47F03 		and	r3, r3, #16711680
  63 0006 43EA0063 		orr	r3, r3, r0, lsl #24
  64 000a 020A     		lsrs	r2, r0, #8
  65 000c 02F47F42 		and	r2, r2, #65280
  66 0010 1343     		orrs	r3, r3, r2
  89:Middlewares/Third_Party/LwIP/src/core/def.c **** }
  67              		.loc 1 89 0
  68 0012 43EA1060 		orr	r0, r3, r0, lsr #24
  69              	.LVL3:
  70 0016 7047     		bx	lr
  71              		.cfi_endproc
  72              	.LFE137:
  74              		.section	.text.lwip_strnstr,"ax",%progbits
  75              		.align	1
  76              		.global	lwip_strnstr
  77              		.syntax unified
  78              		.thumb
  79              		.thumb_func
  80              		.fpu fpv5-sp-d16
  82              	lwip_strnstr:
  83              	.LFB138:
  90:Middlewares/Third_Party/LwIP/src/core/def.c **** #endif /* lwip_htonl */
  91:Middlewares/Third_Party/LwIP/src/core/def.c **** 
  92:Middlewares/Third_Party/LwIP/src/core/def.c **** #endif /* BYTE_ORDER == LITTLE_ENDIAN */
  93:Middlewares/Third_Party/LwIP/src/core/def.c **** 
ARM GAS  C:\Users\Student\AppData\Local\Temp\ccX2h38M.s 			page 4


  94:Middlewares/Third_Party/LwIP/src/core/def.c **** #ifndef lwip_strnstr
  95:Middlewares/Third_Party/LwIP/src/core/def.c **** /**
  96:Middlewares/Third_Party/LwIP/src/core/def.c ****  * @ingroup sys_nonstandard
  97:Middlewares/Third_Party/LwIP/src/core/def.c ****  * lwIP default implementation for strnstr() non-standard function.
  98:Middlewares/Third_Party/LwIP/src/core/def.c ****  * This can be \#defined to strnstr() depending on your platform port.
  99:Middlewares/Third_Party/LwIP/src/core/def.c ****  */
 100:Middlewares/Third_Party/LwIP/src/core/def.c **** char*
 101:Middlewares/Third_Party/LwIP/src/core/def.c **** lwip_strnstr(const char* buffer, const char* token, size_t n)
 102:Middlewares/Third_Party/LwIP/src/core/def.c **** {
  84              		.loc 1 102 0
  85              		.cfi_startproc
  86              		@ args = 0, pretend = 0, frame = 0
  87              		@ frame_needed = 0, uses_anonymous_args = 0
  88              	.LVL4:
  89 0000 2DE9F041 		push	{r4, r5, r6, r7, r8, lr}
  90              	.LCFI0:
  91              		.cfi_def_cfa_offset 24
  92              		.cfi_offset 4, -24
  93              		.cfi_offset 5, -20
  94              		.cfi_offset 6, -16
  95              		.cfi_offset 7, -12
  96              		.cfi_offset 8, -8
  97              		.cfi_offset 14, -4
  98 0004 0646     		mov	r6, r0
  99 0006 0D46     		mov	r5, r1
 100 0008 9046     		mov	r8, r2
 103:Middlewares/Third_Party/LwIP/src/core/def.c ****   const char* p;
 104:Middlewares/Third_Party/LwIP/src/core/def.c ****   int tokenlen = (int)strlen(token);
 101              		.loc 1 104 0
 102 000a 0846     		mov	r0, r1
 103              	.LVL5:
 104 000c FFF7FEFF 		bl	strlen
 105              	.LVL6:
 105:Middlewares/Third_Party/LwIP/src/core/def.c ****   if (tokenlen == 0) {
 106              		.loc 1 105 0
 107 0010 D0B1     		cbz	r0, .L8
 108 0012 0746     		mov	r7, r0
 109 0014 3446     		mov	r4, r6
 110 0016 00E0     		b	.L5
 111              	.LVL7:
 112              	.L6:
 106:Middlewares/Third_Party/LwIP/src/core/def.c ****     return (char *)(size_t)buffer;
 107:Middlewares/Third_Party/LwIP/src/core/def.c ****   }
 108:Middlewares/Third_Party/LwIP/src/core/def.c ****   for (p = buffer; *p && (p + tokenlen <= buffer + n); p++) {
 113              		.loc 1 108 0 discriminator 2
 114 0018 0134     		adds	r4, r4, #1
 115              	.LVL8:
 116              	.L5:
 117              		.loc 1 108 0 is_stmt 0 discriminator 1
 118 001a 2278     		ldrb	r2, [r4]	@ zero_extendqisi2
 119 001c BAB1     		cbz	r2, .L10
 120              		.loc 1 108 0 discriminator 3
 121 001e E319     		adds	r3, r4, r7
 122 0020 06EB0801 		add	r1, r6, r8
 123 0024 8B42     		cmp	r3, r1
 124 0026 0CD8     		bhi	.L12
 109:Middlewares/Third_Party/LwIP/src/core/def.c ****     if ((*p == *token) && (strncmp(p, token, tokenlen) == 0)) {
ARM GAS  C:\Users\Student\AppData\Local\Temp\ccX2h38M.s 			page 5


 125              		.loc 1 109 0 is_stmt 1
 126 0028 2B78     		ldrb	r3, [r5]	@ zero_extendqisi2
 127 002a 9A42     		cmp	r2, r3
 128 002c F4D1     		bne	.L6
 129              		.loc 1 109 0 is_stmt 0 discriminator 1
 130 002e 3A46     		mov	r2, r7
 131 0030 2946     		mov	r1, r5
 132 0032 2046     		mov	r0, r4
 133 0034 FFF7FEFF 		bl	strncmp
 134              	.LVL9:
 135 0038 0028     		cmp	r0, #0
 136 003a EDD1     		bne	.L6
 110:Middlewares/Third_Party/LwIP/src/core/def.c ****       return (char *)(size_t)p;
 137              		.loc 1 110 0 is_stmt 1
 138 003c 2046     		mov	r0, r4
 139 003e BDE8F081 		pop	{r4, r5, r6, r7, r8, pc}
 140              	.LVL10:
 141              	.L12:
 111:Middlewares/Third_Party/LwIP/src/core/def.c ****     }
 112:Middlewares/Third_Party/LwIP/src/core/def.c ****   }
 113:Middlewares/Third_Party/LwIP/src/core/def.c ****   return NULL;
 142              		.loc 1 113 0
 143 0042 0020     		movs	r0, #0
 144 0044 BDE8F081 		pop	{r4, r5, r6, r7, r8, pc}
 145              	.LVL11:
 146              	.L8:
 106:Middlewares/Third_Party/LwIP/src/core/def.c ****   }
 147              		.loc 1 106 0
 148 0048 3046     		mov	r0, r6
 149              	.LVL12:
 150 004a BDE8F081 		pop	{r4, r5, r6, r7, r8, pc}
 151              	.LVL13:
 152              	.L10:
 153              		.loc 1 113 0
 154 004e 0020     		movs	r0, #0
 114:Middlewares/Third_Party/LwIP/src/core/def.c **** }
 155              		.loc 1 114 0
 156 0050 BDE8F081 		pop	{r4, r5, r6, r7, r8, pc}
 157              		.cfi_endproc
 158              	.LFE138:
 160              		.section	.text.lwip_stricmp,"ax",%progbits
 161              		.align	1
 162              		.global	lwip_stricmp
 163              		.syntax unified
 164              		.thumb
 165              		.thumb_func
 166              		.fpu fpv5-sp-d16
 168              	lwip_stricmp:
 169              	.LFB139:
 115:Middlewares/Third_Party/LwIP/src/core/def.c **** #endif
 116:Middlewares/Third_Party/LwIP/src/core/def.c **** 
 117:Middlewares/Third_Party/LwIP/src/core/def.c **** #ifndef lwip_stricmp
 118:Middlewares/Third_Party/LwIP/src/core/def.c **** /**
 119:Middlewares/Third_Party/LwIP/src/core/def.c ****  * @ingroup sys_nonstandard
 120:Middlewares/Third_Party/LwIP/src/core/def.c ****  * lwIP default implementation for stricmp() non-standard function.
 121:Middlewares/Third_Party/LwIP/src/core/def.c ****  * This can be \#defined to stricmp() depending on your platform port.
 122:Middlewares/Third_Party/LwIP/src/core/def.c ****  */
ARM GAS  C:\Users\Student\AppData\Local\Temp\ccX2h38M.s 			page 6


 123:Middlewares/Third_Party/LwIP/src/core/def.c **** int
 124:Middlewares/Third_Party/LwIP/src/core/def.c **** lwip_stricmp(const char* str1, const char* str2)
 125:Middlewares/Third_Party/LwIP/src/core/def.c **** {
 170              		.loc 1 125 0
 171              		.cfi_startproc
 172              		@ args = 0, pretend = 0, frame = 0
 173              		@ frame_needed = 0, uses_anonymous_args = 0
 174              		@ link register save eliminated.
 175              	.LVL14:
 176 0000 30B4     		push	{r4, r5}
 177              	.LCFI1:
 178              		.cfi_def_cfa_offset 8
 179              		.cfi_offset 4, -8
 180              		.cfi_offset 5, -4
 181 0002 02E0     		b	.L16
 182              	.LVL15:
 183              	.L14:
 126:Middlewares/Third_Party/LwIP/src/core/def.c ****   char c1, c2;
 127:Middlewares/Third_Party/LwIP/src/core/def.c **** 
 128:Middlewares/Third_Party/LwIP/src/core/def.c ****   do {
 129:Middlewares/Third_Party/LwIP/src/core/def.c ****     c1 = *str1++;
 184              		.loc 1 129 0
 185 0004 2846     		mov	r0, r5
 130:Middlewares/Third_Party/LwIP/src/core/def.c ****     c2 = *str2++;
 186              		.loc 1 130 0
 187 0006 2146     		mov	r1, r4
 131:Middlewares/Third_Party/LwIP/src/core/def.c ****     if (c1 != c2) {
 132:Middlewares/Third_Party/LwIP/src/core/def.c ****       char c1_upc = c1 | 0x20;
 133:Middlewares/Third_Party/LwIP/src/core/def.c ****       if ((c1_upc >= 'a') && (c1_upc <= 'z')) {
 134:Middlewares/Third_Party/LwIP/src/core/def.c ****         /* characters are not equal an one is in the alphabet range:
 135:Middlewares/Third_Party/LwIP/src/core/def.c ****         downcase both chars and check again */
 136:Middlewares/Third_Party/LwIP/src/core/def.c ****         char c2_upc = c2 | 0x20;
 137:Middlewares/Third_Party/LwIP/src/core/def.c ****         if (c1_upc != c2_upc) {
 138:Middlewares/Third_Party/LwIP/src/core/def.c ****           /* still not equal */
 139:Middlewares/Third_Party/LwIP/src/core/def.c ****           /* don't care for < or > */
 140:Middlewares/Third_Party/LwIP/src/core/def.c ****           return 1;
 141:Middlewares/Third_Party/LwIP/src/core/def.c ****         }
 142:Middlewares/Third_Party/LwIP/src/core/def.c ****       } else {
 143:Middlewares/Third_Party/LwIP/src/core/def.c ****         /* characters are not equal but none is in the alphabet range */
 144:Middlewares/Third_Party/LwIP/src/core/def.c ****         return 1;
 145:Middlewares/Third_Party/LwIP/src/core/def.c ****       }
 146:Middlewares/Third_Party/LwIP/src/core/def.c ****     }
 147:Middlewares/Third_Party/LwIP/src/core/def.c ****   } while (c1 != 0);
 188              		.loc 1 147 0
 189 0008 92B1     		cbz	r2, .L20
 190              	.LVL16:
 191              	.L16:
 129:Middlewares/Third_Party/LwIP/src/core/def.c ****     c2 = *str2++;
 192              		.loc 1 129 0
 193 000a 451C     		adds	r5, r0, #1
 194              	.LVL17:
 195 000c 0278     		ldrb	r2, [r0]	@ zero_extendqisi2
 196              	.LVL18:
 130:Middlewares/Third_Party/LwIP/src/core/def.c ****     c2 = *str2++;
 197              		.loc 1 130 0
 198 000e 4C1C     		adds	r4, r1, #1
 199              	.LVL19:
ARM GAS  C:\Users\Student\AppData\Local\Temp\ccX2h38M.s 			page 7


 200 0010 0B78     		ldrb	r3, [r1]	@ zero_extendqisi2
 201              	.LVL20:
 131:Middlewares/Third_Party/LwIP/src/core/def.c ****     if (c1 != c2) {
 202              		.loc 1 131 0
 203 0012 9A42     		cmp	r2, r3
 204 0014 F6D0     		beq	.L14
 205              	.LBB2:
 132:Middlewares/Third_Party/LwIP/src/core/def.c ****       if ((c1_upc >= 'a') && (c1_upc <= 'z')) {
 206              		.loc 1 132 0
 207 0016 42F02000 		orr	r0, r2, #32
 208              	.LVL21:
 133:Middlewares/Third_Party/LwIP/src/core/def.c ****         /* characters are not equal an one is in the alphabet range:
 209              		.loc 1 133 0
 210 001a A0F16101 		sub	r1, r0, #97
 211 001e C9B2     		uxtb	r1, r1
 212 0020 1929     		cmp	r1, #25
 213 0022 08D8     		bhi	.L17
 214              	.LBB3:
 136:Middlewares/Third_Party/LwIP/src/core/def.c ****         if (c1_upc != c2_upc) {
 215              		.loc 1 136 0
 216 0024 43F02003 		orr	r3, r3, #32
 217              	.LVL22:
 137:Middlewares/Third_Party/LwIP/src/core/def.c ****           /* still not equal */
 218              		.loc 1 137 0
 219 0028 9842     		cmp	r0, r3
 220 002a EBD0     		beq	.L14
 140:Middlewares/Third_Party/LwIP/src/core/def.c ****         }
 221              		.loc 1 140 0
 222 002c 0120     		movs	r0, #1
 223              	.LVL23:
 224 002e 00E0     		b	.L13
 225              	.LVL24:
 226              	.L20:
 227              	.LBE3:
 228              	.LBE2:
 148:Middlewares/Third_Party/LwIP/src/core/def.c ****   return 0;
 229              		.loc 1 148 0
 230 0030 0020     		movs	r0, #0
 231              	.LVL25:
 232              	.L13:
 149:Middlewares/Third_Party/LwIP/src/core/def.c **** }
 233              		.loc 1 149 0
 234 0032 30BC     		pop	{r4, r5}
 235              	.LCFI2:
 236              		.cfi_remember_state
 237              		.cfi_restore 5
 238              		.cfi_restore 4
 239              		.cfi_def_cfa_offset 0
 240              	.LVL26:
 241 0034 7047     		bx	lr
 242              	.LVL27:
 243              	.L17:
 244              	.LCFI3:
 245              		.cfi_restore_state
 246              	.LBB4:
 144:Middlewares/Third_Party/LwIP/src/core/def.c ****       }
 247              		.loc 1 144 0
ARM GAS  C:\Users\Student\AppData\Local\Temp\ccX2h38M.s 			page 8


 248 0036 0120     		movs	r0, #1
 249              	.LVL28:
 250 0038 FBE7     		b	.L13
 251              	.LBE4:
 252              		.cfi_endproc
 253              	.LFE139:
 255              		.section	.text.lwip_strnicmp,"ax",%progbits
 256              		.align	1
 257              		.global	lwip_strnicmp
 258              		.syntax unified
 259              		.thumb
 260              		.thumb_func
 261              		.fpu fpv5-sp-d16
 263              	lwip_strnicmp:
 264              	.LFB140:
 150:Middlewares/Third_Party/LwIP/src/core/def.c **** #endif
 151:Middlewares/Third_Party/LwIP/src/core/def.c **** 
 152:Middlewares/Third_Party/LwIP/src/core/def.c **** #ifndef lwip_strnicmp
 153:Middlewares/Third_Party/LwIP/src/core/def.c **** /**
 154:Middlewares/Third_Party/LwIP/src/core/def.c ****  * @ingroup sys_nonstandard
 155:Middlewares/Third_Party/LwIP/src/core/def.c ****  * lwIP default implementation for strnicmp() non-standard function.
 156:Middlewares/Third_Party/LwIP/src/core/def.c ****  * This can be \#defined to strnicmp() depending on your platform port.
 157:Middlewares/Third_Party/LwIP/src/core/def.c ****  */
 158:Middlewares/Third_Party/LwIP/src/core/def.c **** int
 159:Middlewares/Third_Party/LwIP/src/core/def.c **** lwip_strnicmp(const char* str1, const char* str2, size_t len)
 160:Middlewares/Third_Party/LwIP/src/core/def.c **** {
 265              		.loc 1 160 0
 266              		.cfi_startproc
 267              		@ args = 0, pretend = 0, frame = 0
 268              		@ frame_needed = 0, uses_anonymous_args = 0
 269              		@ link register save eliminated.
 270              	.LVL29:
 271 0000 70B4     		push	{r4, r5, r6}
 272              	.LCFI4:
 273              		.cfi_def_cfa_offset 12
 274              		.cfi_offset 4, -12
 275              		.cfi_offset 5, -8
 276              		.cfi_offset 6, -4
 277 0002 05E0     		b	.L24
 278              	.LVL30:
 279              	.L22:
 161:Middlewares/Third_Party/LwIP/src/core/def.c ****   char c1, c2;
 162:Middlewares/Third_Party/LwIP/src/core/def.c **** 
 163:Middlewares/Third_Party/LwIP/src/core/def.c ****   do {
 164:Middlewares/Third_Party/LwIP/src/core/def.c ****     c1 = *str1++;
 165:Middlewares/Third_Party/LwIP/src/core/def.c ****     c2 = *str2++;
 166:Middlewares/Third_Party/LwIP/src/core/def.c ****     if (c1 != c2) {
 167:Middlewares/Third_Party/LwIP/src/core/def.c ****       char c1_upc = c1 | 0x20;
 168:Middlewares/Third_Party/LwIP/src/core/def.c ****       if ((c1_upc >= 'a') && (c1_upc <= 'z')) {
 169:Middlewares/Third_Party/LwIP/src/core/def.c ****         /* characters are not equal an one is in the alphabet range:
 170:Middlewares/Third_Party/LwIP/src/core/def.c ****         downcase both chars and check again */
 171:Middlewares/Third_Party/LwIP/src/core/def.c ****         char c2_upc = c2 | 0x20;
 172:Middlewares/Third_Party/LwIP/src/core/def.c ****         if (c1_upc != c2_upc) {
 173:Middlewares/Third_Party/LwIP/src/core/def.c ****           /* still not equal */
 174:Middlewares/Third_Party/LwIP/src/core/def.c ****           /* don't care for < or > */
 175:Middlewares/Third_Party/LwIP/src/core/def.c ****           return 1;
 176:Middlewares/Third_Party/LwIP/src/core/def.c ****         }
ARM GAS  C:\Users\Student\AppData\Local\Temp\ccX2h38M.s 			page 9


 177:Middlewares/Third_Party/LwIP/src/core/def.c ****       } else {
 178:Middlewares/Third_Party/LwIP/src/core/def.c ****         /* characters are not equal but none is in the alphabet range */
 179:Middlewares/Third_Party/LwIP/src/core/def.c ****         return 1;
 180:Middlewares/Third_Party/LwIP/src/core/def.c ****       }
 181:Middlewares/Third_Party/LwIP/src/core/def.c ****     }
 182:Middlewares/Third_Party/LwIP/src/core/def.c ****   } while (len-- && c1 != 0);
 280              		.loc 1 182 0
 281 0004 531E     		subs	r3, r2, #1
 282              	.LVL31:
 283 0006 D2B1     		cbz	r2, .L27
 164:Middlewares/Third_Party/LwIP/src/core/def.c ****     c2 = *str2++;
 284              		.loc 1 164 0 discriminator 1
 285 0008 3046     		mov	r0, r6
 165:Middlewares/Third_Party/LwIP/src/core/def.c ****     if (c1 != c2) {
 286              		.loc 1 165 0 discriminator 1
 287 000a 2946     		mov	r1, r5
 288              		.loc 1 182 0 discriminator 1
 289 000c 9CB1     		cbz	r4, .L30
 290              	.LVL32:
 291              		.loc 1 182 0 is_stmt 0
 292 000e 1A46     		mov	r2, r3
 293              	.LVL33:
 294              	.L24:
 164:Middlewares/Third_Party/LwIP/src/core/def.c ****     c2 = *str2++;
 295              		.loc 1 164 0 is_stmt 1
 296 0010 461C     		adds	r6, r0, #1
 297              	.LVL34:
 298 0012 0478     		ldrb	r4, [r0]	@ zero_extendqisi2
 299              	.LVL35:
 165:Middlewares/Third_Party/LwIP/src/core/def.c ****     if (c1 != c2) {
 300              		.loc 1 165 0
 301 0014 4D1C     		adds	r5, r1, #1
 302              	.LVL36:
 303 0016 0B78     		ldrb	r3, [r1]	@ zero_extendqisi2
 304              	.LVL37:
 166:Middlewares/Third_Party/LwIP/src/core/def.c ****       char c1_upc = c1 | 0x20;
 305              		.loc 1 166 0
 306 0018 9C42     		cmp	r4, r3
 307 001a F3D0     		beq	.L22
 308              	.LBB5:
 167:Middlewares/Third_Party/LwIP/src/core/def.c ****       if ((c1_upc >= 'a') && (c1_upc <= 'z')) {
 309              		.loc 1 167 0
 310 001c 44F02000 		orr	r0, r4, #32
 311              	.LVL38:
 168:Middlewares/Third_Party/LwIP/src/core/def.c ****         /* characters are not equal an one is in the alphabet range:
 312              		.loc 1 168 0
 313 0020 A0F16101 		sub	r1, r0, #97
 314 0024 C9B2     		uxtb	r1, r1
 315 0026 1929     		cmp	r1, #25
 316 0028 07D8     		bhi	.L25
 317              	.LBB6:
 171:Middlewares/Third_Party/LwIP/src/core/def.c ****         if (c1_upc != c2_upc) {
 318              		.loc 1 171 0
 319 002a 43F02003 		orr	r3, r3, #32
 320              	.LVL39:
 172:Middlewares/Third_Party/LwIP/src/core/def.c ****           /* still not equal */
 321              		.loc 1 172 0
ARM GAS  C:\Users\Student\AppData\Local\Temp\ccX2h38M.s 			page 10


 322 002e 9842     		cmp	r0, r3
 323 0030 E8D0     		beq	.L22
 175:Middlewares/Third_Party/LwIP/src/core/def.c ****         }
 324              		.loc 1 175 0
 325 0032 0120     		movs	r0, #1
 326              	.LVL40:
 327 0034 04E0     		b	.L21
 328              	.LVL41:
 329              	.L30:
 330              	.LBE6:
 331              	.LBE5:
 183:Middlewares/Third_Party/LwIP/src/core/def.c ****   return 0;
 332              		.loc 1 183 0
 333 0036 0020     		movs	r0, #0
 334              	.LVL42:
 335 0038 02E0     		b	.L21
 336              	.LVL43:
 337              	.L25:
 338              	.LBB7:
 179:Middlewares/Third_Party/LwIP/src/core/def.c ****       }
 339              		.loc 1 179 0
 340 003a 0120     		movs	r0, #1
 341              	.LVL44:
 342 003c 00E0     		b	.L21
 343              	.LVL45:
 344              	.L27:
 345              	.LBE7:
 346              		.loc 1 183 0
 347 003e 0020     		movs	r0, #0
 348              	.LVL46:
 349              	.L21:
 184:Middlewares/Third_Party/LwIP/src/core/def.c **** }
 350              		.loc 1 184 0
 351 0040 70BC     		pop	{r4, r5, r6}
 352              	.LCFI5:
 353              		.cfi_restore 6
 354              		.cfi_restore 5
 355              		.cfi_restore 4
 356              		.cfi_def_cfa_offset 0
 357              	.LVL47:
 358 0042 7047     		bx	lr
 359              		.cfi_endproc
 360              	.LFE140:
 362              		.section	.text.lwip_itoa,"ax",%progbits
 363              		.align	1
 364              		.global	lwip_itoa
 365              		.syntax unified
 366              		.thumb
 367              		.thumb_func
 368              		.fpu fpv5-sp-d16
 370              	lwip_itoa:
 371              	.LFB141:
 185:Middlewares/Third_Party/LwIP/src/core/def.c **** #endif
 186:Middlewares/Third_Party/LwIP/src/core/def.c **** 
 187:Middlewares/Third_Party/LwIP/src/core/def.c **** #ifndef lwip_itoa
 188:Middlewares/Third_Party/LwIP/src/core/def.c **** /**
 189:Middlewares/Third_Party/LwIP/src/core/def.c ****  * @ingroup sys_nonstandard
ARM GAS  C:\Users\Student\AppData\Local\Temp\ccX2h38M.s 			page 11


 190:Middlewares/Third_Party/LwIP/src/core/def.c ****  * lwIP default implementation for itoa() non-standard function.
 191:Middlewares/Third_Party/LwIP/src/core/def.c ****  * This can be \#defined to itoa() or snprintf(result, bufsize, "%d", number) depending on your pla
 192:Middlewares/Third_Party/LwIP/src/core/def.c ****  */
 193:Middlewares/Third_Party/LwIP/src/core/def.c **** void
 194:Middlewares/Third_Party/LwIP/src/core/def.c **** lwip_itoa(char* result, size_t bufsize, int number)
 195:Middlewares/Third_Party/LwIP/src/core/def.c **** {
 372              		.loc 1 195 0
 373              		.cfi_startproc
 374              		@ args = 0, pretend = 0, frame = 0
 375              		@ frame_needed = 0, uses_anonymous_args = 0
 376              		@ link register save eliminated.
 377              	.LVL48:
 378 0000 70B4     		push	{r4, r5, r6}
 379              	.LCFI6:
 380              		.cfi_def_cfa_offset 12
 381              		.cfi_offset 4, -12
 382              		.cfi_offset 5, -8
 383              		.cfi_offset 6, -4
 384              	.LVL49:
 196:Middlewares/Third_Party/LwIP/src/core/def.c ****   const int base = 10;
 197:Middlewares/Third_Party/LwIP/src/core/def.c ****   char* ptr = result, *ptr1 = result, tmp_char;
 385              		.loc 1 197 0
 386 0002 0446     		mov	r4, r0
 387 0004 01E0     		b	.L32
 388              	.LVL50:
 389              	.L36:
 198:Middlewares/Third_Party/LwIP/src/core/def.c ****   int tmp_value;
 199:Middlewares/Third_Party/LwIP/src/core/def.c ****   LWIP_UNUSED_ARG(bufsize);
 200:Middlewares/Third_Party/LwIP/src/core/def.c **** 
 201:Middlewares/Third_Party/LwIP/src/core/def.c ****   do {
 202:Middlewares/Third_Party/LwIP/src/core/def.c ****     tmp_value = number;
 203:Middlewares/Third_Party/LwIP/src/core/def.c ****     number /= base;
 204:Middlewares/Third_Party/LwIP/src/core/def.c ****     *ptr++ = "zyxwvutsrqponmlkjihgfedcba9876543210123456789abcdefghijklmnopqrstuvwxyz"[35 + (tmp_va
 390              		.loc 1 204 0
 391 0006 2C46     		mov	r4, r5
 203:Middlewares/Third_Party/LwIP/src/core/def.c ****     *ptr++ = "zyxwvutsrqponmlkjihgfedcba9876543210123456789abcdefghijklmnopqrstuvwxyz"[35 + (tmp_va
 392              		.loc 1 203 0
 393 0008 0A46     		mov	r2, r1
 394              	.LVL51:
 395              	.L32:
 203:Middlewares/Third_Party/LwIP/src/core/def.c ****     *ptr++ = "zyxwvutsrqponmlkjihgfedcba9876543210123456789abcdefghijklmnopqrstuvwxyz"[35 + (tmp_va
 396              		.loc 1 203 0 is_stmt 0 discriminator 1
 397 000a 144B     		ldr	r3, .L39
 398 000c 83FB0213 		smull	r1, r3, r3, r2
 399 0010 D117     		asrs	r1, r2, #31
 400 0012 C1EBA301 		rsb	r1, r1, r3, asr #2
 401              	.LVL52:
 402              		.loc 1 204 0 is_stmt 1 discriminator 1
 403 0016 651C     		adds	r5, r4, #1
 404              	.LVL53:
 405 0018 6FF00903 		mvn	r3, #9
 406 001c 03FB0123 		mla	r3, r3, r1, r2
 407 0020 2333     		adds	r3, r3, #35
 408 0022 0F4E     		ldr	r6, .L39+4
 409 0024 F35C     		ldrb	r3, [r6, r3]	@ zero_extendqisi2
 410 0026 2370     		strb	r3, [r4]
 205:Middlewares/Third_Party/LwIP/src/core/def.c ****   } while(number);
ARM GAS  C:\Users\Student\AppData\Local\Temp\ccX2h38M.s 			page 12


 411              		.loc 1 205 0 discriminator 1
 412 0028 0029     		cmp	r1, #0
 413 002a ECD1     		bne	.L36
 206:Middlewares/Third_Party/LwIP/src/core/def.c **** 
 207:Middlewares/Third_Party/LwIP/src/core/def.c ****    /* Apply negative sign */
 208:Middlewares/Third_Party/LwIP/src/core/def.c ****   if (tmp_value < 0) {
 414              		.loc 1 208 0
 415 002c 002A     		cmp	r2, #0
 416 002e 03DB     		blt	.L38
 417              	.L33:
 209:Middlewares/Third_Party/LwIP/src/core/def.c ****      *ptr++ = '-';
 210:Middlewares/Third_Party/LwIP/src/core/def.c ****   }
 211:Middlewares/Third_Party/LwIP/src/core/def.c ****   *ptr-- = '\0';
 418              		.loc 1 211 0
 419 0030 6B1E     		subs	r3, r5, #1
 420              	.LVL54:
 421 0032 0022     		movs	r2, #0
 422              	.LVL55:
 423 0034 2A70     		strb	r2, [r5]
 212:Middlewares/Third_Party/LwIP/src/core/def.c ****   while(ptr1 < ptr) {
 424              		.loc 1 212 0
 425 0036 0DE0     		b	.L34
 426              	.LVL56:
 427              	.L38:
 209:Middlewares/Third_Party/LwIP/src/core/def.c ****      *ptr++ = '-';
 428              		.loc 1 209 0
 429 0038 2D23     		movs	r3, #45
 430 003a 2B70     		strb	r3, [r5]
 431 003c A51C     		adds	r5, r4, #2
 432              	.LVL57:
 433 003e F7E7     		b	.L33
 434              	.LVL58:
 435              	.L35:
 213:Middlewares/Third_Party/LwIP/src/core/def.c ****     tmp_char = *ptr;
 436              		.loc 1 213 0
 437 0040 1A46     		mov	r2, r3
 438 0042 12F80149 		ldrb	r4, [r2], #-1	@ zero_extendqisi2
 439              	.LVL59:
 214:Middlewares/Third_Party/LwIP/src/core/def.c ****     *ptr--= *ptr1;
 440              		.loc 1 214 0
 441 0046 0146     		mov	r1, r0
 442 0048 11F8015B 		ldrb	r5, [r1], #1	@ zero_extendqisi2
 443 004c 1D70     		strb	r5, [r3]
 444              	.LVL60:
 215:Middlewares/Third_Party/LwIP/src/core/def.c ****     *ptr1++ = tmp_char;
 445              		.loc 1 215 0
 446 004e 0470     		strb	r4, [r0]
 447 0050 0846     		mov	r0, r1
 214:Middlewares/Third_Party/LwIP/src/core/def.c ****     *ptr--= *ptr1;
 448              		.loc 1 214 0
 449 0052 1346     		mov	r3, r2
 450              	.LVL61:
 451              	.L34:
 212:Middlewares/Third_Party/LwIP/src/core/def.c ****     tmp_char = *ptr;
 452              		.loc 1 212 0
 453 0054 8342     		cmp	r3, r0
 454 0056 F3D8     		bhi	.L35
ARM GAS  C:\Users\Student\AppData\Local\Temp\ccX2h38M.s 			page 13


 216:Middlewares/Third_Party/LwIP/src/core/def.c ****   }
 217:Middlewares/Third_Party/LwIP/src/core/def.c **** }
 455              		.loc 1 217 0
 456 0058 70BC     		pop	{r4, r5, r6}
 457              	.LCFI7:
 458              		.cfi_restore 6
 459              		.cfi_restore 5
 460              		.cfi_restore 4
 461              		.cfi_def_cfa_offset 0
 462 005a 7047     		bx	lr
 463              	.L40:
 464              		.align	2
 465              	.L39:
 466 005c 67666666 		.word	1717986919
 467 0060 00000000 		.word	.LC0
 468              		.cfi_endproc
 469              	.LFE141:
 471              		.section	.rodata.lwip_itoa.str1.4,"aMS",%progbits,1
 472              		.align	2
 473              	.LC0:
 474 0000 7A797877 		.ascii	"zyxwvutsrqponmlkjihgfedcba9876543210123456789abcdef"
 474      76757473 
 474      7271706F 
 474      6E6D6C6B 
 474      6A696867 
 475 0033 6768696A 		.ascii	"ghijklmnopqrstuvwxyz\000"
 475      6B6C6D6E 
 475      6F707172 
 475      73747576 
 475      7778797A 
 476              		.text
 477              	.Letext0:
 478              		.file 2 "c:\\gcc_toolchain\\6_2017-q1-update\\arm-none-eabi\\include\\machine\\_default_types.h"
 479              		.file 3 "c:\\gcc_toolchain\\6_2017-q1-update\\arm-none-eabi\\include\\sys\\_stdint.h"
 480              		.file 4 "Drivers/CMSIS/Include/core_cm7.h"
 481              		.file 5 "Drivers/CMSIS/Device/ST/STM32F7xx/Include/system_stm32f7xx.h"
 482              		.file 6 "c:\\gcc_toolchain\\6_2017-q1-update\\lib\\gcc\\arm-none-eabi\\6.3.1\\include\\stddef.h"
 483              		.file 7 "c:\\gcc_toolchain\\6_2017-q1-update\\arm-none-eabi\\include\\sys\\lock.h"
 484              		.file 8 "c:\\gcc_toolchain\\6_2017-q1-update\\arm-none-eabi\\include\\sys\\_types.h"
 485              		.file 9 "c:\\gcc_toolchain\\6_2017-q1-update\\arm-none-eabi\\include\\sys\\reent.h"
 486              		.file 10 "c:\\gcc_toolchain\\6_2017-q1-update\\arm-none-eabi\\include\\stdlib.h"
 487              		.file 11 "Middlewares/Third_Party/LwIP/src/include/lwip/arch.h"
 488              		.file 12 "c:\\gcc_toolchain\\6_2017-q1-update\\arm-none-eabi\\include\\string.h"
ARM GAS  C:\Users\Student\AppData\Local\Temp\ccX2h38M.s 			page 14


DEFINED SYMBOLS
                            *ABS*:00000000 def.c
C:\Users\Student\AppData\Local\Temp\ccX2h38M.s:18     .text.lwip_htons:00000000 $t
C:\Users\Student\AppData\Local\Temp\ccX2h38M.s:25     .text.lwip_htons:00000000 lwip_htons
C:\Users\Student\AppData\Local\Temp\ccX2h38M.s:45     .text.lwip_htonl:00000000 $t
C:\Users\Student\AppData\Local\Temp\ccX2h38M.s:52     .text.lwip_htonl:00000000 lwip_htonl
C:\Users\Student\AppData\Local\Temp\ccX2h38M.s:75     .text.lwip_strnstr:00000000 $t
C:\Users\Student\AppData\Local\Temp\ccX2h38M.s:82     .text.lwip_strnstr:00000000 lwip_strnstr
C:\Users\Student\AppData\Local\Temp\ccX2h38M.s:161    .text.lwip_stricmp:00000000 $t
C:\Users\Student\AppData\Local\Temp\ccX2h38M.s:168    .text.lwip_stricmp:00000000 lwip_stricmp
C:\Users\Student\AppData\Local\Temp\ccX2h38M.s:256    .text.lwip_strnicmp:00000000 $t
C:\Users\Student\AppData\Local\Temp\ccX2h38M.s:263    .text.lwip_strnicmp:00000000 lwip_strnicmp
C:\Users\Student\AppData\Local\Temp\ccX2h38M.s:363    .text.lwip_itoa:00000000 $t
C:\Users\Student\AppData\Local\Temp\ccX2h38M.s:370    .text.lwip_itoa:00000000 lwip_itoa
C:\Users\Student\AppData\Local\Temp\ccX2h38M.s:466    .text.lwip_itoa:0000005c $d
C:\Users\Student\AppData\Local\Temp\ccX2h38M.s:472    .rodata.lwip_itoa.str1.4:00000000 $d
                     .debug_frame:00000010 $d

UNDEFINED SYMBOLS
strlen
strncmp
