ARM GAS  C:\Users\Student\AppData\Local\Temp\ccda4a61.s 			page 1


   1              		.cpu cortex-m7
   2              		.eabi_attribute 27, 1
   3              		.eabi_attribute 28, 1
   4              		.eabi_attribute 20, 1
   5              		.eabi_attribute 21, 1
   6              		.eabi_attribute 23, 3
   7              		.eabi_attribute 24, 1
   8              		.eabi_attribute 25, 1
   9              		.eabi_attribute 26, 1
  10              		.eabi_attribute 30, 1
  11              		.eabi_attribute 34, 1
  12              		.eabi_attribute 18, 4
  13              		.file	"inet_chksum.c"
  14              		.text
  15              	.Ltext0:
  16              		.cfi_sections	.debug_frame
  17              		.section	.text.lwip_standard_chksum,"ax",%progbits
  18              		.align	1
  19              		.global	lwip_standard_chksum
  20              		.syntax unified
  21              		.thumb
  22              		.thumb_func
  23              		.fpu fpv5-sp-d16
  25              	lwip_standard_chksum:
  26              	.LFB136:
  27              		.file 1 "Middlewares/Third_Party/LwIP/src/core/inet_chksum.c"
   1:Middlewares/Third_Party/LwIP/src/core/inet_chksum.c **** /**
   2:Middlewares/Third_Party/LwIP/src/core/inet_chksum.c ****  * @file
   3:Middlewares/Third_Party/LwIP/src/core/inet_chksum.c ****  * Incluse internet checksum functions.\n
   4:Middlewares/Third_Party/LwIP/src/core/inet_chksum.c ****  *
   5:Middlewares/Third_Party/LwIP/src/core/inet_chksum.c ****  * These are some reference implementations of the checksum algorithm, with the
   6:Middlewares/Third_Party/LwIP/src/core/inet_chksum.c ****  * aim of being simple, correct and fully portable. Checksumming is the
   7:Middlewares/Third_Party/LwIP/src/core/inet_chksum.c ****  * first thing you would want to optimize for your platform. If you create
   8:Middlewares/Third_Party/LwIP/src/core/inet_chksum.c ****  * your own version, link it in and in your cc.h put:
   9:Middlewares/Third_Party/LwIP/src/core/inet_chksum.c ****  *
  10:Middlewares/Third_Party/LwIP/src/core/inet_chksum.c ****  * \#define LWIP_CHKSUM your_checksum_routine
  11:Middlewares/Third_Party/LwIP/src/core/inet_chksum.c ****  * 
  12:Middlewares/Third_Party/LwIP/src/core/inet_chksum.c ****  * Or you can select from the implementations below by defining
  13:Middlewares/Third_Party/LwIP/src/core/inet_chksum.c ****  * LWIP_CHKSUM_ALGORITHM to 1, 2 or 3.
  14:Middlewares/Third_Party/LwIP/src/core/inet_chksum.c ****  */
  15:Middlewares/Third_Party/LwIP/src/core/inet_chksum.c **** 
  16:Middlewares/Third_Party/LwIP/src/core/inet_chksum.c **** /*
  17:Middlewares/Third_Party/LwIP/src/core/inet_chksum.c ****  * Copyright (c) 2001-2004 Swedish Institute of Computer Science.
  18:Middlewares/Third_Party/LwIP/src/core/inet_chksum.c ****  * All rights reserved.
  19:Middlewares/Third_Party/LwIP/src/core/inet_chksum.c ****  *
  20:Middlewares/Third_Party/LwIP/src/core/inet_chksum.c ****  * Redistribution and use in source and binary forms, with or without modification,
  21:Middlewares/Third_Party/LwIP/src/core/inet_chksum.c ****  * are permitted provided that the following conditions are met:
  22:Middlewares/Third_Party/LwIP/src/core/inet_chksum.c ****  *
  23:Middlewares/Third_Party/LwIP/src/core/inet_chksum.c ****  * 1. Redistributions of source code must retain the above copyright notice,
  24:Middlewares/Third_Party/LwIP/src/core/inet_chksum.c ****  *    this list of conditions and the following disclaimer.
  25:Middlewares/Third_Party/LwIP/src/core/inet_chksum.c ****  * 2. Redistributions in binary form must reproduce the above copyright notice,
  26:Middlewares/Third_Party/LwIP/src/core/inet_chksum.c ****  *    this list of conditions and the following disclaimer in the documentation
  27:Middlewares/Third_Party/LwIP/src/core/inet_chksum.c ****  *    and/or other materials provided with the distribution.
  28:Middlewares/Third_Party/LwIP/src/core/inet_chksum.c ****  * 3. The name of the author may not be used to endorse or promote products
  29:Middlewares/Third_Party/LwIP/src/core/inet_chksum.c ****  *    derived from this software without specific prior written permission.
  30:Middlewares/Third_Party/LwIP/src/core/inet_chksum.c ****  *
  31:Middlewares/Third_Party/LwIP/src/core/inet_chksum.c ****  * THIS SOFTWARE IS PROVIDED BY THE AUTHOR ``AS IS'' AND ANY EXPRESS OR IMPLIED
ARM GAS  C:\Users\Student\AppData\Local\Temp\ccda4a61.s 			page 2


  32:Middlewares/Third_Party/LwIP/src/core/inet_chksum.c ****  * WARRANTIES, INCLUDING, BUT NOT LIMITED TO, THE IMPLIED WARRANTIES OF
  33:Middlewares/Third_Party/LwIP/src/core/inet_chksum.c ****  * MERCHANTABILITY AND FITNESS FOR A PARTICULAR PURPOSE ARE DISCLAIMED. IN NO EVENT
  34:Middlewares/Third_Party/LwIP/src/core/inet_chksum.c ****  * SHALL THE AUTHOR BE LIABLE FOR ANY DIRECT, INDIRECT, INCIDENTAL, SPECIAL,
  35:Middlewares/Third_Party/LwIP/src/core/inet_chksum.c ****  * EXEMPLARY, OR CONSEQUENTIAL DAMAGES (INCLUDING, BUT NOT LIMITED TO, PROCUREMENT
  36:Middlewares/Third_Party/LwIP/src/core/inet_chksum.c ****  * OF SUBSTITUTE GOODS OR SERVICES; LOSS OF USE, DATA, OR PROFITS; OR BUSINESS
  37:Middlewares/Third_Party/LwIP/src/core/inet_chksum.c ****  * INTERRUPTION) HOWEVER CAUSED AND ON ANY THEORY OF LIABILITY, WHETHER IN
  38:Middlewares/Third_Party/LwIP/src/core/inet_chksum.c ****  * CONTRACT, STRICT LIABILITY, OR TORT (INCLUDING NEGLIGENCE OR OTHERWISE) ARISING
  39:Middlewares/Third_Party/LwIP/src/core/inet_chksum.c ****  * IN ANY WAY OUT OF THE USE OF THIS SOFTWARE, EVEN IF ADVISED OF THE POSSIBILITY
  40:Middlewares/Third_Party/LwIP/src/core/inet_chksum.c ****  * OF SUCH DAMAGE.
  41:Middlewares/Third_Party/LwIP/src/core/inet_chksum.c ****  *
  42:Middlewares/Third_Party/LwIP/src/core/inet_chksum.c ****  * This file is part of the lwIP TCP/IP stack.
  43:Middlewares/Third_Party/LwIP/src/core/inet_chksum.c ****  *
  44:Middlewares/Third_Party/LwIP/src/core/inet_chksum.c ****  * Author: Adam Dunkels <adam@sics.se>
  45:Middlewares/Third_Party/LwIP/src/core/inet_chksum.c ****  *
  46:Middlewares/Third_Party/LwIP/src/core/inet_chksum.c ****  */
  47:Middlewares/Third_Party/LwIP/src/core/inet_chksum.c **** 
  48:Middlewares/Third_Party/LwIP/src/core/inet_chksum.c **** #include "lwip/opt.h"
  49:Middlewares/Third_Party/LwIP/src/core/inet_chksum.c **** 
  50:Middlewares/Third_Party/LwIP/src/core/inet_chksum.c **** #include "lwip/inet_chksum.h"
  51:Middlewares/Third_Party/LwIP/src/core/inet_chksum.c **** #include "lwip/def.h"
  52:Middlewares/Third_Party/LwIP/src/core/inet_chksum.c **** #include "lwip/ip_addr.h"
  53:Middlewares/Third_Party/LwIP/src/core/inet_chksum.c **** 
  54:Middlewares/Third_Party/LwIP/src/core/inet_chksum.c **** #include <stddef.h>
  55:Middlewares/Third_Party/LwIP/src/core/inet_chksum.c **** #include <string.h>
  56:Middlewares/Third_Party/LwIP/src/core/inet_chksum.c **** 
  57:Middlewares/Third_Party/LwIP/src/core/inet_chksum.c **** #ifndef LWIP_CHKSUM
  58:Middlewares/Third_Party/LwIP/src/core/inet_chksum.c **** # define LWIP_CHKSUM lwip_standard_chksum
  59:Middlewares/Third_Party/LwIP/src/core/inet_chksum.c **** # ifndef LWIP_CHKSUM_ALGORITHM
  60:Middlewares/Third_Party/LwIP/src/core/inet_chksum.c **** #  define LWIP_CHKSUM_ALGORITHM 2
  61:Middlewares/Third_Party/LwIP/src/core/inet_chksum.c **** # endif
  62:Middlewares/Third_Party/LwIP/src/core/inet_chksum.c **** u16_t lwip_standard_chksum(const void *dataptr, int len);
  63:Middlewares/Third_Party/LwIP/src/core/inet_chksum.c **** #endif
  64:Middlewares/Third_Party/LwIP/src/core/inet_chksum.c **** /* If none set: */
  65:Middlewares/Third_Party/LwIP/src/core/inet_chksum.c **** #ifndef LWIP_CHKSUM_ALGORITHM
  66:Middlewares/Third_Party/LwIP/src/core/inet_chksum.c **** # define LWIP_CHKSUM_ALGORITHM 0
  67:Middlewares/Third_Party/LwIP/src/core/inet_chksum.c **** #endif
  68:Middlewares/Third_Party/LwIP/src/core/inet_chksum.c **** 
  69:Middlewares/Third_Party/LwIP/src/core/inet_chksum.c **** #if (LWIP_CHKSUM_ALGORITHM == 1) /* Version #1 */
  70:Middlewares/Third_Party/LwIP/src/core/inet_chksum.c **** /**
  71:Middlewares/Third_Party/LwIP/src/core/inet_chksum.c ****  * lwip checksum
  72:Middlewares/Third_Party/LwIP/src/core/inet_chksum.c ****  *
  73:Middlewares/Third_Party/LwIP/src/core/inet_chksum.c ****  * @param dataptr points to start of data to be summed at any boundary
  74:Middlewares/Third_Party/LwIP/src/core/inet_chksum.c ****  * @param len length of data to be summed
  75:Middlewares/Third_Party/LwIP/src/core/inet_chksum.c ****  * @return host order (!) lwip checksum (non-inverted Internet sum)
  76:Middlewares/Third_Party/LwIP/src/core/inet_chksum.c ****  *
  77:Middlewares/Third_Party/LwIP/src/core/inet_chksum.c ****  * @note accumulator size limits summable length to 64k
  78:Middlewares/Third_Party/LwIP/src/core/inet_chksum.c ****  * @note host endianess is irrelevant (p3 RFC1071)
  79:Middlewares/Third_Party/LwIP/src/core/inet_chksum.c ****  */
  80:Middlewares/Third_Party/LwIP/src/core/inet_chksum.c **** u16_t
  81:Middlewares/Third_Party/LwIP/src/core/inet_chksum.c **** lwip_standard_chksum(const void *dataptr, int len)
  82:Middlewares/Third_Party/LwIP/src/core/inet_chksum.c **** {
  83:Middlewares/Third_Party/LwIP/src/core/inet_chksum.c ****   u32_t acc;
  84:Middlewares/Third_Party/LwIP/src/core/inet_chksum.c ****   u16_t src;
  85:Middlewares/Third_Party/LwIP/src/core/inet_chksum.c ****   const u8_t *octetptr;
  86:Middlewares/Third_Party/LwIP/src/core/inet_chksum.c **** 
  87:Middlewares/Third_Party/LwIP/src/core/inet_chksum.c ****   acc = 0;
  88:Middlewares/Third_Party/LwIP/src/core/inet_chksum.c ****   /* dataptr may be at odd or even addresses */
ARM GAS  C:\Users\Student\AppData\Local\Temp\ccda4a61.s 			page 3


  89:Middlewares/Third_Party/LwIP/src/core/inet_chksum.c ****   octetptr = (const u8_t*)dataptr;
  90:Middlewares/Third_Party/LwIP/src/core/inet_chksum.c ****   while (len > 1) {
  91:Middlewares/Third_Party/LwIP/src/core/inet_chksum.c ****     /* declare first octet as most significant
  92:Middlewares/Third_Party/LwIP/src/core/inet_chksum.c ****        thus assume network order, ignoring host order */
  93:Middlewares/Third_Party/LwIP/src/core/inet_chksum.c ****     src = (*octetptr) << 8;
  94:Middlewares/Third_Party/LwIP/src/core/inet_chksum.c ****     octetptr++;
  95:Middlewares/Third_Party/LwIP/src/core/inet_chksum.c ****     /* declare second octet as least significant */
  96:Middlewares/Third_Party/LwIP/src/core/inet_chksum.c ****     src |= (*octetptr);
  97:Middlewares/Third_Party/LwIP/src/core/inet_chksum.c ****     octetptr++;
  98:Middlewares/Third_Party/LwIP/src/core/inet_chksum.c ****     acc += src;
  99:Middlewares/Third_Party/LwIP/src/core/inet_chksum.c ****     len -= 2;
 100:Middlewares/Third_Party/LwIP/src/core/inet_chksum.c ****   }
 101:Middlewares/Third_Party/LwIP/src/core/inet_chksum.c ****   if (len > 0) {
 102:Middlewares/Third_Party/LwIP/src/core/inet_chksum.c ****     /* accumulate remaining octet */
 103:Middlewares/Third_Party/LwIP/src/core/inet_chksum.c ****     src = (*octetptr) << 8;
 104:Middlewares/Third_Party/LwIP/src/core/inet_chksum.c ****     acc += src;
 105:Middlewares/Third_Party/LwIP/src/core/inet_chksum.c ****   }
 106:Middlewares/Third_Party/LwIP/src/core/inet_chksum.c ****   /* add deferred carry bits */
 107:Middlewares/Third_Party/LwIP/src/core/inet_chksum.c ****   acc = (acc >> 16) + (acc & 0x0000ffffUL);
 108:Middlewares/Third_Party/LwIP/src/core/inet_chksum.c ****   if ((acc & 0xffff0000UL) != 0) {
 109:Middlewares/Third_Party/LwIP/src/core/inet_chksum.c ****     acc = (acc >> 16) + (acc & 0x0000ffffUL);
 110:Middlewares/Third_Party/LwIP/src/core/inet_chksum.c ****   }
 111:Middlewares/Third_Party/LwIP/src/core/inet_chksum.c ****   /* This maybe a little confusing: reorder sum using lwip_htons()
 112:Middlewares/Third_Party/LwIP/src/core/inet_chksum.c ****      instead of lwip_ntohs() since it has a little less call overhead.
 113:Middlewares/Third_Party/LwIP/src/core/inet_chksum.c ****      The caller must invert bits for Internet sum ! */
 114:Middlewares/Third_Party/LwIP/src/core/inet_chksum.c ****   return lwip_htons((u16_t)acc);
 115:Middlewares/Third_Party/LwIP/src/core/inet_chksum.c **** }
 116:Middlewares/Third_Party/LwIP/src/core/inet_chksum.c **** #endif
 117:Middlewares/Third_Party/LwIP/src/core/inet_chksum.c **** 
 118:Middlewares/Third_Party/LwIP/src/core/inet_chksum.c **** #if (LWIP_CHKSUM_ALGORITHM == 2) /* Alternative version #2 */
 119:Middlewares/Third_Party/LwIP/src/core/inet_chksum.c **** /*
 120:Middlewares/Third_Party/LwIP/src/core/inet_chksum.c ****  * Curt McDowell
 121:Middlewares/Third_Party/LwIP/src/core/inet_chksum.c ****  * Broadcom Corp.
 122:Middlewares/Third_Party/LwIP/src/core/inet_chksum.c ****  * csm@broadcom.com
 123:Middlewares/Third_Party/LwIP/src/core/inet_chksum.c ****  *
 124:Middlewares/Third_Party/LwIP/src/core/inet_chksum.c ****  * IP checksum two bytes at a time with support for
 125:Middlewares/Third_Party/LwIP/src/core/inet_chksum.c ****  * unaligned buffer.
 126:Middlewares/Third_Party/LwIP/src/core/inet_chksum.c ****  * Works for len up to and including 0x20000.
 127:Middlewares/Third_Party/LwIP/src/core/inet_chksum.c ****  * by Curt McDowell, Broadcom Corp. 12/08/2005
 128:Middlewares/Third_Party/LwIP/src/core/inet_chksum.c ****  *
 129:Middlewares/Third_Party/LwIP/src/core/inet_chksum.c ****  * @param dataptr points to start of data to be summed at any boundary
 130:Middlewares/Third_Party/LwIP/src/core/inet_chksum.c ****  * @param len length of data to be summed
 131:Middlewares/Third_Party/LwIP/src/core/inet_chksum.c ****  * @return host order (!) lwip checksum (non-inverted Internet sum)
 132:Middlewares/Third_Party/LwIP/src/core/inet_chksum.c ****  */
 133:Middlewares/Third_Party/LwIP/src/core/inet_chksum.c **** u16_t
 134:Middlewares/Third_Party/LwIP/src/core/inet_chksum.c **** lwip_standard_chksum(const void *dataptr, int len)
 135:Middlewares/Third_Party/LwIP/src/core/inet_chksum.c **** {
  28              		.loc 1 135 0
  29              		.cfi_startproc
  30              		@ args = 0, pretend = 0, frame = 8
  31              		@ frame_needed = 0, uses_anonymous_args = 0
  32              		@ link register save eliminated.
  33              	.LVL0:
  34 0000 10B4     		push	{r4}
  35              	.LCFI0:
  36              		.cfi_def_cfa_offset 4
  37              		.cfi_offset 4, -4
ARM GAS  C:\Users\Student\AppData\Local\Temp\ccda4a61.s 			page 4


  38 0002 83B0     		sub	sp, sp, #12
  39              	.LCFI1:
  40              		.cfi_def_cfa_offset 16
  41              	.LVL1:
 136:Middlewares/Third_Party/LwIP/src/core/inet_chksum.c ****   const u8_t *pb = (const u8_t *)dataptr;
 137:Middlewares/Third_Party/LwIP/src/core/inet_chksum.c ****   const u16_t *ps;
 138:Middlewares/Third_Party/LwIP/src/core/inet_chksum.c ****   u16_t t = 0;
  42              		.loc 1 138 0
  43 0004 0023     		movs	r3, #0
  44 0006 ADF80630 		strh	r3, [sp, #6]	@ movhi
  45              	.LVL2:
 139:Middlewares/Third_Party/LwIP/src/core/inet_chksum.c ****   u32_t sum = 0;
 140:Middlewares/Third_Party/LwIP/src/core/inet_chksum.c ****   int odd = ((mem_ptr_t)pb & 1);
  46              		.loc 1 140 0
  47 000a 00F00104 		and	r4, r0, #1
  48              	.LVL3:
 141:Middlewares/Third_Party/LwIP/src/core/inet_chksum.c **** 
 142:Middlewares/Third_Party/LwIP/src/core/inet_chksum.c ****   /* Get aligned to u16_t */
 143:Middlewares/Third_Party/LwIP/src/core/inet_chksum.c ****   if (odd && len > 0) {
  49              		.loc 1 143 0
  50 000e 0B46     		mov	r3, r1
  51 0010 0029     		cmp	r1, #0
  52 0012 D4BF     		ite	le
  53 0014 0021     		movle	r1, #0
  54 0016 04F00101 		andgt	r1, r4, #1
  55              	.LVL4:
  56 001a 31B1     		cbz	r1, .L7
 144:Middlewares/Third_Party/LwIP/src/core/inet_chksum.c ****     ((u8_t *)&t)[1] = *pb++;
  57              		.loc 1 144 0
  58 001c 421C     		adds	r2, r0, #1
  59              	.LVL5:
  60 001e 0178     		ldrb	r1, [r0]	@ zero_extendqisi2
  61 0020 8DF80710 		strb	r1, [sp, #7]
 145:Middlewares/Third_Party/LwIP/src/core/inet_chksum.c ****     len--;
  62              		.loc 1 145 0
  63 0024 013B     		subs	r3, r3, #1
  64              	.LVL6:
  65              	.L2:
 139:Middlewares/Third_Party/LwIP/src/core/inet_chksum.c ****   int odd = ((mem_ptr_t)pb & 1);
  66              		.loc 1 139 0
  67 0026 0021     		movs	r1, #0
 146:Middlewares/Third_Party/LwIP/src/core/inet_chksum.c ****   }
 147:Middlewares/Third_Party/LwIP/src/core/inet_chksum.c **** 
 148:Middlewares/Third_Party/LwIP/src/core/inet_chksum.c ****   /* Add the bulk of the data */
 149:Middlewares/Third_Party/LwIP/src/core/inet_chksum.c ****   ps = (const u16_t *)(const void *)pb;
 150:Middlewares/Third_Party/LwIP/src/core/inet_chksum.c ****   while (len > 1) {
  68              		.loc 1 150 0
  69 0028 05E0     		b	.L3
  70              	.LVL7:
  71              	.L7:
 136:Middlewares/Third_Party/LwIP/src/core/inet_chksum.c ****   const u16_t *ps;
  72              		.loc 1 136 0
  73 002a 0246     		mov	r2, r0
  74 002c FBE7     		b	.L2
  75              	.LVL8:
  76              	.L4:
 151:Middlewares/Third_Party/LwIP/src/core/inet_chksum.c ****     sum += *ps++;
ARM GAS  C:\Users\Student\AppData\Local\Temp\ccda4a61.s 			page 5


  77              		.loc 1 151 0
  78 002e 1088     		ldrh	r0, [r2]
  79 0030 0144     		add	r1, r1, r0
  80              	.LVL9:
 152:Middlewares/Third_Party/LwIP/src/core/inet_chksum.c ****     len -= 2;
  81              		.loc 1 152 0
  82 0032 023B     		subs	r3, r3, #2
  83              	.LVL10:
 151:Middlewares/Third_Party/LwIP/src/core/inet_chksum.c ****     sum += *ps++;
  84              		.loc 1 151 0
  85 0034 0232     		adds	r2, r2, #2
  86              	.LVL11:
  87              	.L3:
 150:Middlewares/Third_Party/LwIP/src/core/inet_chksum.c ****     sum += *ps++;
  88              		.loc 1 150 0
  89 0036 012B     		cmp	r3, #1
  90 0038 F9DC     		bgt	.L4
 153:Middlewares/Third_Party/LwIP/src/core/inet_chksum.c ****   }
 154:Middlewares/Third_Party/LwIP/src/core/inet_chksum.c **** 
 155:Middlewares/Third_Party/LwIP/src/core/inet_chksum.c ****   /* Consume left-over byte, if any */
 156:Middlewares/Third_Party/LwIP/src/core/inet_chksum.c ****   if (len > 0) {
  91              		.loc 1 156 0
  92 003a 002B     		cmp	r3, #0
  93 003c 02DD     		ble	.L5
 157:Middlewares/Third_Party/LwIP/src/core/inet_chksum.c ****     ((u8_t *)&t)[0] = *(const u8_t *)ps;
  94              		.loc 1 157 0
  95 003e 1378     		ldrb	r3, [r2]	@ zero_extendqisi2
  96              	.LVL12:
  97 0040 8DF80630 		strb	r3, [sp, #6]
  98              	.L5:
 158:Middlewares/Third_Party/LwIP/src/core/inet_chksum.c ****   }
 159:Middlewares/Third_Party/LwIP/src/core/inet_chksum.c **** 
 160:Middlewares/Third_Party/LwIP/src/core/inet_chksum.c ****   /* Add end bytes */
 161:Middlewares/Third_Party/LwIP/src/core/inet_chksum.c ****   sum += t;
  99              		.loc 1 161 0
 100 0044 BDF80600 		ldrh	r0, [sp, #6]
 101 0048 0144     		add	r1, r1, r0
 102              	.LVL13:
 162:Middlewares/Third_Party/LwIP/src/core/inet_chksum.c **** 
 163:Middlewares/Third_Party/LwIP/src/core/inet_chksum.c ****   /* Fold 32-bit sum to 16 bits
 164:Middlewares/Third_Party/LwIP/src/core/inet_chksum.c ****      calling this twice is probably faster than if statements... */
 165:Middlewares/Third_Party/LwIP/src/core/inet_chksum.c ****   sum = FOLD_U32T(sum);
 103              		.loc 1 165 0
 104 004a 88B2     		uxth	r0, r1
 105 004c 00EB1141 		add	r1, r0, r1, lsr #16
 106              	.LVL14:
 166:Middlewares/Third_Party/LwIP/src/core/inet_chksum.c ****   sum = FOLD_U32T(sum);
 107              		.loc 1 166 0
 108 0050 88B2     		uxth	r0, r1
 109 0052 00EB1140 		add	r0, r0, r1, lsr #16
 110              	.LVL15:
 167:Middlewares/Third_Party/LwIP/src/core/inet_chksum.c **** 
 168:Middlewares/Third_Party/LwIP/src/core/inet_chksum.c ****   /* Swap if alignment was odd */
 169:Middlewares/Third_Party/LwIP/src/core/inet_chksum.c ****   if (odd) {
 111              		.loc 1 169 0
 112 0056 24B1     		cbz	r4, .L6
 170:Middlewares/Third_Party/LwIP/src/core/inet_chksum.c ****     sum = SWAP_BYTES_IN_WORD(sum);
ARM GAS  C:\Users\Student\AppData\Local\Temp\ccda4a61.s 			page 6


 113              		.loc 1 170 0
 114 0058 0302     		lsls	r3, r0, #8
 115 005a 9BB2     		uxth	r3, r3
 116 005c C0F30720 		ubfx	r0, r0, #8, #8
 117              	.LVL16:
 118 0060 1843     		orrs	r0, r0, r3
 119              	.LVL17:
 120              	.L6:
 171:Middlewares/Third_Party/LwIP/src/core/inet_chksum.c ****   }
 172:Middlewares/Third_Party/LwIP/src/core/inet_chksum.c **** 
 173:Middlewares/Third_Party/LwIP/src/core/inet_chksum.c ****   return (u16_t)sum;
 174:Middlewares/Third_Party/LwIP/src/core/inet_chksum.c **** }
 121              		.loc 1 174 0
 122 0062 80B2     		uxth	r0, r0
 123              	.LVL18:
 124 0064 03B0     		add	sp, sp, #12
 125              	.LCFI2:
 126              		.cfi_def_cfa_offset 4
 127              		@ sp needed
 128 0066 5DF8044B 		ldr	r4, [sp], #4
 129              	.LCFI3:
 130              		.cfi_restore 4
 131              		.cfi_def_cfa_offset 0
 132              	.LVL19:
 133 006a 7047     		bx	lr
 134              		.cfi_endproc
 135              	.LFE136:
 137              		.section	.text.inet_cksum_pseudo_base,"ax",%progbits
 138              		.align	1
 139              		.syntax unified
 140              		.thumb
 141              		.thumb_func
 142              		.fpu fpv5-sp-d16
 144              	inet_cksum_pseudo_base:
 145              	.LFB137:
 175:Middlewares/Third_Party/LwIP/src/core/inet_chksum.c **** #endif
 176:Middlewares/Third_Party/LwIP/src/core/inet_chksum.c **** 
 177:Middlewares/Third_Party/LwIP/src/core/inet_chksum.c **** #if (LWIP_CHKSUM_ALGORITHM == 3) /* Alternative version #3 */
 178:Middlewares/Third_Party/LwIP/src/core/inet_chksum.c **** /**
 179:Middlewares/Third_Party/LwIP/src/core/inet_chksum.c ****  * An optimized checksum routine. Basically, it uses loop-unrolling on
 180:Middlewares/Third_Party/LwIP/src/core/inet_chksum.c ****  * the checksum loop, treating the head and tail bytes specially, whereas
 181:Middlewares/Third_Party/LwIP/src/core/inet_chksum.c ****  * the inner loop acts on 8 bytes at a time.
 182:Middlewares/Third_Party/LwIP/src/core/inet_chksum.c ****  *
 183:Middlewares/Third_Party/LwIP/src/core/inet_chksum.c ****  * @arg start of buffer to be checksummed. May be an odd byte address.
 184:Middlewares/Third_Party/LwIP/src/core/inet_chksum.c ****  * @len number of bytes in the buffer to be checksummed.
 185:Middlewares/Third_Party/LwIP/src/core/inet_chksum.c ****  * @return host order (!) lwip checksum (non-inverted Internet sum)
 186:Middlewares/Third_Party/LwIP/src/core/inet_chksum.c ****  *
 187:Middlewares/Third_Party/LwIP/src/core/inet_chksum.c ****  * by Curt McDowell, Broadcom Corp. December 8th, 2005
 188:Middlewares/Third_Party/LwIP/src/core/inet_chksum.c ****  */
 189:Middlewares/Third_Party/LwIP/src/core/inet_chksum.c **** u16_t
 190:Middlewares/Third_Party/LwIP/src/core/inet_chksum.c **** lwip_standard_chksum(const void *dataptr, int len)
 191:Middlewares/Third_Party/LwIP/src/core/inet_chksum.c **** {
 192:Middlewares/Third_Party/LwIP/src/core/inet_chksum.c ****   const u8_t *pb = (const u8_t *)dataptr;
 193:Middlewares/Third_Party/LwIP/src/core/inet_chksum.c ****   const u16_t *ps;
 194:Middlewares/Third_Party/LwIP/src/core/inet_chksum.c ****   u16_t t = 0;
 195:Middlewares/Third_Party/LwIP/src/core/inet_chksum.c ****   const u32_t *pl;
 196:Middlewares/Third_Party/LwIP/src/core/inet_chksum.c ****   u32_t sum = 0, tmp;
ARM GAS  C:\Users\Student\AppData\Local\Temp\ccda4a61.s 			page 7


 197:Middlewares/Third_Party/LwIP/src/core/inet_chksum.c ****   /* starts at odd byte address? */
 198:Middlewares/Third_Party/LwIP/src/core/inet_chksum.c ****   int odd = ((mem_ptr_t)pb & 1);
 199:Middlewares/Third_Party/LwIP/src/core/inet_chksum.c **** 
 200:Middlewares/Third_Party/LwIP/src/core/inet_chksum.c ****   if (odd && len > 0) {
 201:Middlewares/Third_Party/LwIP/src/core/inet_chksum.c ****     ((u8_t *)&t)[1] = *pb++;
 202:Middlewares/Third_Party/LwIP/src/core/inet_chksum.c ****     len--;
 203:Middlewares/Third_Party/LwIP/src/core/inet_chksum.c ****   }
 204:Middlewares/Third_Party/LwIP/src/core/inet_chksum.c **** 
 205:Middlewares/Third_Party/LwIP/src/core/inet_chksum.c ****   ps = (const u16_t *)(const void*)pb;
 206:Middlewares/Third_Party/LwIP/src/core/inet_chksum.c **** 
 207:Middlewares/Third_Party/LwIP/src/core/inet_chksum.c ****   if (((mem_ptr_t)ps & 3) && len > 1) {
 208:Middlewares/Third_Party/LwIP/src/core/inet_chksum.c ****     sum += *ps++;
 209:Middlewares/Third_Party/LwIP/src/core/inet_chksum.c ****     len -= 2;
 210:Middlewares/Third_Party/LwIP/src/core/inet_chksum.c ****   }
 211:Middlewares/Third_Party/LwIP/src/core/inet_chksum.c **** 
 212:Middlewares/Third_Party/LwIP/src/core/inet_chksum.c ****   pl = (const u32_t *)(const void*)ps;
 213:Middlewares/Third_Party/LwIP/src/core/inet_chksum.c **** 
 214:Middlewares/Third_Party/LwIP/src/core/inet_chksum.c ****   while (len > 7)  {
 215:Middlewares/Third_Party/LwIP/src/core/inet_chksum.c ****     tmp = sum + *pl++;          /* ping */
 216:Middlewares/Third_Party/LwIP/src/core/inet_chksum.c ****     if (tmp < sum) {
 217:Middlewares/Third_Party/LwIP/src/core/inet_chksum.c ****       tmp++;                    /* add back carry */
 218:Middlewares/Third_Party/LwIP/src/core/inet_chksum.c ****     }
 219:Middlewares/Third_Party/LwIP/src/core/inet_chksum.c **** 
 220:Middlewares/Third_Party/LwIP/src/core/inet_chksum.c ****     sum = tmp + *pl++;          /* pong */
 221:Middlewares/Third_Party/LwIP/src/core/inet_chksum.c ****     if (sum < tmp) {
 222:Middlewares/Third_Party/LwIP/src/core/inet_chksum.c ****       sum++;                    /* add back carry */
 223:Middlewares/Third_Party/LwIP/src/core/inet_chksum.c ****     }
 224:Middlewares/Third_Party/LwIP/src/core/inet_chksum.c **** 
 225:Middlewares/Third_Party/LwIP/src/core/inet_chksum.c ****     len -= 8;
 226:Middlewares/Third_Party/LwIP/src/core/inet_chksum.c ****   }
 227:Middlewares/Third_Party/LwIP/src/core/inet_chksum.c **** 
 228:Middlewares/Third_Party/LwIP/src/core/inet_chksum.c ****   /* make room in upper bits */
 229:Middlewares/Third_Party/LwIP/src/core/inet_chksum.c ****   sum = FOLD_U32T(sum);
 230:Middlewares/Third_Party/LwIP/src/core/inet_chksum.c **** 
 231:Middlewares/Third_Party/LwIP/src/core/inet_chksum.c ****   ps = (const u16_t *)pl;
 232:Middlewares/Third_Party/LwIP/src/core/inet_chksum.c **** 
 233:Middlewares/Third_Party/LwIP/src/core/inet_chksum.c ****   /* 16-bit aligned word remaining? */
 234:Middlewares/Third_Party/LwIP/src/core/inet_chksum.c ****   while (len > 1) {
 235:Middlewares/Third_Party/LwIP/src/core/inet_chksum.c ****     sum += *ps++;
 236:Middlewares/Third_Party/LwIP/src/core/inet_chksum.c ****     len -= 2;
 237:Middlewares/Third_Party/LwIP/src/core/inet_chksum.c ****   }
 238:Middlewares/Third_Party/LwIP/src/core/inet_chksum.c **** 
 239:Middlewares/Third_Party/LwIP/src/core/inet_chksum.c ****   /* dangling tail byte remaining? */
 240:Middlewares/Third_Party/LwIP/src/core/inet_chksum.c ****   if (len > 0) {                /* include odd byte */
 241:Middlewares/Third_Party/LwIP/src/core/inet_chksum.c ****     ((u8_t *)&t)[0] = *(const u8_t *)ps;
 242:Middlewares/Third_Party/LwIP/src/core/inet_chksum.c ****   }
 243:Middlewares/Third_Party/LwIP/src/core/inet_chksum.c **** 
 244:Middlewares/Third_Party/LwIP/src/core/inet_chksum.c ****   sum += t;                     /* add end bytes */
 245:Middlewares/Third_Party/LwIP/src/core/inet_chksum.c **** 
 246:Middlewares/Third_Party/LwIP/src/core/inet_chksum.c ****   /* Fold 32-bit sum to 16 bits
 247:Middlewares/Third_Party/LwIP/src/core/inet_chksum.c ****      calling this twice is probably faster than if statements... */
 248:Middlewares/Third_Party/LwIP/src/core/inet_chksum.c ****   sum = FOLD_U32T(sum);
 249:Middlewares/Third_Party/LwIP/src/core/inet_chksum.c ****   sum = FOLD_U32T(sum);
 250:Middlewares/Third_Party/LwIP/src/core/inet_chksum.c **** 
 251:Middlewares/Third_Party/LwIP/src/core/inet_chksum.c ****   if (odd) {
 252:Middlewares/Third_Party/LwIP/src/core/inet_chksum.c ****     sum = SWAP_BYTES_IN_WORD(sum);
 253:Middlewares/Third_Party/LwIP/src/core/inet_chksum.c ****   }
ARM GAS  C:\Users\Student\AppData\Local\Temp\ccda4a61.s 			page 8


 254:Middlewares/Third_Party/LwIP/src/core/inet_chksum.c **** 
 255:Middlewares/Third_Party/LwIP/src/core/inet_chksum.c ****   return (u16_t)sum;
 256:Middlewares/Third_Party/LwIP/src/core/inet_chksum.c **** }
 257:Middlewares/Third_Party/LwIP/src/core/inet_chksum.c **** #endif
 258:Middlewares/Third_Party/LwIP/src/core/inet_chksum.c **** 
 259:Middlewares/Third_Party/LwIP/src/core/inet_chksum.c **** /** Parts of the pseudo checksum which are common to IPv4 and IPv6 */
 260:Middlewares/Third_Party/LwIP/src/core/inet_chksum.c **** static u16_t
 261:Middlewares/Third_Party/LwIP/src/core/inet_chksum.c **** inet_cksum_pseudo_base(struct pbuf *p, u8_t proto, u16_t proto_len, u32_t acc)
 262:Middlewares/Third_Party/LwIP/src/core/inet_chksum.c **** {
 146              		.loc 1 262 0
 147              		.cfi_startproc
 148              		@ args = 0, pretend = 0, frame = 0
 149              		@ frame_needed = 0, uses_anonymous_args = 0
 150              	.LVL20:
 151 0000 2DE9F041 		push	{r4, r5, r6, r7, r8, lr}
 152              	.LCFI4:
 153              		.cfi_def_cfa_offset 24
 154              		.cfi_offset 4, -24
 155              		.cfi_offset 5, -20
 156              		.cfi_offset 6, -16
 157              		.cfi_offset 7, -12
 158              		.cfi_offset 8, -8
 159              		.cfi_offset 14, -4
 160 0004 0546     		mov	r5, r0
 161 0006 8846     		mov	r8, r1
 162 0008 1746     		mov	r7, r2
 163 000a 1C46     		mov	r4, r3
 164              	.LVL21:
 263:Middlewares/Third_Party/LwIP/src/core/inet_chksum.c ****   struct pbuf *q;
 264:Middlewares/Third_Party/LwIP/src/core/inet_chksum.c ****   u8_t swapped = 0;
 165              		.loc 1 264 0
 166 000c 0026     		movs	r6, #0
 265:Middlewares/Third_Party/LwIP/src/core/inet_chksum.c **** 
 266:Middlewares/Third_Party/LwIP/src/core/inet_chksum.c ****   /* iterate through all pbuf in chain */
 267:Middlewares/Third_Party/LwIP/src/core/inet_chksum.c ****   for (q = p; q != NULL; q = q->next) {
 167              		.loc 1 267 0
 168 000e 00E0     		b	.L10
 169              	.LVL22:
 170              	.L11:
 171              		.loc 1 267 0 is_stmt 0 discriminator 2
 172 0010 2D68     		ldr	r5, [r5]
 173              	.LVL23:
 174              	.L10:
 175              		.loc 1 267 0 discriminator 1
 176 0012 A5B1     		cbz	r5, .L15
 268:Middlewares/Third_Party/LwIP/src/core/inet_chksum.c ****     LWIP_DEBUGF(INET_DEBUG, ("inet_chksum_pseudo(): checksumming pbuf %p (has next %p) \n",
 269:Middlewares/Third_Party/LwIP/src/core/inet_chksum.c ****       (void *)q, (void *)q->next));
 270:Middlewares/Third_Party/LwIP/src/core/inet_chksum.c ****     acc += LWIP_CHKSUM(q->payload, q->len);
 177              		.loc 1 270 0 is_stmt 1
 178 0014 6989     		ldrh	r1, [r5, #10]
 179 0016 6868     		ldr	r0, [r5, #4]
 180 0018 FFF7FEFF 		bl	lwip_standard_chksum
 181              	.LVL24:
 182 001c 0444     		add	r4, r4, r0
 183              	.LVL25:
 271:Middlewares/Third_Party/LwIP/src/core/inet_chksum.c ****     /*LWIP_DEBUGF(INET_DEBUG, ("inet_chksum_pseudo(): unwrapped lwip_chksum()=%"X32_F" \n", acc));*
 272:Middlewares/Third_Party/LwIP/src/core/inet_chksum.c ****     /* just executing this next line is probably faster that the if statement needed
ARM GAS  C:\Users\Student\AppData\Local\Temp\ccda4a61.s 			page 9


 273:Middlewares/Third_Party/LwIP/src/core/inet_chksum.c ****        to check whether we really need to execute it, and does no harm */
 274:Middlewares/Third_Party/LwIP/src/core/inet_chksum.c ****     acc = FOLD_U32T(acc);
 184              		.loc 1 274 0
 185 001e A0B2     		uxth	r0, r4
 186 0020 00EB1444 		add	r4, r0, r4, lsr #16
 187              	.LVL26:
 275:Middlewares/Third_Party/LwIP/src/core/inet_chksum.c ****     if (q->len % 2 != 0) {
 188              		.loc 1 275 0
 189 0024 6B89     		ldrh	r3, [r5, #10]
 190 0026 13F0010F 		tst	r3, #1
 191 002a F1D0     		beq	.L11
 276:Middlewares/Third_Party/LwIP/src/core/inet_chksum.c ****       swapped = 1 - swapped;
 192              		.loc 1 276 0
 193 002c C6F10106 		rsb	r6, r6, #1
 194              	.LVL27:
 195 0030 F6B2     		uxtb	r6, r6
 196              	.LVL28:
 277:Middlewares/Third_Party/LwIP/src/core/inet_chksum.c ****       acc = SWAP_BYTES_IN_WORD(acc);
 197              		.loc 1 277 0
 198 0032 2302     		lsls	r3, r4, #8
 199 0034 9BB2     		uxth	r3, r3
 200 0036 C4F30724 		ubfx	r4, r4, #8, #8
 201              	.LVL29:
 202 003a 1C43     		orrs	r4, r4, r3
 203              	.LVL30:
 204 003c E8E7     		b	.L11
 205              	.L15:
 278:Middlewares/Third_Party/LwIP/src/core/inet_chksum.c ****     }
 279:Middlewares/Third_Party/LwIP/src/core/inet_chksum.c ****     /*LWIP_DEBUGF(INET_DEBUG, ("inet_chksum_pseudo(): wrapped lwip_chksum()=%"X32_F" \n", acc));*/
 280:Middlewares/Third_Party/LwIP/src/core/inet_chksum.c ****   }
 281:Middlewares/Third_Party/LwIP/src/core/inet_chksum.c **** 
 282:Middlewares/Third_Party/LwIP/src/core/inet_chksum.c ****   if (swapped) {
 206              		.loc 1 282 0
 207 003e 26B1     		cbz	r6, .L13
 283:Middlewares/Third_Party/LwIP/src/core/inet_chksum.c ****     acc = SWAP_BYTES_IN_WORD(acc);
 208              		.loc 1 283 0
 209 0040 2302     		lsls	r3, r4, #8
 210 0042 9BB2     		uxth	r3, r3
 211 0044 C4F30724 		ubfx	r4, r4, #8, #8
 212              	.LVL31:
 213 0048 1C43     		orrs	r4, r4, r3
 214              	.LVL32:
 215              	.L13:
 284:Middlewares/Third_Party/LwIP/src/core/inet_chksum.c ****   }
 285:Middlewares/Third_Party/LwIP/src/core/inet_chksum.c **** 
 286:Middlewares/Third_Party/LwIP/src/core/inet_chksum.c ****   acc += (u32_t)lwip_htons((u16_t)proto);
 216              		.loc 1 286 0
 217 004a 4046     		mov	r0, r8
 218 004c FFF7FEFF 		bl	lwip_htons
 219              	.LVL33:
 220 0050 0444     		add	r4, r4, r0
 221              	.LVL34:
 287:Middlewares/Third_Party/LwIP/src/core/inet_chksum.c ****   acc += (u32_t)lwip_htons(proto_len);
 222              		.loc 1 287 0
 223 0052 3846     		mov	r0, r7
 224 0054 FFF7FEFF 		bl	lwip_htons
 225              	.LVL35:
ARM GAS  C:\Users\Student\AppData\Local\Temp\ccda4a61.s 			page 10


 226 0058 2044     		add	r0, r0, r4
 227              	.LVL36:
 288:Middlewares/Third_Party/LwIP/src/core/inet_chksum.c **** 
 289:Middlewares/Third_Party/LwIP/src/core/inet_chksum.c ****   /* Fold 32-bit sum to 16 bits
 290:Middlewares/Third_Party/LwIP/src/core/inet_chksum.c ****      calling this twice is probably faster than if statements... */
 291:Middlewares/Third_Party/LwIP/src/core/inet_chksum.c ****   acc = FOLD_U32T(acc);
 228              		.loc 1 291 0
 229 005a 84B2     		uxth	r4, r0
 230 005c 04EB1044 		add	r4, r4, r0, lsr #16
 231              	.LVL37:
 292:Middlewares/Third_Party/LwIP/src/core/inet_chksum.c ****   acc = FOLD_U32T(acc);
 232              		.loc 1 292 0
 233 0060 A0B2     		uxth	r0, r4
 234 0062 00EB1440 		add	r0, r0, r4, lsr #16
 235              	.LVL38:
 293:Middlewares/Third_Party/LwIP/src/core/inet_chksum.c ****   LWIP_DEBUGF(INET_DEBUG, ("inet_chksum_pseudo(): pbuf chain lwip_chksum()=%"X32_F"\n", acc));
 294:Middlewares/Third_Party/LwIP/src/core/inet_chksum.c ****   return (u16_t)~(acc & 0xffffUL);
 236              		.loc 1 294 0
 237 0066 C043     		mvns	r0, r0
 238              	.LVL39:
 295:Middlewares/Third_Party/LwIP/src/core/inet_chksum.c **** }
 239              		.loc 1 295 0
 240 0068 80B2     		uxth	r0, r0
 241              	.LVL40:
 242 006a BDE8F081 		pop	{r4, r5, r6, r7, r8, pc}
 243              		.cfi_endproc
 244              	.LFE137:
 246              		.section	.text.inet_cksum_pseudo_partial_base,"ax",%progbits
 247              		.align	1
 248              		.syntax unified
 249              		.thumb
 250              		.thumb_func
 251              		.fpu fpv5-sp-d16
 253              	inet_cksum_pseudo_partial_base:
 254              	.LFB140:
 296:Middlewares/Third_Party/LwIP/src/core/inet_chksum.c **** 
 297:Middlewares/Third_Party/LwIP/src/core/inet_chksum.c **** #if LWIP_IPV4
 298:Middlewares/Third_Party/LwIP/src/core/inet_chksum.c **** /* inet_chksum_pseudo:
 299:Middlewares/Third_Party/LwIP/src/core/inet_chksum.c ****  *
 300:Middlewares/Third_Party/LwIP/src/core/inet_chksum.c ****  * Calculates the IPv4 pseudo Internet checksum used by TCP and UDP for a pbuf chain.
 301:Middlewares/Third_Party/LwIP/src/core/inet_chksum.c ****  * IP addresses are expected to be in network byte order.
 302:Middlewares/Third_Party/LwIP/src/core/inet_chksum.c ****  *
 303:Middlewares/Third_Party/LwIP/src/core/inet_chksum.c ****  * @param p chain of pbufs over that a checksum should be calculated (ip data part)
 304:Middlewares/Third_Party/LwIP/src/core/inet_chksum.c ****  * @param src source ip address (used for checksum of pseudo header)
 305:Middlewares/Third_Party/LwIP/src/core/inet_chksum.c ****  * @param dst destination ip address (used for checksum of pseudo header)
 306:Middlewares/Third_Party/LwIP/src/core/inet_chksum.c ****  * @param proto ip protocol (used for checksum of pseudo header)
 307:Middlewares/Third_Party/LwIP/src/core/inet_chksum.c ****  * @param proto_len length of the ip data part (used for checksum of pseudo header)
 308:Middlewares/Third_Party/LwIP/src/core/inet_chksum.c ****  * @return checksum (as u16_t) to be saved directly in the protocol header
 309:Middlewares/Third_Party/LwIP/src/core/inet_chksum.c ****  */
 310:Middlewares/Third_Party/LwIP/src/core/inet_chksum.c **** u16_t
 311:Middlewares/Third_Party/LwIP/src/core/inet_chksum.c **** inet_chksum_pseudo(struct pbuf *p, u8_t proto, u16_t proto_len,
 312:Middlewares/Third_Party/LwIP/src/core/inet_chksum.c ****        const ip4_addr_t *src, const ip4_addr_t *dest)
 313:Middlewares/Third_Party/LwIP/src/core/inet_chksum.c **** {
 314:Middlewares/Third_Party/LwIP/src/core/inet_chksum.c ****   u32_t acc;
 315:Middlewares/Third_Party/LwIP/src/core/inet_chksum.c ****   u32_t addr;
 316:Middlewares/Third_Party/LwIP/src/core/inet_chksum.c **** 
 317:Middlewares/Third_Party/LwIP/src/core/inet_chksum.c ****   addr = ip4_addr_get_u32(src);
ARM GAS  C:\Users\Student\AppData\Local\Temp\ccda4a61.s 			page 11


 318:Middlewares/Third_Party/LwIP/src/core/inet_chksum.c ****   acc = (addr & 0xffffUL);
 319:Middlewares/Third_Party/LwIP/src/core/inet_chksum.c ****   acc += ((addr >> 16) & 0xffffUL);
 320:Middlewares/Third_Party/LwIP/src/core/inet_chksum.c ****   addr = ip4_addr_get_u32(dest);
 321:Middlewares/Third_Party/LwIP/src/core/inet_chksum.c ****   acc += (addr & 0xffffUL);
 322:Middlewares/Third_Party/LwIP/src/core/inet_chksum.c ****   acc += ((addr >> 16) & 0xffffUL);
 323:Middlewares/Third_Party/LwIP/src/core/inet_chksum.c ****   /* fold down to 16 bits */
 324:Middlewares/Third_Party/LwIP/src/core/inet_chksum.c ****   acc = FOLD_U32T(acc);
 325:Middlewares/Third_Party/LwIP/src/core/inet_chksum.c ****   acc = FOLD_U32T(acc);
 326:Middlewares/Third_Party/LwIP/src/core/inet_chksum.c **** 
 327:Middlewares/Third_Party/LwIP/src/core/inet_chksum.c ****   return inet_cksum_pseudo_base(p, proto, proto_len, acc);
 328:Middlewares/Third_Party/LwIP/src/core/inet_chksum.c **** }
 329:Middlewares/Third_Party/LwIP/src/core/inet_chksum.c **** #endif /* LWIP_IPV4 */
 330:Middlewares/Third_Party/LwIP/src/core/inet_chksum.c **** 
 331:Middlewares/Third_Party/LwIP/src/core/inet_chksum.c **** #if LWIP_IPV6
 332:Middlewares/Third_Party/LwIP/src/core/inet_chksum.c **** /**
 333:Middlewares/Third_Party/LwIP/src/core/inet_chksum.c ****  * Calculates the checksum with IPv6 pseudo header used by TCP and UDP for a pbuf chain.
 334:Middlewares/Third_Party/LwIP/src/core/inet_chksum.c ****  * IPv6 addresses are expected to be in network byte order.
 335:Middlewares/Third_Party/LwIP/src/core/inet_chksum.c ****  *
 336:Middlewares/Third_Party/LwIP/src/core/inet_chksum.c ****  * @param p chain of pbufs over that a checksum should be calculated (ip data part)
 337:Middlewares/Third_Party/LwIP/src/core/inet_chksum.c ****  * @param proto ipv6 protocol/next header (used for checksum of pseudo header)
 338:Middlewares/Third_Party/LwIP/src/core/inet_chksum.c ****  * @param proto_len length of the ipv6 payload (used for checksum of pseudo header)
 339:Middlewares/Third_Party/LwIP/src/core/inet_chksum.c ****  * @param src source ipv6 address (used for checksum of pseudo header)
 340:Middlewares/Third_Party/LwIP/src/core/inet_chksum.c ****  * @param dest destination ipv6 address (used for checksum of pseudo header)
 341:Middlewares/Third_Party/LwIP/src/core/inet_chksum.c ****  * @return checksum (as u16_t) to be saved directly in the protocol header
 342:Middlewares/Third_Party/LwIP/src/core/inet_chksum.c ****  */
 343:Middlewares/Third_Party/LwIP/src/core/inet_chksum.c **** u16_t
 344:Middlewares/Third_Party/LwIP/src/core/inet_chksum.c **** ip6_chksum_pseudo(struct pbuf *p, u8_t proto, u16_t proto_len,
 345:Middlewares/Third_Party/LwIP/src/core/inet_chksum.c ****        const ip6_addr_t *src, const ip6_addr_t *dest)
 346:Middlewares/Third_Party/LwIP/src/core/inet_chksum.c **** {
 347:Middlewares/Third_Party/LwIP/src/core/inet_chksum.c ****   u32_t acc = 0;
 348:Middlewares/Third_Party/LwIP/src/core/inet_chksum.c ****   u32_t addr;
 349:Middlewares/Third_Party/LwIP/src/core/inet_chksum.c ****   u8_t addr_part;
 350:Middlewares/Third_Party/LwIP/src/core/inet_chksum.c **** 
 351:Middlewares/Third_Party/LwIP/src/core/inet_chksum.c ****   for (addr_part = 0; addr_part < 4; addr_part++) {
 352:Middlewares/Third_Party/LwIP/src/core/inet_chksum.c ****     addr = src->addr[addr_part];
 353:Middlewares/Third_Party/LwIP/src/core/inet_chksum.c ****     acc += (addr & 0xffffUL);
 354:Middlewares/Third_Party/LwIP/src/core/inet_chksum.c ****     acc += ((addr >> 16) & 0xffffUL);
 355:Middlewares/Third_Party/LwIP/src/core/inet_chksum.c ****     addr = dest->addr[addr_part];
 356:Middlewares/Third_Party/LwIP/src/core/inet_chksum.c ****     acc += (addr & 0xffffUL);
 357:Middlewares/Third_Party/LwIP/src/core/inet_chksum.c ****     acc += ((addr >> 16) & 0xffffUL);
 358:Middlewares/Third_Party/LwIP/src/core/inet_chksum.c ****   }
 359:Middlewares/Third_Party/LwIP/src/core/inet_chksum.c ****   /* fold down to 16 bits */
 360:Middlewares/Third_Party/LwIP/src/core/inet_chksum.c ****   acc = FOLD_U32T(acc);
 361:Middlewares/Third_Party/LwIP/src/core/inet_chksum.c ****   acc = FOLD_U32T(acc);
 362:Middlewares/Third_Party/LwIP/src/core/inet_chksum.c **** 
 363:Middlewares/Third_Party/LwIP/src/core/inet_chksum.c ****   return inet_cksum_pseudo_base(p, proto, proto_len, acc);
 364:Middlewares/Third_Party/LwIP/src/core/inet_chksum.c **** }
 365:Middlewares/Third_Party/LwIP/src/core/inet_chksum.c **** #endif /* LWIP_IPV6 */
 366:Middlewares/Third_Party/LwIP/src/core/inet_chksum.c **** 
 367:Middlewares/Third_Party/LwIP/src/core/inet_chksum.c **** /* ip_chksum_pseudo:
 368:Middlewares/Third_Party/LwIP/src/core/inet_chksum.c ****  *
 369:Middlewares/Third_Party/LwIP/src/core/inet_chksum.c ****  * Calculates the IPv4 or IPv6 pseudo Internet checksum used by TCP and UDP for a pbuf chain.
 370:Middlewares/Third_Party/LwIP/src/core/inet_chksum.c ****  * IP addresses are expected to be in network byte order.
 371:Middlewares/Third_Party/LwIP/src/core/inet_chksum.c ****  *
 372:Middlewares/Third_Party/LwIP/src/core/inet_chksum.c ****  * @param p chain of pbufs over that a checksum should be calculated (ip data part)
 373:Middlewares/Third_Party/LwIP/src/core/inet_chksum.c ****  * @param src source ip address (used for checksum of pseudo header)
 374:Middlewares/Third_Party/LwIP/src/core/inet_chksum.c ****  * @param dst destination ip address (used for checksum of pseudo header)
ARM GAS  C:\Users\Student\AppData\Local\Temp\ccda4a61.s 			page 12


 375:Middlewares/Third_Party/LwIP/src/core/inet_chksum.c ****  * @param proto ip protocol (used for checksum of pseudo header)
 376:Middlewares/Third_Party/LwIP/src/core/inet_chksum.c ****  * @param proto_len length of the ip data part (used for checksum of pseudo header)
 377:Middlewares/Third_Party/LwIP/src/core/inet_chksum.c ****  * @return checksum (as u16_t) to be saved directly in the protocol header
 378:Middlewares/Third_Party/LwIP/src/core/inet_chksum.c ****  */
 379:Middlewares/Third_Party/LwIP/src/core/inet_chksum.c **** u16_t
 380:Middlewares/Third_Party/LwIP/src/core/inet_chksum.c **** ip_chksum_pseudo(struct pbuf *p, u8_t proto, u16_t proto_len,
 381:Middlewares/Third_Party/LwIP/src/core/inet_chksum.c ****        const ip_addr_t *src, const ip_addr_t *dest)
 382:Middlewares/Third_Party/LwIP/src/core/inet_chksum.c **** {
 383:Middlewares/Third_Party/LwIP/src/core/inet_chksum.c **** #if LWIP_IPV6
 384:Middlewares/Third_Party/LwIP/src/core/inet_chksum.c ****   if (IP_IS_V6(dest)) {
 385:Middlewares/Third_Party/LwIP/src/core/inet_chksum.c ****     return ip6_chksum_pseudo(p, proto, proto_len, ip_2_ip6(src), ip_2_ip6(dest));
 386:Middlewares/Third_Party/LwIP/src/core/inet_chksum.c ****   }
 387:Middlewares/Third_Party/LwIP/src/core/inet_chksum.c **** #endif /* LWIP_IPV6 */
 388:Middlewares/Third_Party/LwIP/src/core/inet_chksum.c **** #if LWIP_IPV4 && LWIP_IPV6
 389:Middlewares/Third_Party/LwIP/src/core/inet_chksum.c ****   else
 390:Middlewares/Third_Party/LwIP/src/core/inet_chksum.c **** #endif /* LWIP_IPV4 && LWIP_IPV6 */
 391:Middlewares/Third_Party/LwIP/src/core/inet_chksum.c **** #if LWIP_IPV4
 392:Middlewares/Third_Party/LwIP/src/core/inet_chksum.c ****   {
 393:Middlewares/Third_Party/LwIP/src/core/inet_chksum.c ****     return inet_chksum_pseudo(p, proto, proto_len, ip_2_ip4(src), ip_2_ip4(dest));
 394:Middlewares/Third_Party/LwIP/src/core/inet_chksum.c ****   }
 395:Middlewares/Third_Party/LwIP/src/core/inet_chksum.c **** #endif /* LWIP_IPV4 */
 396:Middlewares/Third_Party/LwIP/src/core/inet_chksum.c **** }
 397:Middlewares/Third_Party/LwIP/src/core/inet_chksum.c **** 
 398:Middlewares/Third_Party/LwIP/src/core/inet_chksum.c **** /** Parts of the pseudo checksum which are common to IPv4 and IPv6 */
 399:Middlewares/Third_Party/LwIP/src/core/inet_chksum.c **** static u16_t
 400:Middlewares/Third_Party/LwIP/src/core/inet_chksum.c **** inet_cksum_pseudo_partial_base(struct pbuf *p, u8_t proto, u16_t proto_len,
 401:Middlewares/Third_Party/LwIP/src/core/inet_chksum.c ****        u16_t chksum_len, u32_t acc)
 402:Middlewares/Third_Party/LwIP/src/core/inet_chksum.c **** {
 255              		.loc 1 402 0
 256              		.cfi_startproc
 257              		@ args = 4, pretend = 0, frame = 0
 258              		@ frame_needed = 0, uses_anonymous_args = 0
 259              	.LVL41:
 260 0000 2DE9F047 		push	{r4, r5, r6, r7, r8, r9, r10, lr}
 261              	.LCFI5:
 262              		.cfi_def_cfa_offset 32
 263              		.cfi_offset 4, -32
 264              		.cfi_offset 5, -28
 265              		.cfi_offset 6, -24
 266              		.cfi_offset 7, -20
 267              		.cfi_offset 8, -16
 268              		.cfi_offset 9, -12
 269              		.cfi_offset 10, -8
 270              		.cfi_offset 14, -4
 271 0004 0646     		mov	r6, r0
 272 0006 8946     		mov	r9, r1
 273 0008 9046     		mov	r8, r2
 274 000a 9A46     		mov	r10, r3
 275 000c 089C     		ldr	r4, [sp, #32]
 276              	.LVL42:
 403:Middlewares/Third_Party/LwIP/src/core/inet_chksum.c ****   struct pbuf *q;
 404:Middlewares/Third_Party/LwIP/src/core/inet_chksum.c ****   u8_t swapped = 0;
 277              		.loc 1 404 0
 278 000e 0027     		movs	r7, #0
 405:Middlewares/Third_Party/LwIP/src/core/inet_chksum.c ****   u16_t chklen;
 406:Middlewares/Third_Party/LwIP/src/core/inet_chksum.c **** 
 407:Middlewares/Third_Party/LwIP/src/core/inet_chksum.c ****   /* iterate through all pbuf in chain */
ARM GAS  C:\Users\Student\AppData\Local\Temp\ccda4a61.s 			page 13


 408:Middlewares/Third_Party/LwIP/src/core/inet_chksum.c ****   for (q = p; (q != NULL) && (chksum_len > 0); q = q->next) {
 279              		.loc 1 408 0
 280 0010 00E0     		b	.L17
 281              	.LVL43:
 282              	.L19:
 283              		.loc 1 408 0 is_stmt 0 discriminator 2
 284 0012 3668     		ldr	r6, [r6]
 285              	.LVL44:
 286              	.L17:
 287              		.loc 1 408 0 discriminator 1
 288 0014 002E     		cmp	r6, #0
 289 0016 18BF     		it	ne
 290 0018 BAF1000F 		cmpne	r10, #0
 291 001c 1CD0     		beq	.L24
 409:Middlewares/Third_Party/LwIP/src/core/inet_chksum.c ****     LWIP_DEBUGF(INET_DEBUG, ("inet_chksum_pseudo(): checksumming pbuf %p (has next %p) \n",
 410:Middlewares/Third_Party/LwIP/src/core/inet_chksum.c ****       (void *)q, (void *)q->next));
 411:Middlewares/Third_Party/LwIP/src/core/inet_chksum.c ****     chklen = q->len;
 292              		.loc 1 411 0 is_stmt 1
 293 001e 7589     		ldrh	r5, [r6, #10]
 294              	.LVL45:
 412:Middlewares/Third_Party/LwIP/src/core/inet_chksum.c ****     if (chklen > chksum_len) {
 295              		.loc 1 412 0
 296 0020 AA45     		cmp	r10, r5
 297 0022 00D2     		bcs	.L18
 413:Middlewares/Third_Party/LwIP/src/core/inet_chksum.c ****       chklen = chksum_len;
 298              		.loc 1 413 0
 299 0024 5546     		mov	r5, r10
 300              	.LVL46:
 301              	.L18:
 414:Middlewares/Third_Party/LwIP/src/core/inet_chksum.c ****     }
 415:Middlewares/Third_Party/LwIP/src/core/inet_chksum.c ****     acc += LWIP_CHKSUM(q->payload, chklen);
 302              		.loc 1 415 0
 303 0026 2946     		mov	r1, r5
 304 0028 7068     		ldr	r0, [r6, #4]
 305 002a FFF7FEFF 		bl	lwip_standard_chksum
 306              	.LVL47:
 307 002e 0444     		add	r4, r4, r0
 308              	.LVL48:
 416:Middlewares/Third_Party/LwIP/src/core/inet_chksum.c ****     chksum_len -= chklen;
 309              		.loc 1 416 0
 310 0030 AAEB0505 		sub	r5, r10, r5
 311              	.LVL49:
 312 0034 1FFA85FA 		uxth	r10, r5
 313              	.LVL50:
 417:Middlewares/Third_Party/LwIP/src/core/inet_chksum.c ****     LWIP_ASSERT("delete me", chksum_len < 0x7fff);
 418:Middlewares/Third_Party/LwIP/src/core/inet_chksum.c ****     /*LWIP_DEBUGF(INET_DEBUG, ("inet_chksum_pseudo(): unwrapped lwip_chksum()=%"X32_F" \n", acc));*
 419:Middlewares/Third_Party/LwIP/src/core/inet_chksum.c ****     /* fold the upper bit down */
 420:Middlewares/Third_Party/LwIP/src/core/inet_chksum.c ****     acc = FOLD_U32T(acc);
 314              		.loc 1 420 0
 315 0038 A0B2     		uxth	r0, r4
 316 003a 00EB1444 		add	r4, r0, r4, lsr #16
 317              	.LVL51:
 421:Middlewares/Third_Party/LwIP/src/core/inet_chksum.c ****     if (q->len % 2 != 0) {
 318              		.loc 1 421 0
 319 003e 7389     		ldrh	r3, [r6, #10]
 320 0040 13F0010F 		tst	r3, #1
 321 0044 E5D0     		beq	.L19
ARM GAS  C:\Users\Student\AppData\Local\Temp\ccda4a61.s 			page 14


 422:Middlewares/Third_Party/LwIP/src/core/inet_chksum.c ****       swapped = 1 - swapped;
 322              		.loc 1 422 0
 323 0046 C7F10107 		rsb	r7, r7, #1
 324              	.LVL52:
 325 004a FFB2     		uxtb	r7, r7
 326              	.LVL53:
 423:Middlewares/Third_Party/LwIP/src/core/inet_chksum.c ****       acc = SWAP_BYTES_IN_WORD(acc);
 327              		.loc 1 423 0
 328 004c 2302     		lsls	r3, r4, #8
 329 004e 9BB2     		uxth	r3, r3
 330 0050 C4F30724 		ubfx	r4, r4, #8, #8
 331              	.LVL54:
 332 0054 1C43     		orrs	r4, r4, r3
 333              	.LVL55:
 334 0056 DCE7     		b	.L19
 335              	.L24:
 424:Middlewares/Third_Party/LwIP/src/core/inet_chksum.c ****     }
 425:Middlewares/Third_Party/LwIP/src/core/inet_chksum.c ****     /*LWIP_DEBUGF(INET_DEBUG, ("inet_chksum_pseudo(): wrapped lwip_chksum()=%"X32_F" \n", acc));*/
 426:Middlewares/Third_Party/LwIP/src/core/inet_chksum.c ****   }
 427:Middlewares/Third_Party/LwIP/src/core/inet_chksum.c **** 
 428:Middlewares/Third_Party/LwIP/src/core/inet_chksum.c ****   if (swapped) {
 336              		.loc 1 428 0
 337 0058 27B1     		cbz	r7, .L21
 429:Middlewares/Third_Party/LwIP/src/core/inet_chksum.c ****     acc = SWAP_BYTES_IN_WORD(acc);
 338              		.loc 1 429 0
 339 005a 2302     		lsls	r3, r4, #8
 340 005c 9BB2     		uxth	r3, r3
 341 005e C4F30724 		ubfx	r4, r4, #8, #8
 342              	.LVL56:
 343 0062 1C43     		orrs	r4, r4, r3
 344              	.LVL57:
 345              	.L21:
 430:Middlewares/Third_Party/LwIP/src/core/inet_chksum.c ****   }
 431:Middlewares/Third_Party/LwIP/src/core/inet_chksum.c **** 
 432:Middlewares/Third_Party/LwIP/src/core/inet_chksum.c ****   acc += (u32_t)lwip_htons((u16_t)proto);
 346              		.loc 1 432 0
 347 0064 4846     		mov	r0, r9
 348 0066 FFF7FEFF 		bl	lwip_htons
 349              	.LVL58:
 350 006a 0444     		add	r4, r4, r0
 351              	.LVL59:
 433:Middlewares/Third_Party/LwIP/src/core/inet_chksum.c ****   acc += (u32_t)lwip_htons(proto_len);
 352              		.loc 1 433 0
 353 006c 4046     		mov	r0, r8
 354 006e FFF7FEFF 		bl	lwip_htons
 355              	.LVL60:
 356 0072 2044     		add	r0, r0, r4
 357              	.LVL61:
 434:Middlewares/Third_Party/LwIP/src/core/inet_chksum.c **** 
 435:Middlewares/Third_Party/LwIP/src/core/inet_chksum.c ****   /* Fold 32-bit sum to 16 bits
 436:Middlewares/Third_Party/LwIP/src/core/inet_chksum.c ****      calling this twice is probably faster than if statements... */
 437:Middlewares/Third_Party/LwIP/src/core/inet_chksum.c ****   acc = FOLD_U32T(acc);
 358              		.loc 1 437 0
 359 0074 84B2     		uxth	r4, r0
 360 0076 04EB1044 		add	r4, r4, r0, lsr #16
 361              	.LVL62:
 438:Middlewares/Third_Party/LwIP/src/core/inet_chksum.c ****   acc = FOLD_U32T(acc);
ARM GAS  C:\Users\Student\AppData\Local\Temp\ccda4a61.s 			page 15


 362              		.loc 1 438 0
 363 007a A0B2     		uxth	r0, r4
 364 007c 00EB1440 		add	r0, r0, r4, lsr #16
 365              	.LVL63:
 439:Middlewares/Third_Party/LwIP/src/core/inet_chksum.c ****   LWIP_DEBUGF(INET_DEBUG, ("inet_chksum_pseudo(): pbuf chain lwip_chksum()=%"X32_F"\n", acc));
 440:Middlewares/Third_Party/LwIP/src/core/inet_chksum.c ****   return (u16_t)~(acc & 0xffffUL);
 366              		.loc 1 440 0
 367 0080 C043     		mvns	r0, r0
 368              	.LVL64:
 441:Middlewares/Third_Party/LwIP/src/core/inet_chksum.c **** }
 369              		.loc 1 441 0
 370 0082 80B2     		uxth	r0, r0
 371              	.LVL65:
 372 0084 BDE8F087 		pop	{r4, r5, r6, r7, r8, r9, r10, pc}
 373              		.cfi_endproc
 374              	.LFE140:
 376              		.section	.text.inet_chksum_pseudo,"ax",%progbits
 377              		.align	1
 378              		.global	inet_chksum_pseudo
 379              		.syntax unified
 380              		.thumb
 381              		.thumb_func
 382              		.fpu fpv5-sp-d16
 384              	inet_chksum_pseudo:
 385              	.LFB138:
 313:Middlewares/Third_Party/LwIP/src/core/inet_chksum.c ****   u32_t acc;
 386              		.loc 1 313 0
 387              		.cfi_startproc
 388              		@ args = 4, pretend = 0, frame = 0
 389              		@ frame_needed = 0, uses_anonymous_args = 0
 390              	.LVL66:
 391 0000 10B5     		push	{r4, lr}
 392              	.LCFI6:
 393              		.cfi_def_cfa_offset 8
 394              		.cfi_offset 4, -8
 395              		.cfi_offset 14, -4
 317:Middlewares/Third_Party/LwIP/src/core/inet_chksum.c ****   acc = (addr & 0xffffUL);
 396              		.loc 1 317 0
 397 0002 1B68     		ldr	r3, [r3]
 398              	.LVL67:
 319:Middlewares/Third_Party/LwIP/src/core/inet_chksum.c ****   addr = ip4_addr_get_u32(dest);
 399              		.loc 1 319 0
 400 0004 1C0C     		lsrs	r4, r3, #16
 401 0006 14FA83F3 		uxtah	r3, r4, r3
 402              	.LVL68:
 320:Middlewares/Third_Party/LwIP/src/core/inet_chksum.c ****   acc += (addr & 0xffffUL);
 403              		.loc 1 320 0
 404 000a 029C     		ldr	r4, [sp, #8]
 405 000c 2468     		ldr	r4, [r4]
 406              	.LVL69:
 321:Middlewares/Third_Party/LwIP/src/core/inet_chksum.c ****   acc += ((addr >> 16) & 0xffffUL);
 407              		.loc 1 321 0
 408 000e 13FA84F3 		uxtah	r3, r3, r4
 409              	.LVL70:
 322:Middlewares/Third_Party/LwIP/src/core/inet_chksum.c ****   /* fold down to 16 bits */
 410              		.loc 1 322 0
 411 0012 03EB1443 		add	r3, r3, r4, lsr #16
ARM GAS  C:\Users\Student\AppData\Local\Temp\ccda4a61.s 			page 16


 412              	.LVL71:
 324:Middlewares/Third_Party/LwIP/src/core/inet_chksum.c ****   acc = FOLD_U32T(acc);
 413              		.loc 1 324 0
 414 0016 9CB2     		uxth	r4, r3
 415              	.LVL72:
 416 0018 04EB1343 		add	r3, r4, r3, lsr #16
 417              	.LVL73:
 325:Middlewares/Third_Party/LwIP/src/core/inet_chksum.c **** 
 418              		.loc 1 325 0
 419 001c 9CB2     		uxth	r4, r3
 420              	.LVL74:
 327:Middlewares/Third_Party/LwIP/src/core/inet_chksum.c **** }
 421              		.loc 1 327 0
 422 001e 04EB1343 		add	r3, r4, r3, lsr #16
 423              	.LVL75:
 424 0022 FFF7FEFF 		bl	inet_cksum_pseudo_base
 425              	.LVL76:
 328:Middlewares/Third_Party/LwIP/src/core/inet_chksum.c **** #endif /* LWIP_IPV4 */
 426              		.loc 1 328 0
 427 0026 10BD     		pop	{r4, pc}
 428              		.cfi_endproc
 429              	.LFE138:
 431              		.section	.text.ip_chksum_pseudo,"ax",%progbits
 432              		.align	1
 433              		.global	ip_chksum_pseudo
 434              		.syntax unified
 435              		.thumb
 436              		.thumb_func
 437              		.fpu fpv5-sp-d16
 439              	ip_chksum_pseudo:
 440              	.LFB139:
 382:Middlewares/Third_Party/LwIP/src/core/inet_chksum.c **** #if LWIP_IPV6
 441              		.loc 1 382 0
 442              		.cfi_startproc
 443              		@ args = 4, pretend = 0, frame = 0
 444              		@ frame_needed = 0, uses_anonymous_args = 0
 445              	.LVL77:
 446 0000 10B5     		push	{r4, lr}
 447              	.LCFI7:
 448              		.cfi_def_cfa_offset 8
 449              		.cfi_offset 4, -8
 450              		.cfi_offset 14, -4
 451 0002 82B0     		sub	sp, sp, #8
 452              	.LCFI8:
 453              		.cfi_def_cfa_offset 16
 393:Middlewares/Third_Party/LwIP/src/core/inet_chksum.c ****   }
 454              		.loc 1 393 0
 455 0004 049C     		ldr	r4, [sp, #16]
 456 0006 0094     		str	r4, [sp]
 457 0008 FFF7FEFF 		bl	inet_chksum_pseudo
 458              	.LVL78:
 396:Middlewares/Third_Party/LwIP/src/core/inet_chksum.c **** 
 459              		.loc 1 396 0
 460 000c 02B0     		add	sp, sp, #8
 461              	.LCFI9:
 462              		.cfi_def_cfa_offset 8
 463              		@ sp needed
ARM GAS  C:\Users\Student\AppData\Local\Temp\ccda4a61.s 			page 17


 464 000e 10BD     		pop	{r4, pc}
 465              		.cfi_endproc
 466              	.LFE139:
 468              		.section	.text.inet_chksum_pseudo_partial,"ax",%progbits
 469              		.align	1
 470              		.global	inet_chksum_pseudo_partial
 471              		.syntax unified
 472              		.thumb
 473              		.thumb_func
 474              		.fpu fpv5-sp-d16
 476              	inet_chksum_pseudo_partial:
 477              	.LFB141:
 442:Middlewares/Third_Party/LwIP/src/core/inet_chksum.c **** 
 443:Middlewares/Third_Party/LwIP/src/core/inet_chksum.c **** #if LWIP_IPV4
 444:Middlewares/Third_Party/LwIP/src/core/inet_chksum.c **** /* inet_chksum_pseudo_partial:
 445:Middlewares/Third_Party/LwIP/src/core/inet_chksum.c ****  *
 446:Middlewares/Third_Party/LwIP/src/core/inet_chksum.c ****  * Calculates the IPv4 pseudo Internet checksum used by TCP and UDP for a pbuf chain.
 447:Middlewares/Third_Party/LwIP/src/core/inet_chksum.c ****  * IP addresses are expected to be in network byte order.
 448:Middlewares/Third_Party/LwIP/src/core/inet_chksum.c ****  *
 449:Middlewares/Third_Party/LwIP/src/core/inet_chksum.c ****  * @param p chain of pbufs over that a checksum should be calculated (ip data part)
 450:Middlewares/Third_Party/LwIP/src/core/inet_chksum.c ****  * @param src source ip address (used for checksum of pseudo header)
 451:Middlewares/Third_Party/LwIP/src/core/inet_chksum.c ****  * @param dst destination ip address (used for checksum of pseudo header)
 452:Middlewares/Third_Party/LwIP/src/core/inet_chksum.c ****  * @param proto ip protocol (used for checksum of pseudo header)
 453:Middlewares/Third_Party/LwIP/src/core/inet_chksum.c ****  * @param proto_len length of the ip data part (used for checksum of pseudo header)
 454:Middlewares/Third_Party/LwIP/src/core/inet_chksum.c ****  * @return checksum (as u16_t) to be saved directly in the protocol header
 455:Middlewares/Third_Party/LwIP/src/core/inet_chksum.c ****  */
 456:Middlewares/Third_Party/LwIP/src/core/inet_chksum.c **** u16_t
 457:Middlewares/Third_Party/LwIP/src/core/inet_chksum.c **** inet_chksum_pseudo_partial(struct pbuf *p, u8_t proto, u16_t proto_len,
 458:Middlewares/Third_Party/LwIP/src/core/inet_chksum.c ****        u16_t chksum_len, const ip4_addr_t *src, const ip4_addr_t *dest)
 459:Middlewares/Third_Party/LwIP/src/core/inet_chksum.c **** {
 478              		.loc 1 459 0
 479              		.cfi_startproc
 480              		@ args = 8, pretend = 0, frame = 0
 481              		@ frame_needed = 0, uses_anonymous_args = 0
 482              	.LVL79:
 483 0000 30B5     		push	{r4, r5, lr}
 484              	.LCFI10:
 485              		.cfi_def_cfa_offset 12
 486              		.cfi_offset 4, -12
 487              		.cfi_offset 5, -8
 488              		.cfi_offset 14, -4
 489 0002 83B0     		sub	sp, sp, #12
 490              	.LCFI11:
 491              		.cfi_def_cfa_offset 24
 460:Middlewares/Third_Party/LwIP/src/core/inet_chksum.c ****   u32_t acc;
 461:Middlewares/Third_Party/LwIP/src/core/inet_chksum.c ****   u32_t addr;
 462:Middlewares/Third_Party/LwIP/src/core/inet_chksum.c **** 
 463:Middlewares/Third_Party/LwIP/src/core/inet_chksum.c ****   addr = ip4_addr_get_u32(src);
 492              		.loc 1 463 0
 493 0004 069C     		ldr	r4, [sp, #24]
 494 0006 2468     		ldr	r4, [r4]
 495              	.LVL80:
 464:Middlewares/Third_Party/LwIP/src/core/inet_chksum.c ****   acc = (addr & 0xffffUL);
 465:Middlewares/Third_Party/LwIP/src/core/inet_chksum.c ****   acc += ((addr >> 16) & 0xffffUL);
 496              		.loc 1 465 0
 497 0008 250C     		lsrs	r5, r4, #16
 498 000a 15FA84F4 		uxtah	r4, r5, r4
ARM GAS  C:\Users\Student\AppData\Local\Temp\ccda4a61.s 			page 18


 499              	.LVL81:
 466:Middlewares/Third_Party/LwIP/src/core/inet_chksum.c ****   addr = ip4_addr_get_u32(dest);
 500              		.loc 1 466 0
 501 000e 079D     		ldr	r5, [sp, #28]
 502 0010 2D68     		ldr	r5, [r5]
 503              	.LVL82:
 467:Middlewares/Third_Party/LwIP/src/core/inet_chksum.c ****   acc += (addr & 0xffffUL);
 504              		.loc 1 467 0
 505 0012 14FA85F4 		uxtah	r4, r4, r5
 506              	.LVL83:
 468:Middlewares/Third_Party/LwIP/src/core/inet_chksum.c ****   acc += ((addr >> 16) & 0xffffUL);
 507              		.loc 1 468 0
 508 0016 04EB1544 		add	r4, r4, r5, lsr #16
 509              	.LVL84:
 469:Middlewares/Third_Party/LwIP/src/core/inet_chksum.c ****   /* fold down to 16 bits */
 470:Middlewares/Third_Party/LwIP/src/core/inet_chksum.c ****   acc = FOLD_U32T(acc);
 510              		.loc 1 470 0
 511 001a A5B2     		uxth	r5, r4
 512              	.LVL85:
 513 001c 05EB1444 		add	r4, r5, r4, lsr #16
 514              	.LVL86:
 471:Middlewares/Third_Party/LwIP/src/core/inet_chksum.c ****   acc = FOLD_U32T(acc);
 515              		.loc 1 471 0
 516 0020 A5B2     		uxth	r5, r4
 517 0022 05EB1444 		add	r4, r5, r4, lsr #16
 518              	.LVL87:
 472:Middlewares/Third_Party/LwIP/src/core/inet_chksum.c **** 
 473:Middlewares/Third_Party/LwIP/src/core/inet_chksum.c ****   return inet_cksum_pseudo_partial_base(p, proto, proto_len, chksum_len, acc);
 519              		.loc 1 473 0
 520 0026 0094     		str	r4, [sp]
 521              	.LVL88:
 522 0028 FFF7FEFF 		bl	inet_cksum_pseudo_partial_base
 523              	.LVL89:
 474:Middlewares/Third_Party/LwIP/src/core/inet_chksum.c **** }
 524              		.loc 1 474 0
 525 002c 03B0     		add	sp, sp, #12
 526              	.LCFI12:
 527              		.cfi_def_cfa_offset 12
 528              		@ sp needed
 529 002e 30BD     		pop	{r4, r5, pc}
 530              		.cfi_endproc
 531              	.LFE141:
 533              		.section	.text.ip_chksum_pseudo_partial,"ax",%progbits
 534              		.align	1
 535              		.global	ip_chksum_pseudo_partial
 536              		.syntax unified
 537              		.thumb
 538              		.thumb_func
 539              		.fpu fpv5-sp-d16
 541              	ip_chksum_pseudo_partial:
 542              	.LFB142:
 475:Middlewares/Third_Party/LwIP/src/core/inet_chksum.c **** #endif /* LWIP_IPV4 */
 476:Middlewares/Third_Party/LwIP/src/core/inet_chksum.c **** 
 477:Middlewares/Third_Party/LwIP/src/core/inet_chksum.c **** #if LWIP_IPV6
 478:Middlewares/Third_Party/LwIP/src/core/inet_chksum.c **** /**
 479:Middlewares/Third_Party/LwIP/src/core/inet_chksum.c ****  * Calculates the checksum with IPv6 pseudo header used by TCP and UDP for a pbuf chain.
 480:Middlewares/Third_Party/LwIP/src/core/inet_chksum.c ****  * IPv6 addresses are expected to be in network byte order. Will only compute for a
ARM GAS  C:\Users\Student\AppData\Local\Temp\ccda4a61.s 			page 19


 481:Middlewares/Third_Party/LwIP/src/core/inet_chksum.c ****  * portion of the payload.
 482:Middlewares/Third_Party/LwIP/src/core/inet_chksum.c ****  *
 483:Middlewares/Third_Party/LwIP/src/core/inet_chksum.c ****  * @param p chain of pbufs over that a checksum should be calculated (ip data part)
 484:Middlewares/Third_Party/LwIP/src/core/inet_chksum.c ****  * @param proto ipv6 protocol/next header (used for checksum of pseudo header)
 485:Middlewares/Third_Party/LwIP/src/core/inet_chksum.c ****  * @param proto_len length of the ipv6 payload (used for checksum of pseudo header)
 486:Middlewares/Third_Party/LwIP/src/core/inet_chksum.c ****  * @param chksum_len number of payload bytes used to compute chksum
 487:Middlewares/Third_Party/LwIP/src/core/inet_chksum.c ****  * @param src source ipv6 address (used for checksum of pseudo header)
 488:Middlewares/Third_Party/LwIP/src/core/inet_chksum.c ****  * @param dest destination ipv6 address (used for checksum of pseudo header)
 489:Middlewares/Third_Party/LwIP/src/core/inet_chksum.c ****  * @return checksum (as u16_t) to be saved directly in the protocol header
 490:Middlewares/Third_Party/LwIP/src/core/inet_chksum.c ****  */
 491:Middlewares/Third_Party/LwIP/src/core/inet_chksum.c **** u16_t
 492:Middlewares/Third_Party/LwIP/src/core/inet_chksum.c **** ip6_chksum_pseudo_partial(struct pbuf *p, u8_t proto, u16_t proto_len,
 493:Middlewares/Third_Party/LwIP/src/core/inet_chksum.c ****        u16_t chksum_len, const ip6_addr_t *src, const ip6_addr_t *dest)
 494:Middlewares/Third_Party/LwIP/src/core/inet_chksum.c **** {
 495:Middlewares/Third_Party/LwIP/src/core/inet_chksum.c ****   u32_t acc = 0;
 496:Middlewares/Third_Party/LwIP/src/core/inet_chksum.c ****   u32_t addr;
 497:Middlewares/Third_Party/LwIP/src/core/inet_chksum.c ****   u8_t addr_part;
 498:Middlewares/Third_Party/LwIP/src/core/inet_chksum.c **** 
 499:Middlewares/Third_Party/LwIP/src/core/inet_chksum.c ****   for (addr_part = 0; addr_part < 4; addr_part++) {
 500:Middlewares/Third_Party/LwIP/src/core/inet_chksum.c ****     addr = src->addr[addr_part];
 501:Middlewares/Third_Party/LwIP/src/core/inet_chksum.c ****     acc += (addr & 0xffffUL);
 502:Middlewares/Third_Party/LwIP/src/core/inet_chksum.c ****     acc += ((addr >> 16) & 0xffffUL);
 503:Middlewares/Third_Party/LwIP/src/core/inet_chksum.c ****     addr = dest->addr[addr_part];
 504:Middlewares/Third_Party/LwIP/src/core/inet_chksum.c ****     acc += (addr & 0xffffUL);
 505:Middlewares/Third_Party/LwIP/src/core/inet_chksum.c ****     acc += ((addr >> 16) & 0xffffUL);
 506:Middlewares/Third_Party/LwIP/src/core/inet_chksum.c ****   }
 507:Middlewares/Third_Party/LwIP/src/core/inet_chksum.c ****   /* fold down to 16 bits */
 508:Middlewares/Third_Party/LwIP/src/core/inet_chksum.c ****   acc = FOLD_U32T(acc);
 509:Middlewares/Third_Party/LwIP/src/core/inet_chksum.c ****   acc = FOLD_U32T(acc);
 510:Middlewares/Third_Party/LwIP/src/core/inet_chksum.c **** 
 511:Middlewares/Third_Party/LwIP/src/core/inet_chksum.c ****   return inet_cksum_pseudo_partial_base(p, proto, proto_len, chksum_len, acc);
 512:Middlewares/Third_Party/LwIP/src/core/inet_chksum.c **** }
 513:Middlewares/Third_Party/LwIP/src/core/inet_chksum.c **** #endif /* LWIP_IPV6 */
 514:Middlewares/Third_Party/LwIP/src/core/inet_chksum.c **** 
 515:Middlewares/Third_Party/LwIP/src/core/inet_chksum.c **** /* ip_chksum_pseudo_partial:
 516:Middlewares/Third_Party/LwIP/src/core/inet_chksum.c ****  *
 517:Middlewares/Third_Party/LwIP/src/core/inet_chksum.c ****  * Calculates the IPv4 or IPv6 pseudo Internet checksum used by TCP and UDP for a pbuf chain.
 518:Middlewares/Third_Party/LwIP/src/core/inet_chksum.c ****  *
 519:Middlewares/Third_Party/LwIP/src/core/inet_chksum.c ****  * @param p chain of pbufs over that a checksum should be calculated (ip data part)
 520:Middlewares/Third_Party/LwIP/src/core/inet_chksum.c ****  * @param src source ip address (used for checksum of pseudo header)
 521:Middlewares/Third_Party/LwIP/src/core/inet_chksum.c ****  * @param dst destination ip address (used for checksum of pseudo header)
 522:Middlewares/Third_Party/LwIP/src/core/inet_chksum.c ****  * @param proto ip protocol (used for checksum of pseudo header)
 523:Middlewares/Third_Party/LwIP/src/core/inet_chksum.c ****  * @param proto_len length of the ip data part (used for checksum of pseudo header)
 524:Middlewares/Third_Party/LwIP/src/core/inet_chksum.c ****  * @return checksum (as u16_t) to be saved directly in the protocol header
 525:Middlewares/Third_Party/LwIP/src/core/inet_chksum.c ****  */
 526:Middlewares/Third_Party/LwIP/src/core/inet_chksum.c **** u16_t
 527:Middlewares/Third_Party/LwIP/src/core/inet_chksum.c **** ip_chksum_pseudo_partial(struct pbuf *p, u8_t proto, u16_t proto_len,
 528:Middlewares/Third_Party/LwIP/src/core/inet_chksum.c ****        u16_t chksum_len, const ip_addr_t *src, const ip_addr_t *dest)
 529:Middlewares/Third_Party/LwIP/src/core/inet_chksum.c **** {
 543              		.loc 1 529 0
 544              		.cfi_startproc
 545              		@ args = 8, pretend = 0, frame = 0
 546              		@ frame_needed = 0, uses_anonymous_args = 0
 547              	.LVL90:
 548 0000 10B5     		push	{r4, lr}
 549              	.LCFI13:
 550              		.cfi_def_cfa_offset 8
ARM GAS  C:\Users\Student\AppData\Local\Temp\ccda4a61.s 			page 20


 551              		.cfi_offset 4, -8
 552              		.cfi_offset 14, -4
 553 0002 82B0     		sub	sp, sp, #8
 554              	.LCFI14:
 555              		.cfi_def_cfa_offset 16
 530:Middlewares/Third_Party/LwIP/src/core/inet_chksum.c **** #if LWIP_IPV6
 531:Middlewares/Third_Party/LwIP/src/core/inet_chksum.c ****   if (IP_IS_V6(dest)) {
 532:Middlewares/Third_Party/LwIP/src/core/inet_chksum.c ****     return ip6_chksum_pseudo_partial(p, proto, proto_len, chksum_len, ip_2_ip6(src), ip_2_ip6(dest)
 533:Middlewares/Third_Party/LwIP/src/core/inet_chksum.c ****   }
 534:Middlewares/Third_Party/LwIP/src/core/inet_chksum.c **** #endif /* LWIP_IPV6 */
 535:Middlewares/Third_Party/LwIP/src/core/inet_chksum.c **** #if LWIP_IPV4 && LWIP_IPV6
 536:Middlewares/Third_Party/LwIP/src/core/inet_chksum.c ****   else
 537:Middlewares/Third_Party/LwIP/src/core/inet_chksum.c **** #endif /* LWIP_IPV4 && LWIP_IPV6 */
 538:Middlewares/Third_Party/LwIP/src/core/inet_chksum.c **** #if LWIP_IPV4
 539:Middlewares/Third_Party/LwIP/src/core/inet_chksum.c ****   {
 540:Middlewares/Third_Party/LwIP/src/core/inet_chksum.c ****     return inet_chksum_pseudo_partial(p, proto, proto_len, chksum_len, ip_2_ip4(src), ip_2_ip4(dest
 556              		.loc 1 540 0
 557 0004 059C     		ldr	r4, [sp, #20]
 558 0006 0194     		str	r4, [sp, #4]
 559 0008 049C     		ldr	r4, [sp, #16]
 560 000a 0094     		str	r4, [sp]
 561 000c FFF7FEFF 		bl	inet_chksum_pseudo_partial
 562              	.LVL91:
 541:Middlewares/Third_Party/LwIP/src/core/inet_chksum.c ****   }
 542:Middlewares/Third_Party/LwIP/src/core/inet_chksum.c **** #endif /* LWIP_IPV4 */
 543:Middlewares/Third_Party/LwIP/src/core/inet_chksum.c **** }
 563              		.loc 1 543 0
 564 0010 02B0     		add	sp, sp, #8
 565              	.LCFI15:
 566              		.cfi_def_cfa_offset 8
 567              		@ sp needed
 568 0012 10BD     		pop	{r4, pc}
 569              		.cfi_endproc
 570              	.LFE142:
 572              		.section	.text.inet_chksum,"ax",%progbits
 573              		.align	1
 574              		.global	inet_chksum
 575              		.syntax unified
 576              		.thumb
 577              		.thumb_func
 578              		.fpu fpv5-sp-d16
 580              	inet_chksum:
 581              	.LFB143:
 544:Middlewares/Third_Party/LwIP/src/core/inet_chksum.c **** 
 545:Middlewares/Third_Party/LwIP/src/core/inet_chksum.c **** /* inet_chksum:
 546:Middlewares/Third_Party/LwIP/src/core/inet_chksum.c ****  *
 547:Middlewares/Third_Party/LwIP/src/core/inet_chksum.c ****  * Calculates the Internet checksum over a portion of memory. Used primarily for IP
 548:Middlewares/Third_Party/LwIP/src/core/inet_chksum.c ****  * and ICMP.
 549:Middlewares/Third_Party/LwIP/src/core/inet_chksum.c ****  *
 550:Middlewares/Third_Party/LwIP/src/core/inet_chksum.c ****  * @param dataptr start of the buffer to calculate the checksum (no alignment needed)
 551:Middlewares/Third_Party/LwIP/src/core/inet_chksum.c ****  * @param len length of the buffer to calculate the checksum
 552:Middlewares/Third_Party/LwIP/src/core/inet_chksum.c ****  * @return checksum (as u16_t) to be saved directly in the protocol header
 553:Middlewares/Third_Party/LwIP/src/core/inet_chksum.c ****  */
 554:Middlewares/Third_Party/LwIP/src/core/inet_chksum.c **** 
 555:Middlewares/Third_Party/LwIP/src/core/inet_chksum.c **** u16_t
 556:Middlewares/Third_Party/LwIP/src/core/inet_chksum.c **** inet_chksum(const void *dataptr, u16_t len)
 557:Middlewares/Third_Party/LwIP/src/core/inet_chksum.c **** {
ARM GAS  C:\Users\Student\AppData\Local\Temp\ccda4a61.s 			page 21


 582              		.loc 1 557 0
 583              		.cfi_startproc
 584              		@ args = 0, pretend = 0, frame = 0
 585              		@ frame_needed = 0, uses_anonymous_args = 0
 586              	.LVL92:
 587 0000 08B5     		push	{r3, lr}
 588              	.LCFI16:
 589              		.cfi_def_cfa_offset 8
 590              		.cfi_offset 3, -8
 591              		.cfi_offset 14, -4
 558:Middlewares/Third_Party/LwIP/src/core/inet_chksum.c ****   return (u16_t)~(unsigned int)LWIP_CHKSUM(dataptr, len);
 592              		.loc 1 558 0
 593 0002 FFF7FEFF 		bl	lwip_standard_chksum
 594              	.LVL93:
 595 0006 C043     		mvns	r0, r0
 559:Middlewares/Third_Party/LwIP/src/core/inet_chksum.c **** }
 596              		.loc 1 559 0
 597 0008 80B2     		uxth	r0, r0
 598 000a 08BD     		pop	{r3, pc}
 599              		.cfi_endproc
 600              	.LFE143:
 602              		.section	.text.inet_chksum_pbuf,"ax",%progbits
 603              		.align	1
 604              		.global	inet_chksum_pbuf
 605              		.syntax unified
 606              		.thumb
 607              		.thumb_func
 608              		.fpu fpv5-sp-d16
 610              	inet_chksum_pbuf:
 611              	.LFB144:
 560:Middlewares/Third_Party/LwIP/src/core/inet_chksum.c **** 
 561:Middlewares/Third_Party/LwIP/src/core/inet_chksum.c **** /**
 562:Middlewares/Third_Party/LwIP/src/core/inet_chksum.c ****  * Calculate a checksum over a chain of pbufs (without pseudo-header, much like
 563:Middlewares/Third_Party/LwIP/src/core/inet_chksum.c ****  * inet_chksum only pbufs are used).
 564:Middlewares/Third_Party/LwIP/src/core/inet_chksum.c ****  *
 565:Middlewares/Third_Party/LwIP/src/core/inet_chksum.c ****  * @param p pbuf chain over that the checksum should be calculated
 566:Middlewares/Third_Party/LwIP/src/core/inet_chksum.c ****  * @return checksum (as u16_t) to be saved directly in the protocol header
 567:Middlewares/Third_Party/LwIP/src/core/inet_chksum.c ****  */
 568:Middlewares/Third_Party/LwIP/src/core/inet_chksum.c **** u16_t
 569:Middlewares/Third_Party/LwIP/src/core/inet_chksum.c **** inet_chksum_pbuf(struct pbuf *p)
 570:Middlewares/Third_Party/LwIP/src/core/inet_chksum.c **** {
 612              		.loc 1 570 0
 613              		.cfi_startproc
 614              		@ args = 0, pretend = 0, frame = 0
 615              		@ frame_needed = 0, uses_anonymous_args = 0
 616              	.LVL94:
 617 0000 70B5     		push	{r4, r5, r6, lr}
 618              	.LCFI17:
 619              		.cfi_def_cfa_offset 16
 620              		.cfi_offset 4, -16
 621              		.cfi_offset 5, -12
 622              		.cfi_offset 6, -8
 623              		.cfi_offset 14, -4
 624 0002 0546     		mov	r5, r0
 625              	.LVL95:
 571:Middlewares/Third_Party/LwIP/src/core/inet_chksum.c ****   u32_t acc;
 572:Middlewares/Third_Party/LwIP/src/core/inet_chksum.c ****   struct pbuf *q;
ARM GAS  C:\Users\Student\AppData\Local\Temp\ccda4a61.s 			page 22


 573:Middlewares/Third_Party/LwIP/src/core/inet_chksum.c ****   u8_t swapped;
 574:Middlewares/Third_Party/LwIP/src/core/inet_chksum.c **** 
 575:Middlewares/Third_Party/LwIP/src/core/inet_chksum.c ****   acc = 0;
 576:Middlewares/Third_Party/LwIP/src/core/inet_chksum.c ****   swapped = 0;
 626              		.loc 1 576 0
 627 0004 0026     		movs	r6, #0
 575:Middlewares/Third_Party/LwIP/src/core/inet_chksum.c ****   swapped = 0;
 628              		.loc 1 575 0
 629 0006 3446     		mov	r4, r6
 577:Middlewares/Third_Party/LwIP/src/core/inet_chksum.c ****   for (q = p; q != NULL; q = q->next) {
 630              		.loc 1 577 0
 631 0008 00E0     		b	.L36
 632              	.LVL96:
 633              	.L37:
 634              		.loc 1 577 0 is_stmt 0 discriminator 2
 635 000a 2D68     		ldr	r5, [r5]
 636              	.LVL97:
 637              	.L36:
 638              		.loc 1 577 0 discriminator 1
 639 000c A5B1     		cbz	r5, .L41
 578:Middlewares/Third_Party/LwIP/src/core/inet_chksum.c ****     acc += LWIP_CHKSUM(q->payload, q->len);
 640              		.loc 1 578 0 is_stmt 1
 641 000e 6989     		ldrh	r1, [r5, #10]
 642 0010 6868     		ldr	r0, [r5, #4]
 643 0012 FFF7FEFF 		bl	lwip_standard_chksum
 644              	.LVL98:
 645 0016 2044     		add	r0, r0, r4
 646              	.LVL99:
 579:Middlewares/Third_Party/LwIP/src/core/inet_chksum.c ****     acc = FOLD_U32T(acc);
 647              		.loc 1 579 0
 648 0018 84B2     		uxth	r4, r0
 649 001a 04EB1044 		add	r4, r4, r0, lsr #16
 650              	.LVL100:
 580:Middlewares/Third_Party/LwIP/src/core/inet_chksum.c ****     if (q->len % 2 != 0) {
 651              		.loc 1 580 0
 652 001e 6B89     		ldrh	r3, [r5, #10]
 653 0020 13F0010F 		tst	r3, #1
 654 0024 F1D0     		beq	.L37
 581:Middlewares/Third_Party/LwIP/src/core/inet_chksum.c ****       swapped = 1 - swapped;
 655              		.loc 1 581 0
 656 0026 C6F10106 		rsb	r6, r6, #1
 657              	.LVL101:
 658 002a F6B2     		uxtb	r6, r6
 659              	.LVL102:
 582:Middlewares/Third_Party/LwIP/src/core/inet_chksum.c ****       acc = SWAP_BYTES_IN_WORD(acc);
 660              		.loc 1 582 0
 661 002c 2302     		lsls	r3, r4, #8
 662 002e 9BB2     		uxth	r3, r3
 663 0030 C4F30724 		ubfx	r4, r4, #8, #8
 664              	.LVL103:
 665 0034 1C43     		orrs	r4, r4, r3
 666              	.LVL104:
 667 0036 E8E7     		b	.L37
 668              	.L41:
 583:Middlewares/Third_Party/LwIP/src/core/inet_chksum.c ****     }
 584:Middlewares/Third_Party/LwIP/src/core/inet_chksum.c ****   }
 585:Middlewares/Third_Party/LwIP/src/core/inet_chksum.c **** 
ARM GAS  C:\Users\Student\AppData\Local\Temp\ccda4a61.s 			page 23


 586:Middlewares/Third_Party/LwIP/src/core/inet_chksum.c ****   if (swapped) {
 669              		.loc 1 586 0
 670 0038 26B1     		cbz	r6, .L39
 587:Middlewares/Third_Party/LwIP/src/core/inet_chksum.c ****     acc = SWAP_BYTES_IN_WORD(acc);
 671              		.loc 1 587 0
 672 003a 2302     		lsls	r3, r4, #8
 673 003c 9BB2     		uxth	r3, r3
 674 003e C4F30724 		ubfx	r4, r4, #8, #8
 675              	.LVL105:
 676 0042 1C43     		orrs	r4, r4, r3
 677              	.LVL106:
 678              	.L39:
 588:Middlewares/Third_Party/LwIP/src/core/inet_chksum.c ****   }
 589:Middlewares/Third_Party/LwIP/src/core/inet_chksum.c ****   return (u16_t)~(acc & 0xffffUL);
 679              		.loc 1 589 0
 680 0044 E043     		mvns	r0, r4
 590:Middlewares/Third_Party/LwIP/src/core/inet_chksum.c **** }
 681              		.loc 1 590 0
 682 0046 80B2     		uxth	r0, r0
 683 0048 70BD     		pop	{r4, r5, r6, pc}
 684              		.cfi_endproc
 685              	.LFE144:
 687              		.text
 688              	.Letext0:
 689              		.file 2 "c:\\gcc_toolchain\\6_2017-q1-update\\arm-none-eabi\\include\\machine\\_default_types.h"
 690              		.file 3 "c:\\gcc_toolchain\\6_2017-q1-update\\arm-none-eabi\\include\\sys\\_stdint.h"
 691              		.file 4 "Drivers/CMSIS/Include/core_cm7.h"
 692              		.file 5 "Drivers/CMSIS/Device/ST/STM32F7xx/Include/system_stm32f7xx.h"
 693              		.file 6 "c:\\gcc_toolchain\\6_2017-q1-update\\arm-none-eabi\\include\\sys\\lock.h"
 694              		.file 7 "c:\\gcc_toolchain\\6_2017-q1-update\\arm-none-eabi\\include\\sys\\_types.h"
 695              		.file 8 "c:\\gcc_toolchain\\6_2017-q1-update\\lib\\gcc\\arm-none-eabi\\6.3.1\\include\\stddef.h"
 696              		.file 9 "c:\\gcc_toolchain\\6_2017-q1-update\\arm-none-eabi\\include\\sys\\reent.h"
 697              		.file 10 "c:\\gcc_toolchain\\6_2017-q1-update\\arm-none-eabi\\include\\stdlib.h"
 698              		.file 11 "Middlewares/Third_Party/LwIP/src/include/lwip/arch.h"
 699              		.file 12 "Middlewares/Third_Party/LwIP/src/include/lwip/pbuf.h"
 700              		.file 13 "Middlewares/Third_Party/LwIP/src/include/lwip/ip4_addr.h"
 701              		.file 14 "Middlewares/Third_Party/LwIP/src/include/lwip/ip_addr.h"
 702              		.file 15 "Middlewares/Third_Party/LwIP/src/include/lwip/def.h"
ARM GAS  C:\Users\Student\AppData\Local\Temp\ccda4a61.s 			page 24


DEFINED SYMBOLS
                            *ABS*:00000000 inet_chksum.c
C:\Users\Student\AppData\Local\Temp\ccda4a61.s:18     .text.lwip_standard_chksum:00000000 $t
C:\Users\Student\AppData\Local\Temp\ccda4a61.s:25     .text.lwip_standard_chksum:00000000 lwip_standard_chksum
C:\Users\Student\AppData\Local\Temp\ccda4a61.s:138    .text.inet_cksum_pseudo_base:00000000 $t
C:\Users\Student\AppData\Local\Temp\ccda4a61.s:144    .text.inet_cksum_pseudo_base:00000000 inet_cksum_pseudo_base
C:\Users\Student\AppData\Local\Temp\ccda4a61.s:247    .text.inet_cksum_pseudo_partial_base:00000000 $t
C:\Users\Student\AppData\Local\Temp\ccda4a61.s:253    .text.inet_cksum_pseudo_partial_base:00000000 inet_cksum_pseudo_partial_base
C:\Users\Student\AppData\Local\Temp\ccda4a61.s:377    .text.inet_chksum_pseudo:00000000 $t
C:\Users\Student\AppData\Local\Temp\ccda4a61.s:384    .text.inet_chksum_pseudo:00000000 inet_chksum_pseudo
C:\Users\Student\AppData\Local\Temp\ccda4a61.s:432    .text.ip_chksum_pseudo:00000000 $t
C:\Users\Student\AppData\Local\Temp\ccda4a61.s:439    .text.ip_chksum_pseudo:00000000 ip_chksum_pseudo
C:\Users\Student\AppData\Local\Temp\ccda4a61.s:469    .text.inet_chksum_pseudo_partial:00000000 $t
C:\Users\Student\AppData\Local\Temp\ccda4a61.s:476    .text.inet_chksum_pseudo_partial:00000000 inet_chksum_pseudo_partial
C:\Users\Student\AppData\Local\Temp\ccda4a61.s:534    .text.ip_chksum_pseudo_partial:00000000 $t
C:\Users\Student\AppData\Local\Temp\ccda4a61.s:541    .text.ip_chksum_pseudo_partial:00000000 ip_chksum_pseudo_partial
C:\Users\Student\AppData\Local\Temp\ccda4a61.s:573    .text.inet_chksum:00000000 $t
C:\Users\Student\AppData\Local\Temp\ccda4a61.s:580    .text.inet_chksum:00000000 inet_chksum
C:\Users\Student\AppData\Local\Temp\ccda4a61.s:603    .text.inet_chksum_pbuf:00000000 $t
C:\Users\Student\AppData\Local\Temp\ccda4a61.s:610    .text.inet_chksum_pbuf:00000000 inet_chksum_pbuf
                     .debug_frame:00000010 $d

UNDEFINED SYMBOLS
lwip_htons
