ARM GAS  C:\Users\Student\AppData\Local\Temp\ccTgI7sk.s 			page 1


   1              		.cpu cortex-m7
   2              		.eabi_attribute 27, 1
   3              		.eabi_attribute 28, 1
   4              		.eabi_attribute 20, 1
   5              		.eabi_attribute 21, 1
   6              		.eabi_attribute 23, 3
   7              		.eabi_attribute 24, 1
   8              		.eabi_attribute 25, 1
   9              		.eabi_attribute 26, 1
  10              		.eabi_attribute 30, 1
  11              		.eabi_attribute 34, 1
  12              		.eabi_attribute 18, 4
  13              		.file	"ip4_addr.c"
  14              		.text
  15              	.Ltext0:
  16              		.cfi_sections	.debug_frame
  17              		.section	.text.ip4_addr_isbroadcast_u32,"ax",%progbits
  18              		.align	1
  19              		.global	ip4_addr_isbroadcast_u32
  20              		.syntax unified
  21              		.thumb
  22              		.thumb_func
  23              		.fpu fpv5-sp-d16
  25              	ip4_addr_isbroadcast_u32:
  26              	.LFB136:
  27              		.file 1 "Middlewares/Third_Party/LwIP/src/core/ipv4/ip4_addr.c"
   1:Middlewares/Third_Party/LwIP/src/core/ipv4/ip4_addr.c **** /**
   2:Middlewares/Third_Party/LwIP/src/core/ipv4/ip4_addr.c ****  * @file
   3:Middlewares/Third_Party/LwIP/src/core/ipv4/ip4_addr.c ****  * This is the IPv4 address tools implementation.
   4:Middlewares/Third_Party/LwIP/src/core/ipv4/ip4_addr.c ****  *
   5:Middlewares/Third_Party/LwIP/src/core/ipv4/ip4_addr.c ****  */
   6:Middlewares/Third_Party/LwIP/src/core/ipv4/ip4_addr.c **** 
   7:Middlewares/Third_Party/LwIP/src/core/ipv4/ip4_addr.c **** /*
   8:Middlewares/Third_Party/LwIP/src/core/ipv4/ip4_addr.c ****  * Copyright (c) 2001-2004 Swedish Institute of Computer Science.
   9:Middlewares/Third_Party/LwIP/src/core/ipv4/ip4_addr.c ****  * All rights reserved.
  10:Middlewares/Third_Party/LwIP/src/core/ipv4/ip4_addr.c ****  *
  11:Middlewares/Third_Party/LwIP/src/core/ipv4/ip4_addr.c ****  * Redistribution and use in source and binary forms, with or without modification,
  12:Middlewares/Third_Party/LwIP/src/core/ipv4/ip4_addr.c ****  * are permitted provided that the following conditions are met:
  13:Middlewares/Third_Party/LwIP/src/core/ipv4/ip4_addr.c ****  *
  14:Middlewares/Third_Party/LwIP/src/core/ipv4/ip4_addr.c ****  * 1. Redistributions of source code must retain the above copyright notice,
  15:Middlewares/Third_Party/LwIP/src/core/ipv4/ip4_addr.c ****  *    this list of conditions and the following disclaimer.
  16:Middlewares/Third_Party/LwIP/src/core/ipv4/ip4_addr.c ****  * 2. Redistributions in binary form must reproduce the above copyright notice,
  17:Middlewares/Third_Party/LwIP/src/core/ipv4/ip4_addr.c ****  *    this list of conditions and the following disclaimer in the documentation
  18:Middlewares/Third_Party/LwIP/src/core/ipv4/ip4_addr.c ****  *    and/or other materials provided with the distribution.
  19:Middlewares/Third_Party/LwIP/src/core/ipv4/ip4_addr.c ****  * 3. The name of the author may not be used to endorse or promote products
  20:Middlewares/Third_Party/LwIP/src/core/ipv4/ip4_addr.c ****  *    derived from this software without specific prior written permission.
  21:Middlewares/Third_Party/LwIP/src/core/ipv4/ip4_addr.c ****  *
  22:Middlewares/Third_Party/LwIP/src/core/ipv4/ip4_addr.c ****  * THIS SOFTWARE IS PROVIDED BY THE AUTHOR ``AS IS'' AND ANY EXPRESS OR IMPLIED
  23:Middlewares/Third_Party/LwIP/src/core/ipv4/ip4_addr.c ****  * WARRANTIES, INCLUDING, BUT NOT LIMITED TO, THE IMPLIED WARRANTIES OF
  24:Middlewares/Third_Party/LwIP/src/core/ipv4/ip4_addr.c ****  * MERCHANTABILITY AND FITNESS FOR A PARTICULAR PURPOSE ARE DISCLAIMED. IN NO EVENT
  25:Middlewares/Third_Party/LwIP/src/core/ipv4/ip4_addr.c ****  * SHALL THE AUTHOR BE LIABLE FOR ANY DIRECT, INDIRECT, INCIDENTAL, SPECIAL,
  26:Middlewares/Third_Party/LwIP/src/core/ipv4/ip4_addr.c ****  * EXEMPLARY, OR CONSEQUENTIAL DAMAGES (INCLUDING, BUT NOT LIMITED TO, PROCUREMENT
  27:Middlewares/Third_Party/LwIP/src/core/ipv4/ip4_addr.c ****  * OF SUBSTITUTE GOODS OR SERVICES; LOSS OF USE, DATA, OR PROFITS; OR BUSINESS
  28:Middlewares/Third_Party/LwIP/src/core/ipv4/ip4_addr.c ****  * INTERRUPTION) HOWEVER CAUSED AND ON ANY THEORY OF LIABILITY, WHETHER IN
  29:Middlewares/Third_Party/LwIP/src/core/ipv4/ip4_addr.c ****  * CONTRACT, STRICT LIABILITY, OR TORT (INCLUDING NEGLIGENCE OR OTHERWISE) ARISING
  30:Middlewares/Third_Party/LwIP/src/core/ipv4/ip4_addr.c ****  * IN ANY WAY OUT OF THE USE OF THIS SOFTWARE, EVEN IF ADVISED OF THE POSSIBILITY
  31:Middlewares/Third_Party/LwIP/src/core/ipv4/ip4_addr.c ****  * OF SUCH DAMAGE.
ARM GAS  C:\Users\Student\AppData\Local\Temp\ccTgI7sk.s 			page 2


  32:Middlewares/Third_Party/LwIP/src/core/ipv4/ip4_addr.c ****  *
  33:Middlewares/Third_Party/LwIP/src/core/ipv4/ip4_addr.c ****  * This file is part of the lwIP TCP/IP stack.
  34:Middlewares/Third_Party/LwIP/src/core/ipv4/ip4_addr.c ****  *
  35:Middlewares/Third_Party/LwIP/src/core/ipv4/ip4_addr.c ****  * Author: Adam Dunkels <adam@sics.se>
  36:Middlewares/Third_Party/LwIP/src/core/ipv4/ip4_addr.c ****  *
  37:Middlewares/Third_Party/LwIP/src/core/ipv4/ip4_addr.c ****  */
  38:Middlewares/Third_Party/LwIP/src/core/ipv4/ip4_addr.c **** 
  39:Middlewares/Third_Party/LwIP/src/core/ipv4/ip4_addr.c **** #include "lwip/opt.h"
  40:Middlewares/Third_Party/LwIP/src/core/ipv4/ip4_addr.c **** 
  41:Middlewares/Third_Party/LwIP/src/core/ipv4/ip4_addr.c **** #if LWIP_IPV4
  42:Middlewares/Third_Party/LwIP/src/core/ipv4/ip4_addr.c **** 
  43:Middlewares/Third_Party/LwIP/src/core/ipv4/ip4_addr.c **** #include "lwip/ip_addr.h"
  44:Middlewares/Third_Party/LwIP/src/core/ipv4/ip4_addr.c **** #include "lwip/netif.h"
  45:Middlewares/Third_Party/LwIP/src/core/ipv4/ip4_addr.c **** 
  46:Middlewares/Third_Party/LwIP/src/core/ipv4/ip4_addr.c **** /* used by IP4_ADDR_ANY and IP_ADDR_BROADCAST in ip_addr.h */
  47:Middlewares/Third_Party/LwIP/src/core/ipv4/ip4_addr.c **** const ip_addr_t ip_addr_any = IPADDR4_INIT(IPADDR_ANY);
  48:Middlewares/Third_Party/LwIP/src/core/ipv4/ip4_addr.c **** const ip_addr_t ip_addr_broadcast = IPADDR4_INIT(IPADDR_BROADCAST);
  49:Middlewares/Third_Party/LwIP/src/core/ipv4/ip4_addr.c **** 
  50:Middlewares/Third_Party/LwIP/src/core/ipv4/ip4_addr.c **** /**
  51:Middlewares/Third_Party/LwIP/src/core/ipv4/ip4_addr.c ****  * Determine if an address is a broadcast address on a network interface
  52:Middlewares/Third_Party/LwIP/src/core/ipv4/ip4_addr.c ****  *
  53:Middlewares/Third_Party/LwIP/src/core/ipv4/ip4_addr.c ****  * @param addr address to be checked
  54:Middlewares/Third_Party/LwIP/src/core/ipv4/ip4_addr.c ****  * @param netif the network interface against which the address is checked
  55:Middlewares/Third_Party/LwIP/src/core/ipv4/ip4_addr.c ****  * @return returns non-zero if the address is a broadcast address
  56:Middlewares/Third_Party/LwIP/src/core/ipv4/ip4_addr.c ****  */
  57:Middlewares/Third_Party/LwIP/src/core/ipv4/ip4_addr.c **** u8_t
  58:Middlewares/Third_Party/LwIP/src/core/ipv4/ip4_addr.c **** ip4_addr_isbroadcast_u32(u32_t addr, const struct netif *netif)
  59:Middlewares/Third_Party/LwIP/src/core/ipv4/ip4_addr.c **** {
  28              		.loc 1 59 0
  29              		.cfi_startproc
  30              		@ args = 0, pretend = 0, frame = 0
  31              		@ frame_needed = 0, uses_anonymous_args = 0
  32              		@ link register save eliminated.
  33              	.LVL0:
  60:Middlewares/Third_Party/LwIP/src/core/ipv4/ip4_addr.c ****   ip4_addr_t ipaddr;
  61:Middlewares/Third_Party/LwIP/src/core/ipv4/ip4_addr.c ****   ip4_addr_set_u32(&ipaddr, addr);
  62:Middlewares/Third_Party/LwIP/src/core/ipv4/ip4_addr.c **** 
  63:Middlewares/Third_Party/LwIP/src/core/ipv4/ip4_addr.c ****   /* all ones (broadcast) or all zeroes (old skool broadcast) */
  64:Middlewares/Third_Party/LwIP/src/core/ipv4/ip4_addr.c ****   if ((~addr == IPADDR_ANY) ||
  34              		.loc 1 64 0
  35 0000 431E     		subs	r3, r0, #1
  36 0002 13F1030F 		cmn	r3, #3
  37 0006 11D8     		bhi	.L3
  65:Middlewares/Third_Party/LwIP/src/core/ipv4/ip4_addr.c ****       (addr == IPADDR_ANY)) {
  66:Middlewares/Third_Party/LwIP/src/core/ipv4/ip4_addr.c ****     return 1;
  67:Middlewares/Third_Party/LwIP/src/core/ipv4/ip4_addr.c ****   /* no broadcast support on this network interface? */
  68:Middlewares/Third_Party/LwIP/src/core/ipv4/ip4_addr.c ****   } else if ((netif->flags & NETIF_FLAG_BROADCAST) == 0) {
  38              		.loc 1 68 0
  39 0008 91F82F30 		ldrb	r3, [r1, #47]	@ zero_extendqisi2
  40 000c 13F0020F 		tst	r3, #2
  41 0010 0ED0     		beq	.L4
  69:Middlewares/Third_Party/LwIP/src/core/ipv4/ip4_addr.c ****     /* the given address cannot be a broadcast address
  70:Middlewares/Third_Party/LwIP/src/core/ipv4/ip4_addr.c ****      * nor can we check against any broadcast addresses */
  71:Middlewares/Third_Party/LwIP/src/core/ipv4/ip4_addr.c ****     return 0;
  72:Middlewares/Third_Party/LwIP/src/core/ipv4/ip4_addr.c ****   /* address matches network interface address exactly? => no broadcast */
  73:Middlewares/Third_Party/LwIP/src/core/ipv4/ip4_addr.c ****   } else if (addr == ip4_addr_get_u32(netif_ip4_addr(netif))) {
  42              		.loc 1 73 0
ARM GAS  C:\Users\Student\AppData\Local\Temp\ccTgI7sk.s 			page 3


  43 0012 4B68     		ldr	r3, [r1, #4]
  44 0014 9842     		cmp	r0, r3
  45 0016 0DD0     		beq	.L5
  74:Middlewares/Third_Party/LwIP/src/core/ipv4/ip4_addr.c ****     return 0;
  75:Middlewares/Third_Party/LwIP/src/core/ipv4/ip4_addr.c ****   /*  on the same (sub) network... */
  76:Middlewares/Third_Party/LwIP/src/core/ipv4/ip4_addr.c ****   } else if (ip4_addr_netcmp(&ipaddr, netif_ip4_addr(netif), netif_ip4_netmask(netif))
  46              		.loc 1 76 0
  47 0018 8A68     		ldr	r2, [r1, #8]
  48 001a 4340     		eors	r3, r3, r0
  49 001c 1342     		tst	r3, r2
  50 001e 0BD1     		bne	.L6
  77:Middlewares/Third_Party/LwIP/src/core/ipv4/ip4_addr.c ****          /* ...and host identifier bits are all ones? =>... */
  78:Middlewares/Third_Party/LwIP/src/core/ipv4/ip4_addr.c ****           && ((addr & ~ip4_addr_get_u32(netif_ip4_netmask(netif))) ==
  51              		.loc 1 78 0
  52 0020 D243     		mvns	r2, r2
  53 0022 32EA0003 		bics	r3, r2, r0
  54 0026 09D0     		beq	.L7
  79:Middlewares/Third_Party/LwIP/src/core/ipv4/ip4_addr.c ****            (IPADDR_BROADCAST & ~ip4_addr_get_u32(netif_ip4_netmask(netif))))) {
  80:Middlewares/Third_Party/LwIP/src/core/ipv4/ip4_addr.c ****     /* => network broadcast address */
  81:Middlewares/Third_Party/LwIP/src/core/ipv4/ip4_addr.c ****     return 1;
  82:Middlewares/Third_Party/LwIP/src/core/ipv4/ip4_addr.c ****   } else {
  83:Middlewares/Third_Party/LwIP/src/core/ipv4/ip4_addr.c ****     return 0;
  55              		.loc 1 83 0
  56 0028 0020     		movs	r0, #0
  57              	.LVL1:
  58 002a 7047     		bx	lr
  59              	.LVL2:
  60              	.L3:
  66:Middlewares/Third_Party/LwIP/src/core/ipv4/ip4_addr.c ****   /* no broadcast support on this network interface? */
  61              		.loc 1 66 0
  62 002c 0120     		movs	r0, #1
  63              	.LVL3:
  64 002e 7047     		bx	lr
  65              	.LVL4:
  66              	.L4:
  71:Middlewares/Third_Party/LwIP/src/core/ipv4/ip4_addr.c ****   /* address matches network interface address exactly? => no broadcast */
  67              		.loc 1 71 0
  68 0030 0020     		movs	r0, #0
  69              	.LVL5:
  70 0032 7047     		bx	lr
  71              	.LVL6:
  72              	.L5:
  74:Middlewares/Third_Party/LwIP/src/core/ipv4/ip4_addr.c ****   /*  on the same (sub) network... */
  73              		.loc 1 74 0
  74 0034 0020     		movs	r0, #0
  75              	.LVL7:
  76 0036 7047     		bx	lr
  77              	.LVL8:
  78              	.L6:
  79              		.loc 1 83 0
  80 0038 0020     		movs	r0, #0
  81              	.LVL9:
  82 003a 7047     		bx	lr
  83              	.LVL10:
  84              	.L7:
  81:Middlewares/Third_Party/LwIP/src/core/ipv4/ip4_addr.c ****   } else {
  85              		.loc 1 81 0
ARM GAS  C:\Users\Student\AppData\Local\Temp\ccTgI7sk.s 			page 4


  86 003c 0120     		movs	r0, #1
  87              	.LVL11:
  84:Middlewares/Third_Party/LwIP/src/core/ipv4/ip4_addr.c ****   }
  85:Middlewares/Third_Party/LwIP/src/core/ipv4/ip4_addr.c **** }
  88              		.loc 1 85 0
  89 003e 7047     		bx	lr
  90              		.cfi_endproc
  91              	.LFE136:
  93              		.section	.text.ip4_addr_netmask_valid,"ax",%progbits
  94              		.align	1
  95              		.global	ip4_addr_netmask_valid
  96              		.syntax unified
  97              		.thumb
  98              		.thumb_func
  99              		.fpu fpv5-sp-d16
 101              	ip4_addr_netmask_valid:
 102              	.LFB137:
  86:Middlewares/Third_Party/LwIP/src/core/ipv4/ip4_addr.c **** 
  87:Middlewares/Third_Party/LwIP/src/core/ipv4/ip4_addr.c **** /** Checks if a netmask is valid (starting with ones, then only zeros)
  88:Middlewares/Third_Party/LwIP/src/core/ipv4/ip4_addr.c ****  *
  89:Middlewares/Third_Party/LwIP/src/core/ipv4/ip4_addr.c ****  * @param netmask the IPv4 netmask to check (in network byte order!)
  90:Middlewares/Third_Party/LwIP/src/core/ipv4/ip4_addr.c ****  * @return 1 if the netmask is valid, 0 if it is not
  91:Middlewares/Third_Party/LwIP/src/core/ipv4/ip4_addr.c ****  */
  92:Middlewares/Third_Party/LwIP/src/core/ipv4/ip4_addr.c **** u8_t
  93:Middlewares/Third_Party/LwIP/src/core/ipv4/ip4_addr.c **** ip4_addr_netmask_valid(u32_t netmask)
  94:Middlewares/Third_Party/LwIP/src/core/ipv4/ip4_addr.c **** {
 103              		.loc 1 94 0
 104              		.cfi_startproc
 105              		@ args = 0, pretend = 0, frame = 0
 106              		@ frame_needed = 0, uses_anonymous_args = 0
 107              	.LVL12:
 108 0000 08B5     		push	{r3, lr}
 109              	.LCFI0:
 110              		.cfi_def_cfa_offset 8
 111              		.cfi_offset 3, -8
 112              		.cfi_offset 14, -4
  95:Middlewares/Third_Party/LwIP/src/core/ipv4/ip4_addr.c ****   u32_t mask;
  96:Middlewares/Third_Party/LwIP/src/core/ipv4/ip4_addr.c ****   u32_t nm_hostorder = lwip_htonl(netmask);
 113              		.loc 1 96 0
 114 0002 FFF7FEFF 		bl	lwip_htonl
 115              	.LVL13:
  97:Middlewares/Third_Party/LwIP/src/core/ipv4/ip4_addr.c **** 
  98:Middlewares/Third_Party/LwIP/src/core/ipv4/ip4_addr.c ****   /* first, check for the first zero */
  99:Middlewares/Third_Party/LwIP/src/core/ipv4/ip4_addr.c ****   for (mask = 1UL << 31 ; mask != 0; mask >>= 1) {
 116              		.loc 1 99 0
 117 0006 4FF00043 		mov	r3, #-2147483648
 118              	.LVL14:
 119              	.L9:
 120              		.loc 1 99 0 is_stmt 0 discriminator 1
 121 000a 1BB1     		cbz	r3, .L10
 100:Middlewares/Third_Party/LwIP/src/core/ipv4/ip4_addr.c ****     if ((nm_hostorder & mask) == 0) {
 122              		.loc 1 100 0 is_stmt 1
 123 000c 0342     		tst	r3, r0
 124 000e 01D0     		beq	.L10
  99:Middlewares/Third_Party/LwIP/src/core/ipv4/ip4_addr.c ****     if ((nm_hostorder & mask) == 0) {
 125              		.loc 1 99 0 discriminator 2
 126 0010 5B08     		lsrs	r3, r3, #1
ARM GAS  C:\Users\Student\AppData\Local\Temp\ccTgI7sk.s 			page 5


 127              	.LVL15:
 128 0012 FAE7     		b	.L9
 129              	.L10:
 101:Middlewares/Third_Party/LwIP/src/core/ipv4/ip4_addr.c ****       break;
 102:Middlewares/Third_Party/LwIP/src/core/ipv4/ip4_addr.c ****     }
 103:Middlewares/Third_Party/LwIP/src/core/ipv4/ip4_addr.c ****   }
 104:Middlewares/Third_Party/LwIP/src/core/ipv4/ip4_addr.c ****   /* then check that there is no one */
 105:Middlewares/Third_Party/LwIP/src/core/ipv4/ip4_addr.c ****   for (; mask != 0; mask >>= 1) {
 130              		.loc 1 105 0 discriminator 1
 131 0014 1BB1     		cbz	r3, .L16
 106:Middlewares/Third_Party/LwIP/src/core/ipv4/ip4_addr.c ****     if ((nm_hostorder & mask) != 0) {
 132              		.loc 1 106 0
 133 0016 0342     		tst	r3, r0
 134 0018 03D1     		bne	.L14
 105:Middlewares/Third_Party/LwIP/src/core/ipv4/ip4_addr.c ****     if ((nm_hostorder & mask) != 0) {
 135              		.loc 1 105 0
 136 001a 5B08     		lsrs	r3, r3, #1
 137              	.LVL16:
 138 001c FAE7     		b	.L10
 139              	.L16:
 107:Middlewares/Third_Party/LwIP/src/core/ipv4/ip4_addr.c ****       /* there is a one after the first zero -> invalid */
 108:Middlewares/Third_Party/LwIP/src/core/ipv4/ip4_addr.c ****       return 0;
 109:Middlewares/Third_Party/LwIP/src/core/ipv4/ip4_addr.c ****     }
 110:Middlewares/Third_Party/LwIP/src/core/ipv4/ip4_addr.c ****   }
 111:Middlewares/Third_Party/LwIP/src/core/ipv4/ip4_addr.c ****   /* no one after the first zero -> valid */
 112:Middlewares/Third_Party/LwIP/src/core/ipv4/ip4_addr.c ****   return 1;
 140              		.loc 1 112 0
 141 001e 0120     		movs	r0, #1
 142              	.LVL17:
 143 0020 08BD     		pop	{r3, pc}
 144              	.LVL18:
 145              	.L14:
 108:Middlewares/Third_Party/LwIP/src/core/ipv4/ip4_addr.c ****     }
 146              		.loc 1 108 0
 147 0022 0020     		movs	r0, #0
 148              	.LVL19:
 113:Middlewares/Third_Party/LwIP/src/core/ipv4/ip4_addr.c **** }
 149              		.loc 1 113 0
 150 0024 08BD     		pop	{r3, pc}
 151              		.cfi_endproc
 152              	.LFE137:
 154              		.section	.text.ip4addr_aton,"ax",%progbits
 155              		.align	1
 156              		.global	ip4addr_aton
 157              		.syntax unified
 158              		.thumb
 159              		.thumb_func
 160              		.fpu fpv5-sp-d16
 162              	ip4addr_aton:
 163              	.LFB139:
 114:Middlewares/Third_Party/LwIP/src/core/ipv4/ip4_addr.c **** 
 115:Middlewares/Third_Party/LwIP/src/core/ipv4/ip4_addr.c **** /* Here for now until needed in other places in lwIP */
 116:Middlewares/Third_Party/LwIP/src/core/ipv4/ip4_addr.c **** #ifndef isprint
 117:Middlewares/Third_Party/LwIP/src/core/ipv4/ip4_addr.c **** #define in_range(c, lo, up)  ((u8_t)c >= lo && (u8_t)c <= up)
 118:Middlewares/Third_Party/LwIP/src/core/ipv4/ip4_addr.c **** #define isprint(c)           in_range(c, 0x20, 0x7f)
 119:Middlewares/Third_Party/LwIP/src/core/ipv4/ip4_addr.c **** #define isdigit(c)           in_range(c, '0', '9')
 120:Middlewares/Third_Party/LwIP/src/core/ipv4/ip4_addr.c **** #define isxdigit(c)          (isdigit(c) || in_range(c, 'a', 'f') || in_range(c, 'A', 'F'))
ARM GAS  C:\Users\Student\AppData\Local\Temp\ccTgI7sk.s 			page 6


 121:Middlewares/Third_Party/LwIP/src/core/ipv4/ip4_addr.c **** #define islower(c)           in_range(c, 'a', 'z')
 122:Middlewares/Third_Party/LwIP/src/core/ipv4/ip4_addr.c **** #define isspace(c)           (c == ' ' || c == '\f' || c == '\n' || c == '\r' || c == '\t' || c == 
 123:Middlewares/Third_Party/LwIP/src/core/ipv4/ip4_addr.c **** #endif
 124:Middlewares/Third_Party/LwIP/src/core/ipv4/ip4_addr.c **** 
 125:Middlewares/Third_Party/LwIP/src/core/ipv4/ip4_addr.c **** /**
 126:Middlewares/Third_Party/LwIP/src/core/ipv4/ip4_addr.c ****  * Ascii internet address interpretation routine.
 127:Middlewares/Third_Party/LwIP/src/core/ipv4/ip4_addr.c ****  * The value returned is in network order.
 128:Middlewares/Third_Party/LwIP/src/core/ipv4/ip4_addr.c ****  *
 129:Middlewares/Third_Party/LwIP/src/core/ipv4/ip4_addr.c ****  * @param cp IP address in ascii representation (e.g. "127.0.0.1")
 130:Middlewares/Third_Party/LwIP/src/core/ipv4/ip4_addr.c ****  * @return ip address in network order
 131:Middlewares/Third_Party/LwIP/src/core/ipv4/ip4_addr.c ****  */
 132:Middlewares/Third_Party/LwIP/src/core/ipv4/ip4_addr.c **** u32_t
 133:Middlewares/Third_Party/LwIP/src/core/ipv4/ip4_addr.c **** ipaddr_addr(const char *cp)
 134:Middlewares/Third_Party/LwIP/src/core/ipv4/ip4_addr.c **** {
 135:Middlewares/Third_Party/LwIP/src/core/ipv4/ip4_addr.c ****   ip4_addr_t val;
 136:Middlewares/Third_Party/LwIP/src/core/ipv4/ip4_addr.c **** 
 137:Middlewares/Third_Party/LwIP/src/core/ipv4/ip4_addr.c ****   if (ip4addr_aton(cp, &val)) {
 138:Middlewares/Third_Party/LwIP/src/core/ipv4/ip4_addr.c ****     return ip4_addr_get_u32(&val);
 139:Middlewares/Third_Party/LwIP/src/core/ipv4/ip4_addr.c ****   }
 140:Middlewares/Third_Party/LwIP/src/core/ipv4/ip4_addr.c ****   return (IPADDR_NONE);
 141:Middlewares/Third_Party/LwIP/src/core/ipv4/ip4_addr.c **** }
 142:Middlewares/Third_Party/LwIP/src/core/ipv4/ip4_addr.c **** 
 143:Middlewares/Third_Party/LwIP/src/core/ipv4/ip4_addr.c **** /**
 144:Middlewares/Third_Party/LwIP/src/core/ipv4/ip4_addr.c ****  * Check whether "cp" is a valid ascii representation
 145:Middlewares/Third_Party/LwIP/src/core/ipv4/ip4_addr.c ****  * of an Internet address and convert to a binary address.
 146:Middlewares/Third_Party/LwIP/src/core/ipv4/ip4_addr.c ****  * Returns 1 if the address is valid, 0 if not.
 147:Middlewares/Third_Party/LwIP/src/core/ipv4/ip4_addr.c ****  * This replaces inet_addr, the return value from which
 148:Middlewares/Third_Party/LwIP/src/core/ipv4/ip4_addr.c ****  * cannot distinguish between failure and a local broadcast address.
 149:Middlewares/Third_Party/LwIP/src/core/ipv4/ip4_addr.c ****  *
 150:Middlewares/Third_Party/LwIP/src/core/ipv4/ip4_addr.c ****  * @param cp IP address in ascii representation (e.g. "127.0.0.1")
 151:Middlewares/Third_Party/LwIP/src/core/ipv4/ip4_addr.c ****  * @param addr pointer to which to save the ip address in network order
 152:Middlewares/Third_Party/LwIP/src/core/ipv4/ip4_addr.c ****  * @return 1 if cp could be converted to addr, 0 on failure
 153:Middlewares/Third_Party/LwIP/src/core/ipv4/ip4_addr.c ****  */
 154:Middlewares/Third_Party/LwIP/src/core/ipv4/ip4_addr.c **** int
 155:Middlewares/Third_Party/LwIP/src/core/ipv4/ip4_addr.c **** ip4addr_aton(const char *cp, ip4_addr_t *addr)
 156:Middlewares/Third_Party/LwIP/src/core/ipv4/ip4_addr.c **** {
 164              		.loc 1 156 0
 165              		.cfi_startproc
 166              		@ args = 0, pretend = 0, frame = 16
 167              		@ frame_needed = 0, uses_anonymous_args = 0
 168              	.LVL20:
 169 0000 F0B5     		push	{r4, r5, r6, r7, lr}
 170              	.LCFI1:
 171              		.cfi_def_cfa_offset 20
 172              		.cfi_offset 4, -20
 173              		.cfi_offset 5, -16
 174              		.cfi_offset 6, -12
 175              		.cfi_offset 7, -8
 176              		.cfi_offset 14, -4
 177 0002 85B0     		sub	sp, sp, #20
 178              	.LCFI2:
 179              		.cfi_def_cfa_offset 40
 180 0004 0546     		mov	r5, r0
 181 0006 0C46     		mov	r4, r1
 182              	.LVL21:
 157:Middlewares/Third_Party/LwIP/src/core/ipv4/ip4_addr.c ****   u32_t val;
 158:Middlewares/Third_Party/LwIP/src/core/ipv4/ip4_addr.c ****   u8_t base;
ARM GAS  C:\Users\Student\AppData\Local\Temp\ccTgI7sk.s 			page 7


 159:Middlewares/Third_Party/LwIP/src/core/ipv4/ip4_addr.c ****   char c;
 160:Middlewares/Third_Party/LwIP/src/core/ipv4/ip4_addr.c ****   u32_t parts[4];
 161:Middlewares/Third_Party/LwIP/src/core/ipv4/ip4_addr.c ****   u32_t *pp = parts;
 162:Middlewares/Third_Party/LwIP/src/core/ipv4/ip4_addr.c **** 
 163:Middlewares/Third_Party/LwIP/src/core/ipv4/ip4_addr.c ****   c = *cp;
 183              		.loc 1 163 0
 184 0008 0378     		ldrb	r3, [r0]	@ zero_extendqisi2
 185              	.LVL22:
 161:Middlewares/Third_Party/LwIP/src/core/ipv4/ip4_addr.c **** 
 186              		.loc 1 161 0
 187 000a 6F46     		mov	r7, sp
 188 000c 38E0     		b	.L27
 189              	.LVL23:
 190              	.L52:
 164:Middlewares/Third_Party/LwIP/src/core/ipv4/ip4_addr.c ****   for (;;) {
 165:Middlewares/Third_Party/LwIP/src/core/ipv4/ip4_addr.c ****     /*
 166:Middlewares/Third_Party/LwIP/src/core/ipv4/ip4_addr.c ****      * Collect number up to ``.''.
 167:Middlewares/Third_Party/LwIP/src/core/ipv4/ip4_addr.c ****      * Values are specified as for C:
 168:Middlewares/Third_Party/LwIP/src/core/ipv4/ip4_addr.c ****      * 0x=hex, 0=octal, 1-9=decimal.
 169:Middlewares/Third_Party/LwIP/src/core/ipv4/ip4_addr.c ****      */
 170:Middlewares/Third_Party/LwIP/src/core/ipv4/ip4_addr.c ****     if (!isdigit(c)) {
 171:Middlewares/Third_Party/LwIP/src/core/ipv4/ip4_addr.c ****       return 0;
 172:Middlewares/Third_Party/LwIP/src/core/ipv4/ip4_addr.c ****     }
 173:Middlewares/Third_Party/LwIP/src/core/ipv4/ip4_addr.c ****     val = 0;
 174:Middlewares/Third_Party/LwIP/src/core/ipv4/ip4_addr.c ****     base = 10;
 175:Middlewares/Third_Party/LwIP/src/core/ipv4/ip4_addr.c ****     if (c == '0') {
 176:Middlewares/Third_Party/LwIP/src/core/ipv4/ip4_addr.c ****       c = *++cp;
 191              		.loc 1 176 0
 192 000e 6A1C     		adds	r2, r5, #1
 193              	.LVL24:
 194 0010 6B78     		ldrb	r3, [r5, #1]	@ zero_extendqisi2
 195              	.LVL25:
 177:Middlewares/Third_Party/LwIP/src/core/ipv4/ip4_addr.c ****       if (c == 'x' || c == 'X') {
 196              		.loc 1 177 0
 197 0012 582B     		cmp	r3, #88
 198 0014 18BF     		it	ne
 199 0016 782B     		cmpne	r3, #120
 200 0018 03D1     		bne	.L37
 201              	.LVL26:
 178:Middlewares/Third_Party/LwIP/src/core/ipv4/ip4_addr.c ****         base = 16;
 179:Middlewares/Third_Party/LwIP/src/core/ipv4/ip4_addr.c ****         c = *++cp;
 202              		.loc 1 179 0
 203 001a AB78     		ldrb	r3, [r5, #2]	@ zero_extendqisi2
 204              	.LVL27:
 205 001c 0235     		adds	r5, r5, #2
 206              	.LVL28:
 178:Middlewares/Third_Party/LwIP/src/core/ipv4/ip4_addr.c ****         base = 16;
 207              		.loc 1 178 0
 208 001e 1021     		movs	r1, #16
 209 0020 36E0     		b	.L19
 210              	.LVL29:
 211              	.L37:
 176:Middlewares/Third_Party/LwIP/src/core/ipv4/ip4_addr.c ****       if (c == 'x' || c == 'X') {
 212              		.loc 1 176 0
 213 0022 1546     		mov	r5, r2
 180:Middlewares/Third_Party/LwIP/src/core/ipv4/ip4_addr.c ****       } else {
 181:Middlewares/Third_Party/LwIP/src/core/ipv4/ip4_addr.c ****         base = 8;
ARM GAS  C:\Users\Student\AppData\Local\Temp\ccTgI7sk.s 			page 8


 214              		.loc 1 181 0
 215 0024 0821     		movs	r1, #8
 216 0026 33E0     		b	.L19
 217              	.LVL30:
 218              	.L21:
 182:Middlewares/Third_Party/LwIP/src/core/ipv4/ip4_addr.c ****       }
 183:Middlewares/Third_Party/LwIP/src/core/ipv4/ip4_addr.c ****     }
 184:Middlewares/Third_Party/LwIP/src/core/ipv4/ip4_addr.c ****     for (;;) {
 185:Middlewares/Third_Party/LwIP/src/core/ipv4/ip4_addr.c ****       if (isdigit(c)) {
 186:Middlewares/Third_Party/LwIP/src/core/ipv4/ip4_addr.c ****         val = (val * base) + (int)(c - '0');
 187:Middlewares/Third_Party/LwIP/src/core/ipv4/ip4_addr.c ****         c = *++cp;
 188:Middlewares/Third_Party/LwIP/src/core/ipv4/ip4_addr.c ****       } else if (base == 16 && isxdigit(c)) {
 219              		.loc 1 188 0
 220 0028 1029     		cmp	r1, #16
 221 002a 20D1     		bne	.L23
 222              		.loc 1 188 0 is_stmt 0 discriminator 1
 223 002c A3F16102 		sub	r2, r3, #97
 224 0030 D2B2     		uxtb	r2, r2
 225 0032 052A     		cmp	r2, #5
 226 0034 04D9     		bls	.L24
 227              		.loc 1 188 0 discriminator 2
 228 0036 A3F14106 		sub	r6, r3, #65
 229 003a F6B2     		uxtb	r6, r6
 230 003c 052E     		cmp	r6, #5
 231 003e 16D8     		bhi	.L23
 232              	.L24:
 189:Middlewares/Third_Party/LwIP/src/core/ipv4/ip4_addr.c ****         val = (val << 4) | (int)(c + 10 - (islower(c) ? 'a' : 'A'));
 233              		.loc 1 189 0 is_stmt 1
 234 0040 0001     		lsls	r0, r0, #4
 235              	.LVL31:
 236 0042 0A33     		adds	r3, r3, #10
 237              	.LVL32:
 238 0044 192A     		cmp	r2, #25
 239 0046 10D8     		bhi	.L38
 240 0048 6122     		movs	r2, #97
 241              	.L25:
 242              		.loc 1 189 0 is_stmt 0 discriminator 4
 243 004a 9B1A     		subs	r3, r3, r2
 244 004c 1843     		orrs	r0, r0, r3
 245              	.LVL33:
 190:Middlewares/Third_Party/LwIP/src/core/ipv4/ip4_addr.c ****         c = *++cp;
 246              		.loc 1 190 0 is_stmt 1 discriminator 4
 247 004e 15F8013F 		ldrb	r3, [r5, #1]!	@ zero_extendqisi2
 248              	.LVL34:
 249              	.L20:
 185:Middlewares/Third_Party/LwIP/src/core/ipv4/ip4_addr.c ****         val = (val * base) + (int)(c - '0');
 250              		.loc 1 185 0
 251 0052 A3F13002 		sub	r2, r3, #48
 252 0056 D2B2     		uxtb	r2, r2
 253 0058 092A     		cmp	r2, #9
 254 005a E5D8     		bhi	.L21
 186:Middlewares/Third_Party/LwIP/src/core/ipv4/ip4_addr.c ****         c = *++cp;
 255              		.loc 1 186 0
 256 005c 00FB0133 		mla	r3, r0, r1, r3
 257              	.LVL35:
 258 0060 A3F13000 		sub	r0, r3, #48
 259              	.LVL36:
ARM GAS  C:\Users\Student\AppData\Local\Temp\ccTgI7sk.s 			page 9


 187:Middlewares/Third_Party/LwIP/src/core/ipv4/ip4_addr.c ****       } else if (base == 16 && isxdigit(c)) {
 260              		.loc 1 187 0
 261 0064 15F8013F 		ldrb	r3, [r5, #1]!	@ zero_extendqisi2
 262              	.LVL37:
 263 0068 F3E7     		b	.L20
 264              	.LVL38:
 265              	.L38:
 189:Middlewares/Third_Party/LwIP/src/core/ipv4/ip4_addr.c ****         c = *++cp;
 266              		.loc 1 189 0
 267 006a 4122     		movs	r2, #65
 268 006c EDE7     		b	.L25
 269              	.LVL39:
 270              	.L23:
 191:Middlewares/Third_Party/LwIP/src/core/ipv4/ip4_addr.c ****       } else {
 192:Middlewares/Third_Party/LwIP/src/core/ipv4/ip4_addr.c ****         break;
 193:Middlewares/Third_Party/LwIP/src/core/ipv4/ip4_addr.c ****       }
 194:Middlewares/Third_Party/LwIP/src/core/ipv4/ip4_addr.c ****     }
 195:Middlewares/Third_Party/LwIP/src/core/ipv4/ip4_addr.c ****     if (c == '.') {
 271              		.loc 1 195 0
 272 006e 2E2B     		cmp	r3, #46
 273 0070 10D1     		bne	.L26
 196:Middlewares/Third_Party/LwIP/src/core/ipv4/ip4_addr.c ****       /*
 197:Middlewares/Third_Party/LwIP/src/core/ipv4/ip4_addr.c ****        * Internet format:
 198:Middlewares/Third_Party/LwIP/src/core/ipv4/ip4_addr.c ****        *  a.b.c.d
 199:Middlewares/Third_Party/LwIP/src/core/ipv4/ip4_addr.c ****        *  a.b.c   (with c treated as 16 bits)
 200:Middlewares/Third_Party/LwIP/src/core/ipv4/ip4_addr.c ****        *  a.b (with b treated as 24 bits)
 201:Middlewares/Third_Party/LwIP/src/core/ipv4/ip4_addr.c ****        */
 202:Middlewares/Third_Party/LwIP/src/core/ipv4/ip4_addr.c ****       if (pp >= parts + 3) {
 274              		.loc 1 202 0
 275 0072 03AB     		add	r3, sp, #12
 276              	.LVL40:
 277 0074 9F42     		cmp	r7, r3
 278 0076 5ED2     		bcs	.L39
 279              	.LVL41:
 203:Middlewares/Third_Party/LwIP/src/core/ipv4/ip4_addr.c ****         return 0;
 204:Middlewares/Third_Party/LwIP/src/core/ipv4/ip4_addr.c ****       }
 205:Middlewares/Third_Party/LwIP/src/core/ipv4/ip4_addr.c ****       *pp++ = val;
 280              		.loc 1 205 0
 281 0078 3860     		str	r0, [r7]
 282              	.LVL42:
 206:Middlewares/Third_Party/LwIP/src/core/ipv4/ip4_addr.c ****       c = *++cp;
 283              		.loc 1 206 0
 284 007a 6B78     		ldrb	r3, [r5, #1]	@ zero_extendqisi2
 285              	.LVL43:
 205:Middlewares/Third_Party/LwIP/src/core/ipv4/ip4_addr.c ****       c = *++cp;
 286              		.loc 1 205 0
 287 007c 0437     		adds	r7, r7, #4
 288              	.LVL44:
 289              		.loc 1 206 0
 290 007e 0135     		adds	r5, r5, #1
 291              	.LVL45:
 292              	.L27:
 170:Middlewares/Third_Party/LwIP/src/core/ipv4/ip4_addr.c ****       return 0;
 293              		.loc 1 170 0
 294 0080 A3F13002 		sub	r2, r3, #48
 295 0084 D2B2     		uxtb	r2, r2
 296 0086 092A     		cmp	r2, #9
ARM GAS  C:\Users\Student\AppData\Local\Temp\ccTgI7sk.s 			page 10


 297 0088 53D8     		bhi	.L35
 298              	.LVL46:
 175:Middlewares/Third_Party/LwIP/src/core/ipv4/ip4_addr.c ****       c = *++cp;
 299              		.loc 1 175 0
 300 008a 302B     		cmp	r3, #48
 301 008c BFD0     		beq	.L52
 174:Middlewares/Third_Party/LwIP/src/core/ipv4/ip4_addr.c ****     if (c == '0') {
 302              		.loc 1 174 0
 303 008e 0A21     		movs	r1, #10
 304              	.LVL47:
 305              	.L19:
 178:Middlewares/Third_Party/LwIP/src/core/ipv4/ip4_addr.c ****         c = *++cp;
 306              		.loc 1 178 0
 307 0090 0020     		movs	r0, #0
 308 0092 DEE7     		b	.L20
 309              	.LVL48:
 310              	.L26:
 207:Middlewares/Third_Party/LwIP/src/core/ipv4/ip4_addr.c ****     } else {
 208:Middlewares/Third_Party/LwIP/src/core/ipv4/ip4_addr.c ****       break;
 209:Middlewares/Third_Party/LwIP/src/core/ipv4/ip4_addr.c ****     }
 210:Middlewares/Third_Party/LwIP/src/core/ipv4/ip4_addr.c ****   }
 211:Middlewares/Third_Party/LwIP/src/core/ipv4/ip4_addr.c ****   /*
 212:Middlewares/Third_Party/LwIP/src/core/ipv4/ip4_addr.c ****    * Check for trailing characters.
 213:Middlewares/Third_Party/LwIP/src/core/ipv4/ip4_addr.c ****    */
 214:Middlewares/Third_Party/LwIP/src/core/ipv4/ip4_addr.c ****   if (c != '\0' && !isspace(c)) {
 311              		.loc 1 214 0
 312 0094 9BB1     		cbz	r3, .L28
 313              		.loc 1 214 0 is_stmt 0 discriminator 1
 314 0096 202B     		cmp	r3, #32
 315 0098 18BF     		it	ne
 316 009a 0C2B     		cmpne	r3, #12
 317 009c 0FD0     		beq	.L28
 318              		.loc 1 214 0 discriminator 2
 319 009e B3F10D02 		subs	r2, r3, #13
 320 00a2 18BF     		it	ne
 321 00a4 0122     		movne	r2, #1
 322 00a6 0A2B     		cmp	r3, #10
 323 00a8 09D0     		beq	.L28
 324 00aa 42B1     		cbz	r2, .L28
 325              		.loc 1 214 0 discriminator 3
 326 00ac B3F10B02 		subs	r2, r3, #11
 327 00b0 18BF     		it	ne
 328 00b2 0122     		movne	r2, #1
 329 00b4 092B     		cmp	r3, #9
 330 00b6 02D0     		beq	.L28
 331 00b8 0AB1     		cbz	r2, .L28
 215:Middlewares/Third_Party/LwIP/src/core/ipv4/ip4_addr.c ****     return 0;
 332              		.loc 1 215 0 is_stmt 1
 333 00ba 0023     		movs	r3, #0
 334              	.LVL49:
 335 00bc 3CE0     		b	.L17
 336              	.LVL50:
 337              	.L28:
 216:Middlewares/Third_Party/LwIP/src/core/ipv4/ip4_addr.c ****   }
 217:Middlewares/Third_Party/LwIP/src/core/ipv4/ip4_addr.c ****   /*
 218:Middlewares/Third_Party/LwIP/src/core/ipv4/ip4_addr.c ****    * Concoct the address according to
 219:Middlewares/Third_Party/LwIP/src/core/ipv4/ip4_addr.c ****    * the number of parts specified.
ARM GAS  C:\Users\Student\AppData\Local\Temp\ccTgI7sk.s 			page 11


 220:Middlewares/Third_Party/LwIP/src/core/ipv4/ip4_addr.c ****    */
 221:Middlewares/Third_Party/LwIP/src/core/ipv4/ip4_addr.c ****   switch (pp - parts + 1) {
 338              		.loc 1 221 0
 339 00be 6B46     		mov	r3, sp
 340              	.LVL51:
 341 00c0 FB1A     		subs	r3, r7, r3
 342 00c2 9B10     		asrs	r3, r3, #2
 343 00c4 0133     		adds	r3, r3, #1
 344 00c6 042B     		cmp	r3, #4
 345 00c8 0CD8     		bhi	.L30
 346 00ca DFE803F0 		tbb	[pc, r3]
 347              	.L31:
 348 00ce 35       		.byte	(.L17-.L31)/2
 349 00cf 0B       		.byte	(.L30-.L31)/2
 350 00d0 03       		.byte	(.L32-.L31)/2
 351 00d1 12       		.byte	(.L33-.L31)/2
 352 00d2 20       		.byte	(.L34-.L31)/2
 353 00d3 00       		.p2align 1
 354              	.L32:
 222:Middlewares/Third_Party/LwIP/src/core/ipv4/ip4_addr.c **** 
 223:Middlewares/Third_Party/LwIP/src/core/ipv4/ip4_addr.c ****   case 0:
 224:Middlewares/Third_Party/LwIP/src/core/ipv4/ip4_addr.c ****     return 0;       /* initial nondigit */
 225:Middlewares/Third_Party/LwIP/src/core/ipv4/ip4_addr.c **** 
 226:Middlewares/Third_Party/LwIP/src/core/ipv4/ip4_addr.c ****   case 1:             /* a -- 32 bits */
 227:Middlewares/Third_Party/LwIP/src/core/ipv4/ip4_addr.c ****     break;
 228:Middlewares/Third_Party/LwIP/src/core/ipv4/ip4_addr.c **** 
 229:Middlewares/Third_Party/LwIP/src/core/ipv4/ip4_addr.c ****   case 2:             /* a.b -- 8.24 bits */
 230:Middlewares/Third_Party/LwIP/src/core/ipv4/ip4_addr.c ****     if (val > 0xffffffUL) {
 355              		.loc 1 230 0
 356 00d4 B0F1807F 		cmp	r0, #16777216
 357 00d8 31D2     		bcs	.L41
 231:Middlewares/Third_Party/LwIP/src/core/ipv4/ip4_addr.c ****       return 0;
 232:Middlewares/Third_Party/LwIP/src/core/ipv4/ip4_addr.c ****     }
 233:Middlewares/Third_Party/LwIP/src/core/ipv4/ip4_addr.c ****     if (parts[0] > 0xff) {
 358              		.loc 1 233 0
 359 00da 009B     		ldr	r3, [sp]
 360 00dc FF2B     		cmp	r3, #255
 361 00de 30D8     		bhi	.L42
 234:Middlewares/Third_Party/LwIP/src/core/ipv4/ip4_addr.c ****       return 0;
 235:Middlewares/Third_Party/LwIP/src/core/ipv4/ip4_addr.c ****     }
 236:Middlewares/Third_Party/LwIP/src/core/ipv4/ip4_addr.c ****     val |= parts[0] << 24;
 362              		.loc 1 236 0
 363 00e0 40EA0360 		orr	r0, r0, r3, lsl #24
 364              	.LVL52:
 365              	.L30:
 237:Middlewares/Third_Party/LwIP/src/core/ipv4/ip4_addr.c ****     break;
 238:Middlewares/Third_Party/LwIP/src/core/ipv4/ip4_addr.c **** 
 239:Middlewares/Third_Party/LwIP/src/core/ipv4/ip4_addr.c ****   case 3:             /* a.b.c -- 8.8.16 bits */
 240:Middlewares/Third_Party/LwIP/src/core/ipv4/ip4_addr.c ****     if (val > 0xffff) {
 241:Middlewares/Third_Party/LwIP/src/core/ipv4/ip4_addr.c ****       return 0;
 242:Middlewares/Third_Party/LwIP/src/core/ipv4/ip4_addr.c ****     }
 243:Middlewares/Third_Party/LwIP/src/core/ipv4/ip4_addr.c ****     if ((parts[0] > 0xff) || (parts[1] > 0xff)) {
 244:Middlewares/Third_Party/LwIP/src/core/ipv4/ip4_addr.c ****       return 0;
 245:Middlewares/Third_Party/LwIP/src/core/ipv4/ip4_addr.c ****     }
 246:Middlewares/Third_Party/LwIP/src/core/ipv4/ip4_addr.c ****     val |= (parts[0] << 24) | (parts[1] << 16);
 247:Middlewares/Third_Party/LwIP/src/core/ipv4/ip4_addr.c ****     break;
 248:Middlewares/Third_Party/LwIP/src/core/ipv4/ip4_addr.c **** 
ARM GAS  C:\Users\Student\AppData\Local\Temp\ccTgI7sk.s 			page 12


 249:Middlewares/Third_Party/LwIP/src/core/ipv4/ip4_addr.c ****   case 4:             /* a.b.c.d -- 8.8.8.8 bits */
 250:Middlewares/Third_Party/LwIP/src/core/ipv4/ip4_addr.c ****     if (val > 0xff) {
 251:Middlewares/Third_Party/LwIP/src/core/ipv4/ip4_addr.c ****       return 0;
 252:Middlewares/Third_Party/LwIP/src/core/ipv4/ip4_addr.c ****     }
 253:Middlewares/Third_Party/LwIP/src/core/ipv4/ip4_addr.c ****     if ((parts[0] > 0xff) || (parts[1] > 0xff) || (parts[2] > 0xff)) {
 254:Middlewares/Third_Party/LwIP/src/core/ipv4/ip4_addr.c ****       return 0;
 255:Middlewares/Third_Party/LwIP/src/core/ipv4/ip4_addr.c ****     }
 256:Middlewares/Third_Party/LwIP/src/core/ipv4/ip4_addr.c ****     val |= (parts[0] << 24) | (parts[1] << 16) | (parts[2] << 8);
 257:Middlewares/Third_Party/LwIP/src/core/ipv4/ip4_addr.c ****     break;
 258:Middlewares/Third_Party/LwIP/src/core/ipv4/ip4_addr.c ****   default:
 259:Middlewares/Third_Party/LwIP/src/core/ipv4/ip4_addr.c ****     LWIP_ASSERT("unhandled", 0);
 260:Middlewares/Third_Party/LwIP/src/core/ipv4/ip4_addr.c ****     break;
 261:Middlewares/Third_Party/LwIP/src/core/ipv4/ip4_addr.c ****   }
 262:Middlewares/Third_Party/LwIP/src/core/ipv4/ip4_addr.c ****   if (addr) {
 366              		.loc 1 262 0
 367 00e4 002C     		cmp	r4, #0
 368 00e6 3CD0     		beq	.L50
 263:Middlewares/Third_Party/LwIP/src/core/ipv4/ip4_addr.c ****     ip4_addr_set_u32(addr, lwip_htonl(val));
 369              		.loc 1 263 0
 370 00e8 FFF7FEFF 		bl	lwip_htonl
 371              	.LVL53:
 372 00ec 2060     		str	r0, [r4]
 264:Middlewares/Third_Party/LwIP/src/core/ipv4/ip4_addr.c ****   }
 265:Middlewares/Third_Party/LwIP/src/core/ipv4/ip4_addr.c ****   return 1;
 373              		.loc 1 265 0
 374 00ee 0123     		movs	r3, #1
 375 00f0 22E0     		b	.L17
 376              	.LVL54:
 377              	.L33:
 240:Middlewares/Third_Party/LwIP/src/core/ipv4/ip4_addr.c ****       return 0;
 378              		.loc 1 240 0
 379 00f2 B0F5803F 		cmp	r0, #65536
 380 00f6 26D2     		bcs	.L43
 243:Middlewares/Third_Party/LwIP/src/core/ipv4/ip4_addr.c ****       return 0;
 381              		.loc 1 243 0
 382 00f8 009A     		ldr	r2, [sp]
 383 00fa FF2A     		cmp	r2, #255
 384 00fc 25D8     		bhi	.L44
 243:Middlewares/Third_Party/LwIP/src/core/ipv4/ip4_addr.c ****       return 0;
 385              		.loc 1 243 0 is_stmt 0 discriminator 1
 386 00fe 019B     		ldr	r3, [sp, #4]
 387 0100 FF2B     		cmp	r3, #255
 388 0102 24D8     		bhi	.L45
 246:Middlewares/Third_Party/LwIP/src/core/ipv4/ip4_addr.c ****     break;
 389              		.loc 1 246 0 is_stmt 1
 390 0104 1B04     		lsls	r3, r3, #16
 391 0106 43EA0263 		orr	r3, r3, r2, lsl #24
 392 010a 1843     		orrs	r0, r0, r3
 393              	.LVL55:
 247:Middlewares/Third_Party/LwIP/src/core/ipv4/ip4_addr.c **** 
 394              		.loc 1 247 0
 395 010c EAE7     		b	.L30
 396              	.L34:
 250:Middlewares/Third_Party/LwIP/src/core/ipv4/ip4_addr.c ****       return 0;
 397              		.loc 1 250 0
 398 010e FF28     		cmp	r0, #255
 399 0110 1FD8     		bhi	.L46
ARM GAS  C:\Users\Student\AppData\Local\Temp\ccTgI7sk.s 			page 13


 253:Middlewares/Third_Party/LwIP/src/core/ipv4/ip4_addr.c ****       return 0;
 400              		.loc 1 253 0
 401 0112 0099     		ldr	r1, [sp]
 402              	.LVL56:
 403 0114 FF29     		cmp	r1, #255
 404 0116 1ED8     		bhi	.L47
 253:Middlewares/Third_Party/LwIP/src/core/ipv4/ip4_addr.c ****       return 0;
 405              		.loc 1 253 0 is_stmt 0 discriminator 1
 406 0118 019B     		ldr	r3, [sp, #4]
 407 011a FF2B     		cmp	r3, #255
 408 011c 1DD8     		bhi	.L48
 253:Middlewares/Third_Party/LwIP/src/core/ipv4/ip4_addr.c ****       return 0;
 409              		.loc 1 253 0 discriminator 2
 410 011e 029A     		ldr	r2, [sp, #8]
 411 0120 FF2A     		cmp	r2, #255
 412 0122 1CD8     		bhi	.L49
 256:Middlewares/Third_Party/LwIP/src/core/ipv4/ip4_addr.c ****     break;
 413              		.loc 1 256 0 is_stmt 1
 414 0124 1B04     		lsls	r3, r3, #16
 415 0126 43EA0163 		orr	r3, r3, r1, lsl #24
 416 012a 43EA0223 		orr	r3, r3, r2, lsl #8
 417 012e 1843     		orrs	r0, r0, r3
 418              	.LVL57:
 257:Middlewares/Third_Party/LwIP/src/core/ipv4/ip4_addr.c ****   default:
 419              		.loc 1 257 0
 420 0130 D8E7     		b	.L30
 421              	.LVL58:
 422              	.L35:
 171:Middlewares/Third_Party/LwIP/src/core/ipv4/ip4_addr.c ****     }
 423              		.loc 1 171 0
 424 0132 0023     		movs	r3, #0
 425              	.LVL59:
 426 0134 00E0     		b	.L17
 427              	.LVL60:
 428              	.L39:
 203:Middlewares/Third_Party/LwIP/src/core/ipv4/ip4_addr.c ****       }
 429              		.loc 1 203 0
 430 0136 0023     		movs	r3, #0
 431              	.LVL61:
 432              	.L17:
 266:Middlewares/Third_Party/LwIP/src/core/ipv4/ip4_addr.c **** }
 433              		.loc 1 266 0
 434 0138 1846     		mov	r0, r3
 435 013a 05B0     		add	sp, sp, #20
 436              	.LCFI3:
 437              		.cfi_remember_state
 438              		.cfi_def_cfa_offset 20
 439              		@ sp needed
 440 013c F0BD     		pop	{r4, r5, r6, r7, pc}
 441              	.LVL62:
 442              	.L41:
 443              	.LCFI4:
 444              		.cfi_restore_state
 231:Middlewares/Third_Party/LwIP/src/core/ipv4/ip4_addr.c ****     }
 445              		.loc 1 231 0
 446 013e 0023     		movs	r3, #0
 447 0140 FAE7     		b	.L17
ARM GAS  C:\Users\Student\AppData\Local\Temp\ccTgI7sk.s 			page 14


 448              	.L42:
 234:Middlewares/Third_Party/LwIP/src/core/ipv4/ip4_addr.c ****     }
 449              		.loc 1 234 0
 450 0142 0023     		movs	r3, #0
 451 0144 F8E7     		b	.L17
 452              	.L43:
 241:Middlewares/Third_Party/LwIP/src/core/ipv4/ip4_addr.c ****     }
 453              		.loc 1 241 0
 454 0146 0023     		movs	r3, #0
 455 0148 F6E7     		b	.L17
 456              	.L44:
 244:Middlewares/Third_Party/LwIP/src/core/ipv4/ip4_addr.c ****     }
 457              		.loc 1 244 0
 458 014a 0023     		movs	r3, #0
 459 014c F4E7     		b	.L17
 460              	.L45:
 461 014e 0023     		movs	r3, #0
 462 0150 F2E7     		b	.L17
 463              	.L46:
 251:Middlewares/Third_Party/LwIP/src/core/ipv4/ip4_addr.c ****     }
 464              		.loc 1 251 0
 465 0152 0023     		movs	r3, #0
 466 0154 F0E7     		b	.L17
 467              	.LVL63:
 468              	.L47:
 254:Middlewares/Third_Party/LwIP/src/core/ipv4/ip4_addr.c ****     }
 469              		.loc 1 254 0
 470 0156 0023     		movs	r3, #0
 471 0158 EEE7     		b	.L17
 472              	.L48:
 473 015a 0023     		movs	r3, #0
 474 015c ECE7     		b	.L17
 475              	.L49:
 476 015e 0023     		movs	r3, #0
 477 0160 EAE7     		b	.L17
 478              	.L50:
 265:Middlewares/Third_Party/LwIP/src/core/ipv4/ip4_addr.c **** }
 479              		.loc 1 265 0
 480 0162 0123     		movs	r3, #1
 481 0164 E8E7     		b	.L17
 482              		.cfi_endproc
 483              	.LFE139:
 485              		.section	.text.ipaddr_addr,"ax",%progbits
 486              		.align	1
 487              		.global	ipaddr_addr
 488              		.syntax unified
 489              		.thumb
 490              		.thumb_func
 491              		.fpu fpv5-sp-d16
 493              	ipaddr_addr:
 494              	.LFB138:
 134:Middlewares/Third_Party/LwIP/src/core/ipv4/ip4_addr.c ****   ip4_addr_t val;
 495              		.loc 1 134 0
 496              		.cfi_startproc
 497              		@ args = 0, pretend = 0, frame = 8
 498              		@ frame_needed = 0, uses_anonymous_args = 0
 499              	.LVL64:
ARM GAS  C:\Users\Student\AppData\Local\Temp\ccTgI7sk.s 			page 15


 500 0000 00B5     		push	{lr}
 501              	.LCFI5:
 502              		.cfi_def_cfa_offset 4
 503              		.cfi_offset 14, -4
 504 0002 83B0     		sub	sp, sp, #12
 505              	.LCFI6:
 506              		.cfi_def_cfa_offset 16
 137:Middlewares/Third_Party/LwIP/src/core/ipv4/ip4_addr.c ****     return ip4_addr_get_u32(&val);
 507              		.loc 1 137 0
 508 0004 01A9     		add	r1, sp, #4
 509 0006 FFF7FEFF 		bl	ip4addr_aton
 510              	.LVL65:
 511 000a 20B9     		cbnz	r0, .L57
 140:Middlewares/Third_Party/LwIP/src/core/ipv4/ip4_addr.c **** }
 512              		.loc 1 140 0
 513 000c 4FF0FF30 		mov	r0, #-1
 514              	.L53:
 141:Middlewares/Third_Party/LwIP/src/core/ipv4/ip4_addr.c **** 
 515              		.loc 1 141 0
 516 0010 03B0     		add	sp, sp, #12
 517              	.LCFI7:
 518              		.cfi_remember_state
 519              		.cfi_def_cfa_offset 4
 520              		@ sp needed
 521 0012 5DF804FB 		ldr	pc, [sp], #4
 522              	.L57:
 523              	.LCFI8:
 524              		.cfi_restore_state
 138:Middlewares/Third_Party/LwIP/src/core/ipv4/ip4_addr.c ****   }
 525              		.loc 1 138 0
 526 0016 0198     		ldr	r0, [sp, #4]
 527 0018 FAE7     		b	.L53
 528              		.cfi_endproc
 529              	.LFE138:
 531              		.section	.text.ip4addr_ntoa_r,"ax",%progbits
 532              		.align	1
 533              		.global	ip4addr_ntoa_r
 534              		.syntax unified
 535              		.thumb
 536              		.thumb_func
 537              		.fpu fpv5-sp-d16
 539              	ip4addr_ntoa_r:
 540              	.LFB141:
 267:Middlewares/Third_Party/LwIP/src/core/ipv4/ip4_addr.c **** 
 268:Middlewares/Third_Party/LwIP/src/core/ipv4/ip4_addr.c **** /**
 269:Middlewares/Third_Party/LwIP/src/core/ipv4/ip4_addr.c ****  * Convert numeric IP address into decimal dotted ASCII representation.
 270:Middlewares/Third_Party/LwIP/src/core/ipv4/ip4_addr.c ****  * returns ptr to static buffer; not reentrant!
 271:Middlewares/Third_Party/LwIP/src/core/ipv4/ip4_addr.c ****  *
 272:Middlewares/Third_Party/LwIP/src/core/ipv4/ip4_addr.c ****  * @param addr ip address in network order to convert
 273:Middlewares/Third_Party/LwIP/src/core/ipv4/ip4_addr.c ****  * @return pointer to a global static (!) buffer that holds the ASCII
 274:Middlewares/Third_Party/LwIP/src/core/ipv4/ip4_addr.c ****  *         representation of addr
 275:Middlewares/Third_Party/LwIP/src/core/ipv4/ip4_addr.c ****  */
 276:Middlewares/Third_Party/LwIP/src/core/ipv4/ip4_addr.c **** char*
 277:Middlewares/Third_Party/LwIP/src/core/ipv4/ip4_addr.c **** ip4addr_ntoa(const ip4_addr_t *addr)
 278:Middlewares/Third_Party/LwIP/src/core/ipv4/ip4_addr.c **** {
 279:Middlewares/Third_Party/LwIP/src/core/ipv4/ip4_addr.c ****   static char str[IP4ADDR_STRLEN_MAX];
 280:Middlewares/Third_Party/LwIP/src/core/ipv4/ip4_addr.c ****   return ip4addr_ntoa_r(addr, str, IP4ADDR_STRLEN_MAX);
ARM GAS  C:\Users\Student\AppData\Local\Temp\ccTgI7sk.s 			page 16


 281:Middlewares/Third_Party/LwIP/src/core/ipv4/ip4_addr.c **** }
 282:Middlewares/Third_Party/LwIP/src/core/ipv4/ip4_addr.c **** 
 283:Middlewares/Third_Party/LwIP/src/core/ipv4/ip4_addr.c **** /**
 284:Middlewares/Third_Party/LwIP/src/core/ipv4/ip4_addr.c ****  * Same as ipaddr_ntoa, but reentrant since a user-supplied buffer is used.
 285:Middlewares/Third_Party/LwIP/src/core/ipv4/ip4_addr.c ****  *
 286:Middlewares/Third_Party/LwIP/src/core/ipv4/ip4_addr.c ****  * @param addr ip address in network order to convert
 287:Middlewares/Third_Party/LwIP/src/core/ipv4/ip4_addr.c ****  * @param buf target buffer where the string is stored
 288:Middlewares/Third_Party/LwIP/src/core/ipv4/ip4_addr.c ****  * @param buflen length of buf
 289:Middlewares/Third_Party/LwIP/src/core/ipv4/ip4_addr.c ****  * @return either pointer to buf which now holds the ASCII
 290:Middlewares/Third_Party/LwIP/src/core/ipv4/ip4_addr.c ****  *         representation of addr or NULL if buf was too small
 291:Middlewares/Third_Party/LwIP/src/core/ipv4/ip4_addr.c ****  */
 292:Middlewares/Third_Party/LwIP/src/core/ipv4/ip4_addr.c **** char*
 293:Middlewares/Third_Party/LwIP/src/core/ipv4/ip4_addr.c **** ip4addr_ntoa_r(const ip4_addr_t *addr, char *buf, int buflen)
 294:Middlewares/Third_Party/LwIP/src/core/ipv4/ip4_addr.c **** {
 541              		.loc 1 294 0
 542              		.cfi_startproc
 543              		@ args = 0, pretend = 0, frame = 8
 544              		@ frame_needed = 0, uses_anonymous_args = 0
 545              	.LVL66:
 546 0000 2DE9F043 		push	{r4, r5, r6, r7, r8, r9, lr}
 547              	.LCFI9:
 548              		.cfi_def_cfa_offset 28
 549              		.cfi_offset 4, -28
 550              		.cfi_offset 5, -24
 551              		.cfi_offset 6, -20
 552              		.cfi_offset 7, -16
 553              		.cfi_offset 8, -12
 554              		.cfi_offset 9, -8
 555              		.cfi_offset 14, -4
 556 0004 83B0     		sub	sp, sp, #12
 557              	.LCFI10:
 558              		.cfi_def_cfa_offset 40
 559 0006 8946     		mov	r9, r1
 560              	.LVL67:
 295:Middlewares/Third_Party/LwIP/src/core/ipv4/ip4_addr.c ****   u32_t s_addr;
 296:Middlewares/Third_Party/LwIP/src/core/ipv4/ip4_addr.c ****   char inv[3];
 297:Middlewares/Third_Party/LwIP/src/core/ipv4/ip4_addr.c ****   char *rp;
 298:Middlewares/Third_Party/LwIP/src/core/ipv4/ip4_addr.c ****   u8_t *ap;
 299:Middlewares/Third_Party/LwIP/src/core/ipv4/ip4_addr.c ****   u8_t rem;
 300:Middlewares/Third_Party/LwIP/src/core/ipv4/ip4_addr.c ****   u8_t n;
 301:Middlewares/Third_Party/LwIP/src/core/ipv4/ip4_addr.c ****   u8_t i;
 302:Middlewares/Third_Party/LwIP/src/core/ipv4/ip4_addr.c ****   int len = 0;
 303:Middlewares/Third_Party/LwIP/src/core/ipv4/ip4_addr.c **** 
 304:Middlewares/Third_Party/LwIP/src/core/ipv4/ip4_addr.c ****   s_addr = ip4_addr_get_u32(addr);
 561              		.loc 1 304 0
 562 0008 0368     		ldr	r3, [r0]
 563 000a 0DF1080E 		add	lr, sp, #8
 564 000e 4EF8043D 		str	r3, [lr, #-4]!
 565              	.LVL68:
 305:Middlewares/Third_Party/LwIP/src/core/ipv4/ip4_addr.c **** 
 306:Middlewares/Third_Party/LwIP/src/core/ipv4/ip4_addr.c ****   rp = buf;
 566              		.loc 1 306 0
 567 0012 0F46     		mov	r7, r1
 302:Middlewares/Third_Party/LwIP/src/core/ipv4/ip4_addr.c **** 
 568              		.loc 1 302 0
 569 0014 0026     		movs	r6, #0
 307:Middlewares/Third_Party/LwIP/src/core/ipv4/ip4_addr.c ****   ap = (u8_t *)&s_addr;
ARM GAS  C:\Users\Student\AppData\Local\Temp\ccTgI7sk.s 			page 17


 308:Middlewares/Third_Party/LwIP/src/core/ipv4/ip4_addr.c ****   for (n = 0; n < 4; n++) {
 570              		.loc 1 308 0
 571 0016 3046     		mov	r0, r6
 572              	.LVL69:
 573              	.L59:
 574              		.loc 1 308 0 is_stmt 0 discriminator 1
 575 0018 0328     		cmp	r0, #3
 576 001a 38D8     		bhi	.L68
 577 001c 0025     		movs	r5, #0
 578              	.L60:
 579              	.LVL70:
 309:Middlewares/Third_Party/LwIP/src/core/ipv4/ip4_addr.c ****     i = 0;
 310:Middlewares/Third_Party/LwIP/src/core/ipv4/ip4_addr.c ****     do {
 311:Middlewares/Third_Party/LwIP/src/core/ipv4/ip4_addr.c ****       rem = *ap % (u8_t)10;
 580              		.loc 1 311 0 is_stmt 1 discriminator 1
 581 001e 9EF80040 		ldrb	r4, [lr]	@ zero_extendqisi2
 582 0022 204B     		ldr	r3, .L70
 583 0024 A3FB0413 		umull	r1, r3, r3, r4
 584 0028 DB08     		lsrs	r3, r3, #3
 585 002a 03EB8308 		add	r8, r3, r3, lsl #2
 586 002e 4FEA480C 		lsl	ip, r8, #1
 587 0032 A4EB0C04 		sub	r4, r4, ip
 588 0036 E4B2     		uxtb	r4, r4
 589              	.LVL71:
 312:Middlewares/Third_Party/LwIP/src/core/ipv4/ip4_addr.c ****       *ap /= (u8_t)10;
 590              		.loc 1 312 0 discriminator 1
 591 0038 DBB2     		uxtb	r3, r3
 592 003a 8EF80030 		strb	r3, [lr]
 313:Middlewares/Third_Party/LwIP/src/core/ipv4/ip4_addr.c ****       inv[i++] = '0' + rem;
 593              		.loc 1 313 0 discriminator 1
 594 003e 05F1010C 		add	ip, r5, #1
 595 0042 5FFA8CF1 		uxtb	r1, ip
 596              	.LVL72:
 597 0046 3034     		adds	r4, r4, #48
 598              	.LVL73:
 599 0048 0DF1080C 		add	ip, sp, #8
 600 004c 6544     		add	r5, r5, ip
 601 004e 05F8084C 		strb	r4, [r5, #-8]
 602 0052 0D46     		mov	r5, r1
 314:Middlewares/Third_Party/LwIP/src/core/ipv4/ip4_addr.c ****     } while (*ap);
 603              		.loc 1 314 0 discriminator 1
 604 0054 002B     		cmp	r3, #0
 605 0056 E2D1     		bne	.L60
 606              	.LVL74:
 607              	.L61:
 315:Middlewares/Third_Party/LwIP/src/core/ipv4/ip4_addr.c ****     while (i--) {
 608              		.loc 1 315 0
 609 0058 4B1E     		subs	r3, r1, #1
 610 005a DBB2     		uxtb	r3, r3
 611              	.LVL75:
 612 005c 59B1     		cbz	r1, .L69
 316:Middlewares/Third_Party/LwIP/src/core/ipv4/ip4_addr.c ****       if (len++ >= buflen) {
 613              		.loc 1 316 0
 614 005e 741C     		adds	r4, r6, #1
 615              	.LVL76:
 616 0060 9642     		cmp	r6, r2
 617 0062 19DA     		bge	.L64
ARM GAS  C:\Users\Student\AppData\Local\Temp\ccTgI7sk.s 			page 18


 618              	.LVL77:
 317:Middlewares/Third_Party/LwIP/src/core/ipv4/ip4_addr.c ****         return NULL;
 318:Middlewares/Third_Party/LwIP/src/core/ipv4/ip4_addr.c ****       }
 319:Middlewares/Third_Party/LwIP/src/core/ipv4/ip4_addr.c ****       *rp++ = inv[i];
 619              		.loc 1 319 0
 620 0064 02A9     		add	r1, sp, #8
 621 0066 CD18     		adds	r5, r1, r3
 622 0068 15F8085C 		ldrb	r5, [r5, #-8]	@ zero_extendqisi2
 623 006c 3D70     		strb	r5, [r7]
 316:Middlewares/Third_Party/LwIP/src/core/ipv4/ip4_addr.c ****       if (len++ >= buflen) {
 624              		.loc 1 316 0
 625 006e 2646     		mov	r6, r4
 315:Middlewares/Third_Party/LwIP/src/core/ipv4/ip4_addr.c ****       if (len++ >= buflen) {
 626              		.loc 1 315 0
 627 0070 1946     		mov	r1, r3
 628              		.loc 1 319 0
 629 0072 0137     		adds	r7, r7, #1
 630              	.LVL78:
 631 0074 F0E7     		b	.L61
 632              	.LVL79:
 633              	.L69:
 320:Middlewares/Third_Party/LwIP/src/core/ipv4/ip4_addr.c ****     }
 321:Middlewares/Third_Party/LwIP/src/core/ipv4/ip4_addr.c ****     if (len++ >= buflen) {
 634              		.loc 1 321 0
 635 0076 731C     		adds	r3, r6, #1
 636              	.LVL80:
 637 0078 9642     		cmp	r6, r2
 638 007a 11DA     		bge	.L65
 639              	.LVL81:
 322:Middlewares/Third_Party/LwIP/src/core/ipv4/ip4_addr.c ****       return NULL;
 323:Middlewares/Third_Party/LwIP/src/core/ipv4/ip4_addr.c ****     }
 324:Middlewares/Third_Party/LwIP/src/core/ipv4/ip4_addr.c ****     *rp++ = '.';
 640              		.loc 1 324 0 discriminator 2
 641 007c 2E24     		movs	r4, #46
 642 007e 3C70     		strb	r4, [r7]
 325:Middlewares/Third_Party/LwIP/src/core/ipv4/ip4_addr.c ****     ap++;
 643              		.loc 1 325 0 discriminator 2
 644 0080 0EF1010E 		add	lr, lr, #1
 645              	.LVL82:
 308:Middlewares/Third_Party/LwIP/src/core/ipv4/ip4_addr.c ****     i = 0;
 646              		.loc 1 308 0 discriminator 2
 647 0084 0130     		adds	r0, r0, #1
 648              	.LVL83:
 649 0086 C0B2     		uxtb	r0, r0
 650              	.LVL84:
 321:Middlewares/Third_Party/LwIP/src/core/ipv4/ip4_addr.c ****       return NULL;
 651              		.loc 1 321 0 discriminator 2
 652 0088 1E46     		mov	r6, r3
 324:Middlewares/Third_Party/LwIP/src/core/ipv4/ip4_addr.c ****     ap++;
 653              		.loc 1 324 0 discriminator 2
 654 008a 0137     		adds	r7, r7, #1
 655              	.LVL85:
 656 008c C4E7     		b	.L59
 657              	.LVL86:
 658              	.L68:
 326:Middlewares/Third_Party/LwIP/src/core/ipv4/ip4_addr.c ****   }
 327:Middlewares/Third_Party/LwIP/src/core/ipv4/ip4_addr.c ****   *--rp = 0;
ARM GAS  C:\Users\Student\AppData\Local\Temp\ccTgI7sk.s 			page 19


 659              		.loc 1 327 0
 660 008e 0023     		movs	r3, #0
 661 0090 07F8013C 		strb	r3, [r7, #-1]
 328:Middlewares/Third_Party/LwIP/src/core/ipv4/ip4_addr.c ****   return buf;
 662              		.loc 1 328 0
 663 0094 4846     		mov	r0, r9
 664              	.LVL87:
 665 0096 00E0     		b	.L58
 666              	.LVL88:
 667              	.L64:
 317:Middlewares/Third_Party/LwIP/src/core/ipv4/ip4_addr.c ****       }
 668              		.loc 1 317 0
 669 0098 0020     		movs	r0, #0
 670              	.LVL89:
 671              	.L58:
 329:Middlewares/Third_Party/LwIP/src/core/ipv4/ip4_addr.c **** }
 672              		.loc 1 329 0
 673 009a 03B0     		add	sp, sp, #12
 674              	.LCFI11:
 675              		.cfi_remember_state
 676              		.cfi_def_cfa_offset 28
 677              		@ sp needed
 678 009c BDE8F083 		pop	{r4, r5, r6, r7, r8, r9, pc}
 679              	.LVL90:
 680              	.L65:
 681              	.LCFI12:
 682              		.cfi_restore_state
 322:Middlewares/Third_Party/LwIP/src/core/ipv4/ip4_addr.c ****     }
 683              		.loc 1 322 0
 684 00a0 0020     		movs	r0, #0
 685              	.LVL91:
 686 00a2 FAE7     		b	.L58
 687              	.L71:
 688              		.align	2
 689              	.L70:
 690 00a4 CDCCCCCC 		.word	-858993459
 691              		.cfi_endproc
 692              	.LFE141:
 694              		.section	.text.ip4addr_ntoa,"ax",%progbits
 695              		.align	1
 696              		.global	ip4addr_ntoa
 697              		.syntax unified
 698              		.thumb
 699              		.thumb_func
 700              		.fpu fpv5-sp-d16
 702              	ip4addr_ntoa:
 703              	.LFB140:
 278:Middlewares/Third_Party/LwIP/src/core/ipv4/ip4_addr.c ****   static char str[IP4ADDR_STRLEN_MAX];
 704              		.loc 1 278 0
 705              		.cfi_startproc
 706              		@ args = 0, pretend = 0, frame = 0
 707              		@ frame_needed = 0, uses_anonymous_args = 0
 708              	.LVL92:
 709 0000 08B5     		push	{r3, lr}
 710              	.LCFI13:
 711              		.cfi_def_cfa_offset 8
 712              		.cfi_offset 3, -8
ARM GAS  C:\Users\Student\AppData\Local\Temp\ccTgI7sk.s 			page 20


 713              		.cfi_offset 14, -4
 280:Middlewares/Third_Party/LwIP/src/core/ipv4/ip4_addr.c **** }
 714              		.loc 1 280 0
 715 0002 1022     		movs	r2, #16
 716 0004 0149     		ldr	r1, .L74
 717 0006 FFF7FEFF 		bl	ip4addr_ntoa_r
 718              	.LVL93:
 281:Middlewares/Third_Party/LwIP/src/core/ipv4/ip4_addr.c **** 
 719              		.loc 1 281 0
 720 000a 08BD     		pop	{r3, pc}
 721              	.L75:
 722              		.align	2
 723              	.L74:
 724 000c 00000000 		.word	.LANCHOR0
 725              		.cfi_endproc
 726              	.LFE140:
 728              		.global	ip_addr_broadcast
 729              		.global	ip_addr_any
 730              		.section	.bss.str.10562,"aw",%nobits
 731              		.align	2
 732              		.set	.LANCHOR0,. + 0
 735              	str.10562:
 736 0000 00000000 		.space	16
 736      00000000 
 736      00000000 
 736      00000000 
 737              		.section	.rodata.ip_addr_any,"a",%progbits
 738              		.align	2
 741              	ip_addr_any:
 742 0000 00000000 		.space	4
 743              		.section	.rodata.ip_addr_broadcast,"a",%progbits
 744              		.align	2
 747              	ip_addr_broadcast:
 748 0000 FFFFFFFF 		.word	-1
 749              		.text
 750              	.Letext0:
 751              		.file 2 "c:\\gcc_toolchain\\6_2017-q1-update\\arm-none-eabi\\include\\machine\\_default_types.h"
 752              		.file 3 "c:\\gcc_toolchain\\6_2017-q1-update\\arm-none-eabi\\include\\sys\\_stdint.h"
 753              		.file 4 "Drivers/CMSIS/Include/core_cm7.h"
 754              		.file 5 "Drivers/CMSIS/Device/ST/STM32F7xx/Include/system_stm32f7xx.h"
 755              		.file 6 "c:\\gcc_toolchain\\6_2017-q1-update\\arm-none-eabi\\include\\sys\\lock.h"
 756              		.file 7 "c:\\gcc_toolchain\\6_2017-q1-update\\arm-none-eabi\\include\\sys\\_types.h"
 757              		.file 8 "c:\\gcc_toolchain\\6_2017-q1-update\\lib\\gcc\\arm-none-eabi\\6.3.1\\include\\stddef.h"
 758              		.file 9 "c:\\gcc_toolchain\\6_2017-q1-update\\arm-none-eabi\\include\\sys\\reent.h"
 759              		.file 10 "c:\\gcc_toolchain\\6_2017-q1-update\\arm-none-eabi\\include\\stdlib.h"
 760              		.file 11 "Middlewares/Third_Party/LwIP/src/include/lwip/arch.h"
 761              		.file 12 "Middlewares/Third_Party/LwIP/src/include/lwip/ip4_addr.h"
 762              		.file 13 "Middlewares/Third_Party/LwIP/src/include/lwip/ip_addr.h"
 763              		.file 14 "Middlewares/Third_Party/LwIP/src/include/lwip/err.h"
 764              		.file 15 "Middlewares/Third_Party/LwIP/src/include/lwip/pbuf.h"
 765              		.file 16 "Middlewares/Third_Party/LwIP/src/include/lwip/priv/memp_priv.h"
 766              		.file 17 "Middlewares/Third_Party/LwIP/src/include/lwip/memp.h"
 767              		.file 18 "Middlewares/Third_Party/LwIP/src/include/lwip/netif.h"
 768              		.file 19 "Middlewares/Third_Party/LwIP/src/include/lwip/def.h"
ARM GAS  C:\Users\Student\AppData\Local\Temp\ccTgI7sk.s 			page 21


DEFINED SYMBOLS
                            *ABS*:00000000 ip4_addr.c
C:\Users\Student\AppData\Local\Temp\ccTgI7sk.s:18     .text.ip4_addr_isbroadcast_u32:00000000 $t
C:\Users\Student\AppData\Local\Temp\ccTgI7sk.s:25     .text.ip4_addr_isbroadcast_u32:00000000 ip4_addr_isbroadcast_u32
C:\Users\Student\AppData\Local\Temp\ccTgI7sk.s:94     .text.ip4_addr_netmask_valid:00000000 $t
C:\Users\Student\AppData\Local\Temp\ccTgI7sk.s:101    .text.ip4_addr_netmask_valid:00000000 ip4_addr_netmask_valid
C:\Users\Student\AppData\Local\Temp\ccTgI7sk.s:155    .text.ip4addr_aton:00000000 $t
C:\Users\Student\AppData\Local\Temp\ccTgI7sk.s:162    .text.ip4addr_aton:00000000 ip4addr_aton
C:\Users\Student\AppData\Local\Temp\ccTgI7sk.s:348    .text.ip4addr_aton:000000ce $d
C:\Users\Student\AppData\Local\Temp\ccTgI7sk.s:486    .text.ipaddr_addr:00000000 $t
C:\Users\Student\AppData\Local\Temp\ccTgI7sk.s:493    .text.ipaddr_addr:00000000 ipaddr_addr
C:\Users\Student\AppData\Local\Temp\ccTgI7sk.s:532    .text.ip4addr_ntoa_r:00000000 $t
C:\Users\Student\AppData\Local\Temp\ccTgI7sk.s:539    .text.ip4addr_ntoa_r:00000000 ip4addr_ntoa_r
C:\Users\Student\AppData\Local\Temp\ccTgI7sk.s:690    .text.ip4addr_ntoa_r:000000a4 $d
C:\Users\Student\AppData\Local\Temp\ccTgI7sk.s:695    .text.ip4addr_ntoa:00000000 $t
C:\Users\Student\AppData\Local\Temp\ccTgI7sk.s:702    .text.ip4addr_ntoa:00000000 ip4addr_ntoa
C:\Users\Student\AppData\Local\Temp\ccTgI7sk.s:724    .text.ip4addr_ntoa:0000000c $d
C:\Users\Student\AppData\Local\Temp\ccTgI7sk.s:747    .rodata.ip_addr_broadcast:00000000 ip_addr_broadcast
C:\Users\Student\AppData\Local\Temp\ccTgI7sk.s:741    .rodata.ip_addr_any:00000000 ip_addr_any
C:\Users\Student\AppData\Local\Temp\ccTgI7sk.s:731    .bss.str.10562:00000000 $d
C:\Users\Student\AppData\Local\Temp\ccTgI7sk.s:735    .bss.str.10562:00000000 str.10562
C:\Users\Student\AppData\Local\Temp\ccTgI7sk.s:738    .rodata.ip_addr_any:00000000 $d
C:\Users\Student\AppData\Local\Temp\ccTgI7sk.s:744    .rodata.ip_addr_broadcast:00000000 $d
                     .debug_frame:00000010 $d
C:\Users\Student\AppData\Local\Temp\ccTgI7sk.s:353    .text.ip4addr_aton:000000d3 $d
C:\Users\Student\AppData\Local\Temp\ccTgI7sk.s:353    .text.ip4addr_aton:000000d4 $t

UNDEFINED SYMBOLS
lwip_htonl
