ARM GAS  C:\Users\Student\AppData\Local\Temp\ccUkqBtk.s 			page 1


   1              		.cpu cortex-m7
   2              		.eabi_attribute 27, 1
   3              		.eabi_attribute 28, 1
   4              		.eabi_attribute 20, 1
   5              		.eabi_attribute 21, 1
   6              		.eabi_attribute 23, 3
   7              		.eabi_attribute 24, 1
   8              		.eabi_attribute 25, 1
   9              		.eabi_attribute 26, 1
  10              		.eabi_attribute 30, 1
  11              		.eabi_attribute 34, 1
  12              		.eabi_attribute 18, 4
  13              		.file	"memp.c"
  14              		.text
  15              	.Ltext0:
  16              		.cfi_sections	.debug_frame
  17              		.section	.text.do_memp_malloc_pool,"ax",%progbits
  18              		.align	1
  19              		.syntax unified
  20              		.thumb
  21              		.thumb_func
  22              		.fpu fpv5-sp-d16
  24              	do_memp_malloc_pool:
  25              	.LFB143:
  26              		.file 1 "Middlewares/Third_Party/LwIP/src/core/memp.c"
   1:Middlewares/Third_Party/LwIP/src/core/memp.c **** /**
   2:Middlewares/Third_Party/LwIP/src/core/memp.c ****  * @file
   3:Middlewares/Third_Party/LwIP/src/core/memp.c ****  * Dynamic pool memory manager
   4:Middlewares/Third_Party/LwIP/src/core/memp.c ****  *
   5:Middlewares/Third_Party/LwIP/src/core/memp.c ****  * lwIP has dedicated pools for many structures (netconn, protocol control blocks,
   6:Middlewares/Third_Party/LwIP/src/core/memp.c ****  * packet buffers, ...). All these pools are managed here.
   7:Middlewares/Third_Party/LwIP/src/core/memp.c ****  *
   8:Middlewares/Third_Party/LwIP/src/core/memp.c ****  * @defgroup mempool Memory pools
   9:Middlewares/Third_Party/LwIP/src/core/memp.c ****  * @ingroup infrastructure
  10:Middlewares/Third_Party/LwIP/src/core/memp.c ****  * Custom memory pools
  11:Middlewares/Third_Party/LwIP/src/core/memp.c **** 
  12:Middlewares/Third_Party/LwIP/src/core/memp.c ****  */
  13:Middlewares/Third_Party/LwIP/src/core/memp.c **** 
  14:Middlewares/Third_Party/LwIP/src/core/memp.c **** /*
  15:Middlewares/Third_Party/LwIP/src/core/memp.c ****  * Copyright (c) 2001-2004 Swedish Institute of Computer Science.
  16:Middlewares/Third_Party/LwIP/src/core/memp.c ****  * All rights reserved.
  17:Middlewares/Third_Party/LwIP/src/core/memp.c ****  *
  18:Middlewares/Third_Party/LwIP/src/core/memp.c ****  * Redistribution and use in source and binary forms, with or without modification,
  19:Middlewares/Third_Party/LwIP/src/core/memp.c ****  * are permitted provided that the following conditions are met:
  20:Middlewares/Third_Party/LwIP/src/core/memp.c ****  *
  21:Middlewares/Third_Party/LwIP/src/core/memp.c ****  * 1. Redistributions of source code must retain the above copyright notice,
  22:Middlewares/Third_Party/LwIP/src/core/memp.c ****  *    this list of conditions and the following disclaimer.
  23:Middlewares/Third_Party/LwIP/src/core/memp.c ****  * 2. Redistributions in binary form must reproduce the above copyright notice,
  24:Middlewares/Third_Party/LwIP/src/core/memp.c ****  *    this list of conditions and the following disclaimer in the documentation
  25:Middlewares/Third_Party/LwIP/src/core/memp.c ****  *    and/or other materials provided with the distribution.
  26:Middlewares/Third_Party/LwIP/src/core/memp.c ****  * 3. The name of the author may not be used to endorse or promote products
  27:Middlewares/Third_Party/LwIP/src/core/memp.c ****  *    derived from this software without specific prior written permission.
  28:Middlewares/Third_Party/LwIP/src/core/memp.c ****  *
  29:Middlewares/Third_Party/LwIP/src/core/memp.c ****  * THIS SOFTWARE IS PROVIDED BY THE AUTHOR ``AS IS'' AND ANY EXPRESS OR IMPLIED
  30:Middlewares/Third_Party/LwIP/src/core/memp.c ****  * WARRANTIES, INCLUDING, BUT NOT LIMITED TO, THE IMPLIED WARRANTIES OF
  31:Middlewares/Third_Party/LwIP/src/core/memp.c ****  * MERCHANTABILITY AND FITNESS FOR A PARTICULAR PURPOSE ARE DISCLAIMED. IN NO EVENT
  32:Middlewares/Third_Party/LwIP/src/core/memp.c ****  * SHALL THE AUTHOR BE LIABLE FOR ANY DIRECT, INDIRECT, INCIDENTAL, SPECIAL,
ARM GAS  C:\Users\Student\AppData\Local\Temp\ccUkqBtk.s 			page 2


  33:Middlewares/Third_Party/LwIP/src/core/memp.c ****  * EXEMPLARY, OR CONSEQUENTIAL DAMAGES (INCLUDING, BUT NOT LIMITED TO, PROCUREMENT
  34:Middlewares/Third_Party/LwIP/src/core/memp.c ****  * OF SUBSTITUTE GOODS OR SERVICES; LOSS OF USE, DATA, OR PROFITS; OR BUSINESS
  35:Middlewares/Third_Party/LwIP/src/core/memp.c ****  * INTERRUPTION) HOWEVER CAUSED AND ON ANY THEORY OF LIABILITY, WHETHER IN
  36:Middlewares/Third_Party/LwIP/src/core/memp.c ****  * CONTRACT, STRICT LIABILITY, OR TORT (INCLUDING NEGLIGENCE OR OTHERWISE) ARISING
  37:Middlewares/Third_Party/LwIP/src/core/memp.c ****  * IN ANY WAY OUT OF THE USE OF THIS SOFTWARE, EVEN IF ADVISED OF THE POSSIBILITY
  38:Middlewares/Third_Party/LwIP/src/core/memp.c ****  * OF SUCH DAMAGE.
  39:Middlewares/Third_Party/LwIP/src/core/memp.c ****  *
  40:Middlewares/Third_Party/LwIP/src/core/memp.c ****  * This file is part of the lwIP TCP/IP stack.
  41:Middlewares/Third_Party/LwIP/src/core/memp.c ****  *
  42:Middlewares/Third_Party/LwIP/src/core/memp.c ****  * Author: Adam Dunkels <adam@sics.se>
  43:Middlewares/Third_Party/LwIP/src/core/memp.c ****  *
  44:Middlewares/Third_Party/LwIP/src/core/memp.c ****  */
  45:Middlewares/Third_Party/LwIP/src/core/memp.c **** 
  46:Middlewares/Third_Party/LwIP/src/core/memp.c **** #include "lwip/opt.h"
  47:Middlewares/Third_Party/LwIP/src/core/memp.c **** 
  48:Middlewares/Third_Party/LwIP/src/core/memp.c **** #include "lwip/memp.h"
  49:Middlewares/Third_Party/LwIP/src/core/memp.c **** #include "lwip/sys.h"
  50:Middlewares/Third_Party/LwIP/src/core/memp.c **** #include "lwip/stats.h"
  51:Middlewares/Third_Party/LwIP/src/core/memp.c **** 
  52:Middlewares/Third_Party/LwIP/src/core/memp.c **** #include <string.h>
  53:Middlewares/Third_Party/LwIP/src/core/memp.c **** 
  54:Middlewares/Third_Party/LwIP/src/core/memp.c **** /* Make sure we include everything we need for size calculation required by memp_std.h */
  55:Middlewares/Third_Party/LwIP/src/core/memp.c **** #include "lwip/pbuf.h"
  56:Middlewares/Third_Party/LwIP/src/core/memp.c **** #include "lwip/raw.h"
  57:Middlewares/Third_Party/LwIP/src/core/memp.c **** #include "lwip/udp.h"
  58:Middlewares/Third_Party/LwIP/src/core/memp.c **** #include "lwip/tcp.h"
  59:Middlewares/Third_Party/LwIP/src/core/memp.c **** #include "lwip/priv/tcp_priv.h"
  60:Middlewares/Third_Party/LwIP/src/core/memp.c **** #include "lwip/ip4_frag.h"
  61:Middlewares/Third_Party/LwIP/src/core/memp.c **** #include "lwip/netbuf.h"
  62:Middlewares/Third_Party/LwIP/src/core/memp.c **** #include "lwip/api.h"
  63:Middlewares/Third_Party/LwIP/src/core/memp.c **** #include "lwip/priv/tcpip_priv.h"
  64:Middlewares/Third_Party/LwIP/src/core/memp.c **** #include "lwip/priv/api_msg.h"
  65:Middlewares/Third_Party/LwIP/src/core/memp.c **** #include "lwip/sockets.h"
  66:Middlewares/Third_Party/LwIP/src/core/memp.c **** #include "lwip/netifapi.h"
  67:Middlewares/Third_Party/LwIP/src/core/memp.c **** #include "lwip/etharp.h"
  68:Middlewares/Third_Party/LwIP/src/core/memp.c **** #include "lwip/igmp.h"
  69:Middlewares/Third_Party/LwIP/src/core/memp.c **** #include "lwip/timeouts.h"
  70:Middlewares/Third_Party/LwIP/src/core/memp.c **** /* needed by default MEMP_NUM_SYS_TIMEOUT */
  71:Middlewares/Third_Party/LwIP/src/core/memp.c **** #include "netif/ppp/ppp_opts.h"
  72:Middlewares/Third_Party/LwIP/src/core/memp.c **** #include "lwip/netdb.h"
  73:Middlewares/Third_Party/LwIP/src/core/memp.c **** #include "lwip/dns.h"
  74:Middlewares/Third_Party/LwIP/src/core/memp.c **** #include "lwip/nd6.h"
  75:Middlewares/Third_Party/LwIP/src/core/memp.c **** #include "lwip/ip6_frag.h"
  76:Middlewares/Third_Party/LwIP/src/core/memp.c **** #include "lwip/mld6.h"
  77:Middlewares/Third_Party/LwIP/src/core/memp.c **** 
  78:Middlewares/Third_Party/LwIP/src/core/memp.c **** 
  79:Middlewares/Third_Party/LwIP/src/core/memp.c **** #define LWIP_MEMPOOL(name,num,size,desc) LWIP_MEMPOOL_DECLARE(name,num,size,desc)
  80:Middlewares/Third_Party/LwIP/src/core/memp.c **** #include "lwip/priv/memp_std.h"
  81:Middlewares/Third_Party/LwIP/src/core/memp.c **** 
  82:Middlewares/Third_Party/LwIP/src/core/memp.c **** const struct memp_desc* const memp_pools[MEMP_MAX] = {
  83:Middlewares/Third_Party/LwIP/src/core/memp.c **** #define LWIP_MEMPOOL(name,num,size,desc) &memp_ ## name,
  84:Middlewares/Third_Party/LwIP/src/core/memp.c **** #include "lwip/priv/memp_std.h"
  85:Middlewares/Third_Party/LwIP/src/core/memp.c **** };
  86:Middlewares/Third_Party/LwIP/src/core/memp.c **** 
  87:Middlewares/Third_Party/LwIP/src/core/memp.c **** #if MEMP_MEM_MALLOC && MEMP_OVERFLOW_CHECK >= 2
  88:Middlewares/Third_Party/LwIP/src/core/memp.c **** #undef MEMP_OVERFLOW_CHECK
  89:Middlewares/Third_Party/LwIP/src/core/memp.c **** /* MEMP_OVERFLOW_CHECK >= 2 does not work with MEMP_MEM_MALLOC, use 1 instead */
ARM GAS  C:\Users\Student\AppData\Local\Temp\ccUkqBtk.s 			page 3


  90:Middlewares/Third_Party/LwIP/src/core/memp.c **** #define MEMP_OVERFLOW_CHECK 1
  91:Middlewares/Third_Party/LwIP/src/core/memp.c **** #endif
  92:Middlewares/Third_Party/LwIP/src/core/memp.c **** 
  93:Middlewares/Third_Party/LwIP/src/core/memp.c **** #if MEMP_SANITY_CHECK && !MEMP_MEM_MALLOC
  94:Middlewares/Third_Party/LwIP/src/core/memp.c **** /**
  95:Middlewares/Third_Party/LwIP/src/core/memp.c ****  * Check that memp-lists don't form a circle, using "Floyd's cycle-finding algorithm".
  96:Middlewares/Third_Party/LwIP/src/core/memp.c ****  */
  97:Middlewares/Third_Party/LwIP/src/core/memp.c **** static int
  98:Middlewares/Third_Party/LwIP/src/core/memp.c **** memp_sanity(const struct memp_desc *desc)
  99:Middlewares/Third_Party/LwIP/src/core/memp.c **** {
 100:Middlewares/Third_Party/LwIP/src/core/memp.c ****   struct memp *t, *h;
 101:Middlewares/Third_Party/LwIP/src/core/memp.c **** 
 102:Middlewares/Third_Party/LwIP/src/core/memp.c ****   t = *desc->tab;
 103:Middlewares/Third_Party/LwIP/src/core/memp.c ****   if (t != NULL) {
 104:Middlewares/Third_Party/LwIP/src/core/memp.c ****     for (h = t->next; (t != NULL) && (h != NULL); t = t->next,
 105:Middlewares/Third_Party/LwIP/src/core/memp.c ****       h = ((h->next != NULL) ? h->next->next : NULL)) {
 106:Middlewares/Third_Party/LwIP/src/core/memp.c ****       if (t == h) {
 107:Middlewares/Third_Party/LwIP/src/core/memp.c ****         return 0;
 108:Middlewares/Third_Party/LwIP/src/core/memp.c ****       }
 109:Middlewares/Third_Party/LwIP/src/core/memp.c ****     }
 110:Middlewares/Third_Party/LwIP/src/core/memp.c ****   }
 111:Middlewares/Third_Party/LwIP/src/core/memp.c **** 
 112:Middlewares/Third_Party/LwIP/src/core/memp.c ****   return 1;
 113:Middlewares/Third_Party/LwIP/src/core/memp.c **** }
 114:Middlewares/Third_Party/LwIP/src/core/memp.c **** #endif /* MEMP_SANITY_CHECK && !MEMP_MEM_MALLOC */
 115:Middlewares/Third_Party/LwIP/src/core/memp.c **** 
 116:Middlewares/Third_Party/LwIP/src/core/memp.c **** #if MEMP_OVERFLOW_CHECK
 117:Middlewares/Third_Party/LwIP/src/core/memp.c **** /**
 118:Middlewares/Third_Party/LwIP/src/core/memp.c ****  * Check if a memp element was victim of an overflow
 119:Middlewares/Third_Party/LwIP/src/core/memp.c ****  * (e.g. the restricted area after it has been altered)
 120:Middlewares/Third_Party/LwIP/src/core/memp.c ****  *
 121:Middlewares/Third_Party/LwIP/src/core/memp.c ****  * @param p the memp element to check
 122:Middlewares/Third_Party/LwIP/src/core/memp.c ****  * @param desc the pool p comes from
 123:Middlewares/Third_Party/LwIP/src/core/memp.c ****  */
 124:Middlewares/Third_Party/LwIP/src/core/memp.c **** static void
 125:Middlewares/Third_Party/LwIP/src/core/memp.c **** memp_overflow_check_element_overflow(struct memp *p, const struct memp_desc *desc)
 126:Middlewares/Third_Party/LwIP/src/core/memp.c **** {
 127:Middlewares/Third_Party/LwIP/src/core/memp.c **** #if MEMP_SANITY_REGION_AFTER_ALIGNED > 0
 128:Middlewares/Third_Party/LwIP/src/core/memp.c ****   u16_t k;
 129:Middlewares/Third_Party/LwIP/src/core/memp.c ****   u8_t *m;
 130:Middlewares/Third_Party/LwIP/src/core/memp.c ****   m = (u8_t*)p + MEMP_SIZE + desc->size;
 131:Middlewares/Third_Party/LwIP/src/core/memp.c ****   for (k = 0; k < MEMP_SANITY_REGION_AFTER_ALIGNED; k++) {
 132:Middlewares/Third_Party/LwIP/src/core/memp.c ****     if (m[k] != 0xcd) {
 133:Middlewares/Third_Party/LwIP/src/core/memp.c ****       char errstr[128] = "detected memp overflow in pool ";
 134:Middlewares/Third_Party/LwIP/src/core/memp.c ****       strcat(errstr, desc->desc);
 135:Middlewares/Third_Party/LwIP/src/core/memp.c ****       LWIP_ASSERT(errstr, 0);
 136:Middlewares/Third_Party/LwIP/src/core/memp.c ****     }
 137:Middlewares/Third_Party/LwIP/src/core/memp.c ****   }
 138:Middlewares/Third_Party/LwIP/src/core/memp.c **** #else /* MEMP_SANITY_REGION_AFTER_ALIGNED > 0 */
 139:Middlewares/Third_Party/LwIP/src/core/memp.c ****   LWIP_UNUSED_ARG(p);
 140:Middlewares/Third_Party/LwIP/src/core/memp.c ****   LWIP_UNUSED_ARG(desc);
 141:Middlewares/Third_Party/LwIP/src/core/memp.c **** #endif /* MEMP_SANITY_REGION_AFTER_ALIGNED > 0 */
 142:Middlewares/Third_Party/LwIP/src/core/memp.c **** }
 143:Middlewares/Third_Party/LwIP/src/core/memp.c **** 
 144:Middlewares/Third_Party/LwIP/src/core/memp.c **** /**
 145:Middlewares/Third_Party/LwIP/src/core/memp.c ****  * Check if a memp element was victim of an underflow
 146:Middlewares/Third_Party/LwIP/src/core/memp.c ****  * (e.g. the restricted area before it has been altered)
ARM GAS  C:\Users\Student\AppData\Local\Temp\ccUkqBtk.s 			page 4


 147:Middlewares/Third_Party/LwIP/src/core/memp.c ****  *
 148:Middlewares/Third_Party/LwIP/src/core/memp.c ****  * @param p the memp element to check
 149:Middlewares/Third_Party/LwIP/src/core/memp.c ****  * @param desc the pool p comes from
 150:Middlewares/Third_Party/LwIP/src/core/memp.c ****  */
 151:Middlewares/Third_Party/LwIP/src/core/memp.c **** static void
 152:Middlewares/Third_Party/LwIP/src/core/memp.c **** memp_overflow_check_element_underflow(struct memp *p, const struct memp_desc *desc)
 153:Middlewares/Third_Party/LwIP/src/core/memp.c **** {
 154:Middlewares/Third_Party/LwIP/src/core/memp.c **** #if MEMP_SANITY_REGION_BEFORE_ALIGNED > 0
 155:Middlewares/Third_Party/LwIP/src/core/memp.c ****   u16_t k;
 156:Middlewares/Third_Party/LwIP/src/core/memp.c ****   u8_t *m;
 157:Middlewares/Third_Party/LwIP/src/core/memp.c ****   m = (u8_t*)p + MEMP_SIZE - MEMP_SANITY_REGION_BEFORE_ALIGNED;
 158:Middlewares/Third_Party/LwIP/src/core/memp.c ****   for (k = 0; k < MEMP_SANITY_REGION_BEFORE_ALIGNED; k++) {
 159:Middlewares/Third_Party/LwIP/src/core/memp.c ****     if (m[k] != 0xcd) {
 160:Middlewares/Third_Party/LwIP/src/core/memp.c ****       char errstr[128] = "detected memp underflow in pool ";
 161:Middlewares/Third_Party/LwIP/src/core/memp.c ****       strcat(errstr, desc->desc);
 162:Middlewares/Third_Party/LwIP/src/core/memp.c ****       LWIP_ASSERT(errstr, 0);
 163:Middlewares/Third_Party/LwIP/src/core/memp.c ****     }
 164:Middlewares/Third_Party/LwIP/src/core/memp.c ****   }
 165:Middlewares/Third_Party/LwIP/src/core/memp.c **** #else /* MEMP_SANITY_REGION_BEFORE_ALIGNED > 0 */
 166:Middlewares/Third_Party/LwIP/src/core/memp.c ****   LWIP_UNUSED_ARG(p);
 167:Middlewares/Third_Party/LwIP/src/core/memp.c ****   LWIP_UNUSED_ARG(desc);
 168:Middlewares/Third_Party/LwIP/src/core/memp.c **** #endif /* MEMP_SANITY_REGION_BEFORE_ALIGNED > 0 */
 169:Middlewares/Third_Party/LwIP/src/core/memp.c **** }
 170:Middlewares/Third_Party/LwIP/src/core/memp.c **** 
 171:Middlewares/Third_Party/LwIP/src/core/memp.c **** /**
 172:Middlewares/Third_Party/LwIP/src/core/memp.c ****  * Initialize the restricted area of on memp element.
 173:Middlewares/Third_Party/LwIP/src/core/memp.c ****  */
 174:Middlewares/Third_Party/LwIP/src/core/memp.c **** static void
 175:Middlewares/Third_Party/LwIP/src/core/memp.c **** memp_overflow_init_element(struct memp *p, const struct memp_desc *desc)
 176:Middlewares/Third_Party/LwIP/src/core/memp.c **** {
 177:Middlewares/Third_Party/LwIP/src/core/memp.c **** #if MEMP_SANITY_REGION_BEFORE_ALIGNED > 0 || MEMP_SANITY_REGION_AFTER_ALIGNED > 0
 178:Middlewares/Third_Party/LwIP/src/core/memp.c ****   u8_t *m;
 179:Middlewares/Third_Party/LwIP/src/core/memp.c **** #if MEMP_SANITY_REGION_BEFORE_ALIGNED > 0
 180:Middlewares/Third_Party/LwIP/src/core/memp.c ****   m = (u8_t*)p + MEMP_SIZE - MEMP_SANITY_REGION_BEFORE_ALIGNED;
 181:Middlewares/Third_Party/LwIP/src/core/memp.c ****   memset(m, 0xcd, MEMP_SANITY_REGION_BEFORE_ALIGNED);
 182:Middlewares/Third_Party/LwIP/src/core/memp.c **** #endif
 183:Middlewares/Third_Party/LwIP/src/core/memp.c **** #if MEMP_SANITY_REGION_AFTER_ALIGNED > 0
 184:Middlewares/Third_Party/LwIP/src/core/memp.c ****   m = (u8_t*)p + MEMP_SIZE + desc->size;
 185:Middlewares/Third_Party/LwIP/src/core/memp.c ****   memset(m, 0xcd, MEMP_SANITY_REGION_AFTER_ALIGNED);
 186:Middlewares/Third_Party/LwIP/src/core/memp.c **** #endif
 187:Middlewares/Third_Party/LwIP/src/core/memp.c **** #else /* MEMP_SANITY_REGION_BEFORE_ALIGNED > 0 || MEMP_SANITY_REGION_AFTER_ALIGNED > 0 */
 188:Middlewares/Third_Party/LwIP/src/core/memp.c ****   LWIP_UNUSED_ARG(p);
 189:Middlewares/Third_Party/LwIP/src/core/memp.c ****   LWIP_UNUSED_ARG(desc);
 190:Middlewares/Third_Party/LwIP/src/core/memp.c **** #endif /* MEMP_SANITY_REGION_BEFORE_ALIGNED > 0 || MEMP_SANITY_REGION_AFTER_ALIGNED > 0 */
 191:Middlewares/Third_Party/LwIP/src/core/memp.c **** }
 192:Middlewares/Third_Party/LwIP/src/core/memp.c **** 
 193:Middlewares/Third_Party/LwIP/src/core/memp.c **** #if MEMP_OVERFLOW_CHECK >= 2
 194:Middlewares/Third_Party/LwIP/src/core/memp.c **** /**
 195:Middlewares/Third_Party/LwIP/src/core/memp.c ****  * Do an overflow check for all elements in every pool.
 196:Middlewares/Third_Party/LwIP/src/core/memp.c ****  *
 197:Middlewares/Third_Party/LwIP/src/core/memp.c ****  * @see memp_overflow_check_element for a description of the check
 198:Middlewares/Third_Party/LwIP/src/core/memp.c ****  */
 199:Middlewares/Third_Party/LwIP/src/core/memp.c **** static void
 200:Middlewares/Third_Party/LwIP/src/core/memp.c **** memp_overflow_check_all(void)
 201:Middlewares/Third_Party/LwIP/src/core/memp.c **** {
 202:Middlewares/Third_Party/LwIP/src/core/memp.c ****   u16_t i, j;
 203:Middlewares/Third_Party/LwIP/src/core/memp.c ****   struct memp *p;
ARM GAS  C:\Users\Student\AppData\Local\Temp\ccUkqBtk.s 			page 5


 204:Middlewares/Third_Party/LwIP/src/core/memp.c ****   SYS_ARCH_DECL_PROTECT(old_level);
 205:Middlewares/Third_Party/LwIP/src/core/memp.c ****   SYS_ARCH_PROTECT(old_level);
 206:Middlewares/Third_Party/LwIP/src/core/memp.c **** 
 207:Middlewares/Third_Party/LwIP/src/core/memp.c ****   for (i = 0; i < MEMP_MAX; ++i) {
 208:Middlewares/Third_Party/LwIP/src/core/memp.c ****     p = (struct memp*)LWIP_MEM_ALIGN(memp_pools[i]->base);
 209:Middlewares/Third_Party/LwIP/src/core/memp.c ****     for (j = 0; j < memp_pools[i]->num; ++j) {
 210:Middlewares/Third_Party/LwIP/src/core/memp.c ****       memp_overflow_check_element_overflow(p, memp_pools[i]);
 211:Middlewares/Third_Party/LwIP/src/core/memp.c ****       memp_overflow_check_element_underflow(p, memp_pools[i]);
 212:Middlewares/Third_Party/LwIP/src/core/memp.c ****       p = (struct memp*)(size_t)((u8_t*)p + MEMP_SIZE + memp_pools[i]->size + MEMP_SANITY_REGION_AF
 213:Middlewares/Third_Party/LwIP/src/core/memp.c ****     }
 214:Middlewares/Third_Party/LwIP/src/core/memp.c ****   }
 215:Middlewares/Third_Party/LwIP/src/core/memp.c ****   SYS_ARCH_UNPROTECT(old_level);
 216:Middlewares/Third_Party/LwIP/src/core/memp.c **** }
 217:Middlewares/Third_Party/LwIP/src/core/memp.c **** #endif /* MEMP_OVERFLOW_CHECK >= 2 */
 218:Middlewares/Third_Party/LwIP/src/core/memp.c **** #endif /* MEMP_OVERFLOW_CHECK */
 219:Middlewares/Third_Party/LwIP/src/core/memp.c **** 
 220:Middlewares/Third_Party/LwIP/src/core/memp.c **** /**
 221:Middlewares/Third_Party/LwIP/src/core/memp.c ****  * Initialize custom memory pool.
 222:Middlewares/Third_Party/LwIP/src/core/memp.c ****  * Related functions: memp_malloc_pool, memp_free_pool
 223:Middlewares/Third_Party/LwIP/src/core/memp.c ****  *
 224:Middlewares/Third_Party/LwIP/src/core/memp.c ****  * @param desc pool to initialize
 225:Middlewares/Third_Party/LwIP/src/core/memp.c ****  */
 226:Middlewares/Third_Party/LwIP/src/core/memp.c **** void
 227:Middlewares/Third_Party/LwIP/src/core/memp.c **** memp_init_pool(const struct memp_desc *desc)
 228:Middlewares/Third_Party/LwIP/src/core/memp.c **** {
 229:Middlewares/Third_Party/LwIP/src/core/memp.c **** #if MEMP_MEM_MALLOC
 230:Middlewares/Third_Party/LwIP/src/core/memp.c ****   LWIP_UNUSED_ARG(desc);
 231:Middlewares/Third_Party/LwIP/src/core/memp.c **** #else
 232:Middlewares/Third_Party/LwIP/src/core/memp.c ****   int i;
 233:Middlewares/Third_Party/LwIP/src/core/memp.c ****   struct memp *memp;
 234:Middlewares/Third_Party/LwIP/src/core/memp.c **** 
 235:Middlewares/Third_Party/LwIP/src/core/memp.c ****   *desc->tab = NULL;
 236:Middlewares/Third_Party/LwIP/src/core/memp.c ****   memp = (struct memp*)LWIP_MEM_ALIGN(desc->base);
 237:Middlewares/Third_Party/LwIP/src/core/memp.c ****   /* create a linked list of memp elements */
 238:Middlewares/Third_Party/LwIP/src/core/memp.c ****   for (i = 0; i < desc->num; ++i) {
 239:Middlewares/Third_Party/LwIP/src/core/memp.c ****     memp->next = *desc->tab;
 240:Middlewares/Third_Party/LwIP/src/core/memp.c ****     *desc->tab = memp;
 241:Middlewares/Third_Party/LwIP/src/core/memp.c **** #if MEMP_OVERFLOW_CHECK
 242:Middlewares/Third_Party/LwIP/src/core/memp.c ****     memp_overflow_init_element(memp, desc);
 243:Middlewares/Third_Party/LwIP/src/core/memp.c **** #endif /* MEMP_OVERFLOW_CHECK */
 244:Middlewares/Third_Party/LwIP/src/core/memp.c ****    /* cast through void* to get rid of alignment warnings */
 245:Middlewares/Third_Party/LwIP/src/core/memp.c ****    memp = (struct memp *)(void *)((u8_t *)memp + MEMP_SIZE + desc->size
 246:Middlewares/Third_Party/LwIP/src/core/memp.c **** #if MEMP_OVERFLOW_CHECK
 247:Middlewares/Third_Party/LwIP/src/core/memp.c ****       + MEMP_SANITY_REGION_AFTER_ALIGNED
 248:Middlewares/Third_Party/LwIP/src/core/memp.c **** #endif
 249:Middlewares/Third_Party/LwIP/src/core/memp.c ****     );
 250:Middlewares/Third_Party/LwIP/src/core/memp.c ****   }
 251:Middlewares/Third_Party/LwIP/src/core/memp.c **** #if MEMP_STATS
 252:Middlewares/Third_Party/LwIP/src/core/memp.c ****   desc->stats->avail = desc->num;
 253:Middlewares/Third_Party/LwIP/src/core/memp.c **** #endif /* MEMP_STATS */
 254:Middlewares/Third_Party/LwIP/src/core/memp.c **** #endif /* !MEMP_MEM_MALLOC */
 255:Middlewares/Third_Party/LwIP/src/core/memp.c **** 
 256:Middlewares/Third_Party/LwIP/src/core/memp.c **** #if MEMP_STATS && (defined(LWIP_DEBUG) || LWIP_STATS_DISPLAY)
 257:Middlewares/Third_Party/LwIP/src/core/memp.c ****   desc->stats->name  = desc->desc;
 258:Middlewares/Third_Party/LwIP/src/core/memp.c **** #endif /* MEMP_STATS && (defined(LWIP_DEBUG) || LWIP_STATS_DISPLAY) */
 259:Middlewares/Third_Party/LwIP/src/core/memp.c **** }
 260:Middlewares/Third_Party/LwIP/src/core/memp.c **** 
ARM GAS  C:\Users\Student\AppData\Local\Temp\ccUkqBtk.s 			page 6


 261:Middlewares/Third_Party/LwIP/src/core/memp.c **** /**
 262:Middlewares/Third_Party/LwIP/src/core/memp.c ****  * Initializes lwIP built-in pools.
 263:Middlewares/Third_Party/LwIP/src/core/memp.c ****  * Related functions: memp_malloc, memp_free
 264:Middlewares/Third_Party/LwIP/src/core/memp.c ****  *
 265:Middlewares/Third_Party/LwIP/src/core/memp.c ****  * Carves out memp_memory into linked lists for each pool-type.
 266:Middlewares/Third_Party/LwIP/src/core/memp.c ****  */
 267:Middlewares/Third_Party/LwIP/src/core/memp.c **** void
 268:Middlewares/Third_Party/LwIP/src/core/memp.c **** memp_init(void)
 269:Middlewares/Third_Party/LwIP/src/core/memp.c **** {
 270:Middlewares/Third_Party/LwIP/src/core/memp.c ****   u16_t i;
 271:Middlewares/Third_Party/LwIP/src/core/memp.c **** 
 272:Middlewares/Third_Party/LwIP/src/core/memp.c ****   /* for every pool: */
 273:Middlewares/Third_Party/LwIP/src/core/memp.c ****   for (i = 0; i < LWIP_ARRAYSIZE(memp_pools); i++) {
 274:Middlewares/Third_Party/LwIP/src/core/memp.c ****     memp_init_pool(memp_pools[i]);
 275:Middlewares/Third_Party/LwIP/src/core/memp.c **** 
 276:Middlewares/Third_Party/LwIP/src/core/memp.c **** #if LWIP_STATS && MEMP_STATS
 277:Middlewares/Third_Party/LwIP/src/core/memp.c ****     lwip_stats.memp[i] = memp_pools[i]->stats;
 278:Middlewares/Third_Party/LwIP/src/core/memp.c **** #endif
 279:Middlewares/Third_Party/LwIP/src/core/memp.c ****   }
 280:Middlewares/Third_Party/LwIP/src/core/memp.c **** 
 281:Middlewares/Third_Party/LwIP/src/core/memp.c **** #if MEMP_OVERFLOW_CHECK >= 2
 282:Middlewares/Third_Party/LwIP/src/core/memp.c ****   /* check everything a first time to see if it worked */
 283:Middlewares/Third_Party/LwIP/src/core/memp.c ****   memp_overflow_check_all();
 284:Middlewares/Third_Party/LwIP/src/core/memp.c **** #endif /* MEMP_OVERFLOW_CHECK >= 2 */
 285:Middlewares/Third_Party/LwIP/src/core/memp.c **** }
 286:Middlewares/Third_Party/LwIP/src/core/memp.c **** 
 287:Middlewares/Third_Party/LwIP/src/core/memp.c **** static void*
 288:Middlewares/Third_Party/LwIP/src/core/memp.c **** #if !MEMP_OVERFLOW_CHECK
 289:Middlewares/Third_Party/LwIP/src/core/memp.c **** do_memp_malloc_pool(const struct memp_desc *desc)
 290:Middlewares/Third_Party/LwIP/src/core/memp.c **** #else
 291:Middlewares/Third_Party/LwIP/src/core/memp.c **** do_memp_malloc_pool_fn(const struct memp_desc *desc, const char* file, const int line)
 292:Middlewares/Third_Party/LwIP/src/core/memp.c **** #endif
 293:Middlewares/Third_Party/LwIP/src/core/memp.c **** {
  27              		.loc 1 293 0
  28              		.cfi_startproc
  29              		@ args = 0, pretend = 0, frame = 0
  30              		@ frame_needed = 0, uses_anonymous_args = 0
  31              	.LVL0:
  32 0000 10B5     		push	{r4, lr}
  33              	.LCFI0:
  34              		.cfi_def_cfa_offset 8
  35              		.cfi_offset 4, -8
  36              		.cfi_offset 14, -4
  37 0002 0446     		mov	r4, r0
 294:Middlewares/Third_Party/LwIP/src/core/memp.c ****   struct memp *memp;
 295:Middlewares/Third_Party/LwIP/src/core/memp.c ****   SYS_ARCH_DECL_PROTECT(old_level);
 296:Middlewares/Third_Party/LwIP/src/core/memp.c **** 
 297:Middlewares/Third_Party/LwIP/src/core/memp.c **** #if MEMP_MEM_MALLOC
 298:Middlewares/Third_Party/LwIP/src/core/memp.c ****   memp = (struct memp *)mem_malloc(MEMP_SIZE + MEMP_ALIGN_SIZE(desc->size));
 299:Middlewares/Third_Party/LwIP/src/core/memp.c ****   SYS_ARCH_PROTECT(old_level);
 300:Middlewares/Third_Party/LwIP/src/core/memp.c **** #else /* MEMP_MEM_MALLOC */
 301:Middlewares/Third_Party/LwIP/src/core/memp.c ****   SYS_ARCH_PROTECT(old_level);
  38              		.loc 1 301 0
  39 0004 FFF7FEFF 		bl	sys_arch_protect
  40              	.LVL1:
 302:Middlewares/Third_Party/LwIP/src/core/memp.c **** 
 303:Middlewares/Third_Party/LwIP/src/core/memp.c ****   memp = *desc->tab;
ARM GAS  C:\Users\Student\AppData\Local\Temp\ccUkqBtk.s 			page 7


  41              		.loc 1 303 0
  42 0008 A368     		ldr	r3, [r4, #8]
  43 000a 1C68     		ldr	r4, [r3]
  44              	.LVL2:
 304:Middlewares/Third_Party/LwIP/src/core/memp.c **** 
 305:Middlewares/Third_Party/LwIP/src/core/memp.c **** #if MEMP_OVERFLOW_CHECK == 1
 306:Middlewares/Third_Party/LwIP/src/core/memp.c ****   memp_overflow_check_element_overflow(memp, desc);
 307:Middlewares/Third_Party/LwIP/src/core/memp.c ****   memp_overflow_check_element_underflow(memp, desc);
 308:Middlewares/Third_Party/LwIP/src/core/memp.c **** #endif /* MEMP_OVERFLOW_CHECK */
 309:Middlewares/Third_Party/LwIP/src/core/memp.c **** #endif /* MEMP_MEM_MALLOC */
 310:Middlewares/Third_Party/LwIP/src/core/memp.c **** 
 311:Middlewares/Third_Party/LwIP/src/core/memp.c ****   if (memp != NULL) {
  45              		.loc 1 311 0
  46 000c 2CB1     		cbz	r4, .L2
 312:Middlewares/Third_Party/LwIP/src/core/memp.c **** #if !MEMP_MEM_MALLOC
 313:Middlewares/Third_Party/LwIP/src/core/memp.c ****     *desc->tab = memp->next;
  47              		.loc 1 313 0
  48 000e 2268     		ldr	r2, [r4]
  49 0010 1A60     		str	r2, [r3]
 314:Middlewares/Third_Party/LwIP/src/core/memp.c **** #if MEMP_OVERFLOW_CHECK
 315:Middlewares/Third_Party/LwIP/src/core/memp.c ****     memp->next = NULL;
 316:Middlewares/Third_Party/LwIP/src/core/memp.c **** #endif /* MEMP_OVERFLOW_CHECK */
 317:Middlewares/Third_Party/LwIP/src/core/memp.c **** #endif /* !MEMP_MEM_MALLOC */
 318:Middlewares/Third_Party/LwIP/src/core/memp.c **** #if MEMP_OVERFLOW_CHECK
 319:Middlewares/Third_Party/LwIP/src/core/memp.c ****     memp->file = file;
 320:Middlewares/Third_Party/LwIP/src/core/memp.c ****     memp->line = line;
 321:Middlewares/Third_Party/LwIP/src/core/memp.c **** #if MEMP_MEM_MALLOC
 322:Middlewares/Third_Party/LwIP/src/core/memp.c ****     memp_overflow_init_element(memp, desc);
 323:Middlewares/Third_Party/LwIP/src/core/memp.c **** #endif /* MEMP_MEM_MALLOC */
 324:Middlewares/Third_Party/LwIP/src/core/memp.c **** #endif /* MEMP_OVERFLOW_CHECK */
 325:Middlewares/Third_Party/LwIP/src/core/memp.c ****     LWIP_ASSERT("memp_malloc: memp properly aligned",
 326:Middlewares/Third_Party/LwIP/src/core/memp.c ****                 ((mem_ptr_t)memp % MEM_ALIGNMENT) == 0);
 327:Middlewares/Third_Party/LwIP/src/core/memp.c **** #if MEMP_STATS
 328:Middlewares/Third_Party/LwIP/src/core/memp.c ****     desc->stats->used++;
 329:Middlewares/Third_Party/LwIP/src/core/memp.c ****     if (desc->stats->used > desc->stats->max) {
 330:Middlewares/Third_Party/LwIP/src/core/memp.c ****       desc->stats->max = desc->stats->used;
 331:Middlewares/Third_Party/LwIP/src/core/memp.c ****     }
 332:Middlewares/Third_Party/LwIP/src/core/memp.c **** #endif
 333:Middlewares/Third_Party/LwIP/src/core/memp.c ****     SYS_ARCH_UNPROTECT(old_level);
  50              		.loc 1 333 0
  51 0012 FFF7FEFF 		bl	sys_arch_unprotect
  52              	.LVL3:
 334:Middlewares/Third_Party/LwIP/src/core/memp.c ****     /* cast through u8_t* to get rid of alignment warnings */
 335:Middlewares/Third_Party/LwIP/src/core/memp.c ****     return ((u8_t*)memp + MEMP_SIZE);
  53              		.loc 1 335 0
  54 0016 2046     		mov	r0, r4
  55 0018 10BD     		pop	{r4, pc}
  56              	.LVL4:
  57              	.L2:
 336:Middlewares/Third_Party/LwIP/src/core/memp.c ****   } else {
 337:Middlewares/Third_Party/LwIP/src/core/memp.c ****     LWIP_DEBUGF(MEMP_DEBUG | LWIP_DBG_LEVEL_SERIOUS, ("memp_malloc: out of memory in pool %s\n", de
 338:Middlewares/Third_Party/LwIP/src/core/memp.c **** #if MEMP_STATS
 339:Middlewares/Third_Party/LwIP/src/core/memp.c ****     desc->stats->err++;
 340:Middlewares/Third_Party/LwIP/src/core/memp.c **** #endif
 341:Middlewares/Third_Party/LwIP/src/core/memp.c ****   }
 342:Middlewares/Third_Party/LwIP/src/core/memp.c **** 
 343:Middlewares/Third_Party/LwIP/src/core/memp.c ****   SYS_ARCH_UNPROTECT(old_level);
ARM GAS  C:\Users\Student\AppData\Local\Temp\ccUkqBtk.s 			page 8


  58              		.loc 1 343 0
  59 001a FFF7FEFF 		bl	sys_arch_unprotect
  60              	.LVL5:
 344:Middlewares/Third_Party/LwIP/src/core/memp.c ****   return NULL;
  61              		.loc 1 344 0
  62 001e 0020     		movs	r0, #0
 345:Middlewares/Third_Party/LwIP/src/core/memp.c **** }
  63              		.loc 1 345 0
  64 0020 10BD     		pop	{r4, pc}
  65              		.cfi_endproc
  66              	.LFE143:
  68              		.section	.text.do_memp_free_pool,"ax",%progbits
  69              		.align	1
  70              		.syntax unified
  71              		.thumb
  72              		.thumb_func
  73              		.fpu fpv5-sp-d16
  75              	do_memp_free_pool:
  76              	.LFB146:
 346:Middlewares/Third_Party/LwIP/src/core/memp.c **** 
 347:Middlewares/Third_Party/LwIP/src/core/memp.c **** /**
 348:Middlewares/Third_Party/LwIP/src/core/memp.c ****  * Get an element from a custom pool.
 349:Middlewares/Third_Party/LwIP/src/core/memp.c ****  *
 350:Middlewares/Third_Party/LwIP/src/core/memp.c ****  * @param desc the pool to get an element from
 351:Middlewares/Third_Party/LwIP/src/core/memp.c ****  *
 352:Middlewares/Third_Party/LwIP/src/core/memp.c ****  * @return a pointer to the allocated memory or a NULL pointer on error
 353:Middlewares/Third_Party/LwIP/src/core/memp.c ****  */
 354:Middlewares/Third_Party/LwIP/src/core/memp.c **** void *
 355:Middlewares/Third_Party/LwIP/src/core/memp.c **** #if !MEMP_OVERFLOW_CHECK
 356:Middlewares/Third_Party/LwIP/src/core/memp.c **** memp_malloc_pool(const struct memp_desc *desc)
 357:Middlewares/Third_Party/LwIP/src/core/memp.c **** #else
 358:Middlewares/Third_Party/LwIP/src/core/memp.c **** memp_malloc_pool_fn(const struct memp_desc *desc, const char* file, const int line)
 359:Middlewares/Third_Party/LwIP/src/core/memp.c **** #endif
 360:Middlewares/Third_Party/LwIP/src/core/memp.c **** {
 361:Middlewares/Third_Party/LwIP/src/core/memp.c ****   LWIP_ASSERT("invalid pool desc", desc != NULL);
 362:Middlewares/Third_Party/LwIP/src/core/memp.c ****   if (desc == NULL) {
 363:Middlewares/Third_Party/LwIP/src/core/memp.c ****     return NULL;
 364:Middlewares/Third_Party/LwIP/src/core/memp.c ****   }
 365:Middlewares/Third_Party/LwIP/src/core/memp.c **** 
 366:Middlewares/Third_Party/LwIP/src/core/memp.c **** #if !MEMP_OVERFLOW_CHECK
 367:Middlewares/Third_Party/LwIP/src/core/memp.c ****   return do_memp_malloc_pool(desc);
 368:Middlewares/Third_Party/LwIP/src/core/memp.c **** #else
 369:Middlewares/Third_Party/LwIP/src/core/memp.c ****   return do_memp_malloc_pool_fn(desc, file, line);
 370:Middlewares/Third_Party/LwIP/src/core/memp.c **** #endif
 371:Middlewares/Third_Party/LwIP/src/core/memp.c **** }
 372:Middlewares/Third_Party/LwIP/src/core/memp.c **** 
 373:Middlewares/Third_Party/LwIP/src/core/memp.c **** /**
 374:Middlewares/Third_Party/LwIP/src/core/memp.c ****  * Get an element from a specific pool.
 375:Middlewares/Third_Party/LwIP/src/core/memp.c ****  *
 376:Middlewares/Third_Party/LwIP/src/core/memp.c ****  * @param type the pool to get an element from
 377:Middlewares/Third_Party/LwIP/src/core/memp.c ****  *
 378:Middlewares/Third_Party/LwIP/src/core/memp.c ****  * @return a pointer to the allocated memory or a NULL pointer on error
 379:Middlewares/Third_Party/LwIP/src/core/memp.c ****  */
 380:Middlewares/Third_Party/LwIP/src/core/memp.c **** void *
 381:Middlewares/Third_Party/LwIP/src/core/memp.c **** #if !MEMP_OVERFLOW_CHECK
 382:Middlewares/Third_Party/LwIP/src/core/memp.c **** memp_malloc(memp_t type)
 383:Middlewares/Third_Party/LwIP/src/core/memp.c **** #else
ARM GAS  C:\Users\Student\AppData\Local\Temp\ccUkqBtk.s 			page 9


 384:Middlewares/Third_Party/LwIP/src/core/memp.c **** memp_malloc_fn(memp_t type, const char* file, const int line)
 385:Middlewares/Third_Party/LwIP/src/core/memp.c **** #endif
 386:Middlewares/Third_Party/LwIP/src/core/memp.c **** {
 387:Middlewares/Third_Party/LwIP/src/core/memp.c ****   void *memp;
 388:Middlewares/Third_Party/LwIP/src/core/memp.c ****   LWIP_ERROR("memp_malloc: type < MEMP_MAX", (type < MEMP_MAX), return NULL;);
 389:Middlewares/Third_Party/LwIP/src/core/memp.c **** 
 390:Middlewares/Third_Party/LwIP/src/core/memp.c **** #if MEMP_OVERFLOW_CHECK >= 2
 391:Middlewares/Third_Party/LwIP/src/core/memp.c ****   memp_overflow_check_all();
 392:Middlewares/Third_Party/LwIP/src/core/memp.c **** #endif /* MEMP_OVERFLOW_CHECK >= 2 */
 393:Middlewares/Third_Party/LwIP/src/core/memp.c **** 
 394:Middlewares/Third_Party/LwIP/src/core/memp.c **** #if !MEMP_OVERFLOW_CHECK
 395:Middlewares/Third_Party/LwIP/src/core/memp.c ****   memp = do_memp_malloc_pool(memp_pools[type]);
 396:Middlewares/Third_Party/LwIP/src/core/memp.c **** #else
 397:Middlewares/Third_Party/LwIP/src/core/memp.c ****   memp = do_memp_malloc_pool_fn(memp_pools[type], file, line);
 398:Middlewares/Third_Party/LwIP/src/core/memp.c **** #endif
 399:Middlewares/Third_Party/LwIP/src/core/memp.c **** 
 400:Middlewares/Third_Party/LwIP/src/core/memp.c ****   return memp;
 401:Middlewares/Third_Party/LwIP/src/core/memp.c **** }
 402:Middlewares/Third_Party/LwIP/src/core/memp.c **** 
 403:Middlewares/Third_Party/LwIP/src/core/memp.c **** static void
 404:Middlewares/Third_Party/LwIP/src/core/memp.c **** do_memp_free_pool(const struct memp_desc* desc, void *mem)
 405:Middlewares/Third_Party/LwIP/src/core/memp.c **** {
  77              		.loc 1 405 0
  78              		.cfi_startproc
  79              		@ args = 0, pretend = 0, frame = 0
  80              		@ frame_needed = 0, uses_anonymous_args = 0
  81              	.LVL6:
  82 0000 38B5     		push	{r3, r4, r5, lr}
  83              	.LCFI1:
  84              		.cfi_def_cfa_offset 16
  85              		.cfi_offset 3, -16
  86              		.cfi_offset 4, -12
  87              		.cfi_offset 5, -8
  88              		.cfi_offset 14, -4
  89 0002 0546     		mov	r5, r0
  90 0004 0C46     		mov	r4, r1
  91              	.LVL7:
 406:Middlewares/Third_Party/LwIP/src/core/memp.c ****   struct memp *memp;
 407:Middlewares/Third_Party/LwIP/src/core/memp.c ****   SYS_ARCH_DECL_PROTECT(old_level);
 408:Middlewares/Third_Party/LwIP/src/core/memp.c **** 
 409:Middlewares/Third_Party/LwIP/src/core/memp.c ****   LWIP_ASSERT("memp_free: mem properly aligned",
 410:Middlewares/Third_Party/LwIP/src/core/memp.c ****                 ((mem_ptr_t)mem % MEM_ALIGNMENT) == 0);
 411:Middlewares/Third_Party/LwIP/src/core/memp.c **** 
 412:Middlewares/Third_Party/LwIP/src/core/memp.c ****   /* cast through void* to get rid of alignment warnings */
 413:Middlewares/Third_Party/LwIP/src/core/memp.c ****   memp = (struct memp *)(void *)((u8_t*)mem - MEMP_SIZE);
 414:Middlewares/Third_Party/LwIP/src/core/memp.c **** 
 415:Middlewares/Third_Party/LwIP/src/core/memp.c ****   SYS_ARCH_PROTECT(old_level);
  92              		.loc 1 415 0
  93 0006 FFF7FEFF 		bl	sys_arch_protect
  94              	.LVL8:
 416:Middlewares/Third_Party/LwIP/src/core/memp.c **** 
 417:Middlewares/Third_Party/LwIP/src/core/memp.c **** #if MEMP_OVERFLOW_CHECK == 1
 418:Middlewares/Third_Party/LwIP/src/core/memp.c ****   memp_overflow_check_element_overflow(memp, desc);
 419:Middlewares/Third_Party/LwIP/src/core/memp.c ****   memp_overflow_check_element_underflow(memp, desc);
 420:Middlewares/Third_Party/LwIP/src/core/memp.c **** #endif /* MEMP_OVERFLOW_CHECK */
 421:Middlewares/Third_Party/LwIP/src/core/memp.c **** 
 422:Middlewares/Third_Party/LwIP/src/core/memp.c **** #if MEMP_STATS
ARM GAS  C:\Users\Student\AppData\Local\Temp\ccUkqBtk.s 			page 10


 423:Middlewares/Third_Party/LwIP/src/core/memp.c ****   desc->stats->used--;
 424:Middlewares/Third_Party/LwIP/src/core/memp.c **** #endif
 425:Middlewares/Third_Party/LwIP/src/core/memp.c **** 
 426:Middlewares/Third_Party/LwIP/src/core/memp.c **** #if MEMP_MEM_MALLOC
 427:Middlewares/Third_Party/LwIP/src/core/memp.c ****   LWIP_UNUSED_ARG(desc);
 428:Middlewares/Third_Party/LwIP/src/core/memp.c ****   SYS_ARCH_UNPROTECT(old_level);
 429:Middlewares/Third_Party/LwIP/src/core/memp.c ****   mem_free(memp);
 430:Middlewares/Third_Party/LwIP/src/core/memp.c **** #else /* MEMP_MEM_MALLOC */
 431:Middlewares/Third_Party/LwIP/src/core/memp.c ****   memp->next = *desc->tab;
  95              		.loc 1 431 0
  96 000a AB68     		ldr	r3, [r5, #8]
  97 000c 1B68     		ldr	r3, [r3]
  98 000e 2360     		str	r3, [r4]
 432:Middlewares/Third_Party/LwIP/src/core/memp.c ****   *desc->tab = memp;
  99              		.loc 1 432 0
 100 0010 AB68     		ldr	r3, [r5, #8]
 101 0012 1C60     		str	r4, [r3]
 433:Middlewares/Third_Party/LwIP/src/core/memp.c **** 
 434:Middlewares/Third_Party/LwIP/src/core/memp.c **** #if MEMP_SANITY_CHECK
 435:Middlewares/Third_Party/LwIP/src/core/memp.c ****   LWIP_ASSERT("memp sanity", memp_sanity(desc));
 436:Middlewares/Third_Party/LwIP/src/core/memp.c **** #endif /* MEMP_SANITY_CHECK */
 437:Middlewares/Third_Party/LwIP/src/core/memp.c **** 
 438:Middlewares/Third_Party/LwIP/src/core/memp.c ****   SYS_ARCH_UNPROTECT(old_level);
 102              		.loc 1 438 0
 103 0014 FFF7FEFF 		bl	sys_arch_unprotect
 104              	.LVL9:
 105 0018 38BD     		pop	{r3, r4, r5, pc}
 106              		.cfi_endproc
 107              	.LFE146:
 109              		.section	.text.memp_init_pool,"ax",%progbits
 110              		.align	1
 111              		.global	memp_init_pool
 112              		.syntax unified
 113              		.thumb
 114              		.thumb_func
 115              		.fpu fpv5-sp-d16
 117              	memp_init_pool:
 118              	.LFB141:
 228:Middlewares/Third_Party/LwIP/src/core/memp.c **** #if MEMP_MEM_MALLOC
 119              		.loc 1 228 0
 120              		.cfi_startproc
 121              		@ args = 0, pretend = 0, frame = 0
 122              		@ frame_needed = 0, uses_anonymous_args = 0
 123              		@ link register save eliminated.
 124              	.LVL10:
 235:Middlewares/Third_Party/LwIP/src/core/memp.c ****   memp = (struct memp*)LWIP_MEM_ALIGN(desc->base);
 125              		.loc 1 235 0
 126 0000 8368     		ldr	r3, [r0, #8]
 127 0002 0022     		movs	r2, #0
 128 0004 1A60     		str	r2, [r3]
 236:Middlewares/Third_Party/LwIP/src/core/memp.c ****   /* create a linked list of memp elements */
 129              		.loc 1 236 0
 130 0006 4368     		ldr	r3, [r0, #4]
 131 0008 0333     		adds	r3, r3, #3
 132 000a 23F00303 		bic	r3, r3, #3
 133              	.LVL11:
 238:Middlewares/Third_Party/LwIP/src/core/memp.c ****     memp->next = *desc->tab;
ARM GAS  C:\Users\Student\AppData\Local\Temp\ccUkqBtk.s 			page 11


 134              		.loc 1 238 0
 135 000e 07E0     		b	.L8
 136              	.LVL12:
 137              	.L9:
 239:Middlewares/Third_Party/LwIP/src/core/memp.c ****     *desc->tab = memp;
 138              		.loc 1 239 0 discriminator 3
 139 0010 8168     		ldr	r1, [r0, #8]
 140 0012 0968     		ldr	r1, [r1]
 141 0014 1960     		str	r1, [r3]
 240:Middlewares/Third_Party/LwIP/src/core/memp.c **** #if MEMP_OVERFLOW_CHECK
 142              		.loc 1 240 0 discriminator 3
 143 0016 8168     		ldr	r1, [r0, #8]
 144 0018 0B60     		str	r3, [r1]
 245:Middlewares/Third_Party/LwIP/src/core/memp.c **** #if MEMP_OVERFLOW_CHECK
 145              		.loc 1 245 0 discriminator 3
 146 001a 0188     		ldrh	r1, [r0]
 147 001c 0B44     		add	r3, r3, r1
 148              	.LVL13:
 238:Middlewares/Third_Party/LwIP/src/core/memp.c ****     memp->next = *desc->tab;
 149              		.loc 1 238 0 discriminator 3
 150 001e 0132     		adds	r2, r2, #1
 151              	.LVL14:
 152              	.L8:
 238:Middlewares/Third_Party/LwIP/src/core/memp.c ****     memp->next = *desc->tab;
 153              		.loc 1 238 0 is_stmt 0 discriminator 1
 154 0020 4188     		ldrh	r1, [r0, #2]
 155 0022 8A42     		cmp	r2, r1
 156 0024 F4DB     		blt	.L9
 259:Middlewares/Third_Party/LwIP/src/core/memp.c **** 
 157              		.loc 1 259 0 is_stmt 1
 158 0026 7047     		bx	lr
 159              		.cfi_endproc
 160              	.LFE141:
 162              		.section	.text.memp_init,"ax",%progbits
 163              		.align	1
 164              		.global	memp_init
 165              		.syntax unified
 166              		.thumb
 167              		.thumb_func
 168              		.fpu fpv5-sp-d16
 170              	memp_init:
 171              	.LFB142:
 269:Middlewares/Third_Party/LwIP/src/core/memp.c ****   u16_t i;
 172              		.loc 1 269 0
 173              		.cfi_startproc
 174              		@ args = 0, pretend = 0, frame = 0
 175              		@ frame_needed = 0, uses_anonymous_args = 0
 176 0000 10B5     		push	{r4, lr}
 177              	.LCFI2:
 178              		.cfi_def_cfa_offset 8
 179              		.cfi_offset 4, -8
 180              		.cfi_offset 14, -4
 181              	.LVL15:
 273:Middlewares/Third_Party/LwIP/src/core/memp.c ****     memp_init_pool(memp_pools[i]);
 182              		.loc 1 273 0
 183 0002 0024     		movs	r4, #0
 184 0004 06E0     		b	.L11
ARM GAS  C:\Users\Student\AppData\Local\Temp\ccUkqBtk.s 			page 12


 185              	.LVL16:
 186              	.L12:
 274:Middlewares/Third_Party/LwIP/src/core/memp.c **** 
 187              		.loc 1 274 0 discriminator 3
 188 0006 054B     		ldr	r3, .L14
 189 0008 53F82400 		ldr	r0, [r3, r4, lsl #2]
 190 000c FFF7FEFF 		bl	memp_init_pool
 191              	.LVL17:
 273:Middlewares/Third_Party/LwIP/src/core/memp.c ****     memp_init_pool(memp_pools[i]);
 192              		.loc 1 273 0 discriminator 3
 193 0010 0134     		adds	r4, r4, #1
 194              	.LVL18:
 195 0012 A4B2     		uxth	r4, r4
 196              	.LVL19:
 197              	.L11:
 273:Middlewares/Third_Party/LwIP/src/core/memp.c ****     memp_init_pool(memp_pools[i]);
 198              		.loc 1 273 0 is_stmt 0 discriminator 1
 199 0014 0C2C     		cmp	r4, #12
 200 0016 F6D9     		bls	.L12
 285:Middlewares/Third_Party/LwIP/src/core/memp.c **** 
 201              		.loc 1 285 0 is_stmt 1
 202 0018 10BD     		pop	{r4, pc}
 203              	.LVL20:
 204              	.L15:
 205 001a 00BF     		.align	2
 206              	.L14:
 207 001c 00000000 		.word	.LANCHOR0
 208              		.cfi_endproc
 209              	.LFE142:
 211              		.section	.text.memp_malloc_pool,"ax",%progbits
 212              		.align	1
 213              		.global	memp_malloc_pool
 214              		.syntax unified
 215              		.thumb
 216              		.thumb_func
 217              		.fpu fpv5-sp-d16
 219              	memp_malloc_pool:
 220              	.LFB144:
 360:Middlewares/Third_Party/LwIP/src/core/memp.c ****   LWIP_ASSERT("invalid pool desc", desc != NULL);
 221              		.loc 1 360 0
 222              		.cfi_startproc
 223              		@ args = 0, pretend = 0, frame = 0
 224              		@ frame_needed = 0, uses_anonymous_args = 0
 225              	.LVL21:
 362:Middlewares/Third_Party/LwIP/src/core/memp.c ****     return NULL;
 226              		.loc 1 362 0
 227 0000 18B1     		cbz	r0, .L18
 360:Middlewares/Third_Party/LwIP/src/core/memp.c ****   LWIP_ASSERT("invalid pool desc", desc != NULL);
 228              		.loc 1 360 0
 229 0002 08B5     		push	{r3, lr}
 230              	.LCFI3:
 231              		.cfi_def_cfa_offset 8
 232              		.cfi_offset 3, -8
 233              		.cfi_offset 14, -4
 367:Middlewares/Third_Party/LwIP/src/core/memp.c **** #else
 234              		.loc 1 367 0
 235 0004 FFF7FEFF 		bl	do_memp_malloc_pool
ARM GAS  C:\Users\Student\AppData\Local\Temp\ccUkqBtk.s 			page 13


 236              	.LVL22:
 237 0008 08BD     		pop	{r3, pc}
 238              	.LVL23:
 239              	.L18:
 240              	.LCFI4:
 241              		.cfi_def_cfa_offset 0
 242              		.cfi_restore 3
 243              		.cfi_restore 14
 363:Middlewares/Third_Party/LwIP/src/core/memp.c ****   }
 244              		.loc 1 363 0
 245 000a 0020     		movs	r0, #0
 246              	.LVL24:
 247 000c 7047     		bx	lr
 248              		.cfi_endproc
 249              	.LFE144:
 251              		.section	.text.memp_malloc,"ax",%progbits
 252              		.align	1
 253              		.global	memp_malloc
 254              		.syntax unified
 255              		.thumb
 256              		.thumb_func
 257              		.fpu fpv5-sp-d16
 259              	memp_malloc:
 260              	.LFB145:
 386:Middlewares/Third_Party/LwIP/src/core/memp.c ****   void *memp;
 261              		.loc 1 386 0
 262              		.cfi_startproc
 263              		@ args = 0, pretend = 0, frame = 0
 264              		@ frame_needed = 0, uses_anonymous_args = 0
 265              	.LVL25:
 388:Middlewares/Third_Party/LwIP/src/core/memp.c **** 
 266              		.loc 1 388 0
 267 0000 0C28     		cmp	r0, #12
 268 0002 06D8     		bhi	.L25
 386:Middlewares/Third_Party/LwIP/src/core/memp.c ****   void *memp;
 269              		.loc 1 386 0
 270 0004 08B5     		push	{r3, lr}
 271              	.LCFI5:
 272              		.cfi_def_cfa_offset 8
 273              		.cfi_offset 3, -8
 274              		.cfi_offset 14, -4
 395:Middlewares/Third_Party/LwIP/src/core/memp.c **** #else
 275              		.loc 1 395 0
 276 0006 044B     		ldr	r3, .L30
 277 0008 53F82000 		ldr	r0, [r3, r0, lsl #2]
 278              	.LVL26:
 279 000c FFF7FEFF 		bl	do_memp_malloc_pool
 280              	.LVL27:
 400:Middlewares/Third_Party/LwIP/src/core/memp.c **** }
 281              		.loc 1 400 0
 282 0010 08BD     		pop	{r3, pc}
 283              	.LVL28:
 284              	.L25:
 285              	.LCFI6:
 286              		.cfi_def_cfa_offset 0
 287              		.cfi_restore 3
 288              		.cfi_restore 14
ARM GAS  C:\Users\Student\AppData\Local\Temp\ccUkqBtk.s 			page 14


 388:Middlewares/Third_Party/LwIP/src/core/memp.c **** 
 289              		.loc 1 388 0
 290 0012 0020     		movs	r0, #0
 291              	.LVL29:
 292 0014 7047     		bx	lr
 293              	.L31:
 294 0016 00BF     		.align	2
 295              	.L30:
 296 0018 00000000 		.word	.LANCHOR0
 297              		.cfi_endproc
 298              	.LFE145:
 300              		.section	.text.memp_free_pool,"ax",%progbits
 301              		.align	1
 302              		.global	memp_free_pool
 303              		.syntax unified
 304              		.thumb
 305              		.thumb_func
 306              		.fpu fpv5-sp-d16
 308              	memp_free_pool:
 309              	.LFB147:
 439:Middlewares/Third_Party/LwIP/src/core/memp.c **** #endif /* !MEMP_MEM_MALLOC */
 440:Middlewares/Third_Party/LwIP/src/core/memp.c **** }
 441:Middlewares/Third_Party/LwIP/src/core/memp.c **** 
 442:Middlewares/Third_Party/LwIP/src/core/memp.c **** /**
 443:Middlewares/Third_Party/LwIP/src/core/memp.c ****  * Put a custom pool element back into its pool.
 444:Middlewares/Third_Party/LwIP/src/core/memp.c ****  *
 445:Middlewares/Third_Party/LwIP/src/core/memp.c ****  * @param desc the pool where to put mem
 446:Middlewares/Third_Party/LwIP/src/core/memp.c ****  * @param mem the memp element to free
 447:Middlewares/Third_Party/LwIP/src/core/memp.c ****  */
 448:Middlewares/Third_Party/LwIP/src/core/memp.c **** void
 449:Middlewares/Third_Party/LwIP/src/core/memp.c **** memp_free_pool(const struct memp_desc* desc, void *mem)
 450:Middlewares/Third_Party/LwIP/src/core/memp.c **** {
 310              		.loc 1 450 0
 311              		.cfi_startproc
 312              		@ args = 0, pretend = 0, frame = 0
 313              		@ frame_needed = 0, uses_anonymous_args = 0
 314              	.LVL30:
 451:Middlewares/Third_Party/LwIP/src/core/memp.c ****   LWIP_ASSERT("invalid pool desc", desc != NULL);
 452:Middlewares/Third_Party/LwIP/src/core/memp.c ****   if ((desc == NULL) || (mem == NULL)) {
 315              		.loc 1 452 0
 316 0000 0029     		cmp	r1, #0
 317 0002 18BF     		it	ne
 318 0004 0028     		cmpne	r0, #0
 319 0006 00D1     		bne	.L38
 320 0008 7047     		bx	lr
 321              	.L38:
 450:Middlewares/Third_Party/LwIP/src/core/memp.c ****   LWIP_ASSERT("invalid pool desc", desc != NULL);
 322              		.loc 1 450 0
 323 000a 08B5     		push	{r3, lr}
 324              	.LCFI7:
 325              		.cfi_def_cfa_offset 8
 326              		.cfi_offset 3, -8
 327              		.cfi_offset 14, -4
 453:Middlewares/Third_Party/LwIP/src/core/memp.c ****     return;
 454:Middlewares/Third_Party/LwIP/src/core/memp.c ****   }
 455:Middlewares/Third_Party/LwIP/src/core/memp.c **** 
 456:Middlewares/Third_Party/LwIP/src/core/memp.c ****   do_memp_free_pool(desc, mem);
ARM GAS  C:\Users\Student\AppData\Local\Temp\ccUkqBtk.s 			page 15


 328              		.loc 1 456 0
 329 000c FFF7FEFF 		bl	do_memp_free_pool
 330              	.LVL31:
 331 0010 08BD     		pop	{r3, pc}
 332              		.cfi_endproc
 333              	.LFE147:
 335              		.section	.text.memp_free,"ax",%progbits
 336              		.align	1
 337              		.global	memp_free
 338              		.syntax unified
 339              		.thumb
 340              		.thumb_func
 341              		.fpu fpv5-sp-d16
 343              	memp_free:
 344              	.LFB148:
 457:Middlewares/Third_Party/LwIP/src/core/memp.c **** }
 458:Middlewares/Third_Party/LwIP/src/core/memp.c **** 
 459:Middlewares/Third_Party/LwIP/src/core/memp.c **** /**
 460:Middlewares/Third_Party/LwIP/src/core/memp.c ****  * Put an element back into its pool.
 461:Middlewares/Third_Party/LwIP/src/core/memp.c ****  *
 462:Middlewares/Third_Party/LwIP/src/core/memp.c ****  * @param type the pool where to put mem
 463:Middlewares/Third_Party/LwIP/src/core/memp.c ****  * @param mem the memp element to free
 464:Middlewares/Third_Party/LwIP/src/core/memp.c ****  */
 465:Middlewares/Third_Party/LwIP/src/core/memp.c **** void
 466:Middlewares/Third_Party/LwIP/src/core/memp.c **** memp_free(memp_t type, void *mem)
 467:Middlewares/Third_Party/LwIP/src/core/memp.c **** {
 345              		.loc 1 467 0
 346              		.cfi_startproc
 347              		@ args = 0, pretend = 0, frame = 0
 348              		@ frame_needed = 0, uses_anonymous_args = 0
 349              	.LVL32:
 468:Middlewares/Third_Party/LwIP/src/core/memp.c **** #ifdef LWIP_HOOK_MEMP_AVAILABLE
 469:Middlewares/Third_Party/LwIP/src/core/memp.c ****   struct memp *old_first;
 470:Middlewares/Third_Party/LwIP/src/core/memp.c **** #endif
 471:Middlewares/Third_Party/LwIP/src/core/memp.c **** 
 472:Middlewares/Third_Party/LwIP/src/core/memp.c ****   LWIP_ERROR("memp_free: type < MEMP_MAX", (type < MEMP_MAX), return;);
 350              		.loc 1 472 0
 351 0000 0C28     		cmp	r0, #12
 352 0002 07D8     		bhi	.L42
 473:Middlewares/Third_Party/LwIP/src/core/memp.c **** 
 474:Middlewares/Third_Party/LwIP/src/core/memp.c ****   if (mem == NULL) {
 353              		.loc 1 474 0
 354 0004 31B1     		cbz	r1, .L42
 467:Middlewares/Third_Party/LwIP/src/core/memp.c **** #ifdef LWIP_HOOK_MEMP_AVAILABLE
 355              		.loc 1 467 0
 356 0006 08B5     		push	{r3, lr}
 357              	.LCFI8:
 358              		.cfi_def_cfa_offset 8
 359              		.cfi_offset 3, -8
 360              		.cfi_offset 14, -4
 475:Middlewares/Third_Party/LwIP/src/core/memp.c ****     return;
 476:Middlewares/Third_Party/LwIP/src/core/memp.c ****   }
 477:Middlewares/Third_Party/LwIP/src/core/memp.c **** 
 478:Middlewares/Third_Party/LwIP/src/core/memp.c **** #if MEMP_OVERFLOW_CHECK >= 2
 479:Middlewares/Third_Party/LwIP/src/core/memp.c ****   memp_overflow_check_all();
 480:Middlewares/Third_Party/LwIP/src/core/memp.c **** #endif /* MEMP_OVERFLOW_CHECK >= 2 */
 481:Middlewares/Third_Party/LwIP/src/core/memp.c **** 
ARM GAS  C:\Users\Student\AppData\Local\Temp\ccUkqBtk.s 			page 16


 482:Middlewares/Third_Party/LwIP/src/core/memp.c **** #ifdef LWIP_HOOK_MEMP_AVAILABLE
 483:Middlewares/Third_Party/LwIP/src/core/memp.c ****   old_first = *memp_pools[type]->tab;
 484:Middlewares/Third_Party/LwIP/src/core/memp.c **** #endif
 485:Middlewares/Third_Party/LwIP/src/core/memp.c **** 
 486:Middlewares/Third_Party/LwIP/src/core/memp.c ****   do_memp_free_pool(memp_pools[type], mem);
 361              		.loc 1 486 0
 362 0008 034B     		ldr	r3, .L45
 363 000a 53F82000 		ldr	r0, [r3, r0, lsl #2]
 364              	.LVL33:
 365 000e FFF7FEFF 		bl	do_memp_free_pool
 366              	.LVL34:
 367 0012 08BD     		pop	{r3, pc}
 368              	.LVL35:
 369              	.L42:
 370              	.LCFI9:
 371              		.cfi_def_cfa_offset 0
 372              		.cfi_restore 3
 373              		.cfi_restore 14
 374 0014 7047     		bx	lr
 375              	.L46:
 376 0016 00BF     		.align	2
 377              	.L45:
 378 0018 00000000 		.word	.LANCHOR0
 379              		.cfi_endproc
 380              	.LFE148:
 382              		.global	memp_pools
 383              		.global	memp_PBUF_POOL
 384              		.comm	memp_memory_PBUF_POOL_base,9731,4
 385              		.global	memp_PBUF
 386              		.comm	memp_memory_PBUF_base,259,4
 387              		.global	memp_SYS_TIMEOUT
 388              		.comm	memp_memory_SYS_TIMEOUT_base,83,4
 389              		.global	memp_TCPIP_MSG_INPKT
 390              		.comm	memp_memory_TCPIP_MSG_INPKT_base,131,4
 391              		.global	memp_TCPIP_MSG_API
 392              		.comm	memp_memory_TCPIP_MSG_API_base,131,4
 393              		.global	memp_NETCONN
 394              		.comm	memp_memory_NETCONN_base,179,4
 395              		.global	memp_NETBUF
 396              		.comm	memp_memory_NETBUF_base,35,4
 397              		.global	memp_FRAG_PBUF
 398              		.comm	memp_memory_FRAG_PBUF_base,363,4
 399              		.global	memp_REASSDATA
 400              		.comm	memp_memory_REASSDATA_base,163,4
 401              		.global	memp_TCP_SEG
 402              		.comm	memp_memory_TCP_SEG_base,259,4
 403              		.global	memp_TCP_PCB_LISTEN
 404              		.comm	memp_memory_TCP_PCB_LISTEN_base,227,4
 405              		.global	memp_TCP_PCB
 406              		.comm	memp_memory_TCP_PCB_base,763,4
 407              		.global	memp_UDP_PCB
 408              		.comm	memp_memory_UDP_PCB_base,131,4
 409              		.section	.bss.memp_tab_FRAG_PBUF,"aw",%nobits
 410              		.align	2
 413              	memp_tab_FRAG_PBUF:
 414 0000 00000000 		.space	4
 415              		.section	.bss.memp_tab_NETBUF,"aw",%nobits
ARM GAS  C:\Users\Student\AppData\Local\Temp\ccUkqBtk.s 			page 17


 416              		.align	2
 419              	memp_tab_NETBUF:
 420 0000 00000000 		.space	4
 421              		.section	.bss.memp_tab_NETCONN,"aw",%nobits
 422              		.align	2
 425              	memp_tab_NETCONN:
 426 0000 00000000 		.space	4
 427              		.section	.bss.memp_tab_PBUF,"aw",%nobits
 428              		.align	2
 431              	memp_tab_PBUF:
 432 0000 00000000 		.space	4
 433              		.section	.bss.memp_tab_PBUF_POOL,"aw",%nobits
 434              		.align	2
 437              	memp_tab_PBUF_POOL:
 438 0000 00000000 		.space	4
 439              		.section	.bss.memp_tab_REASSDATA,"aw",%nobits
 440              		.align	2
 443              	memp_tab_REASSDATA:
 444 0000 00000000 		.space	4
 445              		.section	.bss.memp_tab_SYS_TIMEOUT,"aw",%nobits
 446              		.align	2
 449              	memp_tab_SYS_TIMEOUT:
 450 0000 00000000 		.space	4
 451              		.section	.bss.memp_tab_TCPIP_MSG_API,"aw",%nobits
 452              		.align	2
 455              	memp_tab_TCPIP_MSG_API:
 456 0000 00000000 		.space	4
 457              		.section	.bss.memp_tab_TCPIP_MSG_INPKT,"aw",%nobits
 458              		.align	2
 461              	memp_tab_TCPIP_MSG_INPKT:
 462 0000 00000000 		.space	4
 463              		.section	.bss.memp_tab_TCP_PCB,"aw",%nobits
 464              		.align	2
 467              	memp_tab_TCP_PCB:
 468 0000 00000000 		.space	4
 469              		.section	.bss.memp_tab_TCP_PCB_LISTEN,"aw",%nobits
 470              		.align	2
 473              	memp_tab_TCP_PCB_LISTEN:
 474 0000 00000000 		.space	4
 475              		.section	.bss.memp_tab_TCP_SEG,"aw",%nobits
 476              		.align	2
 479              	memp_tab_TCP_SEG:
 480 0000 00000000 		.space	4
 481              		.section	.bss.memp_tab_UDP_PCB,"aw",%nobits
 482              		.align	2
 485              	memp_tab_UDP_PCB:
 486 0000 00000000 		.space	4
 487              		.section	.rodata.memp_FRAG_PBUF,"a",%progbits
 488              		.align	2
 491              	memp_FRAG_PBUF:
 492 0000 1800     		.short	24
 493 0002 0F00     		.short	15
 494 0004 00000000 		.word	memp_memory_FRAG_PBUF_base
 495 0008 00000000 		.word	memp_tab_FRAG_PBUF
 496              		.section	.rodata.memp_NETBUF,"a",%progbits
 497              		.align	2
 500              	memp_NETBUF:
ARM GAS  C:\Users\Student\AppData\Local\Temp\ccUkqBtk.s 			page 18


 501 0000 1000     		.short	16
 502 0002 0200     		.short	2
 503 0004 00000000 		.word	memp_memory_NETBUF_base
 504 0008 00000000 		.word	memp_tab_NETBUF
 505              		.section	.rodata.memp_NETCONN,"a",%progbits
 506              		.align	2
 509              	memp_NETCONN:
 510 0000 2C00     		.short	44
 511 0002 0400     		.short	4
 512 0004 00000000 		.word	memp_memory_NETCONN_base
 513 0008 00000000 		.word	memp_tab_NETCONN
 514              		.section	.rodata.memp_PBUF,"a",%progbits
 515              		.align	2
 518              	memp_PBUF:
 519 0000 1000     		.short	16
 520 0002 1000     		.short	16
 521 0004 00000000 		.word	memp_memory_PBUF_base
 522 0008 00000000 		.word	memp_tab_PBUF
 523              		.section	.rodata.memp_PBUF_POOL,"a",%progbits
 524              		.align	2
 527              	memp_PBUF_POOL:
 528 0000 6002     		.short	608
 529 0002 1000     		.short	16
 530 0004 00000000 		.word	memp_memory_PBUF_POOL_base
 531 0008 00000000 		.word	memp_tab_PBUF_POOL
 532              		.section	.rodata.memp_REASSDATA,"a",%progbits
 533              		.align	2
 536              	memp_REASSDATA:
 537 0000 2000     		.short	32
 538 0002 0500     		.short	5
 539 0004 00000000 		.word	memp_memory_REASSDATA_base
 540 0008 00000000 		.word	memp_tab_REASSDATA
 541              		.section	.rodata.memp_SYS_TIMEOUT,"a",%progbits
 542              		.align	2
 545              	memp_SYS_TIMEOUT:
 546 0000 1000     		.short	16
 547 0002 0500     		.short	5
 548 0004 00000000 		.word	memp_memory_SYS_TIMEOUT_base
 549 0008 00000000 		.word	memp_tab_SYS_TIMEOUT
 550              		.section	.rodata.memp_TCPIP_MSG_API,"a",%progbits
 551              		.align	2
 554              	memp_TCPIP_MSG_API:
 555 0000 1000     		.short	16
 556 0002 0800     		.short	8
 557 0004 00000000 		.word	memp_memory_TCPIP_MSG_API_base
 558 0008 00000000 		.word	memp_tab_TCPIP_MSG_API
 559              		.section	.rodata.memp_TCPIP_MSG_INPKT,"a",%progbits
 560              		.align	2
 563              	memp_TCPIP_MSG_INPKT:
 564 0000 1000     		.short	16
 565 0002 0800     		.short	8
 566 0004 00000000 		.word	memp_memory_TCPIP_MSG_INPKT_base
 567 0008 00000000 		.word	memp_tab_TCPIP_MSG_INPKT
 568              		.section	.rodata.memp_TCP_PCB,"a",%progbits
 569              		.align	2
 572              	memp_TCP_PCB:
 573 0000 9800     		.short	152
ARM GAS  C:\Users\Student\AppData\Local\Temp\ccUkqBtk.s 			page 19


 574 0002 0500     		.short	5
 575 0004 00000000 		.word	memp_memory_TCP_PCB_base
 576 0008 00000000 		.word	memp_tab_TCP_PCB
 577              		.section	.rodata.memp_TCP_PCB_LISTEN,"a",%progbits
 578              		.align	2
 581              	memp_TCP_PCB_LISTEN:
 582 0000 1C00     		.short	28
 583 0002 0800     		.short	8
 584 0004 00000000 		.word	memp_memory_TCP_PCB_LISTEN_base
 585 0008 00000000 		.word	memp_tab_TCP_PCB_LISTEN
 586              		.section	.rodata.memp_TCP_SEG,"a",%progbits
 587              		.align	2
 590              	memp_TCP_SEG:
 591 0000 1000     		.short	16
 592 0002 1000     		.short	16
 593 0004 00000000 		.word	memp_memory_TCP_SEG_base
 594 0008 00000000 		.word	memp_tab_TCP_SEG
 595              		.section	.rodata.memp_UDP_PCB,"a",%progbits
 596              		.align	2
 599              	memp_UDP_PCB:
 600 0000 2000     		.short	32
 601 0002 0400     		.short	4
 602 0004 00000000 		.word	memp_memory_UDP_PCB_base
 603 0008 00000000 		.word	memp_tab_UDP_PCB
 604              		.section	.rodata.memp_pools,"a",%progbits
 605              		.align	2
 606              		.set	.LANCHOR0,. + 0
 609              	memp_pools:
 610 0000 00000000 		.word	memp_UDP_PCB
 611 0004 00000000 		.word	memp_TCP_PCB
 612 0008 00000000 		.word	memp_TCP_PCB_LISTEN
 613 000c 00000000 		.word	memp_TCP_SEG
 614 0010 00000000 		.word	memp_REASSDATA
 615 0014 00000000 		.word	memp_FRAG_PBUF
 616 0018 00000000 		.word	memp_NETBUF
 617 001c 00000000 		.word	memp_NETCONN
 618 0020 00000000 		.word	memp_TCPIP_MSG_API
 619 0024 00000000 		.word	memp_TCPIP_MSG_INPKT
 620 0028 00000000 		.word	memp_SYS_TIMEOUT
 621 002c 00000000 		.word	memp_PBUF
 622 0030 00000000 		.word	memp_PBUF_POOL
 623              		.text
 624              	.Letext0:
 625              		.file 2 "c:\\gcc_toolchain\\6_2017-q1-update\\arm-none-eabi\\include\\machine\\_default_types.h"
 626              		.file 3 "c:\\gcc_toolchain\\6_2017-q1-update\\arm-none-eabi\\include\\sys\\_stdint.h"
 627              		.file 4 "Drivers/CMSIS/Include/core_cm7.h"
 628              		.file 5 "Drivers/CMSIS/Device/ST/STM32F7xx/Include/system_stm32f7xx.h"
 629              		.file 6 "c:\\gcc_toolchain\\6_2017-q1-update\\arm-none-eabi\\include\\sys\\lock.h"
 630              		.file 7 "c:\\gcc_toolchain\\6_2017-q1-update\\arm-none-eabi\\include\\sys\\_types.h"
 631              		.file 8 "c:\\gcc_toolchain\\6_2017-q1-update\\lib\\gcc\\arm-none-eabi\\6.3.1\\include\\stddef.h"
 632              		.file 9 "c:\\gcc_toolchain\\6_2017-q1-update\\arm-none-eabi\\include\\sys\\reent.h"
 633              		.file 10 "c:\\gcc_toolchain\\6_2017-q1-update\\arm-none-eabi\\include\\stdlib.h"
 634              		.file 11 "Middlewares/Third_Party/LwIP/system/arch/cc.h"
 635              		.file 12 "Middlewares/Third_Party/LwIP/src/include/lwip/arch.h"
 636              		.file 13 "Middlewares/Third_Party/LwIP/src/include/lwip/memp.h"
 637              		.file 14 "Middlewares/Third_Party/LwIP/src/include/lwip/priv/memp_priv.h"
 638              		.file 15 "Middlewares/Third_Party/LwIP/src/include/lwip/err.h"
ARM GAS  C:\Users\Student\AppData\Local\Temp\ccUkqBtk.s 			page 20


 639              		.file 16 "Middlewares/Third_Party/FreeRTOS/Source/include/queue.h"
 640              		.file 17 "Middlewares/Third_Party/FreeRTOS/Source/include/semphr.h"
 641              		.file 18 "Middlewares/Third_Party/FreeRTOS/Source/CMSIS_RTOS/cmsis_os.h"
 642              		.file 19 "Middlewares/Third_Party/LwIP/system/arch/sys_arch.h"
 643              		.file 20 "Middlewares/Third_Party/LwIP/src/include/lwip/pbuf.h"
 644              		.file 21 "Middlewares/Third_Party/LwIP/src/include/lwip/ip4_addr.h"
 645              		.file 22 "Middlewares/Third_Party/LwIP/src/include/lwip/ip_addr.h"
 646              		.file 23 "Middlewares/Third_Party/LwIP/src/include/lwip/netif.h"
 647              		.file 24 "Middlewares/Third_Party/LwIP/src/include/lwip/prot/ip4.h"
 648              		.file 25 "Middlewares/Third_Party/LwIP/src/include/lwip/ip.h"
 649              		.file 26 "Middlewares/Third_Party/LwIP/src/include/lwip/udp.h"
 650              		.file 27 "Middlewares/Third_Party/LwIP/src/include/lwip/tcp.h"
 651              		.file 28 "Middlewares/Third_Party/LwIP/src/include/lwip/priv/tcp_priv.h"
 652              		.file 29 "Middlewares/Third_Party/LwIP/src/include/lwip/prot/tcp.h"
 653              		.file 30 "Middlewares/Third_Party/LwIP/src/include/lwip/timeouts.h"
 654              		.file 31 "Middlewares/Third_Party/LwIP/src/include/lwip/tcpip.h"
 655              		.file 32 "Middlewares/Third_Party/LwIP/src/include/lwip/priv/api_msg.h"
 656              		.file 33 "Middlewares/Third_Party/LwIP/src/include/lwip/inet.h"
 657              		.file 34 "Middlewares/Third_Party/LwIP/src/include/lwip/errno.h"
 658              		.file 35 "Middlewares/Third_Party/LwIP/src/include/lwip/priv/memp_std.h"
 659              		.file 36 "Middlewares/Third_Party/LwIP/src/include/lwip/sys.h"
ARM GAS  C:\Users\Student\AppData\Local\Temp\ccUkqBtk.s 			page 21


DEFINED SYMBOLS
                            *ABS*:00000000 memp.c
C:\Users\Student\AppData\Local\Temp\ccUkqBtk.s:18     .text.do_memp_malloc_pool:00000000 $t
C:\Users\Student\AppData\Local\Temp\ccUkqBtk.s:24     .text.do_memp_malloc_pool:00000000 do_memp_malloc_pool
C:\Users\Student\AppData\Local\Temp\ccUkqBtk.s:69     .text.do_memp_free_pool:00000000 $t
C:\Users\Student\AppData\Local\Temp\ccUkqBtk.s:75     .text.do_memp_free_pool:00000000 do_memp_free_pool
C:\Users\Student\AppData\Local\Temp\ccUkqBtk.s:110    .text.memp_init_pool:00000000 $t
C:\Users\Student\AppData\Local\Temp\ccUkqBtk.s:117    .text.memp_init_pool:00000000 memp_init_pool
C:\Users\Student\AppData\Local\Temp\ccUkqBtk.s:163    .text.memp_init:00000000 $t
C:\Users\Student\AppData\Local\Temp\ccUkqBtk.s:170    .text.memp_init:00000000 memp_init
C:\Users\Student\AppData\Local\Temp\ccUkqBtk.s:207    .text.memp_init:0000001c $d
C:\Users\Student\AppData\Local\Temp\ccUkqBtk.s:212    .text.memp_malloc_pool:00000000 $t
C:\Users\Student\AppData\Local\Temp\ccUkqBtk.s:219    .text.memp_malloc_pool:00000000 memp_malloc_pool
C:\Users\Student\AppData\Local\Temp\ccUkqBtk.s:252    .text.memp_malloc:00000000 $t
C:\Users\Student\AppData\Local\Temp\ccUkqBtk.s:259    .text.memp_malloc:00000000 memp_malloc
C:\Users\Student\AppData\Local\Temp\ccUkqBtk.s:296    .text.memp_malloc:00000018 $d
C:\Users\Student\AppData\Local\Temp\ccUkqBtk.s:301    .text.memp_free_pool:00000000 $t
C:\Users\Student\AppData\Local\Temp\ccUkqBtk.s:308    .text.memp_free_pool:00000000 memp_free_pool
C:\Users\Student\AppData\Local\Temp\ccUkqBtk.s:336    .text.memp_free:00000000 $t
C:\Users\Student\AppData\Local\Temp\ccUkqBtk.s:343    .text.memp_free:00000000 memp_free
C:\Users\Student\AppData\Local\Temp\ccUkqBtk.s:378    .text.memp_free:00000018 $d
C:\Users\Student\AppData\Local\Temp\ccUkqBtk.s:609    .rodata.memp_pools:00000000 memp_pools
C:\Users\Student\AppData\Local\Temp\ccUkqBtk.s:527    .rodata.memp_PBUF_POOL:00000000 memp_PBUF_POOL
                            *COM*:00002603 memp_memory_PBUF_POOL_base
C:\Users\Student\AppData\Local\Temp\ccUkqBtk.s:518    .rodata.memp_PBUF:00000000 memp_PBUF
                            *COM*:00000103 memp_memory_PBUF_base
C:\Users\Student\AppData\Local\Temp\ccUkqBtk.s:545    .rodata.memp_SYS_TIMEOUT:00000000 memp_SYS_TIMEOUT
                            *COM*:00000053 memp_memory_SYS_TIMEOUT_base
C:\Users\Student\AppData\Local\Temp\ccUkqBtk.s:563    .rodata.memp_TCPIP_MSG_INPKT:00000000 memp_TCPIP_MSG_INPKT
                            *COM*:00000083 memp_memory_TCPIP_MSG_INPKT_base
C:\Users\Student\AppData\Local\Temp\ccUkqBtk.s:554    .rodata.memp_TCPIP_MSG_API:00000000 memp_TCPIP_MSG_API
                            *COM*:00000083 memp_memory_TCPIP_MSG_API_base
C:\Users\Student\AppData\Local\Temp\ccUkqBtk.s:509    .rodata.memp_NETCONN:00000000 memp_NETCONN
                            *COM*:000000b3 memp_memory_NETCONN_base
C:\Users\Student\AppData\Local\Temp\ccUkqBtk.s:500    .rodata.memp_NETBUF:00000000 memp_NETBUF
                            *COM*:00000023 memp_memory_NETBUF_base
C:\Users\Student\AppData\Local\Temp\ccUkqBtk.s:491    .rodata.memp_FRAG_PBUF:00000000 memp_FRAG_PBUF
                            *COM*:0000016b memp_memory_FRAG_PBUF_base
C:\Users\Student\AppData\Local\Temp\ccUkqBtk.s:536    .rodata.memp_REASSDATA:00000000 memp_REASSDATA
                            *COM*:000000a3 memp_memory_REASSDATA_base
C:\Users\Student\AppData\Local\Temp\ccUkqBtk.s:590    .rodata.memp_TCP_SEG:00000000 memp_TCP_SEG
                            *COM*:00000103 memp_memory_TCP_SEG_base
C:\Users\Student\AppData\Local\Temp\ccUkqBtk.s:581    .rodata.memp_TCP_PCB_LISTEN:00000000 memp_TCP_PCB_LISTEN
                            *COM*:000000e3 memp_memory_TCP_PCB_LISTEN_base
C:\Users\Student\AppData\Local\Temp\ccUkqBtk.s:572    .rodata.memp_TCP_PCB:00000000 memp_TCP_PCB
                            *COM*:000002fb memp_memory_TCP_PCB_base
C:\Users\Student\AppData\Local\Temp\ccUkqBtk.s:599    .rodata.memp_UDP_PCB:00000000 memp_UDP_PCB
                            *COM*:00000083 memp_memory_UDP_PCB_base
C:\Users\Student\AppData\Local\Temp\ccUkqBtk.s:410    .bss.memp_tab_FRAG_PBUF:00000000 $d
C:\Users\Student\AppData\Local\Temp\ccUkqBtk.s:413    .bss.memp_tab_FRAG_PBUF:00000000 memp_tab_FRAG_PBUF
C:\Users\Student\AppData\Local\Temp\ccUkqBtk.s:416    .bss.memp_tab_NETBUF:00000000 $d
C:\Users\Student\AppData\Local\Temp\ccUkqBtk.s:419    .bss.memp_tab_NETBUF:00000000 memp_tab_NETBUF
C:\Users\Student\AppData\Local\Temp\ccUkqBtk.s:422    .bss.memp_tab_NETCONN:00000000 $d
C:\Users\Student\AppData\Local\Temp\ccUkqBtk.s:425    .bss.memp_tab_NETCONN:00000000 memp_tab_NETCONN
C:\Users\Student\AppData\Local\Temp\ccUkqBtk.s:428    .bss.memp_tab_PBUF:00000000 $d
C:\Users\Student\AppData\Local\Temp\ccUkqBtk.s:431    .bss.memp_tab_PBUF:00000000 memp_tab_PBUF
C:\Users\Student\AppData\Local\Temp\ccUkqBtk.s:434    .bss.memp_tab_PBUF_POOL:00000000 $d
ARM GAS  C:\Users\Student\AppData\Local\Temp\ccUkqBtk.s 			page 22


C:\Users\Student\AppData\Local\Temp\ccUkqBtk.s:437    .bss.memp_tab_PBUF_POOL:00000000 memp_tab_PBUF_POOL
C:\Users\Student\AppData\Local\Temp\ccUkqBtk.s:440    .bss.memp_tab_REASSDATA:00000000 $d
C:\Users\Student\AppData\Local\Temp\ccUkqBtk.s:443    .bss.memp_tab_REASSDATA:00000000 memp_tab_REASSDATA
C:\Users\Student\AppData\Local\Temp\ccUkqBtk.s:446    .bss.memp_tab_SYS_TIMEOUT:00000000 $d
C:\Users\Student\AppData\Local\Temp\ccUkqBtk.s:449    .bss.memp_tab_SYS_TIMEOUT:00000000 memp_tab_SYS_TIMEOUT
C:\Users\Student\AppData\Local\Temp\ccUkqBtk.s:452    .bss.memp_tab_TCPIP_MSG_API:00000000 $d
C:\Users\Student\AppData\Local\Temp\ccUkqBtk.s:455    .bss.memp_tab_TCPIP_MSG_API:00000000 memp_tab_TCPIP_MSG_API
C:\Users\Student\AppData\Local\Temp\ccUkqBtk.s:458    .bss.memp_tab_TCPIP_MSG_INPKT:00000000 $d
C:\Users\Student\AppData\Local\Temp\ccUkqBtk.s:461    .bss.memp_tab_TCPIP_MSG_INPKT:00000000 memp_tab_TCPIP_MSG_INPKT
C:\Users\Student\AppData\Local\Temp\ccUkqBtk.s:464    .bss.memp_tab_TCP_PCB:00000000 $d
C:\Users\Student\AppData\Local\Temp\ccUkqBtk.s:467    .bss.memp_tab_TCP_PCB:00000000 memp_tab_TCP_PCB
C:\Users\Student\AppData\Local\Temp\ccUkqBtk.s:470    .bss.memp_tab_TCP_PCB_LISTEN:00000000 $d
C:\Users\Student\AppData\Local\Temp\ccUkqBtk.s:473    .bss.memp_tab_TCP_PCB_LISTEN:00000000 memp_tab_TCP_PCB_LISTEN
C:\Users\Student\AppData\Local\Temp\ccUkqBtk.s:476    .bss.memp_tab_TCP_SEG:00000000 $d
C:\Users\Student\AppData\Local\Temp\ccUkqBtk.s:479    .bss.memp_tab_TCP_SEG:00000000 memp_tab_TCP_SEG
C:\Users\Student\AppData\Local\Temp\ccUkqBtk.s:482    .bss.memp_tab_UDP_PCB:00000000 $d
C:\Users\Student\AppData\Local\Temp\ccUkqBtk.s:485    .bss.memp_tab_UDP_PCB:00000000 memp_tab_UDP_PCB
C:\Users\Student\AppData\Local\Temp\ccUkqBtk.s:488    .rodata.memp_FRAG_PBUF:00000000 $d
C:\Users\Student\AppData\Local\Temp\ccUkqBtk.s:497    .rodata.memp_NETBUF:00000000 $d
C:\Users\Student\AppData\Local\Temp\ccUkqBtk.s:506    .rodata.memp_NETCONN:00000000 $d
C:\Users\Student\AppData\Local\Temp\ccUkqBtk.s:515    .rodata.memp_PBUF:00000000 $d
C:\Users\Student\AppData\Local\Temp\ccUkqBtk.s:524    .rodata.memp_PBUF_POOL:00000000 $d
C:\Users\Student\AppData\Local\Temp\ccUkqBtk.s:533    .rodata.memp_REASSDATA:00000000 $d
C:\Users\Student\AppData\Local\Temp\ccUkqBtk.s:542    .rodata.memp_SYS_TIMEOUT:00000000 $d
C:\Users\Student\AppData\Local\Temp\ccUkqBtk.s:551    .rodata.memp_TCPIP_MSG_API:00000000 $d
C:\Users\Student\AppData\Local\Temp\ccUkqBtk.s:560    .rodata.memp_TCPIP_MSG_INPKT:00000000 $d
C:\Users\Student\AppData\Local\Temp\ccUkqBtk.s:569    .rodata.memp_TCP_PCB:00000000 $d
C:\Users\Student\AppData\Local\Temp\ccUkqBtk.s:578    .rodata.memp_TCP_PCB_LISTEN:00000000 $d
C:\Users\Student\AppData\Local\Temp\ccUkqBtk.s:587    .rodata.memp_TCP_SEG:00000000 $d
C:\Users\Student\AppData\Local\Temp\ccUkqBtk.s:596    .rodata.memp_UDP_PCB:00000000 $d
C:\Users\Student\AppData\Local\Temp\ccUkqBtk.s:605    .rodata.memp_pools:00000000 $d
                     .debug_frame:00000010 $d

UNDEFINED SYMBOLS
sys_arch_protect
sys_arch_unprotect
