ARM GAS  C:\Users\Student\AppData\Local\Temp\ccMoFTT0.s 			page 1


   1              		.cpu cortex-m7
   2              		.eabi_attribute 27, 1
   3              		.eabi_attribute 28, 1
   4              		.eabi_attribute 20, 1
   5              		.eabi_attribute 21, 1
   6              		.eabi_attribute 23, 3
   7              		.eabi_attribute 24, 1
   8              		.eabi_attribute 25, 1
   9              		.eabi_attribute 26, 1
  10              		.eabi_attribute 30, 1
  11              		.eabi_attribute 34, 1
  12              		.eabi_attribute 18, 4
  13              		.file	"slipif.c"
  14              		.text
  15              	.Ltext0:
  16              		.cfi_sections	.debug_frame
  17              		.section	.text.slipif_rxbyte,"ax",%progbits
  18              		.align	1
  19              		.syntax unified
  20              		.thumb
  21              		.thumb_func
  22              		.fpu fpv5-sp-d16
  24              	slipif_rxbyte:
  25              	.LFB143:
  26              		.file 1 "Middlewares/Third_Party/LwIP/src/netif/slipif.c"
   1:Middlewares/Third_Party/LwIP/src/netif/slipif.c **** /**
   2:Middlewares/Third_Party/LwIP/src/netif/slipif.c ****  * @file
   3:Middlewares/Third_Party/LwIP/src/netif/slipif.c ****  * SLIP Interface
   4:Middlewares/Third_Party/LwIP/src/netif/slipif.c ****  *
   5:Middlewares/Third_Party/LwIP/src/netif/slipif.c ****  */
   6:Middlewares/Third_Party/LwIP/src/netif/slipif.c **** 
   7:Middlewares/Third_Party/LwIP/src/netif/slipif.c **** /*
   8:Middlewares/Third_Party/LwIP/src/netif/slipif.c ****  * Copyright (c) 2001-2004 Swedish Institute of Computer Science.
   9:Middlewares/Third_Party/LwIP/src/netif/slipif.c ****  * All rights reserved.
  10:Middlewares/Third_Party/LwIP/src/netif/slipif.c ****  *
  11:Middlewares/Third_Party/LwIP/src/netif/slipif.c ****  * Redistribution and use in source and binary forms, with or without
  12:Middlewares/Third_Party/LwIP/src/netif/slipif.c ****  * modification, are permitted provided that the following conditions
  13:Middlewares/Third_Party/LwIP/src/netif/slipif.c ****  * are met:
  14:Middlewares/Third_Party/LwIP/src/netif/slipif.c ****  * 1. Redistributions of source code must retain the above copyright
  15:Middlewares/Third_Party/LwIP/src/netif/slipif.c ****  *    notice, this list of conditions and the following disclaimer.
  16:Middlewares/Third_Party/LwIP/src/netif/slipif.c ****  * 2. Redistributions in binary form must reproduce the above copyright
  17:Middlewares/Third_Party/LwIP/src/netif/slipif.c ****  *    notice, this list of conditions and the following disclaimer in the
  18:Middlewares/Third_Party/LwIP/src/netif/slipif.c ****  *    documentation and/or other materials provided with the distribution.
  19:Middlewares/Third_Party/LwIP/src/netif/slipif.c ****  * 3. Neither the name of the Institute nor the names of its contributors
  20:Middlewares/Third_Party/LwIP/src/netif/slipif.c ****  *    may be used to endorse or promote products derived from this software
  21:Middlewares/Third_Party/LwIP/src/netif/slipif.c ****  *    without specific prior written permission.
  22:Middlewares/Third_Party/LwIP/src/netif/slipif.c ****  *
  23:Middlewares/Third_Party/LwIP/src/netif/slipif.c ****  * THIS SOFTWARE IS PROVIDED BY THE INSTITUTE AND CONTRIBUTORS ``AS IS'' AND
  24:Middlewares/Third_Party/LwIP/src/netif/slipif.c ****  * ANY EXPRESS OR IMPLIED WARRANTIES, INCLUDING, BUT NOT LIMITED TO, THE
  25:Middlewares/Third_Party/LwIP/src/netif/slipif.c ****  * IMPLIED WARRANTIES OF MERCHANTABILITY AND FITNESS FOR A PARTICULAR PURPOSE
  26:Middlewares/Third_Party/LwIP/src/netif/slipif.c ****  * ARE DISCLAIMED.  IN NO EVENT SHALL THE INSTITUTE OR CONTRIBUTORS BE LIABLE
  27:Middlewares/Third_Party/LwIP/src/netif/slipif.c ****  * FOR ANY DIRECT, INDIRECT, INCIDENTAL, SPECIAL, EXEMPLARY, OR CONSEQUENTIAL
  28:Middlewares/Third_Party/LwIP/src/netif/slipif.c ****  * DAMAGES (INCLUDING, BUT NOT LIMITED TO, PROCUREMENT OF SUBSTITUTE GOODS
  29:Middlewares/Third_Party/LwIP/src/netif/slipif.c ****  * OR SERVICES; LOSS OF USE, DATA, OR PROFITS; OR BUSINESS INTERRUPTION)
  30:Middlewares/Third_Party/LwIP/src/netif/slipif.c ****  * HOWEVER CAUSED AND ON ANY THEORY OF LIABILITY, WHETHER IN CONTRACT, STRICT
  31:Middlewares/Third_Party/LwIP/src/netif/slipif.c ****  * LIABILITY, OR TORT (INCLUDING NEGLIGENCE OR OTHERWISE) ARISING IN ANY WAY
  32:Middlewares/Third_Party/LwIP/src/netif/slipif.c ****  * OUT OF THE USE OF THIS SOFTWARE, EVEN IF ADVISED OF THE POSSIBILITY OF
ARM GAS  C:\Users\Student\AppData\Local\Temp\ccMoFTT0.s 			page 2


  33:Middlewares/Third_Party/LwIP/src/netif/slipif.c ****  * SUCH DAMAGE.
  34:Middlewares/Third_Party/LwIP/src/netif/slipif.c ****  *
  35:Middlewares/Third_Party/LwIP/src/netif/slipif.c ****  * This file is built upon the file: src/arch/rtxc/netif/sioslip.c
  36:Middlewares/Third_Party/LwIP/src/netif/slipif.c ****  *
  37:Middlewares/Third_Party/LwIP/src/netif/slipif.c ****  * Author: Magnus Ivarsson <magnus.ivarsson(at)volvo.com>
  38:Middlewares/Third_Party/LwIP/src/netif/slipif.c ****  *         Simon Goldschmidt
  39:Middlewares/Third_Party/LwIP/src/netif/slipif.c ****  */
  40:Middlewares/Third_Party/LwIP/src/netif/slipif.c **** 
  41:Middlewares/Third_Party/LwIP/src/netif/slipif.c **** 
  42:Middlewares/Third_Party/LwIP/src/netif/slipif.c **** /**
  43:Middlewares/Third_Party/LwIP/src/netif/slipif.c ****  * @defgroup slipif SLIP netif
  44:Middlewares/Third_Party/LwIP/src/netif/slipif.c ****  * @ingroup addons
  45:Middlewares/Third_Party/LwIP/src/netif/slipif.c ****  *
  46:Middlewares/Third_Party/LwIP/src/netif/slipif.c ****  * This is an arch independent SLIP netif. The specific serial hooks must be
  47:Middlewares/Third_Party/LwIP/src/netif/slipif.c ****  * provided by another file. They are sio_open, sio_read/sio_tryread and sio_send
  48:Middlewares/Third_Party/LwIP/src/netif/slipif.c ****  *
  49:Middlewares/Third_Party/LwIP/src/netif/slipif.c ****  * Usage: This netif can be used in three ways:\n
  50:Middlewares/Third_Party/LwIP/src/netif/slipif.c ****  *        1) For NO_SYS==0, an RX thread can be used which blocks on sio_read()
  51:Middlewares/Third_Party/LwIP/src/netif/slipif.c ****  *           until data is received.\n
  52:Middlewares/Third_Party/LwIP/src/netif/slipif.c ****  *        2) In your main loop, call slipif_poll() to check for new RX bytes,
  53:Middlewares/Third_Party/LwIP/src/netif/slipif.c ****  *           completed packets are fed into netif->input().\n
  54:Middlewares/Third_Party/LwIP/src/netif/slipif.c ****  *        3) Call slipif_received_byte[s]() from your serial RX ISR and
  55:Middlewares/Third_Party/LwIP/src/netif/slipif.c ****  *           slipif_process_rxqueue() from your main loop. ISR level decodes
  56:Middlewares/Third_Party/LwIP/src/netif/slipif.c ****  *           packets and puts completed packets on a queue which is fed into
  57:Middlewares/Third_Party/LwIP/src/netif/slipif.c ****  *           the stack from the main loop (needs SYS_LIGHTWEIGHT_PROT for
  58:Middlewares/Third_Party/LwIP/src/netif/slipif.c ****  *           pbuf_alloc to work on ISR level!).
  59:Middlewares/Third_Party/LwIP/src/netif/slipif.c ****  *
  60:Middlewares/Third_Party/LwIP/src/netif/slipif.c ****  */
  61:Middlewares/Third_Party/LwIP/src/netif/slipif.c **** 
  62:Middlewares/Third_Party/LwIP/src/netif/slipif.c **** #include "netif/slipif.h"
  63:Middlewares/Third_Party/LwIP/src/netif/slipif.c **** #include "lwip/opt.h"
  64:Middlewares/Third_Party/LwIP/src/netif/slipif.c **** 
  65:Middlewares/Third_Party/LwIP/src/netif/slipif.c **** #include "lwip/def.h"
  66:Middlewares/Third_Party/LwIP/src/netif/slipif.c **** #include "lwip/pbuf.h"
  67:Middlewares/Third_Party/LwIP/src/netif/slipif.c **** #include "lwip/stats.h"
  68:Middlewares/Third_Party/LwIP/src/netif/slipif.c **** #include "lwip/snmp.h"
  69:Middlewares/Third_Party/LwIP/src/netif/slipif.c **** #include "lwip/sys.h"
  70:Middlewares/Third_Party/LwIP/src/netif/slipif.c **** #include "lwip/sio.h"
  71:Middlewares/Third_Party/LwIP/src/netif/slipif.c **** 
  72:Middlewares/Third_Party/LwIP/src/netif/slipif.c **** #define SLIP_END     0xC0 /* 0300: start and end of every packet */
  73:Middlewares/Third_Party/LwIP/src/netif/slipif.c **** #define SLIP_ESC     0xDB /* 0333: escape start (one byte escaped data follows) */
  74:Middlewares/Third_Party/LwIP/src/netif/slipif.c **** #define SLIP_ESC_END 0xDC /* 0334: following escape: original byte is 0xC0 (END) */
  75:Middlewares/Third_Party/LwIP/src/netif/slipif.c **** #define SLIP_ESC_ESC 0xDD /* 0335: following escape: original byte is 0xDB (ESC) */
  76:Middlewares/Third_Party/LwIP/src/netif/slipif.c **** 
  77:Middlewares/Third_Party/LwIP/src/netif/slipif.c **** /** Maximum packet size that is received by this netif */
  78:Middlewares/Third_Party/LwIP/src/netif/slipif.c **** #ifndef SLIP_MAX_SIZE
  79:Middlewares/Third_Party/LwIP/src/netif/slipif.c **** #define SLIP_MAX_SIZE 1500
  80:Middlewares/Third_Party/LwIP/src/netif/slipif.c **** #endif
  81:Middlewares/Third_Party/LwIP/src/netif/slipif.c **** 
  82:Middlewares/Third_Party/LwIP/src/netif/slipif.c **** /** Define this to the interface speed for SNMP
  83:Middlewares/Third_Party/LwIP/src/netif/slipif.c ****  * (sio_fd is the sio_fd_t returned by sio_open).
  84:Middlewares/Third_Party/LwIP/src/netif/slipif.c ****  * The default value of zero means 'unknown'.
  85:Middlewares/Third_Party/LwIP/src/netif/slipif.c ****  */
  86:Middlewares/Third_Party/LwIP/src/netif/slipif.c **** #ifndef SLIP_SIO_SPEED
  87:Middlewares/Third_Party/LwIP/src/netif/slipif.c **** #define SLIP_SIO_SPEED(sio_fd) 0
  88:Middlewares/Third_Party/LwIP/src/netif/slipif.c **** #endif
  89:Middlewares/Third_Party/LwIP/src/netif/slipif.c **** 
ARM GAS  C:\Users\Student\AppData\Local\Temp\ccMoFTT0.s 			page 3


  90:Middlewares/Third_Party/LwIP/src/netif/slipif.c **** enum slipif_recv_state {
  91:Middlewares/Third_Party/LwIP/src/netif/slipif.c ****     SLIP_RECV_NORMAL,
  92:Middlewares/Third_Party/LwIP/src/netif/slipif.c ****     SLIP_RECV_ESCAPE
  93:Middlewares/Third_Party/LwIP/src/netif/slipif.c **** };
  94:Middlewares/Third_Party/LwIP/src/netif/slipif.c **** 
  95:Middlewares/Third_Party/LwIP/src/netif/slipif.c **** struct slipif_priv {
  96:Middlewares/Third_Party/LwIP/src/netif/slipif.c ****   sio_fd_t sd;
  97:Middlewares/Third_Party/LwIP/src/netif/slipif.c ****   /* q is the whole pbuf chain for a packet, p is the current pbuf in the chain */
  98:Middlewares/Third_Party/LwIP/src/netif/slipif.c ****   struct pbuf *p, *q;
  99:Middlewares/Third_Party/LwIP/src/netif/slipif.c ****   u8_t state;
 100:Middlewares/Third_Party/LwIP/src/netif/slipif.c ****   u16_t i, recved;
 101:Middlewares/Third_Party/LwIP/src/netif/slipif.c **** #if SLIP_RX_FROM_ISR
 102:Middlewares/Third_Party/LwIP/src/netif/slipif.c ****   struct pbuf *rxpackets;
 103:Middlewares/Third_Party/LwIP/src/netif/slipif.c **** #endif
 104:Middlewares/Third_Party/LwIP/src/netif/slipif.c **** };
 105:Middlewares/Third_Party/LwIP/src/netif/slipif.c **** 
 106:Middlewares/Third_Party/LwIP/src/netif/slipif.c **** /**
 107:Middlewares/Third_Party/LwIP/src/netif/slipif.c ****  * Send a pbuf doing the necessary SLIP encapsulation
 108:Middlewares/Third_Party/LwIP/src/netif/slipif.c ****  *
 109:Middlewares/Third_Party/LwIP/src/netif/slipif.c ****  * Uses the serial layer's sio_send()
 110:Middlewares/Third_Party/LwIP/src/netif/slipif.c ****  *
 111:Middlewares/Third_Party/LwIP/src/netif/slipif.c ****  * @param netif the lwip network interface structure for this slipif
 112:Middlewares/Third_Party/LwIP/src/netif/slipif.c ****  * @param p the pbuf chain packet to send
 113:Middlewares/Third_Party/LwIP/src/netif/slipif.c ****  * @return always returns ERR_OK since the serial layer does not provide return values
 114:Middlewares/Third_Party/LwIP/src/netif/slipif.c ****  */
 115:Middlewares/Third_Party/LwIP/src/netif/slipif.c **** static err_t
 116:Middlewares/Third_Party/LwIP/src/netif/slipif.c **** slipif_output(struct netif *netif, struct pbuf *p)
 117:Middlewares/Third_Party/LwIP/src/netif/slipif.c **** {
 118:Middlewares/Third_Party/LwIP/src/netif/slipif.c ****   struct slipif_priv *priv;
 119:Middlewares/Third_Party/LwIP/src/netif/slipif.c ****   struct pbuf *q;
 120:Middlewares/Third_Party/LwIP/src/netif/slipif.c ****   u16_t i;
 121:Middlewares/Third_Party/LwIP/src/netif/slipif.c ****   u8_t c;
 122:Middlewares/Third_Party/LwIP/src/netif/slipif.c **** 
 123:Middlewares/Third_Party/LwIP/src/netif/slipif.c ****   LWIP_ASSERT("netif != NULL", (netif != NULL));
 124:Middlewares/Third_Party/LwIP/src/netif/slipif.c ****   LWIP_ASSERT("netif->state != NULL", (netif->state != NULL));
 125:Middlewares/Third_Party/LwIP/src/netif/slipif.c ****   LWIP_ASSERT("p != NULL", (p != NULL));
 126:Middlewares/Third_Party/LwIP/src/netif/slipif.c **** 
 127:Middlewares/Third_Party/LwIP/src/netif/slipif.c ****   LWIP_DEBUGF(SLIP_DEBUG, ("slipif_output(%"U16_F"): sending %"U16_F" bytes\n", (u16_t)netif->num, 
 128:Middlewares/Third_Party/LwIP/src/netif/slipif.c ****   priv = (struct slipif_priv *)netif->state;
 129:Middlewares/Third_Party/LwIP/src/netif/slipif.c **** 
 130:Middlewares/Third_Party/LwIP/src/netif/slipif.c ****   /* Send pbuf out on the serial I/O device. */
 131:Middlewares/Third_Party/LwIP/src/netif/slipif.c ****   /* Start with packet delimiter. */
 132:Middlewares/Third_Party/LwIP/src/netif/slipif.c ****   sio_send(SLIP_END, priv->sd);
 133:Middlewares/Third_Party/LwIP/src/netif/slipif.c **** 
 134:Middlewares/Third_Party/LwIP/src/netif/slipif.c ****   for (q = p; q != NULL; q = q->next) {
 135:Middlewares/Third_Party/LwIP/src/netif/slipif.c ****     for (i = 0; i < q->len; i++) {
 136:Middlewares/Third_Party/LwIP/src/netif/slipif.c ****       c = ((u8_t *)q->payload)[i];
 137:Middlewares/Third_Party/LwIP/src/netif/slipif.c ****       switch (c) {
 138:Middlewares/Third_Party/LwIP/src/netif/slipif.c ****       case SLIP_END:
 139:Middlewares/Third_Party/LwIP/src/netif/slipif.c ****         /* need to escape this byte (0xC0 -> 0xDB, 0xDC) */
 140:Middlewares/Third_Party/LwIP/src/netif/slipif.c ****         sio_send(SLIP_ESC, priv->sd);
 141:Middlewares/Third_Party/LwIP/src/netif/slipif.c ****         sio_send(SLIP_ESC_END, priv->sd);
 142:Middlewares/Third_Party/LwIP/src/netif/slipif.c ****         break;
 143:Middlewares/Third_Party/LwIP/src/netif/slipif.c ****       case SLIP_ESC:
 144:Middlewares/Third_Party/LwIP/src/netif/slipif.c ****         /* need to escape this byte (0xDB -> 0xDB, 0xDD) */
 145:Middlewares/Third_Party/LwIP/src/netif/slipif.c ****         sio_send(SLIP_ESC, priv->sd);
 146:Middlewares/Third_Party/LwIP/src/netif/slipif.c ****         sio_send(SLIP_ESC_ESC, priv->sd);
ARM GAS  C:\Users\Student\AppData\Local\Temp\ccMoFTT0.s 			page 4


 147:Middlewares/Third_Party/LwIP/src/netif/slipif.c ****         break;
 148:Middlewares/Third_Party/LwIP/src/netif/slipif.c ****       default:
 149:Middlewares/Third_Party/LwIP/src/netif/slipif.c ****         /* normal byte - no need for escaping */
 150:Middlewares/Third_Party/LwIP/src/netif/slipif.c ****         sio_send(c, priv->sd);
 151:Middlewares/Third_Party/LwIP/src/netif/slipif.c ****         break;
 152:Middlewares/Third_Party/LwIP/src/netif/slipif.c ****       }
 153:Middlewares/Third_Party/LwIP/src/netif/slipif.c ****     }
 154:Middlewares/Third_Party/LwIP/src/netif/slipif.c ****   }
 155:Middlewares/Third_Party/LwIP/src/netif/slipif.c ****   /* End with packet delimiter. */
 156:Middlewares/Third_Party/LwIP/src/netif/slipif.c ****   sio_send(SLIP_END, priv->sd);
 157:Middlewares/Third_Party/LwIP/src/netif/slipif.c ****   return ERR_OK;
 158:Middlewares/Third_Party/LwIP/src/netif/slipif.c **** }
 159:Middlewares/Third_Party/LwIP/src/netif/slipif.c **** 
 160:Middlewares/Third_Party/LwIP/src/netif/slipif.c **** #if LWIP_IPV4
 161:Middlewares/Third_Party/LwIP/src/netif/slipif.c **** /**
 162:Middlewares/Third_Party/LwIP/src/netif/slipif.c ****  * Send a pbuf doing the necessary SLIP encapsulation
 163:Middlewares/Third_Party/LwIP/src/netif/slipif.c ****  *
 164:Middlewares/Third_Party/LwIP/src/netif/slipif.c ****  * Uses the serial layer's sio_send()
 165:Middlewares/Third_Party/LwIP/src/netif/slipif.c ****  *
 166:Middlewares/Third_Party/LwIP/src/netif/slipif.c ****  * @param netif the lwip network interface structure for this slipif
 167:Middlewares/Third_Party/LwIP/src/netif/slipif.c ****  * @param p the pbuf chain packet to send
 168:Middlewares/Third_Party/LwIP/src/netif/slipif.c ****  * @param ipaddr the ip address to send the packet to (not used for slipif)
 169:Middlewares/Third_Party/LwIP/src/netif/slipif.c ****  * @return always returns ERR_OK since the serial layer does not provide return values
 170:Middlewares/Third_Party/LwIP/src/netif/slipif.c ****  */
 171:Middlewares/Third_Party/LwIP/src/netif/slipif.c **** static err_t
 172:Middlewares/Third_Party/LwIP/src/netif/slipif.c **** slipif_output_v4(struct netif *netif, struct pbuf *p, const ip4_addr_t *ipaddr)
 173:Middlewares/Third_Party/LwIP/src/netif/slipif.c **** {
 174:Middlewares/Third_Party/LwIP/src/netif/slipif.c ****   LWIP_UNUSED_ARG(ipaddr);
 175:Middlewares/Third_Party/LwIP/src/netif/slipif.c ****   return slipif_output(netif, p);
 176:Middlewares/Third_Party/LwIP/src/netif/slipif.c **** }
 177:Middlewares/Third_Party/LwIP/src/netif/slipif.c **** #endif /* LWIP_IPV4 */
 178:Middlewares/Third_Party/LwIP/src/netif/slipif.c **** 
 179:Middlewares/Third_Party/LwIP/src/netif/slipif.c **** #if LWIP_IPV6
 180:Middlewares/Third_Party/LwIP/src/netif/slipif.c **** /**
 181:Middlewares/Third_Party/LwIP/src/netif/slipif.c ****  * Send a pbuf doing the necessary SLIP encapsulation
 182:Middlewares/Third_Party/LwIP/src/netif/slipif.c ****  *
 183:Middlewares/Third_Party/LwIP/src/netif/slipif.c ****  * Uses the serial layer's sio_send()
 184:Middlewares/Third_Party/LwIP/src/netif/slipif.c ****  *
 185:Middlewares/Third_Party/LwIP/src/netif/slipif.c ****  * @param netif the lwip network interface structure for this slipif
 186:Middlewares/Third_Party/LwIP/src/netif/slipif.c ****  * @param p the pbuf chain packet to send
 187:Middlewares/Third_Party/LwIP/src/netif/slipif.c ****  * @param ipaddr the ip address to send the packet to (not used for slipif)
 188:Middlewares/Third_Party/LwIP/src/netif/slipif.c ****  * @return always returns ERR_OK since the serial layer does not provide return values
 189:Middlewares/Third_Party/LwIP/src/netif/slipif.c ****  */
 190:Middlewares/Third_Party/LwIP/src/netif/slipif.c **** static err_t
 191:Middlewares/Third_Party/LwIP/src/netif/slipif.c **** slipif_output_v6(struct netif *netif, struct pbuf *p, const ip6_addr_t *ipaddr)
 192:Middlewares/Third_Party/LwIP/src/netif/slipif.c **** {
 193:Middlewares/Third_Party/LwIP/src/netif/slipif.c ****   LWIP_UNUSED_ARG(ipaddr);
 194:Middlewares/Third_Party/LwIP/src/netif/slipif.c ****   return slipif_output(netif, p);
 195:Middlewares/Third_Party/LwIP/src/netif/slipif.c **** }
 196:Middlewares/Third_Party/LwIP/src/netif/slipif.c **** #endif /* LWIP_IPV6 */
 197:Middlewares/Third_Party/LwIP/src/netif/slipif.c **** 
 198:Middlewares/Third_Party/LwIP/src/netif/slipif.c **** /**
 199:Middlewares/Third_Party/LwIP/src/netif/slipif.c ****  * Handle the incoming SLIP stream character by character
 200:Middlewares/Third_Party/LwIP/src/netif/slipif.c ****  *
 201:Middlewares/Third_Party/LwIP/src/netif/slipif.c ****  * @param netif the lwip network interface structure for this slipif
 202:Middlewares/Third_Party/LwIP/src/netif/slipif.c ****  * @param c received character (multiple calls to this function will
 203:Middlewares/Third_Party/LwIP/src/netif/slipif.c ****  *        return a complete packet, NULL is returned before - used for polling)
ARM GAS  C:\Users\Student\AppData\Local\Temp\ccMoFTT0.s 			page 5


 204:Middlewares/Third_Party/LwIP/src/netif/slipif.c ****  * @return The IP packet when SLIP_END is received
 205:Middlewares/Third_Party/LwIP/src/netif/slipif.c ****  */
 206:Middlewares/Third_Party/LwIP/src/netif/slipif.c **** static struct pbuf*
 207:Middlewares/Third_Party/LwIP/src/netif/slipif.c **** slipif_rxbyte(struct netif *netif, u8_t c)
 208:Middlewares/Third_Party/LwIP/src/netif/slipif.c **** {
  27              		.loc 1 208 0
  28              		.cfi_startproc
  29              		@ args = 0, pretend = 0, frame = 0
  30              		@ frame_needed = 0, uses_anonymous_args = 0
  31              	.LVL0:
  32 0000 38B5     		push	{r3, r4, r5, lr}
  33              	.LCFI0:
  34              		.cfi_def_cfa_offset 16
  35              		.cfi_offset 3, -16
  36              		.cfi_offset 4, -12
  37              		.cfi_offset 5, -8
  38              		.cfi_offset 14, -4
  39 0002 0D46     		mov	r5, r1
 209:Middlewares/Third_Party/LwIP/src/netif/slipif.c ****   struct slipif_priv *priv;
 210:Middlewares/Third_Party/LwIP/src/netif/slipif.c ****   struct pbuf *t;
 211:Middlewares/Third_Party/LwIP/src/netif/slipif.c **** 
 212:Middlewares/Third_Party/LwIP/src/netif/slipif.c ****   LWIP_ASSERT("netif != NULL", (netif != NULL));
 213:Middlewares/Third_Party/LwIP/src/netif/slipif.c ****   LWIP_ASSERT("netif->state != NULL", (netif->state != NULL));
  40              		.loc 1 213 0
  41 0004 C469     		ldr	r4, [r0, #28]
  42              	.LVL1:
 214:Middlewares/Third_Party/LwIP/src/netif/slipif.c **** 
 215:Middlewares/Third_Party/LwIP/src/netif/slipif.c ****   priv = (struct slipif_priv *)netif->state;
 216:Middlewares/Third_Party/LwIP/src/netif/slipif.c **** 
 217:Middlewares/Third_Party/LwIP/src/netif/slipif.c ****   switch (priv->state) {
  43              		.loc 1 217 0
  44 0006 237B     		ldrb	r3, [r4, #12]	@ zero_extendqisi2
  45 0008 23B3     		cbz	r3, .L3
  46 000a 012B     		cmp	r3, #1
  47 000c 36D0     		beq	.L4
  48              	.LVL2:
  49              	.L2:
 218:Middlewares/Third_Party/LwIP/src/netif/slipif.c ****   case SLIP_RECV_NORMAL:
 219:Middlewares/Third_Party/LwIP/src/netif/slipif.c ****     switch (c) {
 220:Middlewares/Third_Party/LwIP/src/netif/slipif.c ****     case SLIP_END:
 221:Middlewares/Third_Party/LwIP/src/netif/slipif.c ****       if (priv->recved > 0) {
 222:Middlewares/Third_Party/LwIP/src/netif/slipif.c ****         /* Received whole packet. */
 223:Middlewares/Third_Party/LwIP/src/netif/slipif.c ****         /* Trim the pbuf to the size of the received packet. */
 224:Middlewares/Third_Party/LwIP/src/netif/slipif.c ****         pbuf_realloc(priv->q, priv->recved);
 225:Middlewares/Third_Party/LwIP/src/netif/slipif.c **** 
 226:Middlewares/Third_Party/LwIP/src/netif/slipif.c ****         LINK_STATS_INC(link.recv);
 227:Middlewares/Third_Party/LwIP/src/netif/slipif.c **** 
 228:Middlewares/Third_Party/LwIP/src/netif/slipif.c ****         LWIP_DEBUGF(SLIP_DEBUG, ("slipif: Got packet (%"U16_F" bytes)\n", priv->recved));
 229:Middlewares/Third_Party/LwIP/src/netif/slipif.c ****         t = priv->q;
 230:Middlewares/Third_Party/LwIP/src/netif/slipif.c ****         priv->p = priv->q = NULL;
 231:Middlewares/Third_Party/LwIP/src/netif/slipif.c ****         priv->i = priv->recved = 0;
 232:Middlewares/Third_Party/LwIP/src/netif/slipif.c ****         return t;
 233:Middlewares/Third_Party/LwIP/src/netif/slipif.c ****       }
 234:Middlewares/Third_Party/LwIP/src/netif/slipif.c ****       return NULL;
 235:Middlewares/Third_Party/LwIP/src/netif/slipif.c ****     case SLIP_ESC:
 236:Middlewares/Third_Party/LwIP/src/netif/slipif.c ****       priv->state = SLIP_RECV_ESCAPE;
 237:Middlewares/Third_Party/LwIP/src/netif/slipif.c ****       return NULL;
ARM GAS  C:\Users\Student\AppData\Local\Temp\ccMoFTT0.s 			page 6


 238:Middlewares/Third_Party/LwIP/src/netif/slipif.c ****     default:
 239:Middlewares/Third_Party/LwIP/src/netif/slipif.c ****       break;
 240:Middlewares/Third_Party/LwIP/src/netif/slipif.c ****     } /* end switch (c) */
 241:Middlewares/Third_Party/LwIP/src/netif/slipif.c ****     break;
 242:Middlewares/Third_Party/LwIP/src/netif/slipif.c ****   case SLIP_RECV_ESCAPE:
 243:Middlewares/Third_Party/LwIP/src/netif/slipif.c ****     /* un-escape END or ESC bytes, leave other bytes
 244:Middlewares/Third_Party/LwIP/src/netif/slipif.c ****        (although that would be a protocol error) */
 245:Middlewares/Third_Party/LwIP/src/netif/slipif.c ****     switch (c) {
 246:Middlewares/Third_Party/LwIP/src/netif/slipif.c ****     case SLIP_ESC_END:
 247:Middlewares/Third_Party/LwIP/src/netif/slipif.c ****       c = SLIP_END;
 248:Middlewares/Third_Party/LwIP/src/netif/slipif.c ****       break;
 249:Middlewares/Third_Party/LwIP/src/netif/slipif.c ****     case SLIP_ESC_ESC:
 250:Middlewares/Third_Party/LwIP/src/netif/slipif.c ****       c = SLIP_ESC;
 251:Middlewares/Third_Party/LwIP/src/netif/slipif.c ****       break;
 252:Middlewares/Third_Party/LwIP/src/netif/slipif.c ****     default:
 253:Middlewares/Third_Party/LwIP/src/netif/slipif.c ****       break;
 254:Middlewares/Third_Party/LwIP/src/netif/slipif.c ****     }
 255:Middlewares/Third_Party/LwIP/src/netif/slipif.c ****     priv->state = SLIP_RECV_NORMAL;
 256:Middlewares/Third_Party/LwIP/src/netif/slipif.c ****     break;
 257:Middlewares/Third_Party/LwIP/src/netif/slipif.c ****   default:
 258:Middlewares/Third_Party/LwIP/src/netif/slipif.c ****     break;
 259:Middlewares/Third_Party/LwIP/src/netif/slipif.c ****   } /* end switch (priv->state) */
 260:Middlewares/Third_Party/LwIP/src/netif/slipif.c **** 
 261:Middlewares/Third_Party/LwIP/src/netif/slipif.c ****   /* byte received, packet not yet completely received */
 262:Middlewares/Third_Party/LwIP/src/netif/slipif.c ****   if (priv->p == NULL) {
  50              		.loc 1 262 0
  51 000e 6368     		ldr	r3, [r4, #4]
  52 0010 002B     		cmp	r3, #0
  53 0012 3DD0     		beq	.L19
  54              	.LVL3:
  55              	.L11:
 263:Middlewares/Third_Party/LwIP/src/netif/slipif.c ****     /* allocate a new pbuf */
 264:Middlewares/Third_Party/LwIP/src/netif/slipif.c ****     LWIP_DEBUGF(SLIP_DEBUG, ("slipif_input: alloc\n"));
 265:Middlewares/Third_Party/LwIP/src/netif/slipif.c ****     priv->p = pbuf_alloc(PBUF_LINK, (PBUF_POOL_BUFSIZE - PBUF_LINK_HLEN - PBUF_LINK_ENCAPSULATION_H
 266:Middlewares/Third_Party/LwIP/src/netif/slipif.c **** 
 267:Middlewares/Third_Party/LwIP/src/netif/slipif.c ****     if (priv->p == NULL) {
 268:Middlewares/Third_Party/LwIP/src/netif/slipif.c ****       LINK_STATS_INC(link.drop);
 269:Middlewares/Third_Party/LwIP/src/netif/slipif.c ****       LWIP_DEBUGF(SLIP_DEBUG, ("slipif_input: no new pbuf! (DROP)\n"));
 270:Middlewares/Third_Party/LwIP/src/netif/slipif.c ****       /* don't process any further since we got no pbuf to receive to */
 271:Middlewares/Third_Party/LwIP/src/netif/slipif.c ****       return NULL;
 272:Middlewares/Third_Party/LwIP/src/netif/slipif.c ****     }
 273:Middlewares/Third_Party/LwIP/src/netif/slipif.c **** 
 274:Middlewares/Third_Party/LwIP/src/netif/slipif.c ****     if (priv->q != NULL) {
 275:Middlewares/Third_Party/LwIP/src/netif/slipif.c ****       /* 'chain' the pbuf to the existing chain */
 276:Middlewares/Third_Party/LwIP/src/netif/slipif.c ****       pbuf_cat(priv->q, priv->p);
 277:Middlewares/Third_Party/LwIP/src/netif/slipif.c ****     } else {
 278:Middlewares/Third_Party/LwIP/src/netif/slipif.c ****       /* p is the first pbuf in the chain */
 279:Middlewares/Third_Party/LwIP/src/netif/slipif.c ****       priv->q = priv->p;
 280:Middlewares/Third_Party/LwIP/src/netif/slipif.c ****     }
 281:Middlewares/Third_Party/LwIP/src/netif/slipif.c ****   }
 282:Middlewares/Third_Party/LwIP/src/netif/slipif.c **** 
 283:Middlewares/Third_Party/LwIP/src/netif/slipif.c ****   /* this automatically drops bytes if > SLIP_MAX_SIZE */
 284:Middlewares/Third_Party/LwIP/src/netif/slipif.c ****   if ((priv->p != NULL) && (priv->recved <= SLIP_MAX_SIZE)) {
  56              		.loc 1 284 0
  57 0014 6068     		ldr	r0, [r4, #4]
  58 0016 0028     		cmp	r0, #0
  59 0018 53D0     		beq	.L1
ARM GAS  C:\Users\Student\AppData\Local\Temp\ccMoFTT0.s 			page 7


  60              		.loc 1 284 0 is_stmt 0 discriminator 1
  61 001a 228A     		ldrh	r2, [r4, #16]
  62 001c 40F2DC53 		movw	r3, #1500
  63 0020 9A42     		cmp	r2, r3
  64 0022 4BD8     		bhi	.L16
 285:Middlewares/Third_Party/LwIP/src/netif/slipif.c ****     ((u8_t *)priv->p->payload)[priv->i] = c;
  65              		.loc 1 285 0 is_stmt 1
  66 0024 4268     		ldr	r2, [r0, #4]
  67 0026 E389     		ldrh	r3, [r4, #14]
  68 0028 D554     		strb	r5, [r2, r3]
 286:Middlewares/Third_Party/LwIP/src/netif/slipif.c ****     priv->recved++;
  69              		.loc 1 286 0
  70 002a 238A     		ldrh	r3, [r4, #16]
  71 002c 0133     		adds	r3, r3, #1
  72 002e 2382     		strh	r3, [r4, #16]	@ movhi
 287:Middlewares/Third_Party/LwIP/src/netif/slipif.c ****     priv->i++;
  73              		.loc 1 287 0
  74 0030 E389     		ldrh	r3, [r4, #14]
  75 0032 0133     		adds	r3, r3, #1
  76 0034 9BB2     		uxth	r3, r3
  77 0036 E381     		strh	r3, [r4, #14]	@ movhi
 288:Middlewares/Third_Party/LwIP/src/netif/slipif.c ****     if (priv->i >= priv->p->len) {
  78              		.loc 1 288 0
  79 0038 6268     		ldr	r2, [r4, #4]
  80 003a 5189     		ldrh	r1, [r2, #10]
  81 003c 8B42     		cmp	r3, r1
  82 003e 3FD3     		bcc	.L17
 289:Middlewares/Third_Party/LwIP/src/netif/slipif.c ****       /* on to the next pbuf */
 290:Middlewares/Third_Party/LwIP/src/netif/slipif.c ****       priv->i = 0;
  83              		.loc 1 290 0
  84 0040 0023     		movs	r3, #0
  85 0042 E381     		strh	r3, [r4, #14]	@ movhi
 291:Middlewares/Third_Party/LwIP/src/netif/slipif.c ****       if (priv->p->next != NULL && priv->p->next->len > 0) {
  86              		.loc 1 291 0
  87 0044 1368     		ldr	r3, [r2]
  88 0046 002B     		cmp	r3, #0
  89 0048 33D0     		beq	.L13
  90              		.loc 1 291 0 is_stmt 0 discriminator 1
  91 004a 5A89     		ldrh	r2, [r3, #10]
  92 004c 8AB3     		cbz	r2, .L13
 292:Middlewares/Third_Party/LwIP/src/netif/slipif.c ****         /* p is a chain, on to the next in the chain */
 293:Middlewares/Third_Party/LwIP/src/netif/slipif.c ****           priv->p = priv->p->next;
  93              		.loc 1 293 0 is_stmt 1
  94 004e 6360     		str	r3, [r4, #4]
 294:Middlewares/Third_Party/LwIP/src/netif/slipif.c ****       } else {
 295:Middlewares/Third_Party/LwIP/src/netif/slipif.c ****         /* p is a single pbuf, set it to NULL so next time a new
 296:Middlewares/Third_Party/LwIP/src/netif/slipif.c ****          * pbuf is allocated */
 297:Middlewares/Third_Party/LwIP/src/netif/slipif.c ****           priv->p = NULL;
 298:Middlewares/Third_Party/LwIP/src/netif/slipif.c ****       }
 299:Middlewares/Third_Party/LwIP/src/netif/slipif.c ****     }
 300:Middlewares/Third_Party/LwIP/src/netif/slipif.c ****   }
 301:Middlewares/Third_Party/LwIP/src/netif/slipif.c ****   return NULL;
  95              		.loc 1 301 0
  96 0050 0020     		movs	r0, #0
 293:Middlewares/Third_Party/LwIP/src/netif/slipif.c ****       } else {
  97              		.loc 1 293 0
  98 0052 38BD     		pop	{r3, r4, r5, pc}
ARM GAS  C:\Users\Student\AppData\Local\Temp\ccMoFTT0.s 			page 8


  99              	.LVL4:
 100              	.L3:
 219:Middlewares/Third_Party/LwIP/src/netif/slipif.c ****     case SLIP_END:
 101              		.loc 1 219 0
 102 0054 C029     		cmp	r1, #192
 103 0056 05D0     		beq	.L5
 104 0058 DB29     		cmp	r1, #219
 105 005a D8D1     		bne	.L2
 236:Middlewares/Third_Party/LwIP/src/netif/slipif.c ****       return NULL;
 106              		.loc 1 236 0
 107 005c 0123     		movs	r3, #1
 108 005e 2373     		strb	r3, [r4, #12]
 237:Middlewares/Third_Party/LwIP/src/netif/slipif.c ****     default:
 109              		.loc 1 237 0
 110 0060 0020     		movs	r0, #0
 111              	.LVL5:
 112 0062 38BD     		pop	{r3, r4, r5, pc}
 113              	.LVL6:
 114              	.L5:
 221:Middlewares/Third_Party/LwIP/src/netif/slipif.c ****         /* Received whole packet. */
 115              		.loc 1 221 0
 116 0064 218A     		ldrh	r1, [r4, #16]
 117              	.LVL7:
 118 0066 39B3     		cbz	r1, .L14
 224:Middlewares/Third_Party/LwIP/src/netif/slipif.c **** 
 119              		.loc 1 224 0
 120 0068 A068     		ldr	r0, [r4, #8]
 121              	.LVL8:
 122 006a FFF7FEFF 		bl	pbuf_realloc
 123              	.LVL9:
 229:Middlewares/Third_Party/LwIP/src/netif/slipif.c ****         priv->p = priv->q = NULL;
 124              		.loc 1 229 0
 125 006e A068     		ldr	r0, [r4, #8]
 126              	.LVL10:
 230:Middlewares/Third_Party/LwIP/src/netif/slipif.c ****         priv->i = priv->recved = 0;
 127              		.loc 1 230 0
 128 0070 0023     		movs	r3, #0
 129 0072 A360     		str	r3, [r4, #8]
 130 0074 6360     		str	r3, [r4, #4]
 231:Middlewares/Third_Party/LwIP/src/netif/slipif.c ****         return t;
 131              		.loc 1 231 0
 132 0076 2382     		strh	r3, [r4, #16]	@ movhi
 133 0078 E381     		strh	r3, [r4, #14]	@ movhi
 232:Middlewares/Third_Party/LwIP/src/netif/slipif.c ****       }
 134              		.loc 1 232 0
 135 007a 38BD     		pop	{r3, r4, r5, pc}
 136              	.LVL11:
 137              	.L4:
 245:Middlewares/Third_Party/LwIP/src/netif/slipif.c ****     case SLIP_ESC_END:
 138              		.loc 1 245 0
 139 007c DC29     		cmp	r1, #220
 140 007e 05D0     		beq	.L15
 141 0080 DD29     		cmp	r1, #221
 142 0082 00D1     		bne	.L9
 143              	.LVL12:
 250:Middlewares/Third_Party/LwIP/src/netif/slipif.c ****       break;
 144              		.loc 1 250 0
ARM GAS  C:\Users\Student\AppData\Local\Temp\ccMoFTT0.s 			page 9


 145 0084 DB25     		movs	r5, #219
 146              	.LVL13:
 147              	.L9:
 255:Middlewares/Third_Party/LwIP/src/netif/slipif.c ****     break;
 148              		.loc 1 255 0
 149 0086 0023     		movs	r3, #0
 150 0088 2373     		strb	r3, [r4, #12]
 256:Middlewares/Third_Party/LwIP/src/netif/slipif.c ****   default:
 151              		.loc 1 256 0
 152 008a C0E7     		b	.L2
 153              	.LVL14:
 154              	.L15:
 247:Middlewares/Third_Party/LwIP/src/netif/slipif.c ****       break;
 155              		.loc 1 247 0
 156 008c C025     		movs	r5, #192
 157 008e FAE7     		b	.L9
 158              	.LVL15:
 159              	.L19:
 265:Middlewares/Third_Party/LwIP/src/netif/slipif.c **** 
 160              		.loc 1 265 0
 161 0090 0322     		movs	r2, #3
 162 0092 40F24221 		movw	r1, #578
 163 0096 0220     		movs	r0, #2
 164              	.LVL16:
 165 0098 FFF7FEFF 		bl	pbuf_alloc
 166              	.LVL17:
 167 009c 6060     		str	r0, [r4, #4]
 267:Middlewares/Third_Party/LwIP/src/netif/slipif.c ****       LINK_STATS_INC(link.drop);
 168              		.loc 1 267 0
 169 009e 80B1     		cbz	r0, .L1
 274:Middlewares/Third_Party/LwIP/src/netif/slipif.c ****       /* 'chain' the pbuf to the existing chain */
 170              		.loc 1 274 0
 171 00a0 A368     		ldr	r3, [r4, #8]
 172 00a2 23B1     		cbz	r3, .L12
 276:Middlewares/Third_Party/LwIP/src/netif/slipif.c ****     } else {
 173              		.loc 1 276 0
 174 00a4 0146     		mov	r1, r0
 175 00a6 1846     		mov	r0, r3
 176 00a8 FFF7FEFF 		bl	pbuf_cat
 177              	.LVL18:
 178 00ac B2E7     		b	.L11
 179              	.L12:
 279:Middlewares/Third_Party/LwIP/src/netif/slipif.c ****     }
 180              		.loc 1 279 0
 181 00ae A060     		str	r0, [r4, #8]
 182 00b0 B0E7     		b	.L11
 183              	.L13:
 297:Middlewares/Third_Party/LwIP/src/netif/slipif.c ****       }
 184              		.loc 1 297 0
 185 00b2 0020     		movs	r0, #0
 186 00b4 6060     		str	r0, [r4, #4]
 187 00b6 38BD     		pop	{r3, r4, r5, pc}
 188              	.LVL19:
 189              	.L14:
 234:Middlewares/Third_Party/LwIP/src/netif/slipif.c ****     case SLIP_ESC:
 190              		.loc 1 234 0
 191 00b8 0020     		movs	r0, #0
ARM GAS  C:\Users\Student\AppData\Local\Temp\ccMoFTT0.s 			page 10


 192              	.LVL20:
 193 00ba 38BD     		pop	{r3, r4, r5, pc}
 194              	.LVL21:
 195              	.L16:
 196              		.loc 1 301 0
 197 00bc 0020     		movs	r0, #0
 198 00be 38BD     		pop	{r3, r4, r5, pc}
 199              	.LVL22:
 200              	.L17:
 201 00c0 0020     		movs	r0, #0
 202              	.L1:
 302:Middlewares/Third_Party/LwIP/src/netif/slipif.c **** }
 203              		.loc 1 302 0
 204 00c2 38BD     		pop	{r3, r4, r5, pc}
 205              		.cfi_endproc
 206              	.LFE143:
 208              		.section	.text.slipif_rxbyte_input,"ax",%progbits
 209              		.align	1
 210              		.syntax unified
 211              		.thumb
 212              		.thumb_func
 213              		.fpu fpv5-sp-d16
 215              	slipif_rxbyte_input:
 216              	.LFB144:
 303:Middlewares/Third_Party/LwIP/src/netif/slipif.c **** 
 304:Middlewares/Third_Party/LwIP/src/netif/slipif.c **** /** Like slipif_rxbyte, but passes completed packets to netif->input
 305:Middlewares/Third_Party/LwIP/src/netif/slipif.c ****  *
 306:Middlewares/Third_Party/LwIP/src/netif/slipif.c ****  * @param netif The lwip network interface structure for this slipif
 307:Middlewares/Third_Party/LwIP/src/netif/slipif.c ****  * @param c received character
 308:Middlewares/Third_Party/LwIP/src/netif/slipif.c ****  */
 309:Middlewares/Third_Party/LwIP/src/netif/slipif.c **** static void
 310:Middlewares/Third_Party/LwIP/src/netif/slipif.c **** slipif_rxbyte_input(struct netif *netif, u8_t c)
 311:Middlewares/Third_Party/LwIP/src/netif/slipif.c **** {
 217              		.loc 1 311 0
 218              		.cfi_startproc
 219              		@ args = 0, pretend = 0, frame = 0
 220              		@ frame_needed = 0, uses_anonymous_args = 0
 221              	.LVL23:
 222 0000 38B5     		push	{r3, r4, r5, lr}
 223              	.LCFI1:
 224              		.cfi_def_cfa_offset 16
 225              		.cfi_offset 3, -16
 226              		.cfi_offset 4, -12
 227              		.cfi_offset 5, -8
 228              		.cfi_offset 14, -4
 229 0002 0446     		mov	r4, r0
 312:Middlewares/Third_Party/LwIP/src/netif/slipif.c ****   struct pbuf *p;
 313:Middlewares/Third_Party/LwIP/src/netif/slipif.c ****   p = slipif_rxbyte(netif, c);
 230              		.loc 1 313 0
 231 0004 FFF7FEFF 		bl	slipif_rxbyte
 232              	.LVL24:
 314:Middlewares/Third_Party/LwIP/src/netif/slipif.c ****   if (p != NULL) {
 233              		.loc 1 314 0
 234 0008 20B1     		cbz	r0, .L20
 235 000a 0546     		mov	r5, r0
 315:Middlewares/Third_Party/LwIP/src/netif/slipif.c ****     if (netif->input(p, netif) != ERR_OK) {
 236              		.loc 1 315 0
ARM GAS  C:\Users\Student\AppData\Local\Temp\ccMoFTT0.s 			page 11


 237 000c 2369     		ldr	r3, [r4, #16]
 238 000e 2146     		mov	r1, r4
 239 0010 9847     		blx	r3
 240              	.LVL25:
 241 0012 00B9     		cbnz	r0, .L23
 242              	.LVL26:
 243              	.L20:
 244 0014 38BD     		pop	{r3, r4, r5, pc}
 245              	.LVL27:
 246              	.L23:
 316:Middlewares/Third_Party/LwIP/src/netif/slipif.c ****       pbuf_free(p);
 247              		.loc 1 316 0
 248 0016 2846     		mov	r0, r5
 249 0018 FFF7FEFF 		bl	pbuf_free
 250              	.LVL28:
 317:Middlewares/Third_Party/LwIP/src/netif/slipif.c ****     }
 318:Middlewares/Third_Party/LwIP/src/netif/slipif.c ****   }
 319:Middlewares/Third_Party/LwIP/src/netif/slipif.c **** }
 251              		.loc 1 319 0
 252 001c FAE7     		b	.L20
 253              		.cfi_endproc
 254              	.LFE144:
 256              		.section	.text.slipif_loop_thread,"ax",%progbits
 257              		.align	1
 258              		.syntax unified
 259              		.thumb
 260              		.thumb_func
 261              		.fpu fpv5-sp-d16
 263              	slipif_loop_thread:
 264              	.LFB145:
 320:Middlewares/Third_Party/LwIP/src/netif/slipif.c **** 
 321:Middlewares/Third_Party/LwIP/src/netif/slipif.c **** #if SLIP_USE_RX_THREAD
 322:Middlewares/Third_Party/LwIP/src/netif/slipif.c **** /**
 323:Middlewares/Third_Party/LwIP/src/netif/slipif.c ****  * The SLIP input thread.
 324:Middlewares/Third_Party/LwIP/src/netif/slipif.c ****  *
 325:Middlewares/Third_Party/LwIP/src/netif/slipif.c ****  * Feed the IP layer with incoming packets
 326:Middlewares/Third_Party/LwIP/src/netif/slipif.c ****  *
 327:Middlewares/Third_Party/LwIP/src/netif/slipif.c ****  * @param nf the lwip network interface structure for this slipif
 328:Middlewares/Third_Party/LwIP/src/netif/slipif.c ****  */
 329:Middlewares/Third_Party/LwIP/src/netif/slipif.c **** static void
 330:Middlewares/Third_Party/LwIP/src/netif/slipif.c **** slipif_loop_thread(void *nf)
 331:Middlewares/Third_Party/LwIP/src/netif/slipif.c **** {
 265              		.loc 1 331 0
 266              		.cfi_startproc
 267              		@ args = 0, pretend = 0, frame = 8
 268              		@ frame_needed = 0, uses_anonymous_args = 0
 269              	.LVL29:
 270 0000 30B5     		push	{r4, r5, lr}
 271              	.LCFI2:
 272              		.cfi_def_cfa_offset 12
 273              		.cfi_offset 4, -12
 274              		.cfi_offset 5, -8
 275              		.cfi_offset 14, -4
 276 0002 83B0     		sub	sp, sp, #12
 277              	.LCFI3:
 278              		.cfi_def_cfa_offset 24
 279 0004 0546     		mov	r5, r0
ARM GAS  C:\Users\Student\AppData\Local\Temp\ccMoFTT0.s 			page 12


 280              	.LVL30:
 332:Middlewares/Third_Party/LwIP/src/netif/slipif.c ****   u8_t c;
 333:Middlewares/Third_Party/LwIP/src/netif/slipif.c ****   struct netif *netif = (struct netif *)nf;
 334:Middlewares/Third_Party/LwIP/src/netif/slipif.c ****   struct slipif_priv *priv = (struct slipif_priv *)netif->state;
 281              		.loc 1 334 0
 282 0006 C469     		ldr	r4, [r0, #28]
 283              	.LVL31:
 284              	.L25:
 335:Middlewares/Third_Party/LwIP/src/netif/slipif.c **** 
 336:Middlewares/Third_Party/LwIP/src/netif/slipif.c ****   while (1) {
 337:Middlewares/Third_Party/LwIP/src/netif/slipif.c ****     if (sio_read(priv->sd, &c, 1) > 0) {
 285              		.loc 1 337 0
 286 0008 0122     		movs	r2, #1
 287 000a 0DF10701 		add	r1, sp, #7
 288 000e 2068     		ldr	r0, [r4]
 289 0010 FFF7FEFF 		bl	sio_read
 290              	.LVL32:
 291 0014 0028     		cmp	r0, #0
 292 0016 F7D0     		beq	.L25
 338:Middlewares/Third_Party/LwIP/src/netif/slipif.c ****       slipif_rxbyte_input(netif, c);
 293              		.loc 1 338 0
 294 0018 9DF80710 		ldrb	r1, [sp, #7]	@ zero_extendqisi2
 295 001c 2846     		mov	r0, r5
 296 001e FFF7FEFF 		bl	slipif_rxbyte_input
 297              	.LVL33:
 298 0022 F1E7     		b	.L25
 299              		.cfi_endproc
 300              	.LFE145:
 302              		.section	.text.slipif_output,"ax",%progbits
 303              		.align	1
 304              		.syntax unified
 305              		.thumb
 306              		.thumb_func
 307              		.fpu fpv5-sp-d16
 309              	slipif_output:
 310              	.LFB141:
 117:Middlewares/Third_Party/LwIP/src/netif/slipif.c ****   struct slipif_priv *priv;
 311              		.loc 1 117 0
 312              		.cfi_startproc
 313              		@ args = 0, pretend = 0, frame = 0
 314              		@ frame_needed = 0, uses_anonymous_args = 0
 315              	.LVL34:
 316 0000 70B5     		push	{r4, r5, r6, lr}
 317              	.LCFI4:
 318              		.cfi_def_cfa_offset 16
 319              		.cfi_offset 4, -16
 320              		.cfi_offset 5, -12
 321              		.cfi_offset 6, -8
 322              		.cfi_offset 14, -4
 323 0002 0D46     		mov	r5, r1
 124:Middlewares/Third_Party/LwIP/src/netif/slipif.c ****   LWIP_ASSERT("p != NULL", (p != NULL));
 324              		.loc 1 124 0
 325 0004 C669     		ldr	r6, [r0, #28]
 326              	.LVL35:
 132:Middlewares/Third_Party/LwIP/src/netif/slipif.c **** 
 327              		.loc 1 132 0
 328 0006 3168     		ldr	r1, [r6]
ARM GAS  C:\Users\Student\AppData\Local\Temp\ccMoFTT0.s 			page 13


 329              	.LVL36:
 330 0008 C020     		movs	r0, #192
 331              	.LVL37:
 332 000a FFF7FEFF 		bl	sio_send
 333              	.LVL38:
 134:Middlewares/Third_Party/LwIP/src/netif/slipif.c ****     for (i = 0; i < q->len; i++) {
 334              		.loc 1 134 0
 335 000e 20E0     		b	.L29
 336              	.LVL39:
 337              	.L31:
 140:Middlewares/Third_Party/LwIP/src/netif/slipif.c ****         sio_send(SLIP_ESC_END, priv->sd);
 338              		.loc 1 140 0
 339 0010 3168     		ldr	r1, [r6]
 340 0012 DB20     		movs	r0, #219
 341              	.LVL40:
 342 0014 FFF7FEFF 		bl	sio_send
 343              	.LVL41:
 141:Middlewares/Third_Party/LwIP/src/netif/slipif.c ****         break;
 344              		.loc 1 141 0
 345 0018 3168     		ldr	r1, [r6]
 346 001a DC20     		movs	r0, #220
 347 001c FFF7FEFF 		bl	sio_send
 348              	.LVL42:
 349              	.L33:
 135:Middlewares/Third_Party/LwIP/src/netif/slipif.c ****       c = ((u8_t *)q->payload)[i];
 350              		.loc 1 135 0 discriminator 2
 351 0020 0134     		adds	r4, r4, #1
 352              	.LVL43:
 353 0022 A4B2     		uxth	r4, r4
 354              	.LVL44:
 355              	.L35:
 135:Middlewares/Third_Party/LwIP/src/netif/slipif.c ****       c = ((u8_t *)q->payload)[i];
 356              		.loc 1 135 0 is_stmt 0 discriminator 1
 357 0024 6B89     		ldrh	r3, [r5, #10]
 358 0026 9C42     		cmp	r4, r3
 359 0028 12D2     		bcs	.L39
 136:Middlewares/Third_Party/LwIP/src/netif/slipif.c ****       switch (c) {
 360              		.loc 1 136 0 is_stmt 1
 361 002a 6B68     		ldr	r3, [r5, #4]
 362 002c 185D     		ldrb	r0, [r3, r4]	@ zero_extendqisi2
 363              	.LVL45:
 137:Middlewares/Third_Party/LwIP/src/netif/slipif.c ****       case SLIP_END:
 364              		.loc 1 137 0
 365 002e C028     		cmp	r0, #192
 366 0030 EED0     		beq	.L31
 367 0032 DB28     		cmp	r0, #219
 368 0034 03D0     		beq	.L32
 150:Middlewares/Third_Party/LwIP/src/netif/slipif.c ****         break;
 369              		.loc 1 150 0
 370 0036 3168     		ldr	r1, [r6]
 371 0038 FFF7FEFF 		bl	sio_send
 372              	.LVL46:
 151:Middlewares/Third_Party/LwIP/src/netif/slipif.c ****       }
 373              		.loc 1 151 0
 374 003c F0E7     		b	.L33
 375              	.LVL47:
 376              	.L32:
ARM GAS  C:\Users\Student\AppData\Local\Temp\ccMoFTT0.s 			page 14


 145:Middlewares/Third_Party/LwIP/src/netif/slipif.c ****         sio_send(SLIP_ESC_ESC, priv->sd);
 377              		.loc 1 145 0
 378 003e 3168     		ldr	r1, [r6]
 379 0040 DB20     		movs	r0, #219
 380              	.LVL48:
 381 0042 FFF7FEFF 		bl	sio_send
 382              	.LVL49:
 146:Middlewares/Third_Party/LwIP/src/netif/slipif.c ****         break;
 383              		.loc 1 146 0
 384 0046 3168     		ldr	r1, [r6]
 385 0048 DD20     		movs	r0, #221
 386 004a FFF7FEFF 		bl	sio_send
 387              	.LVL50:
 147:Middlewares/Third_Party/LwIP/src/netif/slipif.c ****       default:
 388              		.loc 1 147 0
 389 004e E7E7     		b	.L33
 390              	.L39:
 134:Middlewares/Third_Party/LwIP/src/netif/slipif.c ****     for (i = 0; i < q->len; i++) {
 391              		.loc 1 134 0 discriminator 2
 392 0050 2D68     		ldr	r5, [r5]
 393              	.LVL51:
 394              	.L29:
 134:Middlewares/Third_Party/LwIP/src/netif/slipif.c ****     for (i = 0; i < q->len; i++) {
 395              		.loc 1 134 0 is_stmt 0 discriminator 1
 396 0052 0DB1     		cbz	r5, .L40
 397 0054 0024     		movs	r4, #0
 398 0056 E5E7     		b	.L35
 399              	.L40:
 156:Middlewares/Third_Party/LwIP/src/netif/slipif.c ****   return ERR_OK;
 400              		.loc 1 156 0 is_stmt 1
 401 0058 3168     		ldr	r1, [r6]
 402 005a C020     		movs	r0, #192
 403 005c FFF7FEFF 		bl	sio_send
 404              	.LVL52:
 158:Middlewares/Third_Party/LwIP/src/netif/slipif.c **** 
 405              		.loc 1 158 0
 406 0060 0020     		movs	r0, #0
 407 0062 70BD     		pop	{r4, r5, r6, pc}
 408              		.cfi_endproc
 409              	.LFE141:
 411              		.section	.text.slipif_output_v4,"ax",%progbits
 412              		.align	1
 413              		.syntax unified
 414              		.thumb
 415              		.thumb_func
 416              		.fpu fpv5-sp-d16
 418              	slipif_output_v4:
 419              	.LFB142:
 173:Middlewares/Third_Party/LwIP/src/netif/slipif.c ****   LWIP_UNUSED_ARG(ipaddr);
 420              		.loc 1 173 0
 421              		.cfi_startproc
 422              		@ args = 0, pretend = 0, frame = 0
 423              		@ frame_needed = 0, uses_anonymous_args = 0
 424              	.LVL53:
 425 0000 08B5     		push	{r3, lr}
 426              	.LCFI5:
 427              		.cfi_def_cfa_offset 8
ARM GAS  C:\Users\Student\AppData\Local\Temp\ccMoFTT0.s 			page 15


 428              		.cfi_offset 3, -8
 429              		.cfi_offset 14, -4
 175:Middlewares/Third_Party/LwIP/src/netif/slipif.c **** }
 430              		.loc 1 175 0
 431 0002 FFF7FEFF 		bl	slipif_output
 432              	.LVL54:
 176:Middlewares/Third_Party/LwIP/src/netif/slipif.c **** #endif /* LWIP_IPV4 */
 433              		.loc 1 176 0
 434 0006 08BD     		pop	{r3, pc}
 435              		.cfi_endproc
 436              	.LFE142:
 438              		.section	.text.slipif_init,"ax",%progbits
 439              		.align	1
 440              		.global	slipif_init
 441              		.syntax unified
 442              		.thumb
 443              		.thumb_func
 444              		.fpu fpv5-sp-d16
 446              	slipif_init:
 447              	.LFB146:
 339:Middlewares/Third_Party/LwIP/src/netif/slipif.c ****     }
 340:Middlewares/Third_Party/LwIP/src/netif/slipif.c ****   }
 341:Middlewares/Third_Party/LwIP/src/netif/slipif.c **** }
 342:Middlewares/Third_Party/LwIP/src/netif/slipif.c **** #endif /* SLIP_USE_RX_THREAD */
 343:Middlewares/Third_Party/LwIP/src/netif/slipif.c **** 
 344:Middlewares/Third_Party/LwIP/src/netif/slipif.c **** /**
 345:Middlewares/Third_Party/LwIP/src/netif/slipif.c ****  * SLIP netif initialization
 346:Middlewares/Third_Party/LwIP/src/netif/slipif.c ****  *
 347:Middlewares/Third_Party/LwIP/src/netif/slipif.c ****  * Call the arch specific sio_open and remember
 348:Middlewares/Third_Party/LwIP/src/netif/slipif.c ****  * the opened device in the state field of the netif.
 349:Middlewares/Third_Party/LwIP/src/netif/slipif.c ****  *
 350:Middlewares/Third_Party/LwIP/src/netif/slipif.c ****  * @param netif the lwip network interface structure for this slipif
 351:Middlewares/Third_Party/LwIP/src/netif/slipif.c ****  * @return ERR_OK if serial line could be opened,
 352:Middlewares/Third_Party/LwIP/src/netif/slipif.c ****  *         ERR_MEM if no memory could be allocated,
 353:Middlewares/Third_Party/LwIP/src/netif/slipif.c ****  *         ERR_IF is serial line couldn't be opened
 354:Middlewares/Third_Party/LwIP/src/netif/slipif.c ****  *
 355:Middlewares/Third_Party/LwIP/src/netif/slipif.c ****  * @note netif->num must contain the number of the serial port to open
 356:Middlewares/Third_Party/LwIP/src/netif/slipif.c ****  *       (0 by default). If netif->state is != NULL, it is interpreted as an
 357:Middlewares/Third_Party/LwIP/src/netif/slipif.c ****  *       u8_t pointer pointing to the serial port number instead of netif->num.
 358:Middlewares/Third_Party/LwIP/src/netif/slipif.c ****  *
 359:Middlewares/Third_Party/LwIP/src/netif/slipif.c ****  */
 360:Middlewares/Third_Party/LwIP/src/netif/slipif.c **** err_t
 361:Middlewares/Third_Party/LwIP/src/netif/slipif.c **** slipif_init(struct netif *netif)
 362:Middlewares/Third_Party/LwIP/src/netif/slipif.c **** {
 448              		.loc 1 362 0
 449              		.cfi_startproc
 450              		@ args = 0, pretend = 0, frame = 0
 451              		@ frame_needed = 0, uses_anonymous_args = 0
 452              	.LVL55:
 453 0000 70B5     		push	{r4, r5, r6, lr}
 454              	.LCFI6:
 455              		.cfi_def_cfa_offset 16
 456              		.cfi_offset 4, -16
 457              		.cfi_offset 5, -12
 458              		.cfi_offset 6, -8
 459              		.cfi_offset 14, -4
 460 0002 82B0     		sub	sp, sp, #8
ARM GAS  C:\Users\Student\AppData\Local\Temp\ccMoFTT0.s 			page 16


 461              	.LCFI7:
 462              		.cfi_def_cfa_offset 24
 463 0004 0546     		mov	r5, r0
 363:Middlewares/Third_Party/LwIP/src/netif/slipif.c ****   struct slipif_priv *priv;
 364:Middlewares/Third_Party/LwIP/src/netif/slipif.c ****   u8_t sio_num;
 365:Middlewares/Third_Party/LwIP/src/netif/slipif.c **** 
 366:Middlewares/Third_Party/LwIP/src/netif/slipif.c ****   LWIP_DEBUGF(SLIP_DEBUG, ("slipif_init: netif->num=%"U16_F"\n", (u16_t)netif->num));
 367:Middlewares/Third_Party/LwIP/src/netif/slipif.c **** 
 368:Middlewares/Third_Party/LwIP/src/netif/slipif.c ****   /* Allocate private data */
 369:Middlewares/Third_Party/LwIP/src/netif/slipif.c ****   priv = (struct slipif_priv *)mem_malloc(sizeof(struct slipif_priv));
 464              		.loc 1 369 0
 465 0006 1420     		movs	r0, #20
 466              	.LVL56:
 467 0008 FFF7FEFF 		bl	mem_malloc
 468              	.LVL57:
 370:Middlewares/Third_Party/LwIP/src/netif/slipif.c ****   if (!priv) {
 469              		.loc 1 370 0
 470 000c 70B3     		cbz	r0, .L48
 471 000e 0646     		mov	r6, r0
 371:Middlewares/Third_Party/LwIP/src/netif/slipif.c ****     return ERR_MEM;
 372:Middlewares/Third_Party/LwIP/src/netif/slipif.c ****   }
 373:Middlewares/Third_Party/LwIP/src/netif/slipif.c **** 
 374:Middlewares/Third_Party/LwIP/src/netif/slipif.c ****   netif->name[0] = 's';
 472              		.loc 1 374 0
 473 0010 7323     		movs	r3, #115
 474 0012 85F83030 		strb	r3, [r5, #48]
 375:Middlewares/Third_Party/LwIP/src/netif/slipif.c ****   netif->name[1] = 'l';
 475              		.loc 1 375 0
 476 0016 6C23     		movs	r3, #108
 477 0018 85F83130 		strb	r3, [r5, #49]
 376:Middlewares/Third_Party/LwIP/src/netif/slipif.c **** #if LWIP_IPV4
 377:Middlewares/Third_Party/LwIP/src/netif/slipif.c ****   netif->output = slipif_output_v4;
 478              		.loc 1 377 0
 479 001c 154B     		ldr	r3, .L51
 480 001e 6B61     		str	r3, [r5, #20]
 378:Middlewares/Third_Party/LwIP/src/netif/slipif.c **** #endif /* LWIP_IPV4 */
 379:Middlewares/Third_Party/LwIP/src/netif/slipif.c **** #if LWIP_IPV6
 380:Middlewares/Third_Party/LwIP/src/netif/slipif.c ****   netif->output_ip6 = slipif_output_v6;
 381:Middlewares/Third_Party/LwIP/src/netif/slipif.c **** #endif /* LWIP_IPV6 */
 382:Middlewares/Third_Party/LwIP/src/netif/slipif.c ****   netif->mtu = SLIP_MAX_SIZE;
 481              		.loc 1 382 0
 482 0020 40F2DC53 		movw	r3, #1500
 483 0024 EB84     		strh	r3, [r5, #38]	@ movhi
 383:Middlewares/Third_Party/LwIP/src/netif/slipif.c **** 
 384:Middlewares/Third_Party/LwIP/src/netif/slipif.c ****   /* netif->state or netif->num contain the port number */
 385:Middlewares/Third_Party/LwIP/src/netif/slipif.c ****   if (netif->state != NULL) {
 484              		.loc 1 385 0
 485 0026 EB69     		ldr	r3, [r5, #28]
 486 0028 BBB1     		cbz	r3, .L45
 386:Middlewares/Third_Party/LwIP/src/netif/slipif.c ****     sio_num = *(u8_t*)netif->state;
 487              		.loc 1 386 0
 488 002a 1878     		ldrb	r0, [r3]	@ zero_extendqisi2
 489              	.LVL58:
 490              	.L46:
 387:Middlewares/Third_Party/LwIP/src/netif/slipif.c ****   } else {
 388:Middlewares/Third_Party/LwIP/src/netif/slipif.c ****     sio_num = netif->num;
 389:Middlewares/Third_Party/LwIP/src/netif/slipif.c ****   }
ARM GAS  C:\Users\Student\AppData\Local\Temp\ccMoFTT0.s 			page 17


 390:Middlewares/Third_Party/LwIP/src/netif/slipif.c ****   /* Try to open the serial port. */
 391:Middlewares/Third_Party/LwIP/src/netif/slipif.c ****   priv->sd = sio_open(sio_num);
 491              		.loc 1 391 0
 492 002c FFF7FEFF 		bl	sio_open
 493              	.LVL59:
 494 0030 3060     		str	r0, [r6]
 392:Middlewares/Third_Party/LwIP/src/netif/slipif.c ****   if (!priv->sd) {
 495              		.loc 1 392 0
 496 0032 A8B1     		cbz	r0, .L50
 393:Middlewares/Third_Party/LwIP/src/netif/slipif.c ****     /* Opening the serial port failed. */
 394:Middlewares/Third_Party/LwIP/src/netif/slipif.c ****     mem_free(priv);
 395:Middlewares/Third_Party/LwIP/src/netif/slipif.c ****     return ERR_IF;
 396:Middlewares/Third_Party/LwIP/src/netif/slipif.c ****   }
 397:Middlewares/Third_Party/LwIP/src/netif/slipif.c **** 
 398:Middlewares/Third_Party/LwIP/src/netif/slipif.c ****   /* Initialize private data */
 399:Middlewares/Third_Party/LwIP/src/netif/slipif.c ****   priv->p = NULL;
 497              		.loc 1 399 0
 498 0034 0024     		movs	r4, #0
 499 0036 7460     		str	r4, [r6, #4]
 400:Middlewares/Third_Party/LwIP/src/netif/slipif.c ****   priv->q = NULL;
 500              		.loc 1 400 0
 501 0038 B460     		str	r4, [r6, #8]
 401:Middlewares/Third_Party/LwIP/src/netif/slipif.c ****   priv->state = SLIP_RECV_NORMAL;
 502              		.loc 1 401 0
 503 003a 3473     		strb	r4, [r6, #12]
 402:Middlewares/Third_Party/LwIP/src/netif/slipif.c ****   priv->i = 0;
 504              		.loc 1 402 0
 505 003c F481     		strh	r4, [r6, #14]	@ movhi
 403:Middlewares/Third_Party/LwIP/src/netif/slipif.c ****   priv->recved = 0;
 506              		.loc 1 403 0
 507 003e 3482     		strh	r4, [r6, #16]	@ movhi
 404:Middlewares/Third_Party/LwIP/src/netif/slipif.c **** #if SLIP_RX_FROM_ISR
 405:Middlewares/Third_Party/LwIP/src/netif/slipif.c ****   priv->rxpackets = NULL;
 406:Middlewares/Third_Party/LwIP/src/netif/slipif.c **** #endif
 407:Middlewares/Third_Party/LwIP/src/netif/slipif.c **** 
 408:Middlewares/Third_Party/LwIP/src/netif/slipif.c ****   netif->state = priv;
 508              		.loc 1 408 0
 509 0040 EE61     		str	r6, [r5, #28]
 409:Middlewares/Third_Party/LwIP/src/netif/slipif.c **** 
 410:Middlewares/Third_Party/LwIP/src/netif/slipif.c ****   /* initialize the snmp variables and counters inside the struct netif */
 411:Middlewares/Third_Party/LwIP/src/netif/slipif.c ****   MIB2_INIT_NETIF(netif, snmp_ifType_slip, SLIP_SIO_SPEED(priv->sd));
 412:Middlewares/Third_Party/LwIP/src/netif/slipif.c **** 
 413:Middlewares/Third_Party/LwIP/src/netif/slipif.c **** #if SLIP_USE_RX_THREAD
 414:Middlewares/Third_Party/LwIP/src/netif/slipif.c ****   /* Create a thread to poll the serial line. */
 415:Middlewares/Third_Party/LwIP/src/netif/slipif.c ****   sys_thread_new(SLIPIF_THREAD_NAME, slipif_loop_thread, netif,
 510              		.loc 1 415 0
 511 0042 0323     		movs	r3, #3
 512 0044 0093     		str	r3, [sp]
 513 0046 4FF48063 		mov	r3, #1024
 514 004a 2A46     		mov	r2, r5
 515 004c 0A49     		ldr	r1, .L51+4
 516 004e 0B48     		ldr	r0, .L51+8
 517 0050 FFF7FEFF 		bl	sys_thread_new
 518              	.LVL60:
 416:Middlewares/Third_Party/LwIP/src/netif/slipif.c ****     SLIPIF_THREAD_STACKSIZE, SLIPIF_THREAD_PRIO);
 417:Middlewares/Third_Party/LwIP/src/netif/slipif.c **** #endif /* SLIP_USE_RX_THREAD */
 418:Middlewares/Third_Party/LwIP/src/netif/slipif.c ****   return ERR_OK;
ARM GAS  C:\Users\Student\AppData\Local\Temp\ccMoFTT0.s 			page 18


 519              		.loc 1 418 0
 520 0054 2046     		mov	r0, r4
 521              	.LVL61:
 522              	.L44:
 419:Middlewares/Third_Party/LwIP/src/netif/slipif.c **** }
 523              		.loc 1 419 0
 524 0056 02B0     		add	sp, sp, #8
 525              	.LCFI8:
 526              		.cfi_remember_state
 527              		.cfi_def_cfa_offset 16
 528              		@ sp needed
 529 0058 70BD     		pop	{r4, r5, r6, pc}
 530              	.LVL62:
 531              	.L45:
 532              	.LCFI9:
 533              		.cfi_restore_state
 388:Middlewares/Third_Party/LwIP/src/netif/slipif.c ****   }
 534              		.loc 1 388 0
 535 005a 95F83200 		ldrb	r0, [r5, #50]	@ zero_extendqisi2
 536              	.LVL63:
 537 005e E5E7     		b	.L46
 538              	.LVL64:
 539              	.L50:
 394:Middlewares/Third_Party/LwIP/src/netif/slipif.c ****     return ERR_IF;
 540              		.loc 1 394 0
 541 0060 3046     		mov	r0, r6
 542 0062 FFF7FEFF 		bl	mem_free
 543              	.LVL65:
 395:Middlewares/Third_Party/LwIP/src/netif/slipif.c ****   }
 544              		.loc 1 395 0
 545 0066 6FF00B00 		mvn	r0, #11
 546 006a F4E7     		b	.L44
 547              	.LVL66:
 548              	.L48:
 371:Middlewares/Third_Party/LwIP/src/netif/slipif.c ****   }
 549              		.loc 1 371 0
 550 006c 4FF0FF30 		mov	r0, #-1
 551              	.LVL67:
 552 0070 F1E7     		b	.L44
 553              	.L52:
 554 0072 00BF     		.align	2
 555              	.L51:
 556 0074 00000000 		.word	slipif_output_v4
 557 0078 00000000 		.word	slipif_loop_thread
 558 007c 00000000 		.word	.LC0
 559              		.cfi_endproc
 560              	.LFE146:
 562              		.section	.text.slipif_poll,"ax",%progbits
 563              		.align	1
 564              		.global	slipif_poll
 565              		.syntax unified
 566              		.thumb
 567              		.thumb_func
 568              		.fpu fpv5-sp-d16
 570              	slipif_poll:
 571              	.LFB147:
 420:Middlewares/Third_Party/LwIP/src/netif/slipif.c **** 
ARM GAS  C:\Users\Student\AppData\Local\Temp\ccMoFTT0.s 			page 19


 421:Middlewares/Third_Party/LwIP/src/netif/slipif.c **** /**
 422:Middlewares/Third_Party/LwIP/src/netif/slipif.c ****  * Polls the serial device and feeds the IP layer with incoming packets.
 423:Middlewares/Third_Party/LwIP/src/netif/slipif.c ****  *
 424:Middlewares/Third_Party/LwIP/src/netif/slipif.c ****  * @param netif The lwip network interface structure for this slipif
 425:Middlewares/Third_Party/LwIP/src/netif/slipif.c ****  */
 426:Middlewares/Third_Party/LwIP/src/netif/slipif.c **** void
 427:Middlewares/Third_Party/LwIP/src/netif/slipif.c **** slipif_poll(struct netif *netif)
 428:Middlewares/Third_Party/LwIP/src/netif/slipif.c **** {
 572              		.loc 1 428 0
 573              		.cfi_startproc
 574              		@ args = 0, pretend = 0, frame = 8
 575              		@ frame_needed = 0, uses_anonymous_args = 0
 576              	.LVL68:
 577 0000 30B5     		push	{r4, r5, lr}
 578              	.LCFI10:
 579              		.cfi_def_cfa_offset 12
 580              		.cfi_offset 4, -12
 581              		.cfi_offset 5, -8
 582              		.cfi_offset 14, -4
 583 0002 83B0     		sub	sp, sp, #12
 584              	.LCFI11:
 585              		.cfi_def_cfa_offset 24
 586 0004 0546     		mov	r5, r0
 429:Middlewares/Third_Party/LwIP/src/netif/slipif.c ****   u8_t c;
 430:Middlewares/Third_Party/LwIP/src/netif/slipif.c ****   struct slipif_priv *priv;
 431:Middlewares/Third_Party/LwIP/src/netif/slipif.c **** 
 432:Middlewares/Third_Party/LwIP/src/netif/slipif.c ****   LWIP_ASSERT("netif != NULL", (netif != NULL));
 433:Middlewares/Third_Party/LwIP/src/netif/slipif.c ****   LWIP_ASSERT("netif->state != NULL", (netif->state != NULL));
 587              		.loc 1 433 0
 588 0006 C469     		ldr	r4, [r0, #28]
 589              	.LVL69:
 434:Middlewares/Third_Party/LwIP/src/netif/slipif.c **** 
 435:Middlewares/Third_Party/LwIP/src/netif/slipif.c ****   priv = (struct slipif_priv *)netif->state;
 436:Middlewares/Third_Party/LwIP/src/netif/slipif.c **** 
 437:Middlewares/Third_Party/LwIP/src/netif/slipif.c ****   while (sio_tryread(priv->sd, &c, 1) > 0) {
 590              		.loc 1 437 0
 591 0008 04E0     		b	.L54
 592              	.LVL70:
 593              	.L55:
 438:Middlewares/Third_Party/LwIP/src/netif/slipif.c ****     slipif_rxbyte_input(netif, c);
 594              		.loc 1 438 0
 595 000a 9DF80710 		ldrb	r1, [sp, #7]	@ zero_extendqisi2
 596 000e 2846     		mov	r0, r5
 597 0010 FFF7FEFF 		bl	slipif_rxbyte_input
 598              	.LVL71:
 599              	.L54:
 437:Middlewares/Third_Party/LwIP/src/netif/slipif.c ****     slipif_rxbyte_input(netif, c);
 600              		.loc 1 437 0
 601 0014 0122     		movs	r2, #1
 602 0016 0DF10701 		add	r1, sp, #7
 603 001a 2068     		ldr	r0, [r4]
 604 001c FFF7FEFF 		bl	sio_tryread
 605              	.LVL72:
 606 0020 0028     		cmp	r0, #0
 607 0022 F2D1     		bne	.L55
 439:Middlewares/Third_Party/LwIP/src/netif/slipif.c ****   }
 440:Middlewares/Third_Party/LwIP/src/netif/slipif.c **** }
ARM GAS  C:\Users\Student\AppData\Local\Temp\ccMoFTT0.s 			page 20


 608              		.loc 1 440 0
 609 0024 03B0     		add	sp, sp, #12
 610              	.LCFI12:
 611              		.cfi_def_cfa_offset 12
 612              		@ sp needed
 613 0026 30BD     		pop	{r4, r5, pc}
 614              		.cfi_endproc
 615              	.LFE147:
 617              		.section	.rodata.slipif_init.str1.4,"aMS",%progbits,1
 618              		.align	2
 619              	.LC0:
 620 0000 736C6970 		.ascii	"slipif_loop\000"
 620      69665F6C 
 620      6F6F7000 
 621              		.text
 622              	.Letext0:
 623              		.file 2 "c:\\gcc_toolchain\\6_2017-q1-update\\arm-none-eabi\\include\\machine\\_default_types.h"
 624              		.file 3 "c:\\gcc_toolchain\\6_2017-q1-update\\arm-none-eabi\\include\\sys\\_stdint.h"
 625              		.file 4 "Drivers/CMSIS/Include/core_cm7.h"
 626              		.file 5 "Drivers/CMSIS/Device/ST/STM32F7xx/Include/system_stm32f7xx.h"
 627              		.file 6 "c:\\gcc_toolchain\\6_2017-q1-update\\arm-none-eabi\\include\\sys\\lock.h"
 628              		.file 7 "c:\\gcc_toolchain\\6_2017-q1-update\\arm-none-eabi\\include\\sys\\_types.h"
 629              		.file 8 "c:\\gcc_toolchain\\6_2017-q1-update\\lib\\gcc\\arm-none-eabi\\6.3.1\\include\\stddef.h"
 630              		.file 9 "c:\\gcc_toolchain\\6_2017-q1-update\\arm-none-eabi\\include\\sys\\reent.h"
 631              		.file 10 "c:\\gcc_toolchain\\6_2017-q1-update\\arm-none-eabi\\include\\stdlib.h"
 632              		.file 11 "Middlewares/Third_Party/LwIP/src/include/lwip/arch.h"
 633              		.file 12 "Middlewares/Third_Party/LwIP/src/include/lwip/err.h"
 634              		.file 13 "Middlewares/Third_Party/LwIP/src/include/lwip/ip4_addr.h"
 635              		.file 14 "Middlewares/Third_Party/LwIP/src/include/lwip/ip_addr.h"
 636              		.file 15 "Middlewares/Third_Party/LwIP/src/include/lwip/pbuf.h"
 637              		.file 16 "Middlewares/Third_Party/LwIP/src/include/lwip/priv/memp_priv.h"
 638              		.file 17 "Middlewares/Third_Party/LwIP/src/include/lwip/memp.h"
 639              		.file 18 "Middlewares/Third_Party/LwIP/src/include/lwip/netif.h"
 640              		.file 19 "Middlewares/Third_Party/LwIP/src/include/lwip/sio.h"
 641              		.file 20 "Middlewares/Third_Party/LwIP/src/include/lwip/mem.h"
 642              		.file 21 "Middlewares/Third_Party/LwIP/src/include/lwip/sys.h"
ARM GAS  C:\Users\Student\AppData\Local\Temp\ccMoFTT0.s 			page 21


DEFINED SYMBOLS
                            *ABS*:00000000 slipif.c
C:\Users\Student\AppData\Local\Temp\ccMoFTT0.s:18     .text.slipif_rxbyte:00000000 $t
C:\Users\Student\AppData\Local\Temp\ccMoFTT0.s:24     .text.slipif_rxbyte:00000000 slipif_rxbyte
C:\Users\Student\AppData\Local\Temp\ccMoFTT0.s:209    .text.slipif_rxbyte_input:00000000 $t
C:\Users\Student\AppData\Local\Temp\ccMoFTT0.s:215    .text.slipif_rxbyte_input:00000000 slipif_rxbyte_input
C:\Users\Student\AppData\Local\Temp\ccMoFTT0.s:257    .text.slipif_loop_thread:00000000 $t
C:\Users\Student\AppData\Local\Temp\ccMoFTT0.s:263    .text.slipif_loop_thread:00000000 slipif_loop_thread
C:\Users\Student\AppData\Local\Temp\ccMoFTT0.s:303    .text.slipif_output:00000000 $t
C:\Users\Student\AppData\Local\Temp\ccMoFTT0.s:309    .text.slipif_output:00000000 slipif_output
C:\Users\Student\AppData\Local\Temp\ccMoFTT0.s:412    .text.slipif_output_v4:00000000 $t
C:\Users\Student\AppData\Local\Temp\ccMoFTT0.s:418    .text.slipif_output_v4:00000000 slipif_output_v4
C:\Users\Student\AppData\Local\Temp\ccMoFTT0.s:439    .text.slipif_init:00000000 $t
C:\Users\Student\AppData\Local\Temp\ccMoFTT0.s:446    .text.slipif_init:00000000 slipif_init
C:\Users\Student\AppData\Local\Temp\ccMoFTT0.s:556    .text.slipif_init:00000074 $d
C:\Users\Student\AppData\Local\Temp\ccMoFTT0.s:563    .text.slipif_poll:00000000 $t
C:\Users\Student\AppData\Local\Temp\ccMoFTT0.s:570    .text.slipif_poll:00000000 slipif_poll
C:\Users\Student\AppData\Local\Temp\ccMoFTT0.s:618    .rodata.slipif_init.str1.4:00000000 $d
                     .debug_frame:00000010 $d

UNDEFINED SYMBOLS
pbuf_realloc
pbuf_alloc
pbuf_cat
pbuf_free
sio_read
sio_send
mem_malloc
sio_open
sys_thread_new
mem_free
sio_tryread
