ARM GAS  C:\Users\Student\AppData\Local\Temp\ccpq5z8q.s 			page 1


   1              		.cpu cortex-m7
   2              		.eabi_attribute 27, 1
   3              		.eabi_attribute 28, 1
   4              		.eabi_attribute 20, 1
   5              		.eabi_attribute 21, 1
   6              		.eabi_attribute 23, 3
   7              		.eabi_attribute 24, 1
   8              		.eabi_attribute 25, 1
   9              		.eabi_attribute 26, 1
  10              		.eabi_attribute 30, 1
  11              		.eabi_attribute 34, 1
  12              		.eabi_attribute 18, 4
  13              		.file	"stm32f7xx_hal_msp.c"
  14              		.text
  15              	.Ltext0:
  16              		.cfi_sections	.debug_frame
  17              		.section	.text.HAL_MspInit,"ax",%progbits
  18              		.align	1
  19              		.global	HAL_MspInit
  20              		.syntax unified
  21              		.thumb
  22              		.thumb_func
  23              		.fpu fpv5-sp-d16
  25              	HAL_MspInit:
  26              	.LFB136:
  27              		.file 1 "Src/stm32f7xx_hal_msp.c"
   1:Src/stm32f7xx_hal_msp.c **** /**
   2:Src/stm32f7xx_hal_msp.c ****   ******************************************************************************
   3:Src/stm32f7xx_hal_msp.c ****   * File Name          : stm32f7xx_hal_msp.c
   4:Src/stm32f7xx_hal_msp.c ****   * Description        : This file provides code for the MSP Initialization 
   5:Src/stm32f7xx_hal_msp.c ****   *                      and de-Initialization codes.
   6:Src/stm32f7xx_hal_msp.c ****   ******************************************************************************
   7:Src/stm32f7xx_hal_msp.c ****   * This notice applies to any and all portions of this file
   8:Src/stm32f7xx_hal_msp.c ****   * that are not between comment pairs USER CODE BEGIN and
   9:Src/stm32f7xx_hal_msp.c ****   * USER CODE END. Other portions of this file, whether 
  10:Src/stm32f7xx_hal_msp.c ****   * inserted by the user or by software development tools
  11:Src/stm32f7xx_hal_msp.c ****   * are owned by their respective copyright owners.
  12:Src/stm32f7xx_hal_msp.c ****   *
  13:Src/stm32f7xx_hal_msp.c ****   * Copyright (c) 2017 STMicroelectronics International N.V. 
  14:Src/stm32f7xx_hal_msp.c ****   * All rights reserved.
  15:Src/stm32f7xx_hal_msp.c ****   *
  16:Src/stm32f7xx_hal_msp.c ****   * Redistribution and use in source and binary forms, with or without 
  17:Src/stm32f7xx_hal_msp.c ****   * modification, are permitted, provided that the following conditions are met:
  18:Src/stm32f7xx_hal_msp.c ****   *
  19:Src/stm32f7xx_hal_msp.c ****   * 1. Redistribution of source code must retain the above copyright notice, 
  20:Src/stm32f7xx_hal_msp.c ****   *    this list of conditions and the following disclaimer.
  21:Src/stm32f7xx_hal_msp.c ****   * 2. Redistributions in binary form must reproduce the above copyright notice,
  22:Src/stm32f7xx_hal_msp.c ****   *    this list of conditions and the following disclaimer in the documentation
  23:Src/stm32f7xx_hal_msp.c ****   *    and/or other materials provided with the distribution.
  24:Src/stm32f7xx_hal_msp.c ****   * 3. Neither the name of STMicroelectronics nor the names of other 
  25:Src/stm32f7xx_hal_msp.c ****   *    contributors to this software may be used to endorse or promote products 
  26:Src/stm32f7xx_hal_msp.c ****   *    derived from this software without specific written permission.
  27:Src/stm32f7xx_hal_msp.c ****   * 4. This software, including modifications and/or derivative works of this 
  28:Src/stm32f7xx_hal_msp.c ****   *    software, must execute solely and exclusively on microcontroller or
  29:Src/stm32f7xx_hal_msp.c ****   *    microprocessor devices manufactured by or for STMicroelectronics.
  30:Src/stm32f7xx_hal_msp.c ****   * 5. Redistribution and use of this software other than as permitted under 
  31:Src/stm32f7xx_hal_msp.c ****   *    this license is void and will automatically terminate your rights under 
ARM GAS  C:\Users\Student\AppData\Local\Temp\ccpq5z8q.s 			page 2


  32:Src/stm32f7xx_hal_msp.c ****   *    this license. 
  33:Src/stm32f7xx_hal_msp.c ****   *
  34:Src/stm32f7xx_hal_msp.c ****   * THIS SOFTWARE IS PROVIDED BY STMICROELECTRONICS AND CONTRIBUTORS "AS IS" 
  35:Src/stm32f7xx_hal_msp.c ****   * AND ANY EXPRESS, IMPLIED OR STATUTORY WARRANTIES, INCLUDING, BUT NOT 
  36:Src/stm32f7xx_hal_msp.c ****   * LIMITED TO, THE IMPLIED WARRANTIES OF MERCHANTABILITY, FITNESS FOR A 
  37:Src/stm32f7xx_hal_msp.c ****   * PARTICULAR PURPOSE AND NON-INFRINGEMENT OF THIRD PARTY INTELLECTUAL PROPERTY
  38:Src/stm32f7xx_hal_msp.c ****   * RIGHTS ARE DISCLAIMED TO THE FULLEST EXTENT PERMITTED BY LAW. IN NO EVENT 
  39:Src/stm32f7xx_hal_msp.c ****   * SHALL STMICROELECTRONICS OR CONTRIBUTORS BE LIABLE FOR ANY DIRECT, INDIRECT,
  40:Src/stm32f7xx_hal_msp.c ****   * INCIDENTAL, SPECIAL, EXEMPLARY, OR CONSEQUENTIAL DAMAGES (INCLUDING, BUT NOT
  41:Src/stm32f7xx_hal_msp.c ****   * LIMITED TO, PROCUREMENT OF SUBSTITUTE GOODS OR SERVICES; LOSS OF USE, DATA, 
  42:Src/stm32f7xx_hal_msp.c ****   * OR PROFITS; OR BUSINESS INTERRUPTION) HOWEVER CAUSED AND ON ANY THEORY OF 
  43:Src/stm32f7xx_hal_msp.c ****   * LIABILITY, WHETHER IN CONTRACT, STRICT LIABILITY, OR TORT (INCLUDING 
  44:Src/stm32f7xx_hal_msp.c ****   * NEGLIGENCE OR OTHERWISE) ARISING IN ANY WAY OUT OF THE USE OF THIS SOFTWARE,
  45:Src/stm32f7xx_hal_msp.c ****   * EVEN IF ADVISED OF THE POSSIBILITY OF SUCH DAMAGE.
  46:Src/stm32f7xx_hal_msp.c ****   *
  47:Src/stm32f7xx_hal_msp.c ****   ******************************************************************************
  48:Src/stm32f7xx_hal_msp.c ****   */
  49:Src/stm32f7xx_hal_msp.c **** /* Includes ------------------------------------------------------------------*/
  50:Src/stm32f7xx_hal_msp.c **** #include "stm32f7xx_hal.h"
  51:Src/stm32f7xx_hal_msp.c **** 
  52:Src/stm32f7xx_hal_msp.c **** extern void _Error_Handler(char *, int);
  53:Src/stm32f7xx_hal_msp.c **** /* USER CODE BEGIN 0 */
  54:Src/stm32f7xx_hal_msp.c **** 
  55:Src/stm32f7xx_hal_msp.c **** /* USER CODE END 0 */
  56:Src/stm32f7xx_hal_msp.c **** /**
  57:Src/stm32f7xx_hal_msp.c ****   * Initializes the Global MSP.
  58:Src/stm32f7xx_hal_msp.c ****   */
  59:Src/stm32f7xx_hal_msp.c **** void HAL_MspInit(void)
  60:Src/stm32f7xx_hal_msp.c **** {
  28              		.loc 1 60 0
  29              		.cfi_startproc
  30              		@ args = 0, pretend = 0, frame = 0
  31              		@ frame_needed = 0, uses_anonymous_args = 0
  32 0000 08B5     		push	{r3, lr}
  33              	.LCFI0:
  34              		.cfi_def_cfa_offset 8
  35              		.cfi_offset 3, -8
  36              		.cfi_offset 14, -4
  61:Src/stm32f7xx_hal_msp.c ****   /* USER CODE BEGIN MspInit 0 */
  62:Src/stm32f7xx_hal_msp.c **** 
  63:Src/stm32f7xx_hal_msp.c ****   /* USER CODE END MspInit 0 */
  64:Src/stm32f7xx_hal_msp.c **** 
  65:Src/stm32f7xx_hal_msp.c ****   HAL_NVIC_SetPriorityGrouping(NVIC_PRIORITYGROUP_4);
  37              		.loc 1 65 0
  38 0002 0320     		movs	r0, #3
  39 0004 FFF7FEFF 		bl	HAL_NVIC_SetPriorityGrouping
  40              	.LVL0:
  66:Src/stm32f7xx_hal_msp.c **** 
  67:Src/stm32f7xx_hal_msp.c ****   /* System interrupt init*/
  68:Src/stm32f7xx_hal_msp.c ****   /* MemoryManagement_IRQn interrupt configuration */
  69:Src/stm32f7xx_hal_msp.c ****   HAL_NVIC_SetPriority(MemoryManagement_IRQn, 0, 0);
  41              		.loc 1 69 0
  42 0008 0022     		movs	r2, #0
  43 000a 1146     		mov	r1, r2
  44 000c 6FF00B00 		mvn	r0, #11
  45 0010 FFF7FEFF 		bl	HAL_NVIC_SetPriority
  46              	.LVL1:
ARM GAS  C:\Users\Student\AppData\Local\Temp\ccpq5z8q.s 			page 3


  70:Src/stm32f7xx_hal_msp.c ****   /* BusFault_IRQn interrupt configuration */
  71:Src/stm32f7xx_hal_msp.c ****   HAL_NVIC_SetPriority(BusFault_IRQn, 0, 0);
  47              		.loc 1 71 0
  48 0014 0022     		movs	r2, #0
  49 0016 1146     		mov	r1, r2
  50 0018 6FF00A00 		mvn	r0, #10
  51 001c FFF7FEFF 		bl	HAL_NVIC_SetPriority
  52              	.LVL2:
  72:Src/stm32f7xx_hal_msp.c ****   /* UsageFault_IRQn interrupt configuration */
  73:Src/stm32f7xx_hal_msp.c ****   HAL_NVIC_SetPriority(UsageFault_IRQn, 0, 0);
  53              		.loc 1 73 0
  54 0020 0022     		movs	r2, #0
  55 0022 1146     		mov	r1, r2
  56 0024 6FF00900 		mvn	r0, #9
  57 0028 FFF7FEFF 		bl	HAL_NVIC_SetPriority
  58              	.LVL3:
  74:Src/stm32f7xx_hal_msp.c ****   /* SVCall_IRQn interrupt configuration */
  75:Src/stm32f7xx_hal_msp.c ****   HAL_NVIC_SetPriority(SVCall_IRQn, 0, 0);
  59              		.loc 1 75 0
  60 002c 0022     		movs	r2, #0
  61 002e 1146     		mov	r1, r2
  62 0030 6FF00400 		mvn	r0, #4
  63 0034 FFF7FEFF 		bl	HAL_NVIC_SetPriority
  64              	.LVL4:
  76:Src/stm32f7xx_hal_msp.c ****   /* DebugMonitor_IRQn interrupt configuration */
  77:Src/stm32f7xx_hal_msp.c ****   HAL_NVIC_SetPriority(DebugMonitor_IRQn, 0, 0);
  65              		.loc 1 77 0
  66 0038 0022     		movs	r2, #0
  67 003a 1146     		mov	r1, r2
  68 003c 6FF00300 		mvn	r0, #3
  69 0040 FFF7FEFF 		bl	HAL_NVIC_SetPriority
  70              	.LVL5:
  78:Src/stm32f7xx_hal_msp.c ****   /* PendSV_IRQn interrupt configuration */
  79:Src/stm32f7xx_hal_msp.c ****   HAL_NVIC_SetPriority(PendSV_IRQn, 15, 0);
  71              		.loc 1 79 0
  72 0044 0022     		movs	r2, #0
  73 0046 0F21     		movs	r1, #15
  74 0048 6FF00100 		mvn	r0, #1
  75 004c FFF7FEFF 		bl	HAL_NVIC_SetPriority
  76              	.LVL6:
  80:Src/stm32f7xx_hal_msp.c ****   /* SysTick_IRQn interrupt configuration */
  81:Src/stm32f7xx_hal_msp.c ****   HAL_NVIC_SetPriority(SysTick_IRQn, 15, 0);
  77              		.loc 1 81 0
  78 0050 0022     		movs	r2, #0
  79 0052 0F21     		movs	r1, #15
  80 0054 4FF0FF30 		mov	r0, #-1
  81 0058 FFF7FEFF 		bl	HAL_NVIC_SetPriority
  82              	.LVL7:
  83 005c 08BD     		pop	{r3, pc}
  84              		.cfi_endproc
  85              	.LFE136:
  87              		.section	.text.HAL_UART_MspInit,"ax",%progbits
  88              		.align	1
  89              		.global	HAL_UART_MspInit
  90              		.syntax unified
  91              		.thumb
  92              		.thumb_func
ARM GAS  C:\Users\Student\AppData\Local\Temp\ccpq5z8q.s 			page 4


  93              		.fpu fpv5-sp-d16
  95              	HAL_UART_MspInit:
  96              	.LFB137:
  82:Src/stm32f7xx_hal_msp.c **** 
  83:Src/stm32f7xx_hal_msp.c ****   /* USER CODE BEGIN MspInit 1 */
  84:Src/stm32f7xx_hal_msp.c **** 
  85:Src/stm32f7xx_hal_msp.c ****   /* USER CODE END MspInit 1 */
  86:Src/stm32f7xx_hal_msp.c **** }
  87:Src/stm32f7xx_hal_msp.c **** 
  88:Src/stm32f7xx_hal_msp.c **** void HAL_UART_MspInit(UART_HandleTypeDef* huart)
  89:Src/stm32f7xx_hal_msp.c **** {
  97              		.loc 1 89 0
  98              		.cfi_startproc
  99              		@ args = 0, pretend = 0, frame = 24
 100              		@ frame_needed = 0, uses_anonymous_args = 0
 101              	.LVL8:
  90:Src/stm32f7xx_hal_msp.c **** 
  91:Src/stm32f7xx_hal_msp.c ****   GPIO_InitTypeDef GPIO_InitStruct;
  92:Src/stm32f7xx_hal_msp.c ****   if(huart->Instance==USART3)
 102              		.loc 1 92 0
 103 0000 0268     		ldr	r2, [r0]
 104 0002 114B     		ldr	r3, .L10
 105 0004 9A42     		cmp	r2, r3
 106 0006 00D0     		beq	.L9
 107 0008 7047     		bx	lr
 108              	.L9:
  89:Src/stm32f7xx_hal_msp.c **** 
 109              		.loc 1 89 0
 110 000a 00B5     		push	{lr}
 111              	.LCFI1:
 112              		.cfi_def_cfa_offset 4
 113              		.cfi_offset 14, -4
 114 000c 87B0     		sub	sp, sp, #28
 115              	.LCFI2:
 116              		.cfi_def_cfa_offset 32
 117              	.LBB2:
  93:Src/stm32f7xx_hal_msp.c ****   {
  94:Src/stm32f7xx_hal_msp.c ****   /* USER CODE BEGIN USART3_MspInit 0 */
  95:Src/stm32f7xx_hal_msp.c **** 
  96:Src/stm32f7xx_hal_msp.c ****   /* USER CODE END USART3_MspInit 0 */
  97:Src/stm32f7xx_hal_msp.c ****     /* Peripheral clock enable */
  98:Src/stm32f7xx_hal_msp.c ****     __HAL_RCC_USART3_CLK_ENABLE();
 118              		.loc 1 98 0
 119 000e 03F5F833 		add	r3, r3, #126976
 120 0012 1A6C     		ldr	r2, [r3, #64]
 121 0014 42F48022 		orr	r2, r2, #262144
 122 0018 1A64     		str	r2, [r3, #64]
 123 001a 1B6C     		ldr	r3, [r3, #64]
 124 001c 03F48023 		and	r3, r3, #262144
 125 0020 0093     		str	r3, [sp]
 126 0022 009B     		ldr	r3, [sp]
 127              	.LBE2:
  99:Src/stm32f7xx_hal_msp.c ****   
 100:Src/stm32f7xx_hal_msp.c ****     /**USART3 GPIO Configuration    
 101:Src/stm32f7xx_hal_msp.c ****     PD8     ------> USART3_TX
 102:Src/stm32f7xx_hal_msp.c ****     PD9     ------> USART3_RX 
 103:Src/stm32f7xx_hal_msp.c ****     */
ARM GAS  C:\Users\Student\AppData\Local\Temp\ccpq5z8q.s 			page 5


 104:Src/stm32f7xx_hal_msp.c ****     GPIO_InitStruct.Pin = STLK_RX_Pin|STLK_TX_Pin;
 128              		.loc 1 104 0
 129 0024 4FF44073 		mov	r3, #768
 130 0028 0193     		str	r3, [sp, #4]
 105:Src/stm32f7xx_hal_msp.c ****     GPIO_InitStruct.Mode = GPIO_MODE_AF_PP;
 131              		.loc 1 105 0
 132 002a 0223     		movs	r3, #2
 133 002c 0293     		str	r3, [sp, #8]
 106:Src/stm32f7xx_hal_msp.c ****     GPIO_InitStruct.Pull = GPIO_PULLUP;
 134              		.loc 1 106 0
 135 002e 0123     		movs	r3, #1
 136 0030 0393     		str	r3, [sp, #12]
 107:Src/stm32f7xx_hal_msp.c ****     GPIO_InitStruct.Speed = GPIO_SPEED_FREQ_VERY_HIGH;
 137              		.loc 1 107 0
 138 0032 0323     		movs	r3, #3
 139 0034 0493     		str	r3, [sp, #16]
 108:Src/stm32f7xx_hal_msp.c ****     GPIO_InitStruct.Alternate = GPIO_AF7_USART3;
 140              		.loc 1 108 0
 141 0036 0723     		movs	r3, #7
 142 0038 0593     		str	r3, [sp, #20]
 109:Src/stm32f7xx_hal_msp.c ****     HAL_GPIO_Init(GPIOD, &GPIO_InitStruct);
 143              		.loc 1 109 0
 144 003a 01A9     		add	r1, sp, #4
 145 003c 0348     		ldr	r0, .L10+4
 146              	.LVL9:
 147 003e FFF7FEFF 		bl	HAL_GPIO_Init
 148              	.LVL10:
 110:Src/stm32f7xx_hal_msp.c **** 
 111:Src/stm32f7xx_hal_msp.c ****   /* USER CODE BEGIN USART3_MspInit 1 */
 112:Src/stm32f7xx_hal_msp.c **** 
 113:Src/stm32f7xx_hal_msp.c ****   /* USER CODE END USART3_MspInit 1 */
 114:Src/stm32f7xx_hal_msp.c ****   }
 115:Src/stm32f7xx_hal_msp.c **** 
 116:Src/stm32f7xx_hal_msp.c **** }
 149              		.loc 1 116 0
 150 0042 07B0     		add	sp, sp, #28
 151              	.LCFI3:
 152              		.cfi_def_cfa_offset 4
 153              		@ sp needed
 154 0044 5DF804FB 		ldr	pc, [sp], #4
 155              	.L11:
 156              		.align	2
 157              	.L10:
 158 0048 00480040 		.word	1073760256
 159 004c 000C0240 		.word	1073875968
 160              		.cfi_endproc
 161              	.LFE137:
 163              		.section	.text.HAL_UART_MspDeInit,"ax",%progbits
 164              		.align	1
 165              		.global	HAL_UART_MspDeInit
 166              		.syntax unified
 167              		.thumb
 168              		.thumb_func
 169              		.fpu fpv5-sp-d16
 171              	HAL_UART_MspDeInit:
 172              	.LFB138:
 117:Src/stm32f7xx_hal_msp.c **** 
ARM GAS  C:\Users\Student\AppData\Local\Temp\ccpq5z8q.s 			page 6


 118:Src/stm32f7xx_hal_msp.c **** void HAL_UART_MspDeInit(UART_HandleTypeDef* huart)
 119:Src/stm32f7xx_hal_msp.c **** {
 173              		.loc 1 119 0
 174              		.cfi_startproc
 175              		@ args = 0, pretend = 0, frame = 0
 176              		@ frame_needed = 0, uses_anonymous_args = 0
 177              	.LVL11:
 178 0000 08B5     		push	{r3, lr}
 179              	.LCFI4:
 180              		.cfi_def_cfa_offset 8
 181              		.cfi_offset 3, -8
 182              		.cfi_offset 14, -4
 120:Src/stm32f7xx_hal_msp.c **** 
 121:Src/stm32f7xx_hal_msp.c ****   if(huart->Instance==USART3)
 183              		.loc 1 121 0
 184 0002 0268     		ldr	r2, [r0]
 185 0004 074B     		ldr	r3, .L16
 186 0006 9A42     		cmp	r2, r3
 187 0008 00D0     		beq	.L15
 188              	.LVL12:
 189              	.L12:
 190 000a 08BD     		pop	{r3, pc}
 191              	.LVL13:
 192              	.L15:
 122:Src/stm32f7xx_hal_msp.c ****   {
 123:Src/stm32f7xx_hal_msp.c ****   /* USER CODE BEGIN USART3_MspDeInit 0 */
 124:Src/stm32f7xx_hal_msp.c **** 
 125:Src/stm32f7xx_hal_msp.c ****   /* USER CODE END USART3_MspDeInit 0 */
 126:Src/stm32f7xx_hal_msp.c ****     /* Peripheral clock disable */
 127:Src/stm32f7xx_hal_msp.c ****     __HAL_RCC_USART3_CLK_DISABLE();
 193              		.loc 1 127 0
 194 000c 064A     		ldr	r2, .L16+4
 195 000e 136C     		ldr	r3, [r2, #64]
 196 0010 23F48023 		bic	r3, r3, #262144
 197 0014 1364     		str	r3, [r2, #64]
 128:Src/stm32f7xx_hal_msp.c ****   
 129:Src/stm32f7xx_hal_msp.c ****     /**USART3 GPIO Configuration    
 130:Src/stm32f7xx_hal_msp.c ****     PD8     ------> USART3_TX
 131:Src/stm32f7xx_hal_msp.c ****     PD9     ------> USART3_RX 
 132:Src/stm32f7xx_hal_msp.c ****     */
 133:Src/stm32f7xx_hal_msp.c ****     HAL_GPIO_DeInit(GPIOD, STLK_RX_Pin|STLK_TX_Pin);
 198              		.loc 1 133 0
 199 0016 4FF44071 		mov	r1, #768
 200 001a 0448     		ldr	r0, .L16+8
 201              	.LVL14:
 202 001c FFF7FEFF 		bl	HAL_GPIO_DeInit
 203              	.LVL15:
 134:Src/stm32f7xx_hal_msp.c **** 
 135:Src/stm32f7xx_hal_msp.c ****   /* USER CODE BEGIN USART3_MspDeInit 1 */
 136:Src/stm32f7xx_hal_msp.c **** 
 137:Src/stm32f7xx_hal_msp.c ****   /* USER CODE END USART3_MspDeInit 1 */
 138:Src/stm32f7xx_hal_msp.c ****   }
 139:Src/stm32f7xx_hal_msp.c **** 
 140:Src/stm32f7xx_hal_msp.c **** }
 204              		.loc 1 140 0
 205 0020 F3E7     		b	.L12
 206              	.L17:
ARM GAS  C:\Users\Student\AppData\Local\Temp\ccpq5z8q.s 			page 7


 207 0022 00BF     		.align	2
 208              	.L16:
 209 0024 00480040 		.word	1073760256
 210 0028 00380240 		.word	1073887232
 211 002c 000C0240 		.word	1073875968
 212              		.cfi_endproc
 213              	.LFE138:
 215              		.text
 216              	.Letext0:
 217              		.file 2 "c:\\gcc_toolchain\\6_2017-q1-update\\arm-none-eabi\\include\\machine\\_default_types.h"
 218              		.file 3 "c:\\gcc_toolchain\\6_2017-q1-update\\arm-none-eabi\\include\\sys\\_stdint.h"
 219              		.file 4 "Drivers/CMSIS/Include/core_cm7.h"
 220              		.file 5 "Drivers/CMSIS/Device/ST/STM32F7xx/Include/system_stm32f7xx.h"
 221              		.file 6 "Drivers/CMSIS/Device/ST/STM32F7xx/Include/stm32f746xx.h"
 222              		.file 7 "c:\\gcc_toolchain\\6_2017-q1-update\\arm-none-eabi\\include\\sys\\lock.h"
 223              		.file 8 "c:\\gcc_toolchain\\6_2017-q1-update\\arm-none-eabi\\include\\sys\\_types.h"
 224              		.file 9 "c:\\gcc_toolchain\\6_2017-q1-update\\lib\\gcc\\arm-none-eabi\\6.3.1\\include\\stddef.h"
 225              		.file 10 "c:\\gcc_toolchain\\6_2017-q1-update\\arm-none-eabi\\include\\sys\\reent.h"
 226              		.file 11 "Drivers/STM32F7xx_HAL_Driver/Inc/stm32f7xx_hal_def.h"
 227              		.file 12 "Drivers/STM32F7xx_HAL_Driver/Inc/stm32f7xx_hal_gpio.h"
 228              		.file 13 "Drivers/STM32F7xx_HAL_Driver/Inc/stm32f7xx_hal_dma.h"
 229              		.file 14 "Drivers/STM32F7xx_HAL_Driver/Inc/stm32f7xx_hal_uart.h"
 230              		.file 15 "Drivers/STM32F7xx_HAL_Driver/Inc/stm32f7xx_hal_cortex.h"
ARM GAS  C:\Users\Student\AppData\Local\Temp\ccpq5z8q.s 			page 8


DEFINED SYMBOLS
                            *ABS*:00000000 stm32f7xx_hal_msp.c
C:\Users\Student\AppData\Local\Temp\ccpq5z8q.s:18     .text.HAL_MspInit:00000000 $t
C:\Users\Student\AppData\Local\Temp\ccpq5z8q.s:25     .text.HAL_MspInit:00000000 HAL_MspInit
C:\Users\Student\AppData\Local\Temp\ccpq5z8q.s:88     .text.HAL_UART_MspInit:00000000 $t
C:\Users\Student\AppData\Local\Temp\ccpq5z8q.s:95     .text.HAL_UART_MspInit:00000000 HAL_UART_MspInit
C:\Users\Student\AppData\Local\Temp\ccpq5z8q.s:158    .text.HAL_UART_MspInit:00000048 $d
C:\Users\Student\AppData\Local\Temp\ccpq5z8q.s:164    .text.HAL_UART_MspDeInit:00000000 $t
C:\Users\Student\AppData\Local\Temp\ccpq5z8q.s:171    .text.HAL_UART_MspDeInit:00000000 HAL_UART_MspDeInit
C:\Users\Student\AppData\Local\Temp\ccpq5z8q.s:209    .text.HAL_UART_MspDeInit:00000024 $d
                     .debug_frame:00000010 $d

UNDEFINED SYMBOLS
HAL_NVIC_SetPriorityGrouping
HAL_NVIC_SetPriority
HAL_GPIO_Init
HAL_GPIO_DeInit
