ARM GAS  C:\Users\Student\AppData\Local\Temp\ccsSE41e.s 			page 1


   1              		.cpu cortex-m7
   2              		.eabi_attribute 27, 1
   3              		.eabi_attribute 28, 1
   4              		.eabi_attribute 20, 1
   5              		.eabi_attribute 21, 1
   6              		.eabi_attribute 23, 3
   7              		.eabi_attribute 24, 1
   8              		.eabi_attribute 25, 1
   9              		.eabi_attribute 26, 1
  10              		.eabi_attribute 30, 1
  11              		.eabi_attribute 34, 1
  12              		.eabi_attribute 18, 4
  13              		.file	"stm32f7xx_it.c"
  14              		.text
  15              	.Ltext0:
  16              		.cfi_sections	.debug_frame
  17              		.section	.text.SysTick_Handler,"ax",%progbits
  18              		.align	1
  19              		.global	SysTick_Handler
  20              		.syntax unified
  21              		.thumb
  22              		.thumb_func
  23              		.fpu fpv5-sp-d16
  25              	SysTick_Handler:
  26              	.LFB141:
  27              		.file 1 "Src/stm32f7xx_it.c"
   1:Src/stm32f7xx_it.c **** /**
   2:Src/stm32f7xx_it.c ****   ******************************************************************************
   3:Src/stm32f7xx_it.c ****   * @file    stm32f7xx_it.c
   4:Src/stm32f7xx_it.c ****   * @brief   Interrupt Service Routines.
   5:Src/stm32f7xx_it.c ****   ******************************************************************************
   6:Src/stm32f7xx_it.c ****   *
   7:Src/stm32f7xx_it.c ****   * COPYRIGHT(c) 2017 STMicroelectronics
   8:Src/stm32f7xx_it.c ****   *
   9:Src/stm32f7xx_it.c ****   * Redistribution and use in source and binary forms, with or without modification,
  10:Src/stm32f7xx_it.c ****   * are permitted provided that the following conditions are met:
  11:Src/stm32f7xx_it.c ****   *   1. Redistributions of source code must retain the above copyright notice,
  12:Src/stm32f7xx_it.c ****   *      this list of conditions and the following disclaimer.
  13:Src/stm32f7xx_it.c ****   *   2. Redistributions in binary form must reproduce the above copyright notice,
  14:Src/stm32f7xx_it.c ****   *      this list of conditions and the following disclaimer in the documentation
  15:Src/stm32f7xx_it.c ****   *      and/or other materials provided with the distribution.
  16:Src/stm32f7xx_it.c ****   *   3. Neither the name of STMicroelectronics nor the names of its contributors
  17:Src/stm32f7xx_it.c ****   *      may be used to endorse or promote products derived from this software
  18:Src/stm32f7xx_it.c ****   *      without specific prior written permission.
  19:Src/stm32f7xx_it.c ****   *
  20:Src/stm32f7xx_it.c ****   * THIS SOFTWARE IS PROVIDED BY THE COPYRIGHT HOLDERS AND CONTRIBUTORS "AS IS"
  21:Src/stm32f7xx_it.c ****   * AND ANY EXPRESS OR IMPLIED WARRANTIES, INCLUDING, BUT NOT LIMITED TO, THE
  22:Src/stm32f7xx_it.c ****   * IMPLIED WARRANTIES OF MERCHANTABILITY AND FITNESS FOR A PARTICULAR PURPOSE ARE
  23:Src/stm32f7xx_it.c ****   * DISCLAIMED. IN NO EVENT SHALL THE COPYRIGHT HOLDER OR CONTRIBUTORS BE LIABLE
  24:Src/stm32f7xx_it.c ****   * FOR ANY DIRECT, INDIRECT, INCIDENTAL, SPECIAL, EXEMPLARY, OR CONSEQUENTIAL
  25:Src/stm32f7xx_it.c ****   * DAMAGES (INCLUDING, BUT NOT LIMITED TO, PROCUREMENT OF SUBSTITUTE GOODS OR
  26:Src/stm32f7xx_it.c ****   * SERVICES; LOSS OF USE, DATA, OR PROFITS; OR BUSINESS INTERRUPTION) HOWEVER
  27:Src/stm32f7xx_it.c ****   * CAUSED AND ON ANY THEORY OF LIABILITY, WHETHER IN CONTRACT, STRICT LIABILITY,
  28:Src/stm32f7xx_it.c ****   * OR TORT (INCLUDING NEGLIGENCE OR OTHERWISE) ARISING IN ANY WAY OUT OF THE USE
  29:Src/stm32f7xx_it.c ****   * OF THIS SOFTWARE, EVEN IF ADVISED OF THE POSSIBILITY OF SUCH DAMAGE.
  30:Src/stm32f7xx_it.c ****   *
  31:Src/stm32f7xx_it.c ****   ******************************************************************************
ARM GAS  C:\Users\Student\AppData\Local\Temp\ccsSE41e.s 			page 2


  32:Src/stm32f7xx_it.c ****   */
  33:Src/stm32f7xx_it.c **** /* Includes ------------------------------------------------------------------*/
  34:Src/stm32f7xx_it.c **** #include "stm32f7xx_hal.h"
  35:Src/stm32f7xx_it.c **** #include "stm32f7xx.h"
  36:Src/stm32f7xx_it.c **** #include "stm32f7xx_it.h"
  37:Src/stm32f7xx_it.c **** #include "cmsis_os.h"
  38:Src/stm32f7xx_it.c **** 
  39:Src/stm32f7xx_it.c **** /* USER CODE BEGIN 0 */
  40:Src/stm32f7xx_it.c **** 
  41:Src/stm32f7xx_it.c **** /* USER CODE END 0 */
  42:Src/stm32f7xx_it.c **** 
  43:Src/stm32f7xx_it.c **** /* External variables --------------------------------------------------------*/
  44:Src/stm32f7xx_it.c **** extern ETH_HandleTypeDef heth;
  45:Src/stm32f7xx_it.c **** extern HCD_HandleTypeDef hhcd_USB_OTG_FS;
  46:Src/stm32f7xx_it.c **** 
  47:Src/stm32f7xx_it.c **** extern TIM_HandleTypeDef htim6;
  48:Src/stm32f7xx_it.c **** 
  49:Src/stm32f7xx_it.c **** /******************************************************************************/
  50:Src/stm32f7xx_it.c **** /*            Cortex-M7 Processor Interruption and Exception Handlers         */ 
  51:Src/stm32f7xx_it.c **** /******************************************************************************/
  52:Src/stm32f7xx_it.c **** 
  53:Src/stm32f7xx_it.c **** /**
  54:Src/stm32f7xx_it.c **** * @brief This function handles System tick timer.
  55:Src/stm32f7xx_it.c **** */
  56:Src/stm32f7xx_it.c **** void SysTick_Handler(void)
  57:Src/stm32f7xx_it.c **** {
  28              		.loc 1 57 0
  29              		.cfi_startproc
  30              		@ args = 0, pretend = 0, frame = 0
  31              		@ frame_needed = 0, uses_anonymous_args = 0
  32 0000 08B5     		push	{r3, lr}
  33              	.LCFI0:
  34              		.cfi_def_cfa_offset 8
  35              		.cfi_offset 3, -8
  36              		.cfi_offset 14, -4
  58:Src/stm32f7xx_it.c ****   /* USER CODE BEGIN SysTick_IRQn 0 */
  59:Src/stm32f7xx_it.c **** 
  60:Src/stm32f7xx_it.c ****   /* USER CODE END SysTick_IRQn 0 */
  61:Src/stm32f7xx_it.c ****   osSystickHandler();
  37              		.loc 1 61 0
  38 0002 FFF7FEFF 		bl	osSystickHandler
  39              	.LVL0:
  40 0006 08BD     		pop	{r3, pc}
  41              		.cfi_endproc
  42              	.LFE141:
  44              		.section	.text.TIM6_DAC_IRQHandler,"ax",%progbits
  45              		.align	1
  46              		.global	TIM6_DAC_IRQHandler
  47              		.syntax unified
  48              		.thumb
  49              		.thumb_func
  50              		.fpu fpv5-sp-d16
  52              	TIM6_DAC_IRQHandler:
  53              	.LFB142:
  62:Src/stm32f7xx_it.c ****   /* USER CODE BEGIN SysTick_IRQn 1 */
  63:Src/stm32f7xx_it.c **** 
  64:Src/stm32f7xx_it.c ****   /* USER CODE END SysTick_IRQn 1 */
ARM GAS  C:\Users\Student\AppData\Local\Temp\ccsSE41e.s 			page 3


  65:Src/stm32f7xx_it.c **** }
  66:Src/stm32f7xx_it.c **** 
  67:Src/stm32f7xx_it.c **** /******************************************************************************/
  68:Src/stm32f7xx_it.c **** /* STM32F7xx Peripheral Interrupt Handlers                                    */
  69:Src/stm32f7xx_it.c **** /* Add here the Interrupt Handlers for the used peripherals.                  */
  70:Src/stm32f7xx_it.c **** /* For the available peripheral interrupt handler names,                      */
  71:Src/stm32f7xx_it.c **** /* please refer to the startup file (startup_stm32f7xx.s).                    */
  72:Src/stm32f7xx_it.c **** /******************************************************************************/
  73:Src/stm32f7xx_it.c **** 
  74:Src/stm32f7xx_it.c **** /**
  75:Src/stm32f7xx_it.c **** * @brief This function handles TIM6 global interrupt, DAC1 and DAC2 underrun error interrupts.
  76:Src/stm32f7xx_it.c **** */
  77:Src/stm32f7xx_it.c **** void TIM6_DAC_IRQHandler(void)
  78:Src/stm32f7xx_it.c **** {
  54              		.loc 1 78 0
  55              		.cfi_startproc
  56              		@ args = 0, pretend = 0, frame = 0
  57              		@ frame_needed = 0, uses_anonymous_args = 0
  58 0000 08B5     		push	{r3, lr}
  59              	.LCFI1:
  60              		.cfi_def_cfa_offset 8
  61              		.cfi_offset 3, -8
  62              		.cfi_offset 14, -4
  79:Src/stm32f7xx_it.c ****   /* USER CODE BEGIN TIM6_DAC_IRQn 0 */
  80:Src/stm32f7xx_it.c **** 
  81:Src/stm32f7xx_it.c ****   /* USER CODE END TIM6_DAC_IRQn 0 */
  82:Src/stm32f7xx_it.c ****   HAL_TIM_IRQHandler(&htim6);
  63              		.loc 1 82 0
  64 0002 0248     		ldr	r0, .L5
  65 0004 FFF7FEFF 		bl	HAL_TIM_IRQHandler
  66              	.LVL1:
  67 0008 08BD     		pop	{r3, pc}
  68              	.L6:
  69 000a 00BF     		.align	2
  70              	.L5:
  71 000c 00000000 		.word	htim6
  72              		.cfi_endproc
  73              	.LFE142:
  75              		.section	.text.ETH_IRQHandler,"ax",%progbits
  76              		.align	1
  77              		.global	ETH_IRQHandler
  78              		.syntax unified
  79              		.thumb
  80              		.thumb_func
  81              		.fpu fpv5-sp-d16
  83              	ETH_IRQHandler:
  84              	.LFB143:
  83:Src/stm32f7xx_it.c ****   /* USER CODE BEGIN TIM6_DAC_IRQn 1 */
  84:Src/stm32f7xx_it.c **** 
  85:Src/stm32f7xx_it.c ****   /* USER CODE END TIM6_DAC_IRQn 1 */
  86:Src/stm32f7xx_it.c **** }
  87:Src/stm32f7xx_it.c **** 
  88:Src/stm32f7xx_it.c **** /**
  89:Src/stm32f7xx_it.c **** * @brief This function handles Ethernet global interrupt.
  90:Src/stm32f7xx_it.c **** */
  91:Src/stm32f7xx_it.c **** void ETH_IRQHandler(void)
  92:Src/stm32f7xx_it.c **** {
ARM GAS  C:\Users\Student\AppData\Local\Temp\ccsSE41e.s 			page 4


  85              		.loc 1 92 0
  86              		.cfi_startproc
  87              		@ args = 0, pretend = 0, frame = 0
  88              		@ frame_needed = 0, uses_anonymous_args = 0
  89 0000 08B5     		push	{r3, lr}
  90              	.LCFI2:
  91              		.cfi_def_cfa_offset 8
  92              		.cfi_offset 3, -8
  93              		.cfi_offset 14, -4
  93:Src/stm32f7xx_it.c ****   /* USER CODE BEGIN ETH_IRQn 0 */
  94:Src/stm32f7xx_it.c **** 
  95:Src/stm32f7xx_it.c ****   /* USER CODE END ETH_IRQn 0 */
  96:Src/stm32f7xx_it.c ****   HAL_ETH_IRQHandler(&heth);
  94              		.loc 1 96 0
  95 0002 0248     		ldr	r0, .L9
  96 0004 FFF7FEFF 		bl	HAL_ETH_IRQHandler
  97              	.LVL2:
  98 0008 08BD     		pop	{r3, pc}
  99              	.L10:
 100 000a 00BF     		.align	2
 101              	.L9:
 102 000c 00000000 		.word	heth
 103              		.cfi_endproc
 104              	.LFE143:
 106              		.section	.text.OTG_FS_IRQHandler,"ax",%progbits
 107              		.align	1
 108              		.global	OTG_FS_IRQHandler
 109              		.syntax unified
 110              		.thumb
 111              		.thumb_func
 112              		.fpu fpv5-sp-d16
 114              	OTG_FS_IRQHandler:
 115              	.LFB144:
  97:Src/stm32f7xx_it.c ****   /* USER CODE BEGIN ETH_IRQn 1 */
  98:Src/stm32f7xx_it.c **** 
  99:Src/stm32f7xx_it.c ****   /* USER CODE END ETH_IRQn 1 */
 100:Src/stm32f7xx_it.c **** }
 101:Src/stm32f7xx_it.c **** 
 102:Src/stm32f7xx_it.c **** /**
 103:Src/stm32f7xx_it.c **** * @brief This function handles USB On The Go FS global interrupt.
 104:Src/stm32f7xx_it.c **** */
 105:Src/stm32f7xx_it.c **** void OTG_FS_IRQHandler(void)
 106:Src/stm32f7xx_it.c **** {
 116              		.loc 1 106 0
 117              		.cfi_startproc
 118              		@ args = 0, pretend = 0, frame = 0
 119              		@ frame_needed = 0, uses_anonymous_args = 0
 120 0000 08B5     		push	{r3, lr}
 121              	.LCFI3:
 122              		.cfi_def_cfa_offset 8
 123              		.cfi_offset 3, -8
 124              		.cfi_offset 14, -4
 107:Src/stm32f7xx_it.c ****   /* USER CODE BEGIN OTG_FS_IRQn 0 */
 108:Src/stm32f7xx_it.c **** 
 109:Src/stm32f7xx_it.c ****   /* USER CODE END OTG_FS_IRQn 0 */
 110:Src/stm32f7xx_it.c ****   HAL_HCD_IRQHandler(&hhcd_USB_OTG_FS);
 125              		.loc 1 110 0
ARM GAS  C:\Users\Student\AppData\Local\Temp\ccsSE41e.s 			page 5


 126 0002 0248     		ldr	r0, .L13
 127 0004 FFF7FEFF 		bl	HAL_HCD_IRQHandler
 128              	.LVL3:
 129 0008 08BD     		pop	{r3, pc}
 130              	.L14:
 131 000a 00BF     		.align	2
 132              	.L13:
 133 000c 00000000 		.word	hhcd_USB_OTG_FS
 134              		.cfi_endproc
 135              	.LFE144:
 137              		.text
 138              	.Letext0:
 139              		.file 2 "c:\\gcc_toolchain\\6_2017-q1-update\\arm-none-eabi\\include\\machine\\_default_types.h"
 140              		.file 3 "c:\\gcc_toolchain\\6_2017-q1-update\\arm-none-eabi\\include\\sys\\_stdint.h"
 141              		.file 4 "Drivers/CMSIS/Include/core_cm7.h"
 142              		.file 5 "Drivers/CMSIS/Device/ST/STM32F7xx/Include/system_stm32f7xx.h"
 143              		.file 6 "Drivers/CMSIS/Device/ST/STM32F7xx/Include/stm32f746xx.h"
 144              		.file 7 "c:\\gcc_toolchain\\6_2017-q1-update\\arm-none-eabi\\include\\sys\\lock.h"
 145              		.file 8 "c:\\gcc_toolchain\\6_2017-q1-update\\arm-none-eabi\\include\\sys\\_types.h"
 146              		.file 9 "c:\\gcc_toolchain\\6_2017-q1-update\\lib\\gcc\\arm-none-eabi\\6.3.1\\include\\stddef.h"
 147              		.file 10 "c:\\gcc_toolchain\\6_2017-q1-update\\arm-none-eabi\\include\\sys\\reent.h"
 148              		.file 11 "Drivers/STM32F7xx_HAL_Driver/Inc/stm32f7xx_hal_def.h"
 149              		.file 12 "Drivers/STM32F7xx_HAL_Driver/Inc/stm32f7xx_hal_dma.h"
 150              		.file 13 "Drivers/STM32F7xx_HAL_Driver/Inc/stm32f7xx_hal_eth.h"
 151              		.file 14 "Drivers/STM32F7xx_HAL_Driver/Inc/stm32f7xx_hal_tim.h"
 152              		.file 15 "Drivers/STM32F7xx_HAL_Driver/Inc/stm32f7xx_ll_usb.h"
 153              		.file 16 "Drivers/STM32F7xx_HAL_Driver/Inc/stm32f7xx_hal_hcd.h"
 154              		.file 17 "Middlewares/Third_Party/FreeRTOS/Source/CMSIS_RTOS/cmsis_os.h"
ARM GAS  C:\Users\Student\AppData\Local\Temp\ccsSE41e.s 			page 6


DEFINED SYMBOLS
                            *ABS*:00000000 stm32f7xx_it.c
C:\Users\Student\AppData\Local\Temp\ccsSE41e.s:18     .text.SysTick_Handler:00000000 $t
C:\Users\Student\AppData\Local\Temp\ccsSE41e.s:25     .text.SysTick_Handler:00000000 SysTick_Handler
C:\Users\Student\AppData\Local\Temp\ccsSE41e.s:45     .text.TIM6_DAC_IRQHandler:00000000 $t
C:\Users\Student\AppData\Local\Temp\ccsSE41e.s:52     .text.TIM6_DAC_IRQHandler:00000000 TIM6_DAC_IRQHandler
C:\Users\Student\AppData\Local\Temp\ccsSE41e.s:71     .text.TIM6_DAC_IRQHandler:0000000c $d
C:\Users\Student\AppData\Local\Temp\ccsSE41e.s:76     .text.ETH_IRQHandler:00000000 $t
C:\Users\Student\AppData\Local\Temp\ccsSE41e.s:83     .text.ETH_IRQHandler:00000000 ETH_IRQHandler
C:\Users\Student\AppData\Local\Temp\ccsSE41e.s:102    .text.ETH_IRQHandler:0000000c $d
C:\Users\Student\AppData\Local\Temp\ccsSE41e.s:107    .text.OTG_FS_IRQHandler:00000000 $t
C:\Users\Student\AppData\Local\Temp\ccsSE41e.s:114    .text.OTG_FS_IRQHandler:00000000 OTG_FS_IRQHandler
C:\Users\Student\AppData\Local\Temp\ccsSE41e.s:133    .text.OTG_FS_IRQHandler:0000000c $d
                     .debug_frame:00000010 $d

UNDEFINED SYMBOLS
osSystickHandler
HAL_TIM_IRQHandler
htim6
HAL_ETH_IRQHandler
heth
HAL_HCD_IRQHandler
hhcd_USB_OTG_FS
