ARM GAS  C:\Users\Student\AppData\Local\Temp\ccnT353g.s 			page 1


   1              		.cpu cortex-m7
   2              		.eabi_attribute 27, 1
   3              		.eabi_attribute 28, 1
   4              		.eabi_attribute 20, 1
   5              		.eabi_attribute 21, 1
   6              		.eabi_attribute 23, 3
   7              		.eabi_attribute 24, 1
   8              		.eabi_attribute 25, 1
   9              		.eabi_attribute 26, 1
  10              		.eabi_attribute 30, 1
  11              		.eabi_attribute 34, 1
  12              		.eabi_attribute 18, 4
  13              		.file	"timeouts.c"
  14              		.text
  15              	.Ltext0:
  16              		.cfi_sections	.debug_frame
  17              		.section	.text.sys_timeouts_sleeptime,"ax",%progbits
  18              		.align	1
  19              		.syntax unified
  20              		.thumb
  21              		.thumb_func
  22              		.fpu fpv5-sp-d16
  24              	sys_timeouts_sleeptime:
  25              	.LFB149:
  26              		.file 1 "Middlewares/Third_Party/LwIP/src/core/timeouts.c"
   1:Middlewares/Third_Party/LwIP/src/core/timeouts.c **** /**
   2:Middlewares/Third_Party/LwIP/src/core/timeouts.c ****  * @file
   3:Middlewares/Third_Party/LwIP/src/core/timeouts.c ****  * Stack-internal timers implementation.
   4:Middlewares/Third_Party/LwIP/src/core/timeouts.c ****  * This file includes timer callbacks for stack-internal timers as well as
   5:Middlewares/Third_Party/LwIP/src/core/timeouts.c ****  * functions to set up or stop timers and check for expired timers.
   6:Middlewares/Third_Party/LwIP/src/core/timeouts.c ****  *
   7:Middlewares/Third_Party/LwIP/src/core/timeouts.c ****  */
   8:Middlewares/Third_Party/LwIP/src/core/timeouts.c **** 
   9:Middlewares/Third_Party/LwIP/src/core/timeouts.c **** /*
  10:Middlewares/Third_Party/LwIP/src/core/timeouts.c ****  * Copyright (c) 2001-2004 Swedish Institute of Computer Science.
  11:Middlewares/Third_Party/LwIP/src/core/timeouts.c ****  * All rights reserved.
  12:Middlewares/Third_Party/LwIP/src/core/timeouts.c ****  *
  13:Middlewares/Third_Party/LwIP/src/core/timeouts.c ****  * Redistribution and use in source and binary forms, with or without modification,
  14:Middlewares/Third_Party/LwIP/src/core/timeouts.c ****  * are permitted provided that the following conditions are met:
  15:Middlewares/Third_Party/LwIP/src/core/timeouts.c ****  *
  16:Middlewares/Third_Party/LwIP/src/core/timeouts.c ****  * 1. Redistributions of source code must retain the above copyright notice,
  17:Middlewares/Third_Party/LwIP/src/core/timeouts.c ****  *    this list of conditions and the following disclaimer.
  18:Middlewares/Third_Party/LwIP/src/core/timeouts.c ****  * 2. Redistributions in binary form must reproduce the above copyright notice,
  19:Middlewares/Third_Party/LwIP/src/core/timeouts.c ****  *    this list of conditions and the following disclaimer in the documentation
  20:Middlewares/Third_Party/LwIP/src/core/timeouts.c ****  *    and/or other materials provided with the distribution.
  21:Middlewares/Third_Party/LwIP/src/core/timeouts.c ****  * 3. The name of the author may not be used to endorse or promote products
  22:Middlewares/Third_Party/LwIP/src/core/timeouts.c ****  *    derived from this software without specific prior written permission.
  23:Middlewares/Third_Party/LwIP/src/core/timeouts.c ****  *
  24:Middlewares/Third_Party/LwIP/src/core/timeouts.c ****  * THIS SOFTWARE IS PROVIDED BY THE AUTHOR ``AS IS'' AND ANY EXPRESS OR IMPLIED
  25:Middlewares/Third_Party/LwIP/src/core/timeouts.c ****  * WARRANTIES, INCLUDING, BUT NOT LIMITED TO, THE IMPLIED WARRANTIES OF
  26:Middlewares/Third_Party/LwIP/src/core/timeouts.c ****  * MERCHANTABILITY AND FITNESS FOR A PARTICULAR PURPOSE ARE DISCLAIMED. IN NO EVENT
  27:Middlewares/Third_Party/LwIP/src/core/timeouts.c ****  * SHALL THE AUTHOR BE LIABLE FOR ANY DIRECT, INDIRECT, INCIDENTAL, SPECIAL,
  28:Middlewares/Third_Party/LwIP/src/core/timeouts.c ****  * EXEMPLARY, OR CONSEQUENTIAL DAMAGES (INCLUDING, BUT NOT LIMITED TO, PROCUREMENT
  29:Middlewares/Third_Party/LwIP/src/core/timeouts.c ****  * OF SUBSTITUTE GOODS OR SERVICES; LOSS OF USE, DATA, OR PROFITS; OR BUSINESS
  30:Middlewares/Third_Party/LwIP/src/core/timeouts.c ****  * INTERRUPTION) HOWEVER CAUSED AND ON ANY THEORY OF LIABILITY, WHETHER IN
  31:Middlewares/Third_Party/LwIP/src/core/timeouts.c ****  * CONTRACT, STRICT LIABILITY, OR TORT (INCLUDING NEGLIGENCE OR OTHERWISE) ARISING
  32:Middlewares/Third_Party/LwIP/src/core/timeouts.c ****  * IN ANY WAY OUT OF THE USE OF THIS SOFTWARE, EVEN IF ADVISED OF THE POSSIBILITY
ARM GAS  C:\Users\Student\AppData\Local\Temp\ccnT353g.s 			page 2


  33:Middlewares/Third_Party/LwIP/src/core/timeouts.c ****  * OF SUCH DAMAGE.
  34:Middlewares/Third_Party/LwIP/src/core/timeouts.c ****  *
  35:Middlewares/Third_Party/LwIP/src/core/timeouts.c ****  * This file is part of the lwIP TCP/IP stack.
  36:Middlewares/Third_Party/LwIP/src/core/timeouts.c ****  *
  37:Middlewares/Third_Party/LwIP/src/core/timeouts.c ****  * Author: Adam Dunkels <adam@sics.se>
  38:Middlewares/Third_Party/LwIP/src/core/timeouts.c ****  *         Simon Goldschmidt
  39:Middlewares/Third_Party/LwIP/src/core/timeouts.c ****  *
  40:Middlewares/Third_Party/LwIP/src/core/timeouts.c ****  */
  41:Middlewares/Third_Party/LwIP/src/core/timeouts.c **** 
  42:Middlewares/Third_Party/LwIP/src/core/timeouts.c **** #include "lwip/opt.h"
  43:Middlewares/Third_Party/LwIP/src/core/timeouts.c **** 
  44:Middlewares/Third_Party/LwIP/src/core/timeouts.c **** #include "lwip/timeouts.h"
  45:Middlewares/Third_Party/LwIP/src/core/timeouts.c **** #include "lwip/priv/tcp_priv.h"
  46:Middlewares/Third_Party/LwIP/src/core/timeouts.c **** 
  47:Middlewares/Third_Party/LwIP/src/core/timeouts.c **** #include "lwip/def.h"
  48:Middlewares/Third_Party/LwIP/src/core/timeouts.c **** #include "lwip/memp.h"
  49:Middlewares/Third_Party/LwIP/src/core/timeouts.c **** #include "lwip/priv/tcpip_priv.h"
  50:Middlewares/Third_Party/LwIP/src/core/timeouts.c **** 
  51:Middlewares/Third_Party/LwIP/src/core/timeouts.c **** #include "lwip/ip4_frag.h"
  52:Middlewares/Third_Party/LwIP/src/core/timeouts.c **** #include "lwip/etharp.h"
  53:Middlewares/Third_Party/LwIP/src/core/timeouts.c **** #include "lwip/dhcp.h"
  54:Middlewares/Third_Party/LwIP/src/core/timeouts.c **** #include "lwip/autoip.h"
  55:Middlewares/Third_Party/LwIP/src/core/timeouts.c **** #include "lwip/igmp.h"
  56:Middlewares/Third_Party/LwIP/src/core/timeouts.c **** #include "lwip/dns.h"
  57:Middlewares/Third_Party/LwIP/src/core/timeouts.c **** #include "lwip/nd6.h"
  58:Middlewares/Third_Party/LwIP/src/core/timeouts.c **** #include "lwip/ip6_frag.h"
  59:Middlewares/Third_Party/LwIP/src/core/timeouts.c **** #include "lwip/mld6.h"
  60:Middlewares/Third_Party/LwIP/src/core/timeouts.c **** #include "lwip/sys.h"
  61:Middlewares/Third_Party/LwIP/src/core/timeouts.c **** #include "lwip/pbuf.h"
  62:Middlewares/Third_Party/LwIP/src/core/timeouts.c **** 
  63:Middlewares/Third_Party/LwIP/src/core/timeouts.c **** #if LWIP_DEBUG_TIMERNAMES
  64:Middlewares/Third_Party/LwIP/src/core/timeouts.c **** #define HANDLER(x) x, #x
  65:Middlewares/Third_Party/LwIP/src/core/timeouts.c **** #else /* LWIP_DEBUG_TIMERNAMES */
  66:Middlewares/Third_Party/LwIP/src/core/timeouts.c **** #define HANDLER(x) x
  67:Middlewares/Third_Party/LwIP/src/core/timeouts.c **** #endif /* LWIP_DEBUG_TIMERNAMES */
  68:Middlewares/Third_Party/LwIP/src/core/timeouts.c **** 
  69:Middlewares/Third_Party/LwIP/src/core/timeouts.c **** /** This array contains all stack-internal cyclic timers. To get the number of
  70:Middlewares/Third_Party/LwIP/src/core/timeouts.c ****  * timers, use LWIP_ARRAYSIZE() */
  71:Middlewares/Third_Party/LwIP/src/core/timeouts.c **** const struct lwip_cyclic_timer lwip_cyclic_timers[] = {
  72:Middlewares/Third_Party/LwIP/src/core/timeouts.c **** #if LWIP_TCP
  73:Middlewares/Third_Party/LwIP/src/core/timeouts.c ****   /* The TCP timer is a special case: it does not have to run always and
  74:Middlewares/Third_Party/LwIP/src/core/timeouts.c ****      is triggered to start from TCP using tcp_timer_needed() */
  75:Middlewares/Third_Party/LwIP/src/core/timeouts.c ****   {TCP_TMR_INTERVAL, HANDLER(tcp_tmr)},
  76:Middlewares/Third_Party/LwIP/src/core/timeouts.c **** #endif /* LWIP_TCP */
  77:Middlewares/Third_Party/LwIP/src/core/timeouts.c **** #if LWIP_IPV4
  78:Middlewares/Third_Party/LwIP/src/core/timeouts.c **** #if IP_REASSEMBLY
  79:Middlewares/Third_Party/LwIP/src/core/timeouts.c ****   {IP_TMR_INTERVAL, HANDLER(ip_reass_tmr)},
  80:Middlewares/Third_Party/LwIP/src/core/timeouts.c **** #endif /* IP_REASSEMBLY */
  81:Middlewares/Third_Party/LwIP/src/core/timeouts.c **** #if LWIP_ARP
  82:Middlewares/Third_Party/LwIP/src/core/timeouts.c ****   {ARP_TMR_INTERVAL, HANDLER(etharp_tmr)},
  83:Middlewares/Third_Party/LwIP/src/core/timeouts.c **** #endif /* LWIP_ARP */
  84:Middlewares/Third_Party/LwIP/src/core/timeouts.c **** #if LWIP_DHCP
  85:Middlewares/Third_Party/LwIP/src/core/timeouts.c ****   {DHCP_COARSE_TIMER_MSECS, HANDLER(dhcp_coarse_tmr)},
  86:Middlewares/Third_Party/LwIP/src/core/timeouts.c ****   {DHCP_FINE_TIMER_MSECS, HANDLER(dhcp_fine_tmr)},
  87:Middlewares/Third_Party/LwIP/src/core/timeouts.c **** #endif /* LWIP_DHCP */
  88:Middlewares/Third_Party/LwIP/src/core/timeouts.c **** #if LWIP_AUTOIP
  89:Middlewares/Third_Party/LwIP/src/core/timeouts.c ****   {AUTOIP_TMR_INTERVAL, HANDLER(autoip_tmr)},
ARM GAS  C:\Users\Student\AppData\Local\Temp\ccnT353g.s 			page 3


  90:Middlewares/Third_Party/LwIP/src/core/timeouts.c **** #endif /* LWIP_AUTOIP */
  91:Middlewares/Third_Party/LwIP/src/core/timeouts.c **** #if LWIP_IGMP
  92:Middlewares/Third_Party/LwIP/src/core/timeouts.c ****   {IGMP_TMR_INTERVAL, HANDLER(igmp_tmr)},
  93:Middlewares/Third_Party/LwIP/src/core/timeouts.c **** #endif /* LWIP_IGMP */
  94:Middlewares/Third_Party/LwIP/src/core/timeouts.c **** #endif /* LWIP_IPV4 */
  95:Middlewares/Third_Party/LwIP/src/core/timeouts.c **** #if LWIP_DNS
  96:Middlewares/Third_Party/LwIP/src/core/timeouts.c ****   {DNS_TMR_INTERVAL, HANDLER(dns_tmr)},
  97:Middlewares/Third_Party/LwIP/src/core/timeouts.c **** #endif /* LWIP_DNS */
  98:Middlewares/Third_Party/LwIP/src/core/timeouts.c **** #if LWIP_IPV6
  99:Middlewares/Third_Party/LwIP/src/core/timeouts.c ****   {ND6_TMR_INTERVAL, HANDLER(nd6_tmr)},
 100:Middlewares/Third_Party/LwIP/src/core/timeouts.c **** #if LWIP_IPV6_REASS
 101:Middlewares/Third_Party/LwIP/src/core/timeouts.c ****   {IP6_REASS_TMR_INTERVAL, HANDLER(ip6_reass_tmr)},
 102:Middlewares/Third_Party/LwIP/src/core/timeouts.c **** #endif /* LWIP_IPV6_REASS */
 103:Middlewares/Third_Party/LwIP/src/core/timeouts.c **** #if LWIP_IPV6_MLD
 104:Middlewares/Third_Party/LwIP/src/core/timeouts.c ****   {MLD6_TMR_INTERVAL, HANDLER(mld6_tmr)},
 105:Middlewares/Third_Party/LwIP/src/core/timeouts.c **** #endif /* LWIP_IPV6_MLD */
 106:Middlewares/Third_Party/LwIP/src/core/timeouts.c **** #endif /* LWIP_IPV6 */
 107:Middlewares/Third_Party/LwIP/src/core/timeouts.c **** };
 108:Middlewares/Third_Party/LwIP/src/core/timeouts.c **** 
 109:Middlewares/Third_Party/LwIP/src/core/timeouts.c **** #if LWIP_TIMERS && !LWIP_TIMERS_CUSTOM
 110:Middlewares/Third_Party/LwIP/src/core/timeouts.c **** 
 111:Middlewares/Third_Party/LwIP/src/core/timeouts.c **** /** The one and only timeout list */
 112:Middlewares/Third_Party/LwIP/src/core/timeouts.c **** static struct sys_timeo *next_timeout;
 113:Middlewares/Third_Party/LwIP/src/core/timeouts.c **** static u32_t timeouts_last_time;
 114:Middlewares/Third_Party/LwIP/src/core/timeouts.c **** 
 115:Middlewares/Third_Party/LwIP/src/core/timeouts.c **** #if LWIP_TCP
 116:Middlewares/Third_Party/LwIP/src/core/timeouts.c **** /** global variable that shows if the tcp timer is currently scheduled or not */
 117:Middlewares/Third_Party/LwIP/src/core/timeouts.c **** static int tcpip_tcp_timer_active;
 118:Middlewares/Third_Party/LwIP/src/core/timeouts.c **** 
 119:Middlewares/Third_Party/LwIP/src/core/timeouts.c **** /**
 120:Middlewares/Third_Party/LwIP/src/core/timeouts.c ****  * Timer callback function that calls tcp_tmr() and reschedules itself.
 121:Middlewares/Third_Party/LwIP/src/core/timeouts.c ****  *
 122:Middlewares/Third_Party/LwIP/src/core/timeouts.c ****  * @param arg unused argument
 123:Middlewares/Third_Party/LwIP/src/core/timeouts.c ****  */
 124:Middlewares/Third_Party/LwIP/src/core/timeouts.c **** static void
 125:Middlewares/Third_Party/LwIP/src/core/timeouts.c **** tcpip_tcp_timer(void *arg)
 126:Middlewares/Third_Party/LwIP/src/core/timeouts.c **** {
 127:Middlewares/Third_Party/LwIP/src/core/timeouts.c ****   LWIP_UNUSED_ARG(arg);
 128:Middlewares/Third_Party/LwIP/src/core/timeouts.c **** 
 129:Middlewares/Third_Party/LwIP/src/core/timeouts.c ****   /* call TCP timer handler */
 130:Middlewares/Third_Party/LwIP/src/core/timeouts.c ****   tcp_tmr();
 131:Middlewares/Third_Party/LwIP/src/core/timeouts.c ****   /* timer still needed? */
 132:Middlewares/Third_Party/LwIP/src/core/timeouts.c ****   if (tcp_active_pcbs || tcp_tw_pcbs) {
 133:Middlewares/Third_Party/LwIP/src/core/timeouts.c ****     /* restart timer */
 134:Middlewares/Third_Party/LwIP/src/core/timeouts.c ****     sys_timeout(TCP_TMR_INTERVAL, tcpip_tcp_timer, NULL);
 135:Middlewares/Third_Party/LwIP/src/core/timeouts.c ****   } else {
 136:Middlewares/Third_Party/LwIP/src/core/timeouts.c ****     /* disable timer */
 137:Middlewares/Third_Party/LwIP/src/core/timeouts.c ****     tcpip_tcp_timer_active = 0;
 138:Middlewares/Third_Party/LwIP/src/core/timeouts.c ****   }
 139:Middlewares/Third_Party/LwIP/src/core/timeouts.c **** }
 140:Middlewares/Third_Party/LwIP/src/core/timeouts.c **** 
 141:Middlewares/Third_Party/LwIP/src/core/timeouts.c **** /**
 142:Middlewares/Third_Party/LwIP/src/core/timeouts.c ****  * Called from TCP_REG when registering a new PCB:
 143:Middlewares/Third_Party/LwIP/src/core/timeouts.c ****  * the reason is to have the TCP timer only running when
 144:Middlewares/Third_Party/LwIP/src/core/timeouts.c ****  * there are active (or time-wait) PCBs.
 145:Middlewares/Third_Party/LwIP/src/core/timeouts.c ****  */
 146:Middlewares/Third_Party/LwIP/src/core/timeouts.c **** void
ARM GAS  C:\Users\Student\AppData\Local\Temp\ccnT353g.s 			page 4


 147:Middlewares/Third_Party/LwIP/src/core/timeouts.c **** tcp_timer_needed(void)
 148:Middlewares/Third_Party/LwIP/src/core/timeouts.c **** {
 149:Middlewares/Third_Party/LwIP/src/core/timeouts.c ****   /* timer is off but needed again? */
 150:Middlewares/Third_Party/LwIP/src/core/timeouts.c ****   if (!tcpip_tcp_timer_active && (tcp_active_pcbs || tcp_tw_pcbs)) {
 151:Middlewares/Third_Party/LwIP/src/core/timeouts.c ****     /* enable and start timer */
 152:Middlewares/Third_Party/LwIP/src/core/timeouts.c ****     tcpip_tcp_timer_active = 1;
 153:Middlewares/Third_Party/LwIP/src/core/timeouts.c ****     sys_timeout(TCP_TMR_INTERVAL, tcpip_tcp_timer, NULL);
 154:Middlewares/Third_Party/LwIP/src/core/timeouts.c ****   }
 155:Middlewares/Third_Party/LwIP/src/core/timeouts.c **** }
 156:Middlewares/Third_Party/LwIP/src/core/timeouts.c **** #endif /* LWIP_TCP */
 157:Middlewares/Third_Party/LwIP/src/core/timeouts.c **** 
 158:Middlewares/Third_Party/LwIP/src/core/timeouts.c **** /**
 159:Middlewares/Third_Party/LwIP/src/core/timeouts.c ****  * Timer callback function that calls mld6_tmr() and reschedules itself.
 160:Middlewares/Third_Party/LwIP/src/core/timeouts.c ****  *
 161:Middlewares/Third_Party/LwIP/src/core/timeouts.c ****  * @param arg unused argument
 162:Middlewares/Third_Party/LwIP/src/core/timeouts.c ****  */
 163:Middlewares/Third_Party/LwIP/src/core/timeouts.c **** static void
 164:Middlewares/Third_Party/LwIP/src/core/timeouts.c **** cyclic_timer(void *arg)
 165:Middlewares/Third_Party/LwIP/src/core/timeouts.c **** {
 166:Middlewares/Third_Party/LwIP/src/core/timeouts.c ****   const struct lwip_cyclic_timer* cyclic = (const struct lwip_cyclic_timer*)arg;
 167:Middlewares/Third_Party/LwIP/src/core/timeouts.c **** #if LWIP_DEBUG_TIMERNAMES
 168:Middlewares/Third_Party/LwIP/src/core/timeouts.c ****   LWIP_DEBUGF(TIMERS_DEBUG, ("tcpip: %s()\n", cyclic->handler_name));
 169:Middlewares/Third_Party/LwIP/src/core/timeouts.c **** #endif
 170:Middlewares/Third_Party/LwIP/src/core/timeouts.c ****   cyclic->handler();
 171:Middlewares/Third_Party/LwIP/src/core/timeouts.c ****   sys_timeout(cyclic->interval_ms, cyclic_timer, arg);
 172:Middlewares/Third_Party/LwIP/src/core/timeouts.c **** }
 173:Middlewares/Third_Party/LwIP/src/core/timeouts.c **** 
 174:Middlewares/Third_Party/LwIP/src/core/timeouts.c **** /** Initialize this module */
 175:Middlewares/Third_Party/LwIP/src/core/timeouts.c **** void sys_timeouts_init(void)
 176:Middlewares/Third_Party/LwIP/src/core/timeouts.c **** {
 177:Middlewares/Third_Party/LwIP/src/core/timeouts.c ****   size_t i;
 178:Middlewares/Third_Party/LwIP/src/core/timeouts.c ****   /* tcp_tmr() at index 0 is started on demand */
 179:Middlewares/Third_Party/LwIP/src/core/timeouts.c ****   for (i = 1; i < LWIP_ARRAYSIZE(lwip_cyclic_timers); i++) {
 180:Middlewares/Third_Party/LwIP/src/core/timeouts.c ****     /* we have to cast via size_t to get rid of const warning
 181:Middlewares/Third_Party/LwIP/src/core/timeouts.c ****       (this is OK as cyclic_timer() casts back to const* */
 182:Middlewares/Third_Party/LwIP/src/core/timeouts.c ****     sys_timeout(lwip_cyclic_timers[i].interval_ms, cyclic_timer, (void*)(size_t)&lwip_cyclic_timers
 183:Middlewares/Third_Party/LwIP/src/core/timeouts.c ****   }
 184:Middlewares/Third_Party/LwIP/src/core/timeouts.c **** 
 185:Middlewares/Third_Party/LwIP/src/core/timeouts.c ****   /* Initialise timestamp for sys_check_timeouts */
 186:Middlewares/Third_Party/LwIP/src/core/timeouts.c ****   timeouts_last_time = sys_now();
 187:Middlewares/Third_Party/LwIP/src/core/timeouts.c **** }
 188:Middlewares/Third_Party/LwIP/src/core/timeouts.c **** 
 189:Middlewares/Third_Party/LwIP/src/core/timeouts.c **** /**
 190:Middlewares/Third_Party/LwIP/src/core/timeouts.c ****  * Create a one-shot timer (aka timeout). Timeouts are processed in the
 191:Middlewares/Third_Party/LwIP/src/core/timeouts.c ****  * following cases:
 192:Middlewares/Third_Party/LwIP/src/core/timeouts.c ****  * - while waiting for a message using sys_timeouts_mbox_fetch()
 193:Middlewares/Third_Party/LwIP/src/core/timeouts.c ****  * - by calling sys_check_timeouts() (NO_SYS==1 only)
 194:Middlewares/Third_Party/LwIP/src/core/timeouts.c ****  *
 195:Middlewares/Third_Party/LwIP/src/core/timeouts.c ****  * @param msecs time in milliseconds after that the timer should expire
 196:Middlewares/Third_Party/LwIP/src/core/timeouts.c ****  * @param handler callback function to call when msecs have elapsed
 197:Middlewares/Third_Party/LwIP/src/core/timeouts.c ****  * @param arg argument to pass to the callback function
 198:Middlewares/Third_Party/LwIP/src/core/timeouts.c ****  */
 199:Middlewares/Third_Party/LwIP/src/core/timeouts.c **** #if LWIP_DEBUG_TIMERNAMES
 200:Middlewares/Third_Party/LwIP/src/core/timeouts.c **** void
 201:Middlewares/Third_Party/LwIP/src/core/timeouts.c **** sys_timeout_debug(u32_t msecs, sys_timeout_handler handler, void *arg, const char* handler_name)
 202:Middlewares/Third_Party/LwIP/src/core/timeouts.c **** #else /* LWIP_DEBUG_TIMERNAMES */
 203:Middlewares/Third_Party/LwIP/src/core/timeouts.c **** void
ARM GAS  C:\Users\Student\AppData\Local\Temp\ccnT353g.s 			page 5


 204:Middlewares/Third_Party/LwIP/src/core/timeouts.c **** sys_timeout(u32_t msecs, sys_timeout_handler handler, void *arg)
 205:Middlewares/Third_Party/LwIP/src/core/timeouts.c **** #endif /* LWIP_DEBUG_TIMERNAMES */
 206:Middlewares/Third_Party/LwIP/src/core/timeouts.c **** {
 207:Middlewares/Third_Party/LwIP/src/core/timeouts.c ****   struct sys_timeo *timeout, *t;
 208:Middlewares/Third_Party/LwIP/src/core/timeouts.c ****   u32_t now, diff;
 209:Middlewares/Third_Party/LwIP/src/core/timeouts.c **** 
 210:Middlewares/Third_Party/LwIP/src/core/timeouts.c ****   timeout = (struct sys_timeo *)memp_malloc(MEMP_SYS_TIMEOUT);
 211:Middlewares/Third_Party/LwIP/src/core/timeouts.c ****   if (timeout == NULL) {
 212:Middlewares/Third_Party/LwIP/src/core/timeouts.c ****     LWIP_ASSERT("sys_timeout: timeout != NULL, pool MEMP_SYS_TIMEOUT is empty", timeout != NULL);
 213:Middlewares/Third_Party/LwIP/src/core/timeouts.c ****     return;
 214:Middlewares/Third_Party/LwIP/src/core/timeouts.c ****   }
 215:Middlewares/Third_Party/LwIP/src/core/timeouts.c **** 
 216:Middlewares/Third_Party/LwIP/src/core/timeouts.c ****   now = sys_now();
 217:Middlewares/Third_Party/LwIP/src/core/timeouts.c ****   if (next_timeout == NULL) {
 218:Middlewares/Third_Party/LwIP/src/core/timeouts.c ****     diff = 0;
 219:Middlewares/Third_Party/LwIP/src/core/timeouts.c ****     timeouts_last_time = now;
 220:Middlewares/Third_Party/LwIP/src/core/timeouts.c ****   } else {
 221:Middlewares/Third_Party/LwIP/src/core/timeouts.c ****     diff = now - timeouts_last_time;
 222:Middlewares/Third_Party/LwIP/src/core/timeouts.c ****   }
 223:Middlewares/Third_Party/LwIP/src/core/timeouts.c **** 
 224:Middlewares/Third_Party/LwIP/src/core/timeouts.c ****   timeout->next = NULL;
 225:Middlewares/Third_Party/LwIP/src/core/timeouts.c ****   timeout->h = handler;
 226:Middlewares/Third_Party/LwIP/src/core/timeouts.c ****   timeout->arg = arg;
 227:Middlewares/Third_Party/LwIP/src/core/timeouts.c ****   timeout->time = msecs + diff;
 228:Middlewares/Third_Party/LwIP/src/core/timeouts.c **** #if LWIP_DEBUG_TIMERNAMES
 229:Middlewares/Third_Party/LwIP/src/core/timeouts.c ****   timeout->handler_name = handler_name;
 230:Middlewares/Third_Party/LwIP/src/core/timeouts.c ****   LWIP_DEBUGF(TIMERS_DEBUG, ("sys_timeout: %p msecs=%"U32_F" handler=%s arg=%p\n",
 231:Middlewares/Third_Party/LwIP/src/core/timeouts.c ****     (void *)timeout, msecs, handler_name, (void *)arg));
 232:Middlewares/Third_Party/LwIP/src/core/timeouts.c **** #endif /* LWIP_DEBUG_TIMERNAMES */
 233:Middlewares/Third_Party/LwIP/src/core/timeouts.c **** 
 234:Middlewares/Third_Party/LwIP/src/core/timeouts.c ****   if (next_timeout == NULL) {
 235:Middlewares/Third_Party/LwIP/src/core/timeouts.c ****     next_timeout = timeout;
 236:Middlewares/Third_Party/LwIP/src/core/timeouts.c ****     return;
 237:Middlewares/Third_Party/LwIP/src/core/timeouts.c ****   }
 238:Middlewares/Third_Party/LwIP/src/core/timeouts.c **** 
 239:Middlewares/Third_Party/LwIP/src/core/timeouts.c ****   if (next_timeout->time > msecs) {
 240:Middlewares/Third_Party/LwIP/src/core/timeouts.c ****     next_timeout->time -= msecs;
 241:Middlewares/Third_Party/LwIP/src/core/timeouts.c ****     timeout->next = next_timeout;
 242:Middlewares/Third_Party/LwIP/src/core/timeouts.c ****     next_timeout = timeout;
 243:Middlewares/Third_Party/LwIP/src/core/timeouts.c ****   } else {
 244:Middlewares/Third_Party/LwIP/src/core/timeouts.c ****     for (t = next_timeout; t != NULL; t = t->next) {
 245:Middlewares/Third_Party/LwIP/src/core/timeouts.c ****       timeout->time -= t->time;
 246:Middlewares/Third_Party/LwIP/src/core/timeouts.c ****       if (t->next == NULL || t->next->time > timeout->time) {
 247:Middlewares/Third_Party/LwIP/src/core/timeouts.c ****         if (t->next != NULL) {
 248:Middlewares/Third_Party/LwIP/src/core/timeouts.c ****           t->next->time -= timeout->time;
 249:Middlewares/Third_Party/LwIP/src/core/timeouts.c ****         } else if (timeout->time > msecs) {
 250:Middlewares/Third_Party/LwIP/src/core/timeouts.c ****           /* If this is the case, 'timeouts_last_time' and 'now' differs too much.
 251:Middlewares/Third_Party/LwIP/src/core/timeouts.c ****              This can be due to sys_check_timeouts() not being called at the right
 252:Middlewares/Third_Party/LwIP/src/core/timeouts.c ****              times, but also when stopping in a breakpoint. Anyway, let's assume
 253:Middlewares/Third_Party/LwIP/src/core/timeouts.c ****              this is not wanted, so add the first timer's time instead of 'diff' */
 254:Middlewares/Third_Party/LwIP/src/core/timeouts.c ****           timeout->time = msecs + next_timeout->time;
 255:Middlewares/Third_Party/LwIP/src/core/timeouts.c ****         }
 256:Middlewares/Third_Party/LwIP/src/core/timeouts.c ****         timeout->next = t->next;
 257:Middlewares/Third_Party/LwIP/src/core/timeouts.c ****         t->next = timeout;
 258:Middlewares/Third_Party/LwIP/src/core/timeouts.c ****         break;
 259:Middlewares/Third_Party/LwIP/src/core/timeouts.c ****       }
 260:Middlewares/Third_Party/LwIP/src/core/timeouts.c ****     }
ARM GAS  C:\Users\Student\AppData\Local\Temp\ccnT353g.s 			page 6


 261:Middlewares/Third_Party/LwIP/src/core/timeouts.c ****   }
 262:Middlewares/Third_Party/LwIP/src/core/timeouts.c **** }
 263:Middlewares/Third_Party/LwIP/src/core/timeouts.c **** 
 264:Middlewares/Third_Party/LwIP/src/core/timeouts.c **** /**
 265:Middlewares/Third_Party/LwIP/src/core/timeouts.c ****  * Go through timeout list (for this task only) and remove the first matching
 266:Middlewares/Third_Party/LwIP/src/core/timeouts.c ****  * entry (subsequent entries remain untouched), even though the timeout has not
 267:Middlewares/Third_Party/LwIP/src/core/timeouts.c ****  * triggered yet.
 268:Middlewares/Third_Party/LwIP/src/core/timeouts.c ****  *
 269:Middlewares/Third_Party/LwIP/src/core/timeouts.c ****  * @param handler callback function that would be called by the timeout
 270:Middlewares/Third_Party/LwIP/src/core/timeouts.c ****  * @param arg callback argument that would be passed to handler
 271:Middlewares/Third_Party/LwIP/src/core/timeouts.c **** */
 272:Middlewares/Third_Party/LwIP/src/core/timeouts.c **** void
 273:Middlewares/Third_Party/LwIP/src/core/timeouts.c **** sys_untimeout(sys_timeout_handler handler, void *arg)
 274:Middlewares/Third_Party/LwIP/src/core/timeouts.c **** {
 275:Middlewares/Third_Party/LwIP/src/core/timeouts.c ****   struct sys_timeo *prev_t, *t;
 276:Middlewares/Third_Party/LwIP/src/core/timeouts.c **** 
 277:Middlewares/Third_Party/LwIP/src/core/timeouts.c ****   if (next_timeout == NULL) {
 278:Middlewares/Third_Party/LwIP/src/core/timeouts.c ****     return;
 279:Middlewares/Third_Party/LwIP/src/core/timeouts.c ****   }
 280:Middlewares/Third_Party/LwIP/src/core/timeouts.c **** 
 281:Middlewares/Third_Party/LwIP/src/core/timeouts.c ****   for (t = next_timeout, prev_t = NULL; t != NULL; prev_t = t, t = t->next) {
 282:Middlewares/Third_Party/LwIP/src/core/timeouts.c ****     if ((t->h == handler) && (t->arg == arg)) {
 283:Middlewares/Third_Party/LwIP/src/core/timeouts.c ****       /* We have a match */
 284:Middlewares/Third_Party/LwIP/src/core/timeouts.c ****       /* Unlink from previous in list */
 285:Middlewares/Third_Party/LwIP/src/core/timeouts.c ****       if (prev_t == NULL) {
 286:Middlewares/Third_Party/LwIP/src/core/timeouts.c ****         next_timeout = t->next;
 287:Middlewares/Third_Party/LwIP/src/core/timeouts.c ****       } else {
 288:Middlewares/Third_Party/LwIP/src/core/timeouts.c ****         prev_t->next = t->next;
 289:Middlewares/Third_Party/LwIP/src/core/timeouts.c ****       }
 290:Middlewares/Third_Party/LwIP/src/core/timeouts.c ****       /* If not the last one, add time of this one back to next */
 291:Middlewares/Third_Party/LwIP/src/core/timeouts.c ****       if (t->next != NULL) {
 292:Middlewares/Third_Party/LwIP/src/core/timeouts.c ****         t->next->time += t->time;
 293:Middlewares/Third_Party/LwIP/src/core/timeouts.c ****       }
 294:Middlewares/Third_Party/LwIP/src/core/timeouts.c ****       memp_free(MEMP_SYS_TIMEOUT, t);
 295:Middlewares/Third_Party/LwIP/src/core/timeouts.c ****       return;
 296:Middlewares/Third_Party/LwIP/src/core/timeouts.c ****     }
 297:Middlewares/Third_Party/LwIP/src/core/timeouts.c ****   }
 298:Middlewares/Third_Party/LwIP/src/core/timeouts.c ****   return;
 299:Middlewares/Third_Party/LwIP/src/core/timeouts.c **** }
 300:Middlewares/Third_Party/LwIP/src/core/timeouts.c **** 
 301:Middlewares/Third_Party/LwIP/src/core/timeouts.c **** /**
 302:Middlewares/Third_Party/LwIP/src/core/timeouts.c ****  * @ingroup lwip_nosys
 303:Middlewares/Third_Party/LwIP/src/core/timeouts.c ****  * Handle timeouts for NO_SYS==1 (i.e. without using
 304:Middlewares/Third_Party/LwIP/src/core/timeouts.c ****  * tcpip_thread/sys_timeouts_mbox_fetch(). Uses sys_now() to call timeout
 305:Middlewares/Third_Party/LwIP/src/core/timeouts.c ****  * handler functions when timeouts expire.
 306:Middlewares/Third_Party/LwIP/src/core/timeouts.c ****  *
 307:Middlewares/Third_Party/LwIP/src/core/timeouts.c ****  * Must be called periodically from your main loop.
 308:Middlewares/Third_Party/LwIP/src/core/timeouts.c ****  */
 309:Middlewares/Third_Party/LwIP/src/core/timeouts.c **** #if !NO_SYS && !defined __DOXYGEN__
 310:Middlewares/Third_Party/LwIP/src/core/timeouts.c **** static
 311:Middlewares/Third_Party/LwIP/src/core/timeouts.c **** #endif /* !NO_SYS */
 312:Middlewares/Third_Party/LwIP/src/core/timeouts.c **** void
 313:Middlewares/Third_Party/LwIP/src/core/timeouts.c **** sys_check_timeouts(void)
 314:Middlewares/Third_Party/LwIP/src/core/timeouts.c **** {
 315:Middlewares/Third_Party/LwIP/src/core/timeouts.c ****   if (next_timeout) {
 316:Middlewares/Third_Party/LwIP/src/core/timeouts.c ****     struct sys_timeo *tmptimeout;
 317:Middlewares/Third_Party/LwIP/src/core/timeouts.c ****     u32_t diff;
ARM GAS  C:\Users\Student\AppData\Local\Temp\ccnT353g.s 			page 7


 318:Middlewares/Third_Party/LwIP/src/core/timeouts.c ****     sys_timeout_handler handler;
 319:Middlewares/Third_Party/LwIP/src/core/timeouts.c ****     void *arg;
 320:Middlewares/Third_Party/LwIP/src/core/timeouts.c ****     u8_t had_one;
 321:Middlewares/Third_Party/LwIP/src/core/timeouts.c ****     u32_t now;
 322:Middlewares/Third_Party/LwIP/src/core/timeouts.c **** 
 323:Middlewares/Third_Party/LwIP/src/core/timeouts.c ****     now = sys_now();
 324:Middlewares/Third_Party/LwIP/src/core/timeouts.c ****     /* this cares for wraparounds */
 325:Middlewares/Third_Party/LwIP/src/core/timeouts.c ****     diff = now - timeouts_last_time;
 326:Middlewares/Third_Party/LwIP/src/core/timeouts.c ****     do {
 327:Middlewares/Third_Party/LwIP/src/core/timeouts.c ****       PBUF_CHECK_FREE_OOSEQ();
 328:Middlewares/Third_Party/LwIP/src/core/timeouts.c ****       had_one = 0;
 329:Middlewares/Third_Party/LwIP/src/core/timeouts.c ****       tmptimeout = next_timeout;
 330:Middlewares/Third_Party/LwIP/src/core/timeouts.c ****       if (tmptimeout && (tmptimeout->time <= diff)) {
 331:Middlewares/Third_Party/LwIP/src/core/timeouts.c ****         /* timeout has expired */
 332:Middlewares/Third_Party/LwIP/src/core/timeouts.c ****         had_one = 1;
 333:Middlewares/Third_Party/LwIP/src/core/timeouts.c ****         timeouts_last_time += tmptimeout->time;
 334:Middlewares/Third_Party/LwIP/src/core/timeouts.c ****         diff -= tmptimeout->time;
 335:Middlewares/Third_Party/LwIP/src/core/timeouts.c ****         next_timeout = tmptimeout->next;
 336:Middlewares/Third_Party/LwIP/src/core/timeouts.c ****         handler = tmptimeout->h;
 337:Middlewares/Third_Party/LwIP/src/core/timeouts.c ****         arg = tmptimeout->arg;
 338:Middlewares/Third_Party/LwIP/src/core/timeouts.c **** #if LWIP_DEBUG_TIMERNAMES
 339:Middlewares/Third_Party/LwIP/src/core/timeouts.c ****         if (handler != NULL) {
 340:Middlewares/Third_Party/LwIP/src/core/timeouts.c ****           LWIP_DEBUGF(TIMERS_DEBUG, ("sct calling h=%s arg=%p\n",
 341:Middlewares/Third_Party/LwIP/src/core/timeouts.c ****             tmptimeout->handler_name, arg));
 342:Middlewares/Third_Party/LwIP/src/core/timeouts.c ****         }
 343:Middlewares/Third_Party/LwIP/src/core/timeouts.c **** #endif /* LWIP_DEBUG_TIMERNAMES */
 344:Middlewares/Third_Party/LwIP/src/core/timeouts.c ****         memp_free(MEMP_SYS_TIMEOUT, tmptimeout);
 345:Middlewares/Third_Party/LwIP/src/core/timeouts.c ****         if (handler != NULL) {
 346:Middlewares/Third_Party/LwIP/src/core/timeouts.c **** #if !NO_SYS
 347:Middlewares/Third_Party/LwIP/src/core/timeouts.c ****           /* For LWIP_TCPIP_CORE_LOCKING, lock the core before calling the
 348:Middlewares/Third_Party/LwIP/src/core/timeouts.c ****              timeout handler function. */
 349:Middlewares/Third_Party/LwIP/src/core/timeouts.c ****           LOCK_TCPIP_CORE();
 350:Middlewares/Third_Party/LwIP/src/core/timeouts.c **** #endif /* !NO_SYS */
 351:Middlewares/Third_Party/LwIP/src/core/timeouts.c ****           handler(arg);
 352:Middlewares/Third_Party/LwIP/src/core/timeouts.c **** #if !NO_SYS
 353:Middlewares/Third_Party/LwIP/src/core/timeouts.c ****           UNLOCK_TCPIP_CORE();
 354:Middlewares/Third_Party/LwIP/src/core/timeouts.c **** #endif /* !NO_SYS */
 355:Middlewares/Third_Party/LwIP/src/core/timeouts.c ****         }
 356:Middlewares/Third_Party/LwIP/src/core/timeouts.c ****         LWIP_TCPIP_THREAD_ALIVE();
 357:Middlewares/Third_Party/LwIP/src/core/timeouts.c ****       }
 358:Middlewares/Third_Party/LwIP/src/core/timeouts.c ****     /* repeat until all expired timers have been called */
 359:Middlewares/Third_Party/LwIP/src/core/timeouts.c ****     } while (had_one);
 360:Middlewares/Third_Party/LwIP/src/core/timeouts.c ****   }
 361:Middlewares/Third_Party/LwIP/src/core/timeouts.c **** }
 362:Middlewares/Third_Party/LwIP/src/core/timeouts.c **** 
 363:Middlewares/Third_Party/LwIP/src/core/timeouts.c **** /** Set back the timestamp of the last call to sys_check_timeouts()
 364:Middlewares/Third_Party/LwIP/src/core/timeouts.c ****  * This is necessary if sys_check_timeouts() hasn't been called for a long
 365:Middlewares/Third_Party/LwIP/src/core/timeouts.c ****  * time (e.g. while saving energy) to prevent all timer functions of that
 366:Middlewares/Third_Party/LwIP/src/core/timeouts.c ****  * period being called.
 367:Middlewares/Third_Party/LwIP/src/core/timeouts.c ****  */
 368:Middlewares/Third_Party/LwIP/src/core/timeouts.c **** void
 369:Middlewares/Third_Party/LwIP/src/core/timeouts.c **** sys_restart_timeouts(void)
 370:Middlewares/Third_Party/LwIP/src/core/timeouts.c **** {
 371:Middlewares/Third_Party/LwIP/src/core/timeouts.c ****   timeouts_last_time = sys_now();
 372:Middlewares/Third_Party/LwIP/src/core/timeouts.c **** }
 373:Middlewares/Third_Party/LwIP/src/core/timeouts.c **** 
 374:Middlewares/Third_Party/LwIP/src/core/timeouts.c **** /** Return the time left before the next timeout is due. If no timeouts are
ARM GAS  C:\Users\Student\AppData\Local\Temp\ccnT353g.s 			page 8


 375:Middlewares/Third_Party/LwIP/src/core/timeouts.c ****  * enqueued, returns 0xffffffff
 376:Middlewares/Third_Party/LwIP/src/core/timeouts.c ****  */
 377:Middlewares/Third_Party/LwIP/src/core/timeouts.c **** #if !NO_SYS
 378:Middlewares/Third_Party/LwIP/src/core/timeouts.c **** static
 379:Middlewares/Third_Party/LwIP/src/core/timeouts.c **** #endif /* !NO_SYS */
 380:Middlewares/Third_Party/LwIP/src/core/timeouts.c **** u32_t
 381:Middlewares/Third_Party/LwIP/src/core/timeouts.c **** sys_timeouts_sleeptime(void)
 382:Middlewares/Third_Party/LwIP/src/core/timeouts.c **** {
  27              		.loc 1 382 0
  28              		.cfi_startproc
  29              		@ args = 0, pretend = 0, frame = 0
  30              		@ frame_needed = 0, uses_anonymous_args = 0
  31 0000 08B5     		push	{r3, lr}
  32              	.LCFI0:
  33              		.cfi_def_cfa_offset 8
  34              		.cfi_offset 3, -8
  35              		.cfi_offset 14, -4
 383:Middlewares/Third_Party/LwIP/src/core/timeouts.c ****   u32_t diff;
 384:Middlewares/Third_Party/LwIP/src/core/timeouts.c ****   if (next_timeout == NULL) {
  36              		.loc 1 384 0
  37 0002 0A4B     		ldr	r3, .L6
  38 0004 1B68     		ldr	r3, [r3]
  39 0006 5BB1     		cbz	r3, .L3
 385:Middlewares/Third_Party/LwIP/src/core/timeouts.c ****     return 0xffffffff;
 386:Middlewares/Third_Party/LwIP/src/core/timeouts.c ****   }
 387:Middlewares/Third_Party/LwIP/src/core/timeouts.c ****   diff = sys_now() - timeouts_last_time;
  40              		.loc 1 387 0
  41 0008 FFF7FEFF 		bl	sys_now
  42              	.LVL0:
  43 000c 084B     		ldr	r3, .L6+4
  44 000e 1B68     		ldr	r3, [r3]
  45 0010 C01A     		subs	r0, r0, r3
  46              	.LVL1:
 388:Middlewares/Third_Party/LwIP/src/core/timeouts.c ****   if (diff > next_timeout->time) {
  47              		.loc 1 388 0
  48 0012 064B     		ldr	r3, .L6
  49 0014 1B68     		ldr	r3, [r3]
  50 0016 5B68     		ldr	r3, [r3, #4]
  51 0018 9842     		cmp	r0, r3
  52 001a 04D8     		bhi	.L4
 389:Middlewares/Third_Party/LwIP/src/core/timeouts.c ****     return 0;
 390:Middlewares/Third_Party/LwIP/src/core/timeouts.c ****   } else {
 391:Middlewares/Third_Party/LwIP/src/core/timeouts.c ****     return next_timeout->time - diff;
  53              		.loc 1 391 0
  54 001c 181A     		subs	r0, r3, r0
  55              	.LVL2:
  56 001e 08BD     		pop	{r3, pc}
  57              	.L3:
 385:Middlewares/Third_Party/LwIP/src/core/timeouts.c ****   }
  58              		.loc 1 385 0
  59 0020 4FF0FF30 		mov	r0, #-1
  60 0024 08BD     		pop	{r3, pc}
  61              	.LVL3:
  62              	.L4:
 389:Middlewares/Third_Party/LwIP/src/core/timeouts.c ****     return 0;
  63              		.loc 1 389 0
  64 0026 0020     		movs	r0, #0
ARM GAS  C:\Users\Student\AppData\Local\Temp\ccnT353g.s 			page 9


  65              	.LVL4:
 392:Middlewares/Third_Party/LwIP/src/core/timeouts.c ****   }
 393:Middlewares/Third_Party/LwIP/src/core/timeouts.c **** }
  66              		.loc 1 393 0
  67 0028 08BD     		pop	{r3, pc}
  68              	.L7:
  69 002a 00BF     		.align	2
  70              	.L6:
  71 002c 00000000 		.word	.LANCHOR0
  72 0030 00000000 		.word	.LANCHOR1
  73              		.cfi_endproc
  74              	.LFE149:
  76              		.section	.text.sys_check_timeouts,"ax",%progbits
  77              		.align	1
  78              		.syntax unified
  79              		.thumb
  80              		.thumb_func
  81              		.fpu fpv5-sp-d16
  83              	sys_check_timeouts:
  84              	.LFB147:
 314:Middlewares/Third_Party/LwIP/src/core/timeouts.c ****   if (next_timeout) {
  85              		.loc 1 314 0
  86              		.cfi_startproc
  87              		@ args = 0, pretend = 0, frame = 0
  88              		@ frame_needed = 0, uses_anonymous_args = 0
  89 0000 F8B5     		push	{r3, r4, r5, r6, r7, lr}
  90              	.LCFI1:
  91              		.cfi_def_cfa_offset 24
  92              		.cfi_offset 3, -24
  93              		.cfi_offset 4, -20
  94              		.cfi_offset 5, -16
  95              		.cfi_offset 6, -12
  96              		.cfi_offset 7, -8
  97              		.cfi_offset 14, -4
 315:Middlewares/Third_Party/LwIP/src/core/timeouts.c ****     struct sys_timeo *tmptimeout;
  98              		.loc 1 315 0
  99 0002 184B     		ldr	r3, .L16
 100 0004 1B68     		ldr	r3, [r3]
 101 0006 63B3     		cbz	r3, .L8
 102              	.LBB2:
 323:Middlewares/Third_Party/LwIP/src/core/timeouts.c ****     /* this cares for wraparounds */
 103              		.loc 1 323 0
 104 0008 FFF7FEFF 		bl	sys_now
 105              	.LVL5:
 325:Middlewares/Third_Party/LwIP/src/core/timeouts.c ****     do {
 106              		.loc 1 325 0
 107 000c 164B     		ldr	r3, .L16+4
 108 000e 1C68     		ldr	r4, [r3]
 109 0010 041B     		subs	r4, r0, r4
 110              	.LVL6:
 111 0012 05E0     		b	.L11
 112              	.LVL7:
 113              	.L12:
 328:Middlewares/Third_Party/LwIP/src/core/timeouts.c ****       tmptimeout = next_timeout;
 114              		.loc 1 328 0
 115 0014 0023     		movs	r3, #0
 116 0016 02E0     		b	.L10
ARM GAS  C:\Users\Student\AppData\Local\Temp\ccnT353g.s 			page 10


 117              	.L13:
 118 0018 0023     		movs	r3, #0
 119 001a 00E0     		b	.L10
 120              	.LVL8:
 121              	.L14:
 332:Middlewares/Third_Party/LwIP/src/core/timeouts.c ****         timeouts_last_time += tmptimeout->time;
 122              		.loc 1 332 0
 123 001c 0123     		movs	r3, #1
 124              	.LVL9:
 125              	.L10:
 359:Middlewares/Third_Party/LwIP/src/core/timeouts.c ****   }
 126              		.loc 1 359 0
 127 001e 03B3     		cbz	r3, .L8
 128              	.LVL10:
 129              	.L11:
 329:Middlewares/Third_Party/LwIP/src/core/timeouts.c ****       if (tmptimeout && (tmptimeout->time <= diff)) {
 130              		.loc 1 329 0
 131 0020 104B     		ldr	r3, .L16
 132 0022 1968     		ldr	r1, [r3]
 133              	.LVL11:
 330:Middlewares/Third_Party/LwIP/src/core/timeouts.c ****         /* timeout has expired */
 134              		.loc 1 330 0
 135 0024 0029     		cmp	r1, #0
 136 0026 F5D0     		beq	.L12
 330:Middlewares/Third_Party/LwIP/src/core/timeouts.c ****         /* timeout has expired */
 137              		.loc 1 330 0 is_stmt 0 discriminator 1
 138 0028 4B68     		ldr	r3, [r1, #4]
 139 002a 9C42     		cmp	r4, r3
 140 002c F4D3     		bcc	.L13
 141              	.LVL12:
 333:Middlewares/Third_Party/LwIP/src/core/timeouts.c ****         diff -= tmptimeout->time;
 142              		.loc 1 333 0 is_stmt 1
 143 002e 0E48     		ldr	r0, .L16+4
 144 0030 0268     		ldr	r2, [r0]
 145 0032 1A44     		add	r2, r2, r3
 146 0034 0260     		str	r2, [r0]
 334:Middlewares/Third_Party/LwIP/src/core/timeouts.c ****         next_timeout = tmptimeout->next;
 147              		.loc 1 334 0
 148 0036 E41A     		subs	r4, r4, r3
 149              	.LVL13:
 335:Middlewares/Third_Party/LwIP/src/core/timeouts.c ****         handler = tmptimeout->h;
 150              		.loc 1 335 0
 151 0038 0A68     		ldr	r2, [r1]
 152 003a 0A4B     		ldr	r3, .L16
 153 003c 1A60     		str	r2, [r3]
 336:Middlewares/Third_Party/LwIP/src/core/timeouts.c ****         arg = tmptimeout->arg;
 154              		.loc 1 336 0
 155 003e 8D68     		ldr	r5, [r1, #8]
 156              	.LVL14:
 337:Middlewares/Third_Party/LwIP/src/core/timeouts.c **** #if LWIP_DEBUG_TIMERNAMES
 157              		.loc 1 337 0
 158 0040 CF68     		ldr	r7, [r1, #12]
 159              	.LVL15:
 344:Middlewares/Third_Party/LwIP/src/core/timeouts.c ****         if (handler != NULL) {
 160              		.loc 1 344 0
 161 0042 0A20     		movs	r0, #10
 162 0044 FFF7FEFF 		bl	memp_free
ARM GAS  C:\Users\Student\AppData\Local\Temp\ccnT353g.s 			page 11


 163              	.LVL16:
 345:Middlewares/Third_Party/LwIP/src/core/timeouts.c **** #if !NO_SYS
 164              		.loc 1 345 0
 165 0048 002D     		cmp	r5, #0
 166 004a E7D0     		beq	.L14
 349:Middlewares/Third_Party/LwIP/src/core/timeouts.c **** #endif /* !NO_SYS */
 167              		.loc 1 349 0
 168 004c 074E     		ldr	r6, .L16+8
 169 004e 3046     		mov	r0, r6
 170 0050 FFF7FEFF 		bl	sys_mutex_lock
 171              	.LVL17:
 351:Middlewares/Third_Party/LwIP/src/core/timeouts.c **** #if !NO_SYS
 172              		.loc 1 351 0
 173 0054 3846     		mov	r0, r7
 174 0056 A847     		blx	r5
 175              	.LVL18:
 353:Middlewares/Third_Party/LwIP/src/core/timeouts.c **** #endif /* !NO_SYS */
 176              		.loc 1 353 0
 177 0058 3046     		mov	r0, r6
 178 005a FFF7FEFF 		bl	sys_mutex_unlock
 179              	.LVL19:
 332:Middlewares/Third_Party/LwIP/src/core/timeouts.c ****         timeouts_last_time += tmptimeout->time;
 180              		.loc 1 332 0
 181 005e 0123     		movs	r3, #1
 182 0060 DDE7     		b	.L10
 183              	.LVL20:
 184              	.L8:
 185 0062 F8BD     		pop	{r3, r4, r5, r6, r7, pc}
 186              	.L17:
 187              		.align	2
 188              	.L16:
 189 0064 00000000 		.word	.LANCHOR0
 190 0068 00000000 		.word	.LANCHOR1
 191 006c 00000000 		.word	lock_tcpip_core
 192              	.LBE2:
 193              		.cfi_endproc
 194              	.LFE147:
 196              		.section	.text.sys_timeout,"ax",%progbits
 197              		.align	1
 198              		.global	sys_timeout
 199              		.syntax unified
 200              		.thumb
 201              		.thumb_func
 202              		.fpu fpv5-sp-d16
 204              	sys_timeout:
 205              	.LFB145:
 206:Middlewares/Third_Party/LwIP/src/core/timeouts.c ****   struct sys_timeo *timeout, *t;
 206              		.loc 1 206 0
 207              		.cfi_startproc
 208              		@ args = 0, pretend = 0, frame = 0
 209              		@ frame_needed = 0, uses_anonymous_args = 0
 210              	.LVL21:
 211 0000 2DE9F041 		push	{r4, r5, r6, r7, r8, lr}
 212              	.LCFI2:
 213              		.cfi_def_cfa_offset 24
 214              		.cfi_offset 4, -24
 215              		.cfi_offset 5, -20
ARM GAS  C:\Users\Student\AppData\Local\Temp\ccnT353g.s 			page 12


 216              		.cfi_offset 6, -16
 217              		.cfi_offset 7, -12
 218              		.cfi_offset 8, -8
 219              		.cfi_offset 14, -4
 220 0004 0546     		mov	r5, r0
 221 0006 8846     		mov	r8, r1
 222 0008 1746     		mov	r7, r2
 210:Middlewares/Third_Party/LwIP/src/core/timeouts.c ****   if (timeout == NULL) {
 223              		.loc 1 210 0
 224 000a 0A20     		movs	r0, #10
 225              	.LVL22:
 226 000c FFF7FEFF 		bl	memp_malloc
 227              	.LVL23:
 211:Middlewares/Third_Party/LwIP/src/core/timeouts.c ****     LWIP_ASSERT("sys_timeout: timeout != NULL, pool MEMP_SYS_TIMEOUT is empty", timeout != NULL);
 228              		.loc 1 211 0
 229 0010 0028     		cmp	r0, #0
 230 0012 3ED0     		beq	.L18
 231 0014 0446     		mov	r4, r0
 216:Middlewares/Third_Party/LwIP/src/core/timeouts.c ****   if (next_timeout == NULL) {
 232              		.loc 1 216 0
 233 0016 FFF7FEFF 		bl	sys_now
 234              	.LVL24:
 217:Middlewares/Third_Party/LwIP/src/core/timeouts.c ****     diff = 0;
 235              		.loc 1 217 0
 236 001a 1F4B     		ldr	r3, .L34
 237 001c 1E68     		ldr	r6, [r3]
 238 001e D6B1     		cbz	r6, .L31
 221:Middlewares/Third_Party/LwIP/src/core/timeouts.c ****   }
 239              		.loc 1 221 0
 240 0020 1E4B     		ldr	r3, .L34+4
 241 0022 1B68     		ldr	r3, [r3]
 242 0024 C01A     		subs	r0, r0, r3
 243              	.LVL25:
 244              	.L21:
 224:Middlewares/Third_Party/LwIP/src/core/timeouts.c ****   timeout->h = handler;
 245              		.loc 1 224 0
 246 0026 0023     		movs	r3, #0
 247 0028 2360     		str	r3, [r4]
 225:Middlewares/Third_Party/LwIP/src/core/timeouts.c ****   timeout->arg = arg;
 248              		.loc 1 225 0
 249 002a C4F80880 		str	r8, [r4, #8]
 226:Middlewares/Third_Party/LwIP/src/core/timeouts.c ****   timeout->time = msecs + diff;
 250              		.loc 1 226 0
 251 002e E760     		str	r7, [r4, #12]
 227:Middlewares/Third_Party/LwIP/src/core/timeouts.c **** #if LWIP_DEBUG_TIMERNAMES
 252              		.loc 1 227 0
 253 0030 2844     		add	r0, r0, r5
 254              	.LVL26:
 255 0032 6060     		str	r0, [r4, #4]
 234:Middlewares/Third_Party/LwIP/src/core/timeouts.c ****     next_timeout = timeout;
 256              		.loc 1 234 0
 257 0034 9EB1     		cbz	r6, .L32
 239:Middlewares/Third_Party/LwIP/src/core/timeouts.c ****     next_timeout->time -= msecs;
 258              		.loc 1 239 0
 259 0036 7368     		ldr	r3, [r6, #4]
 260 0038 9D42     		cmp	r5, r3
 261 003a 14D3     		bcc	.L33
ARM GAS  C:\Users\Student\AppData\Local\Temp\ccnT353g.s 			page 13


 262 003c 3246     		mov	r2, r6
 263              	.L23:
 264              	.LVL27:
 244:Middlewares/Third_Party/LwIP/src/core/timeouts.c ****       timeout->time -= t->time;
 265              		.loc 1 244 0 discriminator 1
 266 003e 42B3     		cbz	r2, .L18
 245:Middlewares/Third_Party/LwIP/src/core/timeouts.c ****       if (t->next == NULL || t->next->time > timeout->time) {
 267              		.loc 1 245 0
 268 0040 5168     		ldr	r1, [r2, #4]
 269 0042 6368     		ldr	r3, [r4, #4]
 270 0044 5B1A     		subs	r3, r3, r1
 271 0046 6360     		str	r3, [r4, #4]
 246:Middlewares/Third_Party/LwIP/src/core/timeouts.c ****         if (t->next != NULL) {
 272              		.loc 1 246 0
 273 0048 1168     		ldr	r1, [r2]
 274 004a 99B1     		cbz	r1, .L24
 246:Middlewares/Third_Party/LwIP/src/core/timeouts.c ****         if (t->next != NULL) {
 275              		.loc 1 246 0 is_stmt 0 discriminator 1
 276 004c 4868     		ldr	r0, [r1, #4]
 277 004e 8342     		cmp	r3, r0
 278 0050 10D3     		bcc	.L24
 244:Middlewares/Third_Party/LwIP/src/core/timeouts.c ****       timeout->time -= t->time;
 279              		.loc 1 244 0 is_stmt 1
 280 0052 0A46     		mov	r2, r1
 281              	.LVL28:
 282 0054 F3E7     		b	.L23
 283              	.LVL29:
 284              	.L31:
 219:Middlewares/Third_Party/LwIP/src/core/timeouts.c ****   } else {
 285              		.loc 1 219 0
 286 0056 114B     		ldr	r3, .L34+4
 287 0058 1860     		str	r0, [r3]
 218:Middlewares/Third_Party/LwIP/src/core/timeouts.c ****     timeouts_last_time = now;
 288              		.loc 1 218 0
 289 005a 0020     		movs	r0, #0
 290              	.LVL30:
 291 005c E3E7     		b	.L21
 292              	.LVL31:
 293              	.L32:
 235:Middlewares/Third_Party/LwIP/src/core/timeouts.c ****     return;
 294              		.loc 1 235 0
 295 005e 0E4B     		ldr	r3, .L34
 296 0060 1C60     		str	r4, [r3]
 236:Middlewares/Third_Party/LwIP/src/core/timeouts.c ****   }
 297              		.loc 1 236 0
 298 0062 BDE8F081 		pop	{r4, r5, r6, r7, r8, pc}
 299              	.LVL32:
 300              	.L33:
 240:Middlewares/Third_Party/LwIP/src/core/timeouts.c ****     timeout->next = next_timeout;
 301              		.loc 1 240 0
 302 0066 5D1B     		subs	r5, r3, r5
 303              	.LVL33:
 304 0068 7560     		str	r5, [r6, #4]
 241:Middlewares/Third_Party/LwIP/src/core/timeouts.c ****     next_timeout = timeout;
 305              		.loc 1 241 0
 306 006a 2660     		str	r6, [r4]
 242:Middlewares/Third_Party/LwIP/src/core/timeouts.c ****   } else {
ARM GAS  C:\Users\Student\AppData\Local\Temp\ccnT353g.s 			page 14


 307              		.loc 1 242 0
 308 006c 0A4B     		ldr	r3, .L34
 309 006e 1C60     		str	r4, [r3]
 310 0070 BDE8F081 		pop	{r4, r5, r6, r7, r8, pc}
 311              	.LVL34:
 312              	.L24:
 247:Middlewares/Third_Party/LwIP/src/core/timeouts.c ****           t->next->time -= timeout->time;
 313              		.loc 1 247 0
 314 0074 39B1     		cbz	r1, .L25
 248:Middlewares/Third_Party/LwIP/src/core/timeouts.c ****         } else if (timeout->time > msecs) {
 315              		.loc 1 248 0
 316 0076 4868     		ldr	r0, [r1, #4]
 317 0078 C31A     		subs	r3, r0, r3
 318 007a 4B60     		str	r3, [r1, #4]
 319              	.LVL35:
 320              	.L26:
 256:Middlewares/Third_Party/LwIP/src/core/timeouts.c ****         t->next = timeout;
 321              		.loc 1 256 0
 322 007c 1368     		ldr	r3, [r2]
 323 007e 2360     		str	r3, [r4]
 257:Middlewares/Third_Party/LwIP/src/core/timeouts.c ****         break;
 324              		.loc 1 257 0
 325 0080 1460     		str	r4, [r2]
 258:Middlewares/Third_Party/LwIP/src/core/timeouts.c ****       }
 326              		.loc 1 258 0
 327 0082 BDE8F081 		pop	{r4, r5, r6, r7, r8, pc}
 328              	.LVL36:
 329              	.L25:
 249:Middlewares/Third_Party/LwIP/src/core/timeouts.c ****           /* If this is the case, 'timeouts_last_time' and 'now' differs too much.
 330              		.loc 1 249 0
 331 0086 9D42     		cmp	r5, r3
 332 0088 F8D2     		bcs	.L26
 254:Middlewares/Third_Party/LwIP/src/core/timeouts.c ****         }
 333              		.loc 1 254 0
 334 008a 7368     		ldr	r3, [r6, #4]
 335 008c 1D44     		add	r5, r5, r3
 336              	.LVL37:
 337 008e 6560     		str	r5, [r4, #4]
 338 0090 F4E7     		b	.L26
 339              	.LVL38:
 340              	.L18:
 341 0092 BDE8F081 		pop	{r4, r5, r6, r7, r8, pc}
 342              	.LVL39:
 343              	.L35:
 344 0096 00BF     		.align	2
 345              	.L34:
 346 0098 00000000 		.word	.LANCHOR0
 347 009c 00000000 		.word	.LANCHOR1
 348              		.cfi_endproc
 349              	.LFE145:
 351              		.section	.text.tcp_timer_needed,"ax",%progbits
 352              		.align	1
 353              		.global	tcp_timer_needed
 354              		.syntax unified
 355              		.thumb
 356              		.thumb_func
 357              		.fpu fpv5-sp-d16
ARM GAS  C:\Users\Student\AppData\Local\Temp\ccnT353g.s 			page 15


 359              	tcp_timer_needed:
 360              	.LFB142:
 148:Middlewares/Third_Party/LwIP/src/core/timeouts.c ****   /* timer is off but needed again? */
 361              		.loc 1 148 0
 362              		.cfi_startproc
 363              		@ args = 0, pretend = 0, frame = 0
 364              		@ frame_needed = 0, uses_anonymous_args = 0
 365 0000 08B5     		push	{r3, lr}
 366              	.LCFI3:
 367              		.cfi_def_cfa_offset 8
 368              		.cfi_offset 3, -8
 369              		.cfi_offset 14, -4
 150:Middlewares/Third_Party/LwIP/src/core/timeouts.c ****     /* enable and start timer */
 370              		.loc 1 150 0
 371 0002 0A4B     		ldr	r3, .L41
 372 0004 1B68     		ldr	r3, [r3]
 373 0006 53B9     		cbnz	r3, .L36
 150:Middlewares/Third_Party/LwIP/src/core/timeouts.c ****     /* enable and start timer */
 374              		.loc 1 150 0 is_stmt 0 discriminator 1
 375 0008 094B     		ldr	r3, .L41+4
 376 000a 1B68     		ldr	r3, [r3]
 377 000c 43B1     		cbz	r3, .L40
 378              	.L38:
 152:Middlewares/Third_Party/LwIP/src/core/timeouts.c ****     sys_timeout(TCP_TMR_INTERVAL, tcpip_tcp_timer, NULL);
 379              		.loc 1 152 0 is_stmt 1
 380 000e 0122     		movs	r2, #1
 381 0010 064B     		ldr	r3, .L41
 382 0012 1A60     		str	r2, [r3]
 153:Middlewares/Third_Party/LwIP/src/core/timeouts.c ****   }
 383              		.loc 1 153 0
 384 0014 0022     		movs	r2, #0
 385 0016 0749     		ldr	r1, .L41+8
 386 0018 FA20     		movs	r0, #250
 387 001a FFF7FEFF 		bl	sys_timeout
 388              	.LVL40:
 389              	.L36:
 390 001e 08BD     		pop	{r3, pc}
 391              	.L40:
 150:Middlewares/Third_Party/LwIP/src/core/timeouts.c ****     /* enable and start timer */
 392              		.loc 1 150 0 discriminator 2
 393 0020 054B     		ldr	r3, .L41+12
 394 0022 1B68     		ldr	r3, [r3]
 395 0024 002B     		cmp	r3, #0
 396 0026 F2D1     		bne	.L38
 397 0028 F9E7     		b	.L36
 398              	.L42:
 399 002a 00BF     		.align	2
 400              	.L41:
 401 002c 00000000 		.word	.LANCHOR2
 402 0030 00000000 		.word	tcp_active_pcbs
 403 0034 00000000 		.word	tcpip_tcp_timer
 404 0038 00000000 		.word	tcp_tw_pcbs
 405              		.cfi_endproc
 406              	.LFE142:
 408              		.section	.text.tcpip_tcp_timer,"ax",%progbits
 409              		.align	1
 410              		.syntax unified
ARM GAS  C:\Users\Student\AppData\Local\Temp\ccnT353g.s 			page 16


 411              		.thumb
 412              		.thumb_func
 413              		.fpu fpv5-sp-d16
 415              	tcpip_tcp_timer:
 416              	.LFB141:
 126:Middlewares/Third_Party/LwIP/src/core/timeouts.c ****   LWIP_UNUSED_ARG(arg);
 417              		.loc 1 126 0
 418              		.cfi_startproc
 419              		@ args = 0, pretend = 0, frame = 0
 420              		@ frame_needed = 0, uses_anonymous_args = 0
 421              	.LVL41:
 422 0000 08B5     		push	{r3, lr}
 423              	.LCFI4:
 424              		.cfi_def_cfa_offset 8
 425              		.cfi_offset 3, -8
 426              		.cfi_offset 14, -4
 130:Middlewares/Third_Party/LwIP/src/core/timeouts.c ****   /* timer still needed? */
 427              		.loc 1 130 0
 428 0002 FFF7FEFF 		bl	tcp_tmr
 429              	.LVL42:
 132:Middlewares/Third_Party/LwIP/src/core/timeouts.c ****     /* restart timer */
 430              		.loc 1 132 0
 431 0006 084B     		ldr	r3, .L49
 432 0008 1B68     		ldr	r3, [r3]
 433 000a 2BB1     		cbz	r3, .L48
 434              	.L44:
 134:Middlewares/Third_Party/LwIP/src/core/timeouts.c ****   } else {
 435              		.loc 1 134 0
 436 000c 0022     		movs	r2, #0
 437 000e 0749     		ldr	r1, .L49+4
 438 0010 FA20     		movs	r0, #250
 439 0012 FFF7FEFF 		bl	sys_timeout
 440              	.LVL43:
 441 0016 08BD     		pop	{r3, pc}
 442              	.L48:
 132:Middlewares/Third_Party/LwIP/src/core/timeouts.c ****     /* restart timer */
 443              		.loc 1 132 0 discriminator 1
 444 0018 054B     		ldr	r3, .L49+8
 445 001a 1B68     		ldr	r3, [r3]
 446 001c 002B     		cmp	r3, #0
 447 001e F5D1     		bne	.L44
 137:Middlewares/Third_Party/LwIP/src/core/timeouts.c ****   }
 448              		.loc 1 137 0
 449 0020 0022     		movs	r2, #0
 450 0022 044B     		ldr	r3, .L49+12
 451 0024 1A60     		str	r2, [r3]
 452 0026 08BD     		pop	{r3, pc}
 453              	.L50:
 454              		.align	2
 455              	.L49:
 456 0028 00000000 		.word	tcp_active_pcbs
 457 002c 00000000 		.word	tcpip_tcp_timer
 458 0030 00000000 		.word	tcp_tw_pcbs
 459 0034 00000000 		.word	.LANCHOR2
 460              		.cfi_endproc
 461              	.LFE141:
 463              		.section	.text.sys_timeouts_init,"ax",%progbits
ARM GAS  C:\Users\Student\AppData\Local\Temp\ccnT353g.s 			page 17


 464              		.align	1
 465              		.global	sys_timeouts_init
 466              		.syntax unified
 467              		.thumb
 468              		.thumb_func
 469              		.fpu fpv5-sp-d16
 471              	sys_timeouts_init:
 472              	.LFB144:
 176:Middlewares/Third_Party/LwIP/src/core/timeouts.c ****   size_t i;
 473              		.loc 1 176 0
 474              		.cfi_startproc
 475              		@ args = 0, pretend = 0, frame = 0
 476              		@ frame_needed = 0, uses_anonymous_args = 0
 477 0000 10B5     		push	{r4, lr}
 478              	.LCFI5:
 479              		.cfi_def_cfa_offset 8
 480              		.cfi_offset 4, -8
 481              		.cfi_offset 14, -4
 482              	.LVL44:
 179:Middlewares/Third_Party/LwIP/src/core/timeouts.c ****     /* we have to cast via size_t to get rid of const warning
 483              		.loc 1 179 0
 484 0002 0124     		movs	r4, #1
 485 0004 08E0     		b	.L52
 486              	.LVL45:
 487              	.L53:
 182:Middlewares/Third_Party/LwIP/src/core/timeouts.c ****   }
 488              		.loc 1 182 0 discriminator 3
 489 0006 084B     		ldr	r3, .L55
 490 0008 03EBC402 		add	r2, r3, r4, lsl #3
 491 000c 0749     		ldr	r1, .L55+4
 492 000e 53F83400 		ldr	r0, [r3, r4, lsl #3]
 493 0012 FFF7FEFF 		bl	sys_timeout
 494              	.LVL46:
 179:Middlewares/Third_Party/LwIP/src/core/timeouts.c ****     /* we have to cast via size_t to get rid of const warning
 495              		.loc 1 179 0 discriminator 3
 496 0016 0134     		adds	r4, r4, #1
 497              	.LVL47:
 498              	.L52:
 179:Middlewares/Third_Party/LwIP/src/core/timeouts.c ****     /* we have to cast via size_t to get rid of const warning
 499              		.loc 1 179 0 is_stmt 0 discriminator 1
 500 0018 042C     		cmp	r4, #4
 501 001a F4D9     		bls	.L53
 186:Middlewares/Third_Party/LwIP/src/core/timeouts.c **** }
 502              		.loc 1 186 0 is_stmt 1
 503 001c FFF7FEFF 		bl	sys_now
 504              	.LVL48:
 505 0020 034B     		ldr	r3, .L55+8
 506 0022 1860     		str	r0, [r3]
 507 0024 10BD     		pop	{r4, pc}
 508              	.LVL49:
 509              	.L56:
 510 0026 00BF     		.align	2
 511              	.L55:
 512 0028 00000000 		.word	.LANCHOR3
 513 002c 00000000 		.word	cyclic_timer
 514 0030 00000000 		.word	.LANCHOR1
 515              		.cfi_endproc
ARM GAS  C:\Users\Student\AppData\Local\Temp\ccnT353g.s 			page 18


 516              	.LFE144:
 518              		.section	.text.cyclic_timer,"ax",%progbits
 519              		.align	1
 520              		.syntax unified
 521              		.thumb
 522              		.thumb_func
 523              		.fpu fpv5-sp-d16
 525              	cyclic_timer:
 526              	.LFB143:
 165:Middlewares/Third_Party/LwIP/src/core/timeouts.c ****   const struct lwip_cyclic_timer* cyclic = (const struct lwip_cyclic_timer*)arg;
 527              		.loc 1 165 0
 528              		.cfi_startproc
 529              		@ args = 0, pretend = 0, frame = 0
 530              		@ frame_needed = 0, uses_anonymous_args = 0
 531              	.LVL50:
 532 0000 10B5     		push	{r4, lr}
 533              	.LCFI6:
 534              		.cfi_def_cfa_offset 8
 535              		.cfi_offset 4, -8
 536              		.cfi_offset 14, -4
 537 0002 0446     		mov	r4, r0
 538              	.LVL51:
 170:Middlewares/Third_Party/LwIP/src/core/timeouts.c ****   sys_timeout(cyclic->interval_ms, cyclic_timer, arg);
 539              		.loc 1 170 0
 540 0004 4368     		ldr	r3, [r0, #4]
 541 0006 9847     		blx	r3
 542              	.LVL52:
 171:Middlewares/Third_Party/LwIP/src/core/timeouts.c **** }
 543              		.loc 1 171 0
 544 0008 2246     		mov	r2, r4
 545 000a 0249     		ldr	r1, .L59
 546 000c 2068     		ldr	r0, [r4]
 547 000e FFF7FEFF 		bl	sys_timeout
 548              	.LVL53:
 549 0012 10BD     		pop	{r4, pc}
 550              	.LVL54:
 551              	.L60:
 552              		.align	2
 553              	.L59:
 554 0014 00000000 		.word	cyclic_timer
 555              		.cfi_endproc
 556              	.LFE143:
 558              		.section	.text.sys_untimeout,"ax",%progbits
 559              		.align	1
 560              		.global	sys_untimeout
 561              		.syntax unified
 562              		.thumb
 563              		.thumb_func
 564              		.fpu fpv5-sp-d16
 566              	sys_untimeout:
 567              	.LFB146:
 274:Middlewares/Third_Party/LwIP/src/core/timeouts.c ****   struct sys_timeo *prev_t, *t;
 568              		.loc 1 274 0
 569              		.cfi_startproc
 570              		@ args = 0, pretend = 0, frame = 0
 571              		@ frame_needed = 0, uses_anonymous_args = 0
 572              	.LVL55:
ARM GAS  C:\Users\Student\AppData\Local\Temp\ccnT353g.s 			page 19


 277:Middlewares/Third_Party/LwIP/src/core/timeouts.c ****     return;
 573              		.loc 1 277 0
 574 0000 114B     		ldr	r3, .L75
 575 0002 1B68     		ldr	r3, [r3]
 576 0004 FBB1     		cbz	r3, .L70
 274:Middlewares/Third_Party/LwIP/src/core/timeouts.c ****   struct sys_timeo *prev_t, *t;
 577              		.loc 1 274 0
 578 0006 10B5     		push	{r4, lr}
 579              	.LCFI7:
 580              		.cfi_def_cfa_offset 8
 581              		.cfi_offset 4, -8
 582              		.cfi_offset 14, -4
 583 0008 0024     		movs	r4, #0
 584 000a 05E0     		b	.L63
 585              	.LVL56:
 586              	.L74:
 286:Middlewares/Third_Party/LwIP/src/core/timeouts.c ****       } else {
 587              		.loc 1 286 0
 588 000c 1968     		ldr	r1, [r3]
 589              	.LVL57:
 590 000e 0E4A     		ldr	r2, .L75
 591 0010 1160     		str	r1, [r2]
 592 0012 0CE0     		b	.L66
 593              	.LVL58:
 594              	.L64:
 281:Middlewares/Third_Party/LwIP/src/core/timeouts.c ****     if ((t->h == handler) && (t->arg == arg)) {
 595              		.loc 1 281 0 discriminator 2
 596 0014 1C46     		mov	r4, r3
 597 0016 1B68     		ldr	r3, [r3]
 598              	.LVL59:
 599              	.L63:
 281:Middlewares/Third_Party/LwIP/src/core/timeouts.c ****     if ((t->h == handler) && (t->arg == arg)) {
 600              		.loc 1 281 0 is_stmt 0 discriminator 1
 601 0018 A3B1     		cbz	r3, .L73
 282:Middlewares/Third_Party/LwIP/src/core/timeouts.c ****       /* We have a match */
 602              		.loc 1 282 0 is_stmt 1
 603 001a 9A68     		ldr	r2, [r3, #8]
 604 001c 8242     		cmp	r2, r0
 605 001e F9D1     		bne	.L64
 282:Middlewares/Third_Party/LwIP/src/core/timeouts.c ****       /* We have a match */
 606              		.loc 1 282 0 is_stmt 0 discriminator 1
 607 0020 DA68     		ldr	r2, [r3, #12]
 608 0022 8A42     		cmp	r2, r1
 609 0024 F6D1     		bne	.L64
 285:Middlewares/Third_Party/LwIP/src/core/timeouts.c ****         next_timeout = t->next;
 610              		.loc 1 285 0 is_stmt 1
 611 0026 002C     		cmp	r4, #0
 612 0028 F0D0     		beq	.L74
 288:Middlewares/Third_Party/LwIP/src/core/timeouts.c ****       }
 613              		.loc 1 288 0
 614 002a 1A68     		ldr	r2, [r3]
 615 002c 2260     		str	r2, [r4]
 616              	.LVL60:
 617              	.L66:
 291:Middlewares/Third_Party/LwIP/src/core/timeouts.c ****         t->next->time += t->time;
 618              		.loc 1 291 0
 619 002e 1A68     		ldr	r2, [r3]
ARM GAS  C:\Users\Student\AppData\Local\Temp\ccnT353g.s 			page 20


 620 0030 1AB1     		cbz	r2, .L67
 292:Middlewares/Third_Party/LwIP/src/core/timeouts.c ****       }
 621              		.loc 1 292 0
 622 0032 5868     		ldr	r0, [r3, #4]
 623              	.LVL61:
 624 0034 5168     		ldr	r1, [r2, #4]
 625 0036 0144     		add	r1, r1, r0
 626 0038 5160     		str	r1, [r2, #4]
 627              	.L67:
 294:Middlewares/Third_Party/LwIP/src/core/timeouts.c ****       return;
 628              		.loc 1 294 0
 629 003a 1946     		mov	r1, r3
 630 003c 0A20     		movs	r0, #10
 631 003e FFF7FEFF 		bl	memp_free
 632              	.LVL62:
 295:Middlewares/Third_Party/LwIP/src/core/timeouts.c ****     }
 633              		.loc 1 295 0
 634 0042 10BD     		pop	{r4, pc}
 635              	.LVL63:
 636              	.L73:
 637 0044 10BD     		pop	{r4, pc}
 638              	.LVL64:
 639              	.L70:
 640              	.LCFI8:
 641              		.cfi_def_cfa_offset 0
 642              		.cfi_restore 4
 643              		.cfi_restore 14
 644 0046 7047     		bx	lr
 645              	.L76:
 646              		.align	2
 647              	.L75:
 648 0048 00000000 		.word	.LANCHOR0
 649              		.cfi_endproc
 650              	.LFE146:
 652              		.section	.text.sys_restart_timeouts,"ax",%progbits
 653              		.align	1
 654              		.global	sys_restart_timeouts
 655              		.syntax unified
 656              		.thumb
 657              		.thumb_func
 658              		.fpu fpv5-sp-d16
 660              	sys_restart_timeouts:
 661              	.LFB148:
 370:Middlewares/Third_Party/LwIP/src/core/timeouts.c ****   timeouts_last_time = sys_now();
 662              		.loc 1 370 0
 663              		.cfi_startproc
 664              		@ args = 0, pretend = 0, frame = 0
 665              		@ frame_needed = 0, uses_anonymous_args = 0
 666 0000 08B5     		push	{r3, lr}
 667              	.LCFI9:
 668              		.cfi_def_cfa_offset 8
 669              		.cfi_offset 3, -8
 670              		.cfi_offset 14, -4
 371:Middlewares/Third_Party/LwIP/src/core/timeouts.c **** }
 671              		.loc 1 371 0
 672 0002 FFF7FEFF 		bl	sys_now
 673              	.LVL65:
ARM GAS  C:\Users\Student\AppData\Local\Temp\ccnT353g.s 			page 21


 674 0006 014B     		ldr	r3, .L79
 675 0008 1860     		str	r0, [r3]
 676 000a 08BD     		pop	{r3, pc}
 677              	.L80:
 678              		.align	2
 679              	.L79:
 680 000c 00000000 		.word	.LANCHOR1
 681              		.cfi_endproc
 682              	.LFE148:
 684              		.section	.text.sys_timeouts_mbox_fetch,"ax",%progbits
 685              		.align	1
 686              		.global	sys_timeouts_mbox_fetch
 687              		.syntax unified
 688              		.thumb
 689              		.thumb_func
 690              		.fpu fpv5-sp-d16
 692              	sys_timeouts_mbox_fetch:
 693              	.LFB150:
 394:Middlewares/Third_Party/LwIP/src/core/timeouts.c **** 
 395:Middlewares/Third_Party/LwIP/src/core/timeouts.c **** #if !NO_SYS
 396:Middlewares/Third_Party/LwIP/src/core/timeouts.c **** 
 397:Middlewares/Third_Party/LwIP/src/core/timeouts.c **** /**
 398:Middlewares/Third_Party/LwIP/src/core/timeouts.c ****  * Wait (forever) for a message to arrive in an mbox.
 399:Middlewares/Third_Party/LwIP/src/core/timeouts.c ****  * While waiting, timeouts are processed.
 400:Middlewares/Third_Party/LwIP/src/core/timeouts.c ****  *
 401:Middlewares/Third_Party/LwIP/src/core/timeouts.c ****  * @param mbox the mbox to fetch the message from
 402:Middlewares/Third_Party/LwIP/src/core/timeouts.c ****  * @param msg the place to store the message
 403:Middlewares/Third_Party/LwIP/src/core/timeouts.c ****  */
 404:Middlewares/Third_Party/LwIP/src/core/timeouts.c **** void
 405:Middlewares/Third_Party/LwIP/src/core/timeouts.c **** sys_timeouts_mbox_fetch(sys_mbox_t *mbox, void **msg)
 406:Middlewares/Third_Party/LwIP/src/core/timeouts.c **** {
 694              		.loc 1 406 0
 695              		.cfi_startproc
 696              		@ args = 0, pretend = 0, frame = 0
 697              		@ frame_needed = 0, uses_anonymous_args = 0
 698              	.LVL66:
 699 0000 38B5     		push	{r3, r4, r5, lr}
 700              	.LCFI10:
 701              		.cfi_def_cfa_offset 16
 702              		.cfi_offset 3, -16
 703              		.cfi_offset 4, -12
 704              		.cfi_offset 5, -8
 705              		.cfi_offset 14, -4
 706 0002 0446     		mov	r4, r0
 707 0004 0D46     		mov	r5, r1
 708 0006 07E0     		b	.L86
 709              	.LVL67:
 710              	.L88:
 407:Middlewares/Third_Party/LwIP/src/core/timeouts.c ****   u32_t sleeptime;
 408:Middlewares/Third_Party/LwIP/src/core/timeouts.c **** 
 409:Middlewares/Third_Party/LwIP/src/core/timeouts.c **** again:
 410:Middlewares/Third_Party/LwIP/src/core/timeouts.c ****   if (!next_timeout) {
 411:Middlewares/Third_Party/LwIP/src/core/timeouts.c ****     sys_arch_mbox_fetch(mbox, msg, 0);
 711              		.loc 1 411 0
 712 0008 0022     		movs	r2, #0
 713 000a 2946     		mov	r1, r5
 714 000c 2046     		mov	r0, r4
ARM GAS  C:\Users\Student\AppData\Local\Temp\ccnT353g.s 			page 22


 715 000e FFF7FEFF 		bl	sys_arch_mbox_fetch
 716              	.LVL68:
 412:Middlewares/Third_Party/LwIP/src/core/timeouts.c ****     return;
 717              		.loc 1 412 0
 718 0012 38BD     		pop	{r3, r4, r5, pc}
 719              	.LVL69:
 720              	.L85:
 413:Middlewares/Third_Party/LwIP/src/core/timeouts.c ****   }
 414:Middlewares/Third_Party/LwIP/src/core/timeouts.c **** 
 415:Middlewares/Third_Party/LwIP/src/core/timeouts.c ****   sleeptime = sys_timeouts_sleeptime();
 416:Middlewares/Third_Party/LwIP/src/core/timeouts.c ****   if (sleeptime == 0 || sys_arch_mbox_fetch(mbox, msg, sleeptime) == SYS_ARCH_TIMEOUT) {
 417:Middlewares/Third_Party/LwIP/src/core/timeouts.c ****     /* If a SYS_ARCH_TIMEOUT value is returned, a timeout occurred
 418:Middlewares/Third_Party/LwIP/src/core/timeouts.c ****        before a message could be fetched. */
 419:Middlewares/Third_Party/LwIP/src/core/timeouts.c ****     sys_check_timeouts();
 721              		.loc 1 419 0
 722 0014 FFF7FEFF 		bl	sys_check_timeouts
 723              	.LVL70:
 724              	.L82:
 725              	.L86:
 410:Middlewares/Third_Party/LwIP/src/core/timeouts.c ****     sys_arch_mbox_fetch(mbox, msg, 0);
 726              		.loc 1 410 0
 727 0018 084B     		ldr	r3, .L89
 728 001a 1B68     		ldr	r3, [r3]
 729 001c 002B     		cmp	r3, #0
 730 001e F3D0     		beq	.L88
 415:Middlewares/Third_Party/LwIP/src/core/timeouts.c ****   if (sleeptime == 0 || sys_arch_mbox_fetch(mbox, msg, sleeptime) == SYS_ARCH_TIMEOUT) {
 731              		.loc 1 415 0
 732 0020 FFF7FEFF 		bl	sys_timeouts_sleeptime
 733              	.LVL71:
 416:Middlewares/Third_Party/LwIP/src/core/timeouts.c ****     /* If a SYS_ARCH_TIMEOUT value is returned, a timeout occurred
 734              		.loc 1 416 0
 735 0024 0246     		mov	r2, r0
 736 0026 0028     		cmp	r0, #0
 737 0028 F4D0     		beq	.L85
 416:Middlewares/Third_Party/LwIP/src/core/timeouts.c ****     /* If a SYS_ARCH_TIMEOUT value is returned, a timeout occurred
 738              		.loc 1 416 0 is_stmt 0 discriminator 1
 739 002a 2946     		mov	r1, r5
 740 002c 2046     		mov	r0, r4
 741              	.LVL72:
 742 002e FFF7FEFF 		bl	sys_arch_mbox_fetch
 743              	.LVL73:
 744 0032 B0F1FF3F 		cmp	r0, #-1
 745 0036 EDD0     		beq	.L85
 746 0038 38BD     		pop	{r3, r4, r5, pc}
 747              	.LVL74:
 748              	.L90:
 749 003a 00BF     		.align	2
 750              	.L89:
 751 003c 00000000 		.word	.LANCHOR0
 752              		.cfi_endproc
 753              	.LFE150:
 755              		.global	lwip_cyclic_timers
 756              		.section	.bss.next_timeout,"aw",%nobits
 757              		.align	2
 758              		.set	.LANCHOR0,. + 0
 761              	next_timeout:
 762 0000 00000000 		.space	4
ARM GAS  C:\Users\Student\AppData\Local\Temp\ccnT353g.s 			page 23


 763              		.section	.bss.tcpip_tcp_timer_active,"aw",%nobits
 764              		.align	2
 765              		.set	.LANCHOR2,. + 0
 768              	tcpip_tcp_timer_active:
 769 0000 00000000 		.space	4
 770              		.section	.bss.timeouts_last_time,"aw",%nobits
 771              		.align	2
 772              		.set	.LANCHOR1,. + 0
 775              	timeouts_last_time:
 776 0000 00000000 		.space	4
 777              		.section	.rodata.lwip_cyclic_timers,"a",%progbits
 778              		.align	2
 779              		.set	.LANCHOR3,. + 0
 782              	lwip_cyclic_timers:
 783 0000 FA000000 		.word	250
 784 0004 00000000 		.word	tcp_tmr
 785 0008 E8030000 		.word	1000
 786 000c 00000000 		.word	ip_reass_tmr
 787 0010 E8030000 		.word	1000
 788 0014 00000000 		.word	etharp_tmr
 789 0018 60EA0000 		.word	60000
 790 001c 00000000 		.word	dhcp_coarse_tmr
 791 0020 F4010000 		.word	500
 792 0024 00000000 		.word	dhcp_fine_tmr
 793              		.text
 794              	.Letext0:
 795              		.file 2 "c:\\gcc_toolchain\\6_2017-q1-update\\arm-none-eabi\\include\\machine\\_default_types.h"
 796              		.file 3 "c:\\gcc_toolchain\\6_2017-q1-update\\arm-none-eabi\\include\\sys\\_stdint.h"
 797              		.file 4 "Drivers/CMSIS/Include/core_cm7.h"
 798              		.file 5 "Drivers/CMSIS/Device/ST/STM32F7xx/Include/system_stm32f7xx.h"
 799              		.file 6 "c:\\gcc_toolchain\\6_2017-q1-update\\lib\\gcc\\arm-none-eabi\\6.3.1\\include\\stddef.h"
 800              		.file 7 "c:\\gcc_toolchain\\6_2017-q1-update\\arm-none-eabi\\include\\sys\\lock.h"
 801              		.file 8 "c:\\gcc_toolchain\\6_2017-q1-update\\arm-none-eabi\\include\\sys\\_types.h"
 802              		.file 9 "c:\\gcc_toolchain\\6_2017-q1-update\\arm-none-eabi\\include\\sys\\reent.h"
 803              		.file 10 "c:\\gcc_toolchain\\6_2017-q1-update\\arm-none-eabi\\include\\stdlib.h"
 804              		.file 11 "Middlewares/Third_Party/LwIP/src/include/lwip/arch.h"
 805              		.file 12 "Middlewares/Third_Party/LwIP/src/include/lwip/err.h"
 806              		.file 13 "Middlewares/Third_Party/FreeRTOS/Source/include/queue.h"
 807              		.file 14 "Middlewares/Third_Party/FreeRTOS/Source/include/semphr.h"
 808              		.file 15 "Middlewares/Third_Party/FreeRTOS/Source/CMSIS_RTOS/cmsis_os.h"
 809              		.file 16 "Middlewares/Third_Party/LwIP/system/arch/sys_arch.h"
 810              		.file 17 "Middlewares/Third_Party/LwIP/src/include/lwip/timeouts.h"
 811              		.file 18 "Middlewares/Third_Party/LwIP/src/include/lwip/pbuf.h"
 812              		.file 19 "Middlewares/Third_Party/LwIP/src/include/lwip/ip4_addr.h"
 813              		.file 20 "Middlewares/Third_Party/LwIP/src/include/lwip/ip_addr.h"
 814              		.file 21 "Middlewares/Third_Party/LwIP/src/include/lwip/priv/memp_priv.h"
 815              		.file 22 "Middlewares/Third_Party/LwIP/src/include/lwip/memp.h"
 816              		.file 23 "Middlewares/Third_Party/LwIP/src/include/lwip/netif.h"
 817              		.file 24 "Middlewares/Third_Party/LwIP/src/include/lwip/prot/ip4.h"
 818              		.file 25 "Middlewares/Third_Party/LwIP/src/include/lwip/ip.h"
 819              		.file 26 "Middlewares/Third_Party/LwIP/src/include/lwip/tcp.h"
 820              		.file 27 "Middlewares/Third_Party/LwIP/src/include/lwip/priv/tcp_priv.h"
 821              		.file 28 "Middlewares/Third_Party/LwIP/src/include/lwip/prot/tcp.h"
 822              		.file 29 "Middlewares/Third_Party/LwIP/src/include/lwip/tcpip.h"
 823              		.file 30 "Middlewares/Third_Party/LwIP/src/include/lwip/udp.h"
 824              		.file 31 "Middlewares/Third_Party/LwIP/src/include/lwip/sys.h"
ARM GAS  C:\Users\Student\AppData\Local\Temp\ccnT353g.s 			page 24


DEFINED SYMBOLS
                            *ABS*:00000000 timeouts.c
C:\Users\Student\AppData\Local\Temp\ccnT353g.s:18     .text.sys_timeouts_sleeptime:00000000 $t
C:\Users\Student\AppData\Local\Temp\ccnT353g.s:24     .text.sys_timeouts_sleeptime:00000000 sys_timeouts_sleeptime
C:\Users\Student\AppData\Local\Temp\ccnT353g.s:71     .text.sys_timeouts_sleeptime:0000002c $d
C:\Users\Student\AppData\Local\Temp\ccnT353g.s:77     .text.sys_check_timeouts:00000000 $t
C:\Users\Student\AppData\Local\Temp\ccnT353g.s:83     .text.sys_check_timeouts:00000000 sys_check_timeouts
C:\Users\Student\AppData\Local\Temp\ccnT353g.s:189    .text.sys_check_timeouts:00000064 $d
C:\Users\Student\AppData\Local\Temp\ccnT353g.s:197    .text.sys_timeout:00000000 $t
C:\Users\Student\AppData\Local\Temp\ccnT353g.s:204    .text.sys_timeout:00000000 sys_timeout
C:\Users\Student\AppData\Local\Temp\ccnT353g.s:346    .text.sys_timeout:00000098 $d
C:\Users\Student\AppData\Local\Temp\ccnT353g.s:352    .text.tcp_timer_needed:00000000 $t
C:\Users\Student\AppData\Local\Temp\ccnT353g.s:359    .text.tcp_timer_needed:00000000 tcp_timer_needed
C:\Users\Student\AppData\Local\Temp\ccnT353g.s:401    .text.tcp_timer_needed:0000002c $d
C:\Users\Student\AppData\Local\Temp\ccnT353g.s:415    .text.tcpip_tcp_timer:00000000 tcpip_tcp_timer
C:\Users\Student\AppData\Local\Temp\ccnT353g.s:409    .text.tcpip_tcp_timer:00000000 $t
C:\Users\Student\AppData\Local\Temp\ccnT353g.s:456    .text.tcpip_tcp_timer:00000028 $d
C:\Users\Student\AppData\Local\Temp\ccnT353g.s:464    .text.sys_timeouts_init:00000000 $t
C:\Users\Student\AppData\Local\Temp\ccnT353g.s:471    .text.sys_timeouts_init:00000000 sys_timeouts_init
C:\Users\Student\AppData\Local\Temp\ccnT353g.s:512    .text.sys_timeouts_init:00000028 $d
C:\Users\Student\AppData\Local\Temp\ccnT353g.s:525    .text.cyclic_timer:00000000 cyclic_timer
C:\Users\Student\AppData\Local\Temp\ccnT353g.s:519    .text.cyclic_timer:00000000 $t
C:\Users\Student\AppData\Local\Temp\ccnT353g.s:554    .text.cyclic_timer:00000014 $d
C:\Users\Student\AppData\Local\Temp\ccnT353g.s:559    .text.sys_untimeout:00000000 $t
C:\Users\Student\AppData\Local\Temp\ccnT353g.s:566    .text.sys_untimeout:00000000 sys_untimeout
C:\Users\Student\AppData\Local\Temp\ccnT353g.s:648    .text.sys_untimeout:00000048 $d
C:\Users\Student\AppData\Local\Temp\ccnT353g.s:653    .text.sys_restart_timeouts:00000000 $t
C:\Users\Student\AppData\Local\Temp\ccnT353g.s:660    .text.sys_restart_timeouts:00000000 sys_restart_timeouts
C:\Users\Student\AppData\Local\Temp\ccnT353g.s:680    .text.sys_restart_timeouts:0000000c $d
C:\Users\Student\AppData\Local\Temp\ccnT353g.s:685    .text.sys_timeouts_mbox_fetch:00000000 $t
C:\Users\Student\AppData\Local\Temp\ccnT353g.s:692    .text.sys_timeouts_mbox_fetch:00000000 sys_timeouts_mbox_fetch
C:\Users\Student\AppData\Local\Temp\ccnT353g.s:751    .text.sys_timeouts_mbox_fetch:0000003c $d
C:\Users\Student\AppData\Local\Temp\ccnT353g.s:782    .rodata.lwip_cyclic_timers:00000000 lwip_cyclic_timers
C:\Users\Student\AppData\Local\Temp\ccnT353g.s:757    .bss.next_timeout:00000000 $d
C:\Users\Student\AppData\Local\Temp\ccnT353g.s:761    .bss.next_timeout:00000000 next_timeout
C:\Users\Student\AppData\Local\Temp\ccnT353g.s:764    .bss.tcpip_tcp_timer_active:00000000 $d
C:\Users\Student\AppData\Local\Temp\ccnT353g.s:768    .bss.tcpip_tcp_timer_active:00000000 tcpip_tcp_timer_active
C:\Users\Student\AppData\Local\Temp\ccnT353g.s:771    .bss.timeouts_last_time:00000000 $d
C:\Users\Student\AppData\Local\Temp\ccnT353g.s:775    .bss.timeouts_last_time:00000000 timeouts_last_time
C:\Users\Student\AppData\Local\Temp\ccnT353g.s:778    .rodata.lwip_cyclic_timers:00000000 $d
                     .debug_frame:00000010 $d

UNDEFINED SYMBOLS
sys_now
memp_free
sys_mutex_lock
sys_mutex_unlock
lock_tcpip_core
memp_malloc
tcp_active_pcbs
tcp_tw_pcbs
tcp_tmr
sys_arch_mbox_fetch
ip_reass_tmr
etharp_tmr
dhcp_coarse_tmr
dhcp_fine_tmr
ARM GAS  C:\Users\Student\AppData\Local\Temp\ccnT353g.s 			page 25


